Log file open, 03/20/18 13:08:09
LogWindows: Failed to load 'aqProf.dll' (GetLastError=126)
LogWindows: File 'aqProf.dll' does not exist
LogWindows: Failed to load 'VSPerf140.dll' (GetLastError=126)
LogWindows: File 'VSPerf140.dll' does not exist
LogWindows: Failed to load 'VtuneApi.dll' (GetLastError=126)
LogWindows: File 'VtuneApi.dll' does not exist
LogWindows: Failed to load 'VtuneApi32e.dll' (GetLastError=126)
LogWindows: File 'VtuneApi32e.dll' does not exist
LogInit: Display: Running engine for game: URS
LogPlatformFile: Not using cached read wrapper
LogInit: Display: RandInit(260824317) SRandInit(260824317).
LogInit: Read version file with build ID '3709383'
LogInit: Overriding engine version to CL 3832480, compatible CL 3709383
LogInit: Registered custom module enumerator with build ID '3709383'
LogTaskGraph: Started task graph with 5 named threads and 14 total threads with 3 sets of task threads.
LogStats: Stats thread started at 0.898510
LogD3D11RHI: Aftermath initialized
LogModuleManager: Display: Found up-to-date module file ../../../Engine/Plugins/2D/Paper2D/Binaries/Win64/UE4Editor-Paper2D.dll (API version 3709383).
LogModuleManager: Display: Found up-to-date module file ../../../Engine/Plugins/2D/Paper2D/Binaries/Win64/UE4Editor-Paper2DEditor.dll (API version 3709383).
LogModuleManager: Display: Found up-to-date module file ../../../Engine/Plugins/2D/Paper2D/Binaries/Win64/UE4Editor-PaperSpriteSheetImporter.dll (API version 3709383).
LogModuleManager: Display: Found up-to-date module file ../../../Engine/Plugins/2D/Paper2D/Binaries/Win64/UE4Editor-PaperTiledImporter.dll (API version 3709383).
LogModuleManager: Display: Found up-to-date module file ../../../Engine/Plugins/2D/Paper2D/Binaries/Win64/UE4Editor-SmartSnapping.dll (API version 3709383).
LogModuleManager: Display: Found up-to-date module file ../../../Engine/Plugins/Blendables/LightPropagationVolume/Binaries/Win64/UE4Editor-LightPropagationVolumeRuntime.dll (API version 3709383).
LogModuleManager: Display: Found up-to-date module file ../../../Engine/Plugins/Blendables/LightPropagationVolume/Binaries/Win64/UE4Editor-LightPropagationVolumeEditor.dll (API version 3709383).
LogModuleManager: Display: Found up-to-date module file ../../../Engine/Plugins/Developer/GitSourceControl/Binaries/Win64/UE4Editor-GitSourceControl.dll (API version 3709383).
LogModuleManager: Display: Found up-to-date module file ../../../Engine/Plugins/Developer/PerforceSourceControl/Binaries/Win64/UE4Editor-PerforceSourceControl.dll (API version 3709383).
LogModuleManager: Display: Found up-to-date module file ../../../Engine/Plugins/Developer/SubversionSourceControl/Binaries/Win64/UE4Editor-SubversionSourceControl.dll (API version 3709383).
LogModuleManager: Display: Found up-to-date module file ../../../Engine/Plugins/Developer/UObjectPlugin/Binaries/Win64/UE4Editor-UObjectPlugin.dll (API version 3709383).
LogModuleManager: Display: Found up-to-date module file ../../../Engine/Plugins/Developer/VisualStudioCodeSourceCodeAccess/Binaries/Win64/UE4Editor-VisualStudioCodeSourceCodeAccess.dll (API version 3709383).
LogModuleManager: Display: Found up-to-date module file ../../../Engine/Plugins/Developer/VisualStudioSourceCodeAccess/Binaries/Win64/UE4Editor-VisualStudioSourceCodeAccess.dll (API version 3709383).
LogModuleManager: Display: Found up-to-date module file ../../../Engine/Plugins/Editor/AssetManagerEditor/Binaries/Win64/UE4Editor-AssetManagerEditor.dll (API version 3709383).
LogModuleManager: Display: Found up-to-date module file ../../../Engine/Plugins/Editor/AudioCapture/Binaries/Win64/UE4Editor-AudioCapture.dll (API version 3709383).
LogModuleManager: Display: Found up-to-date module file ../../../Engine/Plugins/Editor/FacialAnimation/Binaries/Win64/UE4Editor-FacialAnimation.dll (API version 3709383).
LogModuleManager: Display: Found up-to-date module file ../../../Engine/Plugins/Editor/FacialAnimation/Binaries/Win64/UE4Editor-FacialAnimationEditor.dll (API version 3709383).
LogModuleManager: Display: Found up-to-date module file ../../../Engine/Plugins/Editor/GameplayTagsEditor/Binaries/Win64/UE4Editor-GameplayTagsEditor.dll (API version 3709383).
LogModuleManager: Display: Found up-to-date module file ../../../Engine/Plugins/Editor/MobileLauncherProfileWizard/Binaries/Win64/UE4Editor-MobileLauncherProfileWizard.dll (API version 3709383).
LogModuleManager: Display: Found up-to-date module file ../../../Engine/Plugins/Editor/PluginBrowser/Binaries/Win64/UE4Editor-PluginBrowser.dll (API version 3709383).
LogModuleManager: Display: Found up-to-date module file ../../../Engine/Plugins/Editor/SpeedTreeImporter/Binaries/Win64/UE4Editor-SpeedTreeImporter.dll (API version 3709383).
LogModuleManager: Display: Found up-to-date module file ../../../Engine/Plugins/Experimental/AlembicImporter/Binaries/Win64/UE4Editor-AlembicImporter.dll (API version 3709383).
LogModuleManager: Display: Found up-to-date module file ../../../Engine/Plugins/Experimental/AlembicImporter/Binaries/Win64/UE4Editor-AlembicLibrary.dll (API version 3709383).
LogModuleManager: Display: Found up-to-date module file ../../../Engine/Plugins/Experimental/CharacterAI/Binaries/Win64/UE4Editor-CharacterAI.dll (API version 3709383).
LogModuleManager: Display: Found up-to-date module file ../../../Engine/Plugins/Experimental/HTML5Networking/Binaries/Win64/UE4Editor-HTML5Networking.dll (API version 3709383).
LogModuleManager: Display: Found up-to-date module file ../../../Engine/Plugins/Media/AndroidMedia/Binaries/Win64/UE4Editor-AndroidMediaEditor.dll (API version 3709383).
LogModuleManager: Display: Found up-to-date module file ../../../Engine/Plugins/Media/AndroidMedia/Binaries/Win64/UE4Editor-AndroidMediaFactory.dll (API version 3709383).
LogModuleManager: Display: Found up-to-date module file ../../../Engine/Plugins/Media/AvfMedia/Binaries/Win64/UE4Editor-AvfMediaEditor.dll (API version 3709383).
LogModuleManager: Display: Found up-to-date module file ../../../Engine/Plugins/Media/AvfMedia/Binaries/Win64/UE4Editor-AvfMediaFactory.dll (API version 3709383).
LogModuleManager: Display: Found up-to-date module file ../../../Engine/Plugins/Media/AvfMedia/Binaries/Win64/UE4Editor-AvfMediaFactory.dll (API version 3709383).
LogModuleManager: Display: Found up-to-date module file ../../../Engine/Plugins/Media/ImgMedia/Binaries/Win64/UE4Editor-ImgMedia.dll (API version 3709383).
LogModuleManager: Display: Found up-to-date module file ../../../Engine/Plugins/Media/ImgMedia/Binaries/Win64/UE4Editor-ImgMediaEditor.dll (API version 3709383).
LogModuleManager: Display: Found up-to-date module file ../../../Engine/Plugins/Media/ImgMedia/Binaries/Win64/UE4Editor-ImgMediaFactory.dll (API version 3709383).
LogModuleManager: Display: Found up-to-date module file ../../../Engine/Plugins/Media/ImgMedia/Binaries/Win64/UE4Editor-ImgMediaFactory.dll (API version 3709383).
LogModuleManager: Display: Found up-to-date module file ../../../Engine/Plugins/Media/ImgMedia/Binaries/Win64/UE4Editor-OpenExrWrapper.dll (API version 3709383).
LogModuleManager: Display: Found up-to-date module file ../../../Engine/Plugins/Media/MediaCompositing/Binaries/Win64/UE4Editor-MediaCompositing.dll (API version 3709383).
LogModuleManager: Display: Found up-to-date module file ../../../Engine/Plugins/Media/MediaCompositing/Binaries/Win64/UE4Editor-MediaCompositingEditor.dll (API version 3709383).
LogModuleManager: Display: Found up-to-date module file ../../../Engine/Plugins/Media/MediaPlayerEditor/Binaries/Win64/UE4Editor-MediaPlayerEditor.dll (API version 3709383).
LogModuleManager: Display: Found up-to-date module file ../../../Engine/Plugins/Media/WmfMedia/Binaries/Win64/UE4Editor-WmfMedia.dll (API version 3709383).
LogModuleManager: Display: Found up-to-date module file ../../../Engine/Plugins/Media/WmfMedia/Binaries/Win64/UE4Editor-WmfMediaEditor.dll (API version 3709383).
LogModuleManager: Display: Found up-to-date module file ../../../Engine/Plugins/Media/WmfMedia/Binaries/Win64/UE4Editor-WmfMediaFactory.dll (API version 3709383).
LogModuleManager: Display: Found up-to-date module file ../../../Engine/Plugins/Media/WmfMedia/Binaries/Win64/UE4Editor-WmfMediaFactory.dll (API version 3709383).
LogModuleManager: Display: Found up-to-date module file ../../../Engine/Plugins/Messaging/TcpMessaging/Binaries/Win64/UE4Editor-TcpMessaging.dll (API version 3709383).
LogModuleManager: Display: Found up-to-date module file ../../../Engine/Plugins/Messaging/UdpMessaging/Binaries/Win64/UE4Editor-UdpMessaging.dll (API version 3709383).
LogModuleManager: Display: Found up-to-date module file ../../../Engine/Plugins/MovieScene/ActorSequence/Binaries/Win64/UE4Editor-ActorSequence.dll (API version 3709383).
LogModuleManager: Display: Found up-to-date module file ../../../Engine/Plugins/MovieScene/LevelSequenceEditor/Binaries/Win64/UE4Editor-LevelSequenceEditor.dll (API version 3709383).
LogModuleManager: Display: Found up-to-date module file ../../../Engine/Plugins/MovieScene/MatineeToLevelSequence/Binaries/Win64/UE4Editor-MatineeToLevelSequence.dll (API version 3709383).
LogModuleManager: Display: Found up-to-date module file ../../../Engine/Plugins/Online/OnlineSubsystem/Binaries/Win64/UE4Editor-OnlineSubsystem.dll (API version 3709383).
LogModuleManager: Display: Found up-to-date module file ../../../Engine/Plugins/Runtime/AndroidPermission/Binaries/Win64/UE4Editor-AndroidPermission.dll (API version 3709383).
LogModuleManager: Display: Found up-to-date module file ../../../Engine/Plugins/Online/OnlineSubsystemNull/Binaries/Win64/UE4Editor-OnlineSubsystemNull.dll (API version 3709383).
LogModuleManager: Display: Found up-to-date module file ../../../Engine/Plugins/Online/OnlineSubsystemUtils/Binaries/Win64/UE4Editor-OnlineSubsystemUtils.dll (API version 3709383).
LogModuleManager: Display: Found up-to-date module file ../../../Engine/Plugins/Online/OnlineSubsystemUtils/Binaries/Win64/UE4Editor-OnlineBlueprintSupport.dll (API version 3709383).
LogModuleManager: Display: Found up-to-date module file ../../../Engine/Plugins/Runtime/AndroidDeviceProfileSelector/Binaries/Win64/UE4Editor-AndroidDeviceProfileSelector.dll (API version 3709383).
LogModuleManager: Display: Found up-to-date module file ../../../Engine/Plugins/Runtime/AppleARKit/Binaries/Win64/UE4Editor-AppleARKit.dll (API version 3709383).
LogModuleManager: Display: Found up-to-date module file ../../../Engine/Plugins/Runtime/ArchVisCharacter/Binaries/Win64/UE4Editor-ArchVisCharacter.dll (API version 3709383).
LogModuleManager: Display: Found up-to-date module file ../../../Engine/Plugins/Runtime/CableComponent/Binaries/Win64/UE4Editor-CableComponent.dll (API version 3709383).
LogModuleManager: Display: Found up-to-date module file ../../../Engine/Plugins/Runtime/CustomMeshComponent/Binaries/Win64/UE4Editor-CustomMeshComponent.dll (API version 3709383).
LogModuleManager: Display: Found up-to-date module file ../../../Engine/Plugins/Runtime/ExampleDeviceProfileSelector/Binaries/Win64/UE4Editor-ExampleDeviceProfileSelector.dll (API version 3709383).
LogModuleManager: Display: Found up-to-date module file ../../../Engine/Plugins/Runtime/ImmediatePhysics/Binaries/Win64/UE4Editor-ImmediatePhysics.dll (API version 3709383).
LogModuleManager: Display: Found up-to-date module file ../../../Engine/Plugins/Runtime/ImmediatePhysics/Binaries/Win64/UE4Editor-ImmediatePhysicsEditor.dll (API version 3709383).
LogModuleManager: Display: Found up-to-date module file ../../../Engine/Plugins/Runtime/LocationServicesBPLibrary/Binaries/Win64/UE4Editor-LocationServicesBPLibrary.dll (API version 3709383).
LogModuleManager: Display: Found up-to-date module file ../../../Engine/Plugins/Runtime/MobilePatchingUtils/Binaries/Win64/UE4Editor-MobilePatchingUtils.dll (API version 3709383).
LogModuleManager: Display: Found up-to-date module file ../../../Engine/Plugins/Runtime/Oculus/OculusVR/Binaries/Win64/UE4Editor-OculusHMD.dll (API version 3709383).
LogModuleManager: Display: Found up-to-date module file ../../../Engine/Plugins/Runtime/Oculus/OculusVR/Binaries/Win64/UE4Editor-OculusInput.dll (API version 3709383).
LogModuleManager: Display: Found up-to-date module file ../../../Engine/Plugins/Runtime/Oculus/OculusVR/Binaries/Win64/UE4Editor-OculusEditor.dll (API version 3709383).
LogModuleManager: Display: Found up-to-date module file ../../../Engine/Plugins/Runtime/PhysXVehicles/Binaries/Win64/UE4Editor-PhysXVehicles.dll (API version 3709383).
LogModuleManager: Display: Found up-to-date module file ../../../Engine/Plugins/Runtime/PhysXVehicles/Binaries/Win64/UE4Editor-PhysXVehiclesEditor.dll (API version 3709383).
LogModuleManager: Display: Found up-to-date module file ../../../Engine/Plugins/Runtime/ProceduralMeshComponent/Binaries/Win64/UE4Editor-ProceduralMeshComponent.dll (API version 3709383).
LogModuleManager: Display: Found up-to-date module file ../../../Engine/Plugins/Runtime/ProceduralMeshComponent/Binaries/Win64/UE4Editor-ProceduralMeshComponentEditor.dll (API version 3709383).
LogModuleManager: Display: Found up-to-date module file ../../../Engine/Plugins/Runtime/RuntimePhysXCooking/Binaries/Win64/UE4Editor-RuntimePhysXCooking.dll (API version 3709383).
LogModuleManager: Display: Found up-to-date module file ../../../Engine/Plugins/Runtime/Steam/SteamVR/Binaries/Win64/UE4Editor-SteamVR.dll (API version 3709383).
LogModuleManager: Display: Found up-to-date module file ../../../Engine/Plugins/Runtime/Steam/SteamVR/Binaries/Win64/UE4Editor-SteamVRController.dll (API version 3709383).
LogModuleManager: Display: Found up-to-date module file ../../../Engine/Plugins/Runtime/WindowsMoviePlayer/Binaries/Win64/UE4Editor-WindowsMoviePlayer.dll (API version 3709383).
LogPluginManager: Mounting plugin Paper2D
LogPluginManager: Mounting plugin LightPropagationVolume
LogPluginManager: Mounting plugin CodeLiteSourceCodeAccess
LogPluginManager: Mounting plugin GitSourceControl
LogPluginManager: Mounting plugin KDevelopSourceCodeAccess
LogPluginManager: Mounting plugin NullSourceCodeAccess
LogPluginManager: Mounting plugin PerforceSourceControl
LogPluginManager: Mounting plugin SubversionSourceControl
LogPluginManager: Mounting plugin UObjectPlugin
LogPluginManager: Mounting plugin VisualStudioCodeSourceCodeAccess
LogPluginManager: Mounting plugin VisualStudioSourceCodeAccess
LogPluginManager: Mounting plugin XCodeSourceCodeAccess
LogPluginManager: Mounting plugin AssetManagerEditor
LogPluginManager: Mounting plugin AudioCapture
LogPluginManager: Mounting plugin FacialAnimation
LogPluginManager: Mounting plugin GameplayTagsEditor
LogPluginManager: Mounting plugin MobileLauncherProfileWizard
LogPluginManager: Mounting plugin PluginBrowser
LogPluginManager: Mounting plugin SpeedTreeImporter
LogPluginManager: Mounting plugin AlembicImporter
LogPluginManager: Mounting plugin CharacterAI
LogPluginManager: Mounting plugin HTML5Networking
LogPluginManager: Mounting plugin AndroidMedia
LogPluginManager: Mounting plugin AvfMedia
LogPluginManager: Mounting plugin ImgMedia
LogPluginManager: Mounting plugin MediaCompositing
LogPluginManager: Mounting plugin MediaPlayerEditor
LogPluginManager: Mounting plugin WmfMedia
LogPluginManager: Mounting plugin TcpMessaging
LogPluginManager: Mounting plugin UdpMessaging
LogPluginManager: Mounting plugin ActorSequence
LogPluginManager: Mounting plugin LevelSequenceEditor
LogPluginManager: Mounting plugin MatineeToLevelSequence
LogPluginManager: Mounting plugin OnlineSubsystemGooglePlay
LogPluginManager: Mounting plugin OnlineSubsystemIOS
LogPluginManager: Mounting plugin OnlineSubsystem
LogPluginManager: Mounting plugin OnlineSubsystemNull
LogPluginManager: Mounting plugin OnlineSubsystemUtils
LogPluginManager: Mounting plugin AndroidDeviceProfileSelector
LogPluginManager: Mounting plugin AndroidMoviePlayer
LogPluginManager: Mounting plugin AndroidPermission
LogPluginManager: Mounting plugin AppleARKit
LogPluginManager: Mounting plugin AppleMoviePlayer
LogPluginManager: Mounting plugin ArchVisCharacter
LogPluginManager: Mounting plugin CableComponent
LogPluginManager: Mounting plugin CustomMeshComponent
LogPluginManager: Mounting plugin ExampleDeviceProfileSelector
LogPluginManager: Mounting plugin GoogleCloudMessaging
LogPluginManager: Mounting plugin ImmediatePhysics
LogPluginManager: Mounting plugin IOSDeviceProfileSelector
LogPluginManager: Mounting plugin LinuxDeviceProfileSelector
LogPluginManager: Mounting plugin LocationServicesBPLibrary
LogPluginManager: Mounting plugin MobilePatchingUtils
LogPluginManager: Mounting plugin OculusVR
LogPluginManager: Plugin shader directory ../../../Engine/Plugins/Runtime/Oculus/OculusVR/Shaders found
LogPluginManager: Mapping shader source directory ../../../Engine/Plugins/Runtime/Oculus/OculusVR/Shaders to virtual directory /Plugin/OculusVR
LogPluginManager: Mounting plugin PhysXVehicles
LogPluginManager: Mounting plugin ProceduralMeshComponent
LogPluginManager: Mounting plugin RuntimePhysXCooking
LogPluginManager: Mounting plugin SteamVR
LogPluginManager: Mounting plugin WindowsMoviePlayer
LogInit: Using libcurl 7.47.1
LogInit:  - built for x86_64-pc-win32
LogInit:  - supports SSL with OpenSSL/1.0.2g
LogInit:  - supports HTTP deflate (compression) using libz 1.2.8
LogInit:  - other features:
LogInit:      CURL_VERSION_SSL
LogInit:      CURL_VERSION_LIBZ
LogInit:      CURL_VERSION_IPV6
LogInit:      CURL_VERSION_ASYNCHDNS
LogInit:      CURL_VERSION_LARGEFILE
LogInit:      CURL_VERSION_IDN
LogInit:  CurlRequestOptions (configurable via config and command line):
LogInit:  - bVerifyPeer = false  - Libcurl will NOT verify peer certificate
LogInit:  - bUseHttpProxy = false  - Libcurl will NOT use HTTP proxy
LogInit:  - bDontReuseConnections = false  - Libcurl will reuse connections
LogInit:  - CertBundlePath = nullptr  - Libcurl will use whatever was configured at build time.
LogInit: Build: ++UE4+Release-4.18-CL-3832480
LogInit: Engine Version: 4.18.3-3832480+++UE4+Release-4.18
LogInit: Compatible Engine Version: 4.18.0-3709383+++UE4+Release-4.18
LogInit: Net CL: 3709383
LogDevObjectVersion: Number of dev versions registered: 16
LogDevObjectVersion:   Dev-Blueprints (B0D832E4-1F89-4F0D-ACCF-7EB736FD4AA2): 10
LogDevObjectVersion:   Dev-Build (E1C64328-A22C-4D53-A36C-8E866417BD8C): 0
LogDevObjectVersion:   Dev-Core (375EC13C-06E4-48FB-B500-84F0262A717E): 2
LogDevObjectVersion:   Dev-Editor (E4B068ED-F494-42E9-A231-DA0B2E46BB41): 20
LogDevObjectVersion:   Dev-Framework (CFFC743F-43B0-4480-9391-14DF171D2073): 30
LogDevObjectVersion:   Dev-Mobile (B02B49B5-BB20-44E9-A304-32B752E40360): 0
LogDevObjectVersion:   Dev-Networking (A4E4105C-59A1-49B5-A7C5-40C4547EDFEE): 0
LogDevObjectVersion:   Dev-Online (39C831C9-5AE6-47DC-9A44-9C173E1C8E7C): 0
LogDevObjectVersion:   Dev-Physics (78F01B33-EBEA-4F98-B9B4-84EACCB95AA2): 0
LogDevObjectVersion:   Dev-Platform (6631380F-2D4D-43E0-8009-CF276956A95A): 0
LogDevObjectVersion:   Dev-Rendering (12F88B9F-8875-4AFC-A67C-D90C383ABD29): 20
LogDevObjectVersion:   Dev-Sequencer (7B5AE74C-D270-4C10-A958-57980B212A5A): 4
LogDevObjectVersion:   Dev-VR (D7296918-1DD6-4BDD-9DE2-64A83CC13884): 0
LogDevObjectVersion:   Dev-LoadTimes (C2A15278-BFE7-4AFE-6C17-90FF531DF755): 1
LogDevObjectVersion:   Private-Geometry (6EACA3D4-40EC-4CC1-B786-8BED09428FC5): 1
LogDevObjectVersion:   Dev-AnimPhys (29E575DD-E0A3-4627-9D10-D276232CDCEA): 12
LogInit: Compiled (64-bit): Jan 12 2018 02:04:55
LogInit: Compiled with Visual C++: 19.00.24215.01
LogInit: Build Configuration: Development
LogInit: Branch Name: ++UE4+Release-4.18
LogInit: Command line: 
LogInit: Base directory: C:/Program Files/Epic Games/UE_4.18/Engine/Binaries/Win64/
LogInit: Installed Engine Build: 1
LogInit: Presizing for max 8388607 objects, including 0 objects not considered by GC, pre-allocating 0 bytes for permanent pool.
LogInit: Object subsystem initialized
[2018.03.20-04.08.15:729][  0]LogInit: Selected Device Profile: [Windows]
[2018.03.20-04.08.15:729][  0]LogInit: Applying CVar settings loaded from the selected device profile: [Windows]
[2018.03.20-04.08.15:752][  0]LogConfig: Warning: Failed to saved backup for config[DeviceProfiles]
[2018.03.20-04.08.15:765][  0]LogInit: Computer: DESKTOP-PDO9PMJ
[2018.03.20-04.08.15:765][  0]LogInit: User: 양형
[2018.03.20-04.08.15:765][  0]LogInit: CPU Page size=4096, Cores=4
[2018.03.20-04.08.15:765][  0]LogInit: High frequency timer resolution =2.437500 MHz
[2018.03.20-04.08.15:766][  0]LogMemory: Memory total: Physical=7.9GB (8GB approx)
[2018.03.20-04.08.15:766][  0]LogMemory: Platform Memory Stats for Windows
[2018.03.20-04.08.15:766][  0]LogMemory: Process Physical Memory: 273.68 MB used, 273.68 MB peak
[2018.03.20-04.08.15:766][  0]LogMemory: Process Virtual Memory: 275.57 MB used, 275.57 MB peak
[2018.03.20-04.08.15:766][  0]LogMemory: Physical Memory: 5244.61 MB used,  2813.84 MB free, 8058.46 MB total
[2018.03.20-04.08.15:766][  0]LogMemory: Virtual Memory: 682.28 MB used,  2813.84 MB free, 134217728.00 MB total
[2018.03.20-04.08.16:891][  0]LogInit: Using OS detected language (ko-KR).
[2018.03.20-04.08.16:891][  0]LogInit: Using OS detected locale (ko-KR).
[2018.03.20-04.08.16:960][  0]LogTextLocalizationManager: No specific localization for 'ko-KR' exists, so the 'ko' localization will be used.
[2018.03.20-04.08.17:285][  0]LogInit: Setting process to per monitor DPI aware
[2018.03.20-04.08.28:767][  0]LogD3D11RHI: D3D11 adapters:
[2018.03.20-04.08.28:926][  0]LogD3D11RHI:    0. 'NVIDIA GeForce GTX 1050 Ti' (Feature Level 11_0)
[2018.03.20-04.08.28:926][  0]LogD3D11RHI:       4029/0/4029 MB DedicatedVideo/DedicatedSystem/SharedSystem, Outputs:1, VendorId:0x10de
[2018.03.20-04.08.28:947][  0]LogD3D11RHI:    1. 'Intel(R) HD Graphics 630' (Feature Level 11_0)
[2018.03.20-04.08.28:947][  0]LogD3D11RHI:       128/0/4029 MB DedicatedVideo/DedicatedSystem/SharedSystem, Outputs:0, VendorId:0x8086
[2018.03.20-04.08.28:958][  0]LogD3D11RHI:    2. 'Microsoft Basic Render Driver' (Feature Level 11_0)
[2018.03.20-04.08.28:958][  0]LogD3D11RHI:       0/0/4029 MB DedicatedVideo/DedicatedSystem/SharedSystem, Outputs:0, VendorId:0x1414
[2018.03.20-04.08.28:958][  0]LogD3D11RHI: Chosen D3D11 Adapter: 0
[2018.03.20-04.08.28:971][  0]LogD3D11RHI: Creating new Direct3DDevice
[2018.03.20-04.08.28:972][  0]LogD3D11RHI:     GPU DeviceId: 0x1c8c (for the marketing name, search the web for "GPU Device Id")
[2018.03.20-04.08.28:972][  0]LogWindows: EnumDisplayDevices:
[2018.03.20-04.08.28:972][  0]LogWindows:    0. 'Intel(R) HD Graphics 630' (P:1 D:1)
[2018.03.20-04.08.28:973][  0]LogWindows:    1. 'Intel(R) HD Graphics 630' (P:0 D:0)
[2018.03.20-04.08.28:974][  0]LogWindows:    2. 'Intel(R) HD Graphics 630' (P:0 D:0)
[2018.03.20-04.08.28:975][  0]LogWindows:    3. 'NVIDIA GeForce GTX 1050 Ti' (P:0 D:0)
[2018.03.20-04.08.28:975][  0]LogWindows: DebugString: GetVideoDriverDetailsInvalid PrimaryIsNotTheChoosenAdapter GetVideoDriverDetailsInvalid PrimaryIsNotTheChoosenAdapter GetVideoDriverDetailsInvalid PrimaryIsNotTheChoosenAdapter GetVideoDriverDetailsInvalid PrimaryIsNotTheChoosenAdapter FoundDriverCount:0 
[2018.03.20-04.08.28:975][  0]LogD3D11RHI:     Adapter Name: NVIDIA GeForce GTX 1050 Ti
[2018.03.20-04.08.28:975][  0]LogD3D11RHI:   Driver Version: Unknown (internal:Unknown, unified:Unknown)
[2018.03.20-04.08.28:975][  0]LogD3D11RHI:      Driver Date: Unknown
[2018.03.20-04.08.28:975][  0]LogRHI: Texture pool is 2820 MB (70% of 4029 MB)
[2018.03.20-04.08.29:063][  0]LogD3D11RHI: Async texture creation enabled
[2018.03.20-04.08.29:182][  0]LogD3D11RHI: GPU Timing Frequency: 1000.000000 (Debug: 2 1)
[2018.03.20-04.08.29:199][  0]LogShaderCompilers: Guid format shader working directory is -11 characters bigger than the processId version (../../../../../../Users/양형/Desktop/URS_180319_인벤수량수정중/Intermediate/Shaders/WorkingDirectory/14252/).
[2018.03.20-04.08.29:200][  0]LogShaderCompilers: Cleaned the shader compiler working directory 'C:/Users/양형/AppData/Local/Temp/UnrealShaderWorkingDir/ADEF37EE47CFE723C62AC2A62308B2C2/'.
[2018.03.20-04.08.29:200][  0]LogShaderCompilers: Display: Using Local Shader Compiler.
[2018.03.20-04.08.37:356][  0]LogTemp: Display: Loaded TP AllDesktopTargetPlatform
[2018.03.20-04.08.37:489][  0]LogTemp: Display: Loaded TP MacClientTargetPlatform
[2018.03.20-04.08.37:622][  0]LogTemp: Display: Loaded TP MacNoEditorTargetPlatform
[2018.03.20-04.08.37:755][  0]LogTemp: Display: Loaded TP MacServerTargetPlatform
[2018.03.20-04.08.38:477][  0]LogTemp: Display: Loaded TP MacTargetPlatform
[2018.03.20-04.08.38:607][  0]LogTemp: Display: Loaded TP WindowsClientTargetPlatform
[2018.03.20-04.08.38:757][  0]LogTemp: Display: Loaded TP WindowsNoEditorTargetPlatform
[2018.03.20-04.08.38:895][  0]LogTemp: Display: Loaded TP WindowsServerTargetPlatform
[2018.03.20-04.08.39:032][  0]LogTemp: Display: Loaded TP WindowsTargetPlatform
[2018.03.20-04.08.39:180][  0]LogTemp: Display: Loaded TP Android_ASTCTargetPlatform
[2018.03.20-04.08.39:309][  0]LogTemp: Display: Loaded TP Android_ATCTargetPlatform
[2018.03.20-04.08.39:437][  0]LogTemp: Display: Loaded TP Android_DXTTargetPlatform
[2018.03.20-04.08.39:569][  0]LogTemp: Display: Loaded TP Android_ETC1TargetPlatform
[2018.03.20-04.08.39:709][  0]LogTemp: Display: Loaded TP Android_ETC2TargetPlatform
[2018.03.20-04.08.39:983][  0]LogTemp: Display: Loaded TP Android_MultiTargetPlatform
[2018.03.20-04.08.39:983][  0]LogTemp: Display: Loaded TP Android_PVRTCTargetPlatform
[2018.03.20-04.08.40:154][  0]LogTemp: Display: Loaded TP AndroidTargetPlatform
[2018.03.20-04.08.40:299][  0]LogTemp: Display: Loaded TP HTML5TargetPlatform
[2018.03.20-04.08.41:438][  0]LogTemp: Display: Loaded TP IOSTargetPlatform
[2018.03.20-04.08.41:503][  0]LogTemp: Display: Loaded TP TVOSTargetPlatform
[2018.03.20-04.08.41:638][  0]LogTemp: Display: Loaded TP LinuxClientTargetPlatform
[2018.03.20-04.08.41:783][  0]LogTemp: Display: Loaded TP LinuxNoEditorTargetPlatform
[2018.03.20-04.08.41:913][  0]LogTemp: Display: Loaded TP LinuxServerTargetPlatform
[2018.03.20-04.08.42:136][  0]LogTemp: Display: Loaded TP LinuxTargetPlatform
[2018.03.20-04.08.42:136][  0]LogTargetPlatformManager: Display: Building Assets For Windows
[2018.03.20-04.08.44:463][  0]LogDerivedDataCache: Display: Max Cache Size: 512 MB
[2018.03.20-04.08.45:507][  0]LogDerivedDataCache: Loaded boot cache 1.04s 78MB C:/Users/양형/AppData/Local/UnrealEngine/4.18/DerivedDataCache/Boot.ddc.
[2018.03.20-04.08.45:507][  0]LogDerivedDataCache: Display: Loaded Boot cache: C:/Users/양형/AppData/Local/UnrealEngine/4.18/DerivedDataCache/Boot.ddc
[2018.03.20-04.08.45:507][  0]LogDerivedDataCache: FDerivedDataBackendGraph:  Pak pak cache file ../../../../../../Users/양형/Desktop/URS_180319_인벤수량수정중/DerivedDataCache/DDC.ddp not found, will not use a pak cache.
[2018.03.20-04.08.45:507][  0]LogDerivedDataCache: Unable to find inner node Pak for hierarchical cache Hierarchy.
[2018.03.20-04.08.45:507][  0]LogDerivedDataCache: FDerivedDataBackendGraph:  CompressedPak pak cache file ../../../../../../Users/양형/Desktop/URS_180319_인벤수량수정중/DerivedDataCache/Compressed.ddp not found, will not use a pak cache.
[2018.03.20-04.08.45:507][  0]LogDerivedDataCache: Unable to find inner node CompressedPak for hierarchical cache Hierarchy.
[2018.03.20-04.08.45:553][  0]LogDerivedDataCache: Display: Pak cache opened for reading ../../../Engine/DerivedDataCache/Compressed.ddp.
[2018.03.20-04.08.45:568][  0]LogDerivedDataCache: Using Local data cache path C:/Users/양형/AppData/Local/UnrealEngine/Common/DerivedDataCache: Writable
[2018.03.20-04.08.45:594][  0]LogMaterial: Verifying Global Shaders for PCD3D_SM5
[2018.03.20-04.08.45:609][  0]LogSlate: Using Freetype 2.6.0
[2018.03.20-04.08.45:623][  0]LogSlate: SlateFontCache - WITH_FREETYPE: 1, WITH_HARFBUZZ: 1
[2018.03.20-04.08.45:624][  0]LogSlate: SlateFontCache - WITH_FREETYPE: 1, WITH_HARFBUZZ: 1
[2018.03.20-04.08.47:998][  0]LogInit: Selected Device Profile: [Windows]
[2018.03.20-04.08.49:136][  0]LogSimplygon: Simplygon DLL not present - disabling.
[2018.03.20-04.08.49:276][  0]LogMeshReduction: Using SimplygonSwarm for distributed automatic mesh merging
[2018.03.20-04.08.49:276][  0]LogMeshReduction: Using QuadricMeshReduction for automatic static mesh reduction
[2018.03.20-04.08.49:276][  0]LogMeshReduction: No automatic skeletal mesh reduction module available
[2018.03.20-04.08.49:276][  0]LogMeshReduction: No automatic mesh merging module available
[2018.03.20-04.08.49:276][  0]LogMeshMerging: No automatic mesh merging module available
[2018.03.20-04.08.49:363][  0]LogNetVersion: URS , NetCL: 3709383, EngineNetVer: 2, GameNetVer: 0 (Checksum: 1777970781)
[2018.03.20-04.08.50:048][  0]LogAssetRegistry: FAssetRegistry took 0.0348 seconds to start up
[2018.03.20-04.08.57:993][  0]LogAssetRegistry: Error: Failed to open file for write ../../../../../../Users/양형/Desktop/URS_180319_인벤수량수정중/Intermediate/AssetRegistryCache/142f06ae.bin
[2018.03.20-04.08.57:999][  0]LogAssetRegistry: Error: Failed to open file for write ../../../../../../Users/양형/Desktop/URS_180319_인벤수량수정중/Intermediate/AssetRegistryCache/8187a359.bin
[2018.03.20-04.08.58:008][  0]LogFileManager: Warning: MoveFile was unable to move '../../../../../../Users/양형/Desktop/URS_180319_인벤수량수정중/Intermediate/AssetRegistryCache/1e449417.bin.tmp' to '../../../../../../Users/양형/Desktop/URS_180319_인벤수량수정중/Intermediate/AssetRegistryCache/1e449417.bin', retrying in .5s...
[2018.03.20-04.08.58:513][  0]LogFileManager: Warning: MoveFile was unable to move '../../../../../../Users/양형/Desktop/URS_180319_인벤수량수정중/Intermediate/AssetRegistryCache/1e449417.bin.tmp' to '../../../../../../Users/양형/Desktop/URS_180319_인벤수량수정중/Intermediate/AssetRegistryCache/1e449417.bin', retrying in .5s...
[2018.03.20-04.08.59:014][  0]LogFileManager: Warning: MoveFile was unable to move '../../../../../../Users/양형/Desktop/URS_180319_인벤수량수정중/Intermediate/AssetRegistryCache/1e449417.bin.tmp' to '../../../../../../Users/양형/Desktop/URS_180319_인벤수량수정중/Intermediate/AssetRegistryCache/1e449417.bin', retrying in .5s...
[2018.03.20-04.08.59:526][  0]LogFileManager: Warning: MoveFile was unable to move '../../../../../../Users/양형/Desktop/URS_180319_인벤수량수정중/Intermediate/AssetRegistryCache/1e449417.bin.tmp' to '../../../../../../Users/양형/Desktop/URS_180319_인벤수량수정중/Intermediate/AssetRegistryCache/1e449417.bin', retrying in .5s...
[2018.03.20-04.09.00:029][  0]LogFileManager: Warning: MoveFile was unable to move '../../../../../../Users/양형/Desktop/URS_180319_인벤수량수정중/Intermediate/AssetRegistryCache/1e449417.bin.tmp' to '../../../../../../Users/양형/Desktop/URS_180319_인벤수량수정중/Intermediate/AssetRegistryCache/1e449417.bin', retrying in .5s...
[2018.03.20-04.09.00:529][  0]LogFileManager: Warning: MoveFile was unable to move '../../../../../../Users/양형/Desktop/URS_180319_인벤수량수정중/Intermediate/AssetRegistryCache/1e449417.bin.tmp' to '../../../../../../Users/양형/Desktop/URS_180319_인벤수량수정중/Intermediate/AssetRegistryCache/1e449417.bin', retrying in .5s...
[2018.03.20-04.09.01:030][  0]LogFileManager: Warning: MoveFile was unable to move '../../../../../../Users/양형/Desktop/URS_180319_인벤수량수정중/Intermediate/AssetRegistryCache/1e449417.bin.tmp' to '../../../../../../Users/양형/Desktop/URS_180319_인벤수량수정중/Intermediate/AssetRegistryCache/1e449417.bin', retrying in .5s...
[2018.03.20-04.09.01:531][  0]LogFileManager: Warning: MoveFile was unable to move '../../../../../../Users/양형/Desktop/URS_180319_인벤수량수정중/Intermediate/AssetRegistryCache/1e449417.bin.tmp' to '../../../../../../Users/양형/Desktop/URS_180319_인벤수량수정중/Intermediate/AssetRegistryCache/1e449417.bin', retrying in .5s...
[2018.03.20-04.09.02:031][  0]LogFileManager: Warning: MoveFile was unable to move '../../../../../../Users/양형/Desktop/URS_180319_인벤수량수정중/Intermediate/AssetRegistryCache/1e449417.bin.tmp' to '../../../../../../Users/양형/Desktop/URS_180319_인벤수량수정중/Intermediate/AssetRegistryCache/1e449417.bin', retrying in .5s...
[2018.03.20-04.09.02:533][  0]LogFileManager: Warning: MoveFile was unable to move '../../../../../../Users/양형/Desktop/URS_180319_인벤수량수정중/Intermediate/AssetRegistryCache/1e449417.bin.tmp' to '../../../../../../Users/양형/Desktop/URS_180319_인벤수량수정중/Intermediate/AssetRegistryCache/1e449417.bin', retrying in .5s...
[2018.03.20-04.09.03:035][  0]LogFileManager: Error: Error moving file '../../../../../../Users/양형/Desktop/URS_180319_인벤수량수정중/Intermediate/AssetRegistryCache/1e449417.bin.tmp' to '../../../../../../Users/양형/Desktop/URS_180319_인벤수량수정중/Intermediate/AssetRegistryCache/1e449417.bin'.
[2018.03.20-04.09.03:108][  0]LogPackageLocalizationCache: Processed 7 localized package path(s) for 2 prioritized culture(s) in 5.150562 seconds
[2018.03.20-04.09.03:117][  0]LogUObjectArray: 35870 objects as part of root set at end of initial load.
[2018.03.20-04.09.03:117][  0]LogUObjectAllocator: 7363696 out of 0 bytes used by permanent object pool.
[2018.03.20-04.09.03:117][  0]LogUObjectArray: CloseDisregardForGC: 0/0 objects in disregard for GC pool
[2018.03.20-04.09.03:298][  0]LogInit: WinSock: version 1.1 (2.2), MaxSocks=32767, MaxUdp=65467
[2018.03.20-04.10.06:079][  0]LogTcpMessaging: Initializing TcpMessaging bridge
[2018.03.20-04.10.06:239][  0]LogUdpMessaging: Initializing bridge on interface 0.0.0.0:0 to multicast group 230.0.0.1:6666.
[2018.03.20-04.10.11:332][  0]LogConfig: Warning: Failed to saved backup for config[InternationalizationExport]
[2018.03.20-04.10.11:685][  0]LogMaterial: Uniform references updated for custom material expression Custom.
[2018.03.20-04.10.14:191][  0]SourceControl: 소스 콘트롤이 꺼졌습니다.
[2018.03.20-04.10.14:192][  0]SourceControl: 소스 콘트롤이 꺼졌습니다.
[2018.03.20-04.10.14:421][  0]SourceControl: 소스 콘트롤이 꺼졌습니다.
[2018.03.20-04.10.16:116][  0]SourceControl: 소스 콘트롤이 꺼졌습니다.
[2018.03.20-04.10.27:241][  0]LogAndroidPermission: UAndroidPermissionCallbackProxy::GetInstance
[2018.03.20-04.10.28:395][  0]LogOcInput: OculusInput pre-init called
[2018.03.20-04.10.29:817][  0]LogEngine: Initializing Engine...
[2018.03.20-04.10.29:828][  0]LogHMD: Failed to initialize OpenVR with code 110
[2018.03.20-04.10.32:173][  0]LogStats: UGameplayTagsManager::ConstructGameplayTagTree: Construct from data asset -  0.000 s
[2018.03.20-04.10.32:174][  0]LogStats: UGameplayTagsManager::ConstructGameplayTagTree: GameplayTagTreeChangedEvent.Broadcast -  0.000 s
[2018.03.20-04.10.32:937][  0]LogAIModule: Creating AISystem for world Untitled
[2018.03.20-04.10.33:037][  0]LogInit: XAudio2 using '스피커 / 헤드폰(Realtek Audio)' : 2 channels at 48 kHz using 32 bits per sample (channel mask 0x3)
[2018.03.20-04.10.34:714][  0]LogInit: FAudioDevice initialized.
[2018.03.20-04.10.34:719][  0]LogDerivedDataCache: Error: Could not save memory cache C:/Users/양형/AppData/Local/UnrealEngine/4.18/DerivedDataCache/Boot.ddc.
[2018.03.20-04.10.34:743][  0]LogInit: Texture streaming: Enabled
[2018.03.20-04.10.35:130][  0]LogEngineSessionManager: EngineSessionManager initialized
[2018.03.20-04.10.38:605][  0]LogInit: Transaction tracking system initialized
[2018.03.20-04.10.39:829][  0]BlueprintLog: New page: 에디터 로드
[2018.03.20-04.10.45:643][  0]LocalizationService: 현지화 서비스가 비활성화되었습니다.
[2018.03.20-04.10.49:036][  0]LogConsoleResponse: Display: 
[2018.03.20-04.10.49:906][  0]LogCook: Display: Max memory allowance for cook 16384mb min free memory 0mb
[2018.03.20-04.10.49:906][  0]LogCook: Display: Mobile HDR setting 1
[2018.03.20-04.10.49:910][  0]LogGameplayTags: Display: UGameplayTagsManager::DoneAddingNativeTags. DelegateIsBound: 0
[2018.03.20-04.10.50:148][  0]LogFileCache: Scanning file cache for directory 'C:/Users/양형/Desktop/URS_180319_인벤수량수정중/Content/' took 0.05s
[2018.03.20-04.10.55:188][  0]SourceControl: 소스 콘트롤이 꺼졌습니다.
[2018.03.20-04.10.55:195][  0]Cmd: MAP LOAD FILE="../../../../../../Users/양형/Desktop/URS_180319_인벤수량수정중/Content/UrsContent/StartGame.umap" TEMPLATE=0 SHOWPROGRESS=1 FEATURELEVEL=3
[2018.03.20-04.10.55:206][  0]LightingResults: New page: 라이팅 빌드
[2018.03.20-04.10.55:406][  0]MapCheck: New page: 맵 체크
[2018.03.20-04.10.55:406][  0]LightingResults: New page: 라이팅 빌드
[2018.03.20-04.10.55:650][  0]LogAIModule: Creating AISystem for world StartGame
[2018.03.20-04.10.55:661][  0]LogEditorServer: Finished looking for orphan Actors (0.000 secs)
[2018.03.20-04.10.55:698][  0]Cmd: MAP CHECKDEP NOCLEARLOG
[2018.03.20-04.10.56:041][  0]MapCheck: 맵 체크 완료: 오류 0 회, 경고 0 회, 소요 시간 343.395ms.
[2018.03.20-04.10.56:042][  0]LogFileHelpers: Loading map 'StartGame' took 0.850
[2018.03.20-04.10.56:490][  0]LogCollectionManager: Loaded 0 collections in 0.002907 seconds
[2018.03.20-04.10.56:707][  0]LogFileCache: Scanning file cache for directory 'C:/Users/양형/Desktop/URS_180319_인벤수량수정중/Saved/Collections/' took 0.01s
[2018.03.20-04.10.56:707][  0]LogFileCache: Scanning file cache for directory 'C:/Users/양형/Desktop/URS_180319_인벤수량수정중/Content/Developers/양형/Collections/' took 0.01s
[2018.03.20-04.10.56:707][  0]LogFileCache: Scanning file cache for directory 'C:/Users/양형/Desktop/URS_180319_인벤수량수정중/Content/Collections/' took 0.01s
[2018.03.20-04.10.56:707][  0]LogCollectionManager: Rebuilt the GUID cache for 0 collections in 0.000000 seconds
[2018.03.20-04.10.56:722][  0]LogContentBrowser: Native class hierarchy populated in 0.0130 seconds. Added 2363 classes and 519 folders.
[2018.03.20-04.10.56:952][  0]LogContentBrowser: Native class hierarchy updated for 'WidgetCarousel' in 0.0003 seconds. Added 0 classes and 0 folders.
[2018.03.20-04.10.57:997][  0]LogContentBrowser: Native class hierarchy updated for 'AddContentDialog' in 0.0003 seconds. Added 0 classes and 0 folders.
[2018.03.20-04.10.58:152][  0]LogContentBrowser: Native class hierarchy updated for 'SceneOutliner' in 0.0003 seconds. Added 1 classes and 2 folders.
[2018.03.20-04.10.58:306][  0]LogSlate: Took 0.014889 seconds to synchronously load lazily loaded font '../../../Engine/Content/Slate/Fonts/Roboto-Regular.ttf' (155K)
[2018.03.20-04.10.58:326][  0]LogSlate: Took 0.010897 seconds to synchronously load lazily loaded font '../../../Engine/Content/Slate/Fonts/NanumGothic.ttf' (4243K)
[2018.03.20-04.10.58:328][  0]LogSlate: Took 0.000864 seconds to synchronously load lazily loaded font '../../../Engine/Content/Slate/Fonts/Roboto-Bold.ttf' (160K)
[2018.03.20-04.10.58:353][  0]LogSlate: Took 0.014772 seconds to synchronously load lazily loaded font '../../../Engine/Content/Editor/Slate/Fonts/FontAwesome.ttf' (139K)
[2018.03.20-04.10.59:153][  0]LogRenderer: Reallocating scene render targets to support 964x436 Format 10 NumSamples 1 (Frame:1).
[2018.03.20-04.11.00:100][  0]LogContentBrowser: Native class hierarchy updated for 'HierarchicalLODOutliner' in 0.0003 seconds. Added 1 classes and 2 folders.
[2018.03.20-04.11.00:100][  0]LogLoad: (Engine Initialization) Total time: 176.09 seconds
[2018.03.20-04.11.00:100][  0]LogLoad: (Engine Initialization) Total Blueprint compile time: 0.00 seconds
[2018.03.20-04.11.00:100][  0]LogExternalProfiler: No external profilers were discovered.  External profiling features will not be available.
[2018.03.20-04.11.00:176][  0]LogContentStreaming: Texture pool size now 1000 MB
[2018.03.20-04.11.00:431][  2]LogSlate: Took 0.008299 seconds to synchronously load lazily loaded font '../../../Engine/Content/Slate/Fonts/Roboto-Light.ttf' (159K)
[2018.03.20-04.11.00:617][  3]LogAssetRegistry: Asset discovery search completed in 130.5984 seconds
[2018.03.20-04.11.00:620][  3]LogCollectionManager: Rebuilt the object cache for 0 collections in 0.000000 seconds (found 0 objects)
[2018.03.20-04.11.00:620][  3]LogCollectionManager: Fixed up redirectors for 0 collections in 0.000067 seconds (updated 0 objects)
[2018.03.20-04.11.18:477][729]LogSlate: Took 0.001711 seconds to synchronously load lazily loaded font '../../../Engine/Content/Slate/Fonts/Roboto-Light.ttf' (159K)
[2018.03.20-04.11.19:172][729]LogContentBrowser: Native class hierarchy updated for 'BlueprintGraph' in 0.0008 seconds. Added 116 classes and 0 folders.
[2018.03.20-04.11.20:163][729]LogSlate: Took 0.000274 seconds to synchronously load lazily loaded font '../../../Engine/Content/Slate/Fonts/Roboto-Light.ttf' (159K)
[2018.03.20-04.11.20:170][729]LogSlate: Took 0.006613 seconds to synchronously load lazily loaded font '../../../Engine/Content/Editor/Slate/Fonts/Roboto-BoldCondensed.ttf' (158K)
[2018.03.20-04.11.22:325][806]LogSlate: Took 0.005211 seconds to synchronously load lazily loaded font '../../../Engine/Content/Editor/Slate/Fonts/Roboto-Italic.ttf' (157K)
[2018.03.20-04.13.04:435][311]LogRenderer: Reallocating scene render targets to support 964x540 Format 10 NumSamples 1 (Frame:1).
[2018.03.20-04.15.46:277][  6]LogHttp: Warning: 00000290CD3FC700: request failed, libcurl error: 6 (Couldn't resolve host name)
[2018.03.20-04.15.46:278][  6]LogHttp: Warning: 00000290CD3FC700: libcurl info message cache 0 (Connection 1 seems to be dead!)
[2018.03.20-04.15.46:278][  6]LogHttp: Warning: 00000290CD3FC700: libcurl info message cache 1 (Closing connection 1)
[2018.03.20-04.15.46:278][  6]LogHttp: Warning: 00000290CD3FC700: libcurl info message cache 2 (TLSv1.2 (OUT), TLS alert, Client hello (1):)
[2018.03.20-04.15.46:278][  6]LogHttp: Warning: 00000290CD3FC700: libcurl info message cache 3 (Could not resolve host: datarouter.ol.epicgames.com)
[2018.03.20-04.15.46:278][  6]LogHttp: Warning: 00000290CD3FC700: libcurl info message cache 4 (Closing connection 2)
[2018.03.20-04.25.33:387][799]LogTemp: Repeating last play command: 새 에디터 창 (PIE)
[2018.03.20-04.25.33:563][799]LogBlueprintUserMessages: Early PlayInEditor Detection: Level '/Game/UrsContent/StartGame.StartGame:PersistentLevel' has LevelScriptBlueprint '/Game/UrsContent/StartGame.StartGame:PersistentLevel.StartGame' with GeneratedClass '/Game/UrsContent/StartGame.StartGame_C' with ClassGeneratedBy '/Game/UrsContent/StartGame.StartGame:PersistentLevel.StartGame'
[2018.03.20-04.25.33:566][799]LogPlayLevel: PlayLevel: No blueprints needed recompiling
[2018.03.20-04.25.33:573][799]PIE: New page: PIE 세션: StartGame (2018. 3. 20. 오후 10:25:33)
[2018.03.20-04.25.33:574][799]LogPlayLevel: Creating play world package: /Game/UrsContent/UEDPIE_0_StartGame
[2018.03.20-04.25.33:583][799]LogPlayLevel: PIE: StaticDuplicateObject took: (0.007771s)
[2018.03.20-04.25.33:587][799]LogAIModule: Creating AISystem for world StartGame
[2018.03.20-04.25.33:588][799]LogPlayLevel: PIE: World Init took: (0.005669s)
[2018.03.20-04.25.33:589][799]LogPlayLevel: PIE: Created PIE world by copying editor world from /Game/UrsContent/StartGame.StartGame to /Game/UrsContent/UEDPIE_0_StartGame.StartGame (0.014976s)
[2018.03.20-04.25.33:649][799]LogInit: XAudio2 using '스피커 / 헤드폰(Realtek Audio)' : 2 channels at 48 kHz using 32 bits per sample (channel mask 0x3)
[2018.03.20-04.25.33:773][799]LogInit: FAudioDevice initialized.
[2018.03.20-04.25.33:996][799]LogLoad: Game class is 'FirstPersonGameMode_C'
[2018.03.20-04.25.34:001][799]LogWorld: Bringing World /Game/UrsContent/UEDPIE_0_StartGame.StartGame up for play (max tick rate 60) at 2018.03.20-13.25.34
[2018.03.20-04.25.34:002][799]LogWorld: Bringing up level for play took: 0.002725
[2018.03.20-04.25.34:452][799]LogContentBrowser: Native class hierarchy updated for 'MovieSceneCapture' in 0.0004 seconds. Added 11 classes and 0 folders.
[2018.03.20-04.25.34:480][799]PIE: /Game/UrsContent/UEDPIE_0_StartGame 에 대한 에디터에서 플레이 시작 시간: 1.645
[2018.03.20-04.25.34:485][799]LogBlueprintUserMessages: Late PlayInEditor Detection: Level '/Game/UrsContent/StartGame.StartGame:PersistentLevel' has LevelScriptBlueprint '/Game/UrsContent/StartGame.StartGame:PersistentLevel.StartGame' with GeneratedClass '/Game/UrsContent/StartGame.StartGame_C' with ClassGeneratedBy '/Game/UrsContent/StartGame.StartGame:PersistentLevel.StartGame'
[2018.03.20-04.25.34:556][799]LogRenderer: Reallocating scene render targets to support 1024x576 Format 10 NumSamples 1 (Frame:1).
[2018.03.20-04.25.35:476][830]LogNet: Browse: /Game/UrsContent/URS
[2018.03.20-04.25.35:477][830]LogLoad: LoadMap: /Game/UrsContent/URS
[2018.03.20-04.25.35:853][830]LogBlueprint: Warning: [Compiler Fire_Pickup] Get : 'Droplocation' variable not found. Base class was probably changed. /Game/FirstPersonBP/Blueprints/Fire_Pickup.Fire_Pickup
[2018.03.20-04.25.35:862][830]LogBlueprint: Warning: [Compiler Fire_Pickup] [1051.85] Fire_Pickup 컴파일에 성공했습니다만, 경고가 1 회 있습니다. [소요시간 12 ms] (/Game/FirstPersonBP/Blueprints/Fire_Pickup.Fire_Pickup)
[2018.03.20-04.25.39:911][830]LogAIModule: Creating AISystem for world URS
[2018.03.20-04.25.39:911][830]LogLoad: Game class is 'FirstPersonGameMode_C'
[2018.03.20-04.25.39:954][830]LogWorld: Bringing World /Game/UrsContent/UEDPIE_0_URS.URS up for play (max tick rate 60) at 2018.03.20-13.25.39
[2018.03.20-04.25.39:956][830]LogWorld: Bringing up level for play took: 0.043870
[2018.03.20-04.25.39:957][830]LogGameMode: FindPlayerStart: PATHS NOT DEFINED or NO PLAYERSTART with positive rating
[2018.03.20-04.25.39:967][830]LogLevel: ActivateLevel /Game/UrsContent/Stage/UEDPIE_0_URS_Stage1 1 1 1
[2018.03.20-04.25.39:971][830]LogLoad: Took 4.493043 seconds to LoadMap(/Game/UrsContent/URS)
[2018.03.20-04.25.39:979][830]LogStreaming: Display: ULevelStreaming::RequestLevel(/Game/UrsContent/Stage/UEDPIE_0_URS_Stage1) is flushing async loading
[2018.03.20-04.25.43:791][833]LogStreaming: Display: UWorld::AddToWorld: updating components for /Game/UrsContent/Stage/UEDPIE_0_URS_Stage1 took (less than) 23.13 ms
[2018.03.20-04.25.43:892][836]Cmd: Stat FPS
[2018.03.20-04.25.59:328][435]LogBlueprintUserMessages: Early EndPlayMap Detection: Level '/Game/UrsContent/StartGame.StartGame:PersistentLevel' has LevelScriptBlueprint '/Game/UrsContent/StartGame.StartGame:PersistentLevel.StartGame' with GeneratedClass '/Game/UrsContent/StartGame.StartGame_C' with ClassGeneratedBy '/Game/UrsContent/StartGame.StartGame:PersistentLevel.StartGame'
[2018.03.20-04.25.59:440][435]LogBlueprintUserMessages: Late EndPlayMap Detection: Level '/Game/UrsContent/StartGame.StartGame:PersistentLevel' has LevelScriptBlueprint '/Game/UrsContent/StartGame.StartGame:PersistentLevel.StartGame' with GeneratedClass '/Game/UrsContent/StartGame.StartGame_C' with ClassGeneratedBy '/Game/UrsContent/StartGame.StartGame:PersistentLevel.StartGame'
[2018.03.20-04.52.57:327][206]BlueprintLog: New page: FirstPersonCharacter 컴파일
[2018.03.20-04.52.57:481][206]LogBlueprint: Warning: [Fire_Pickup] 'Droplocation' variable not found. Base class was probably changed. /Game/FirstPersonBP/Blueprints/Fire_Pickup.Fire_Pickup
[2018.03.20-04.52.58:545][229]LogTemp: Repeating last play command: 새 에디터 창 (PIE)
[2018.03.20-04.52.58:665][229]LogBlueprintUserMessages: Early PlayInEditor Detection: Level '/Game/UrsContent/StartGame.StartGame:PersistentLevel' has LevelScriptBlueprint '/Game/UrsContent/StartGame.StartGame:PersistentLevel.StartGame' with GeneratedClass '/Game/UrsContent/StartGame.StartGame_C' with ClassGeneratedBy '/Game/UrsContent/StartGame.StartGame:PersistentLevel.StartGame'
[2018.03.20-04.52.58:666][229]LogPlayLevel: PlayLevel: No blueprints needed recompiling
[2018.03.20-04.52.58:667][229]PIE: New page: PIE 세션: StartGame (2018. 3. 20. 오후 10:52:58)
[2018.03.20-04.52.58:667][229]LogPlayLevel: Creating play world package: /Game/UrsContent/UEDPIE_0_StartGame
[2018.03.20-04.52.58:669][229]LogPlayLevel: PIE: StaticDuplicateObject took: (0.001944s)
[2018.03.20-04.52.58:671][229]LogAIModule: Creating AISystem for world StartGame
[2018.03.20-04.52.58:674][229]LogPlayLevel: PIE: World Init took: (0.004618s)
[2018.03.20-04.52.58:674][229]LogPlayLevel: PIE: Created PIE world by copying editor world from /Game/UrsContent/StartGame.StartGame to /Game/UrsContent/UEDPIE_0_StartGame.StartGame (0.007218s)
[2018.03.20-04.52.58:704][229]LogInit: XAudio2 using '스피커 / 헤드폰(Realtek Audio)' : 2 channels at 48 kHz using 32 bits per sample (channel mask 0x3)
[2018.03.20-04.52.58:830][229]LogInit: FAudioDevice initialized.
[2018.03.20-04.52.58:999][229]LogLoad: Game class is 'FirstPersonGameMode_C'
[2018.03.20-04.52.59:001][229]LogWorld: Bringing World /Game/UrsContent/UEDPIE_0_StartGame.StartGame up for play (max tick rate 60) at 2018.03.20-13.52.59
[2018.03.20-04.52.59:002][229]LogWorld: Bringing up level for play took: 0.001622
[2018.03.20-04.52.59:026][229]PIE: /Game/UrsContent/UEDPIE_0_StartGame 에 대한 에디터에서 플레이 시작 시간: 0.19
[2018.03.20-04.52.59:027][229]LogBlueprintUserMessages: Late PlayInEditor Detection: Level '/Game/UrsContent/StartGame.StartGame:PersistentLevel' has LevelScriptBlueprint '/Game/UrsContent/StartGame.StartGame:PersistentLevel.StartGame' with GeneratedClass '/Game/UrsContent/StartGame.StartGame_C' with ClassGeneratedBy '/Game/UrsContent/StartGame.StartGame:PersistentLevel.StartGame'
[2018.03.20-04.53.00:197][278]LogNet: Browse: /Game/UrsContent/URS
[2018.03.20-04.53.00:198][278]LogLoad: LoadMap: /Game/UrsContent/URS
[2018.03.20-04.53.01:288][278]LogAIModule: Creating AISystem for world URS
[2018.03.20-04.53.01:289][278]LogLoad: Game class is 'FirstPersonGameMode_C'
[2018.03.20-04.53.01:314][278]LogWorld: Bringing World /Game/UrsContent/UEDPIE_0_URS.URS up for play (max tick rate 60) at 2018.03.20-13.53.01
[2018.03.20-04.53.01:316][278]LogWorld: Bringing up level for play took: 0.026526
[2018.03.20-04.53.01:317][278]LogGameMode: FindPlayerStart: PATHS NOT DEFINED or NO PLAYERSTART with positive rating
[2018.03.20-04.53.01:323][278]LogLevel: ActivateLevel /Game/UrsContent/Stage/UEDPIE_0_URS_Stage1 1 1 1
[2018.03.20-04.53.01:324][278]LogLoad: Took 1.125854 seconds to LoadMap(/Game/UrsContent/URS)
[2018.03.20-04.53.01:328][278]LogStreaming: Display: ULevelStreaming::RequestLevel(/Game/UrsContent/Stage/UEDPIE_0_URS_Stage1) is flushing async loading
[2018.03.20-04.53.03:737][280]LogStreaming: Display: UWorld::AddToWorld: updating components for /Game/UrsContent/Stage/UEDPIE_0_URS_Stage1 took (less than) 20.77 ms
[2018.03.20-04.53.03:838][282]Cmd: Stat FPS
[2018.03.20-04.53.59:473][689]LogBlueprintUserMessages: Early EndPlayMap Detection: Level '/Game/UrsContent/StartGame.StartGame:PersistentLevel' has LevelScriptBlueprint '/Game/UrsContent/StartGame.StartGame:PersistentLevel.StartGame' with GeneratedClass '/Game/UrsContent/StartGame.StartGame_C' with ClassGeneratedBy '/Game/UrsContent/StartGame.StartGame:PersistentLevel.StartGame'
[2018.03.20-04.53.59:553][689]LogBlueprintUserMessages: Late EndPlayMap Detection: Level '/Game/UrsContent/StartGame.StartGame:PersistentLevel' has LevelScriptBlueprint '/Game/UrsContent/StartGame.StartGame:PersistentLevel.StartGame' with GeneratedClass '/Game/UrsContent/StartGame.StartGame_C' with ClassGeneratedBy '/Game/UrsContent/StartGame.StartGame:PersistentLevel.StartGame'
[2018.03.20-04.54.02:951][844]LogSavePackage: Save=232.56ms
[2018.03.20-04.54.02:951][844]LogSavePackage: Moving '../../../../../../Users/양형/Desktop/URS_180319_인벤수량수정중/Saved/FirstPersonCharacter3113F5A34DCD219991C2A8B02D872E60.tmp' to '../../../../../../Users/양형/Desktop/URS_180319_인벤수량수정중/Content/FirstPersonBP/Blueprints/FirstPersonCharacter.uasset'
[2018.03.20-04.54.02:958][844]LogSavePackage: Display: Finished SavePackage ../../../../../../Users/양형/Desktop/URS_180319_인벤수량수정중/Content/FirstPersonBP/Blueprints/FirstPersonCharacter.uasset
[2018.03.20-04.54.08:442][127]LogEditorTransaction: Undo 현 선택을 삭제합니다.
[2018.03.20-04.54.16:454][506]LogSavePackage: Save=215.25ms
[2018.03.20-04.54.16:454][506]LogSavePackage: Moving '../../../../../../Users/양형/Desktop/URS_180319_인벤수량수정중/Saved/FirstPersonCharacterB7300ABA44242520643AD69586013A37.tmp' to '../../../../../../Users/양형/Desktop/URS_180319_인벤수량수정중/Content/FirstPersonBP/Blueprints/FirstPersonCharacter.uasset'
[2018.03.20-04.54.16:461][506]LogSavePackage: Display: Finished SavePackage ../../../../../../Users/양형/Desktop/URS_180319_인벤수량수정중/Content/FirstPersonBP/Blueprints/FirstPersonCharacter.uasset
[2018.03.20-04.54.17:683][556]LogActorComponent: UnregisterComponent: (/Engine/Transient.EditorFloorComp) Not registered. Aborting.
[2018.03.20-04.54.25:583][ 14]Cmd: OBJ SAVEPACKAGE PACKAGE="/Game/UrsContent/StartGame" FILE="../../../../../../Users/양형/Desktop/URS_180319_인벤수량수정중/Content/UrsContent/StartGame.umap" SILENT=true AUTOSAVING=false KEEPDIRTY=false
[2018.03.20-04.54.25:756][ 14]LogSavePackage: Save=133.77ms
[2018.03.20-04.54.25:756][ 14]LogSavePackage: Moving '../../../../../../Users/양형/Desktop/URS_180319_인벤수량수정중/Saved/StartGame6D981953424BF43E69965885C549E723.tmp' to '../../../../../../Users/양형/Desktop/URS_180319_인벤수량수정중/Content/UrsContent/StartGame.umap'
[2018.03.20-04.54.25:765][ 14]LogSavePackage: Display: Finished SavePackage ../../../../../../Users/양형/Desktop/URS_180319_인벤수량수정중/Content/UrsContent/StartGame.umap
[2018.03.20-04.54.27:366][ 90]LogWindowsTextInputMethodSystem: Display: IME system now activated using TSF (Microsoft 입력기).
[2018.03.20-04.54.27:643][ 91]Cmd: QUIT_EDITOR
[2018.03.20-04.54.49:769][ 91]LogExit: Preparing to exit.
[2018.03.20-04.54.50:020][ 91]LogDirectoryWatcher: A directory notification for 'C:/Users/양형/Desktop/URS_180319_인벤수량수정중/Content/' was aborted.
[2018.03.20-04.54.50:121][ 91]LogExit: Editor shut down
[2018.03.20-04.54.50:126][ 91]LogExit: Transaction tracking system shut down
[2018.03.20-04.54.50:394][ 91]LogDirectoryWatcher: A directory notification for '../../../Engine/Content/' was aborted.
[2018.03.20-04.54.50:395][ 91]LogDirectoryWatcher: A directory notification for '../../../../../../Users/양형/Desktop/URS_180319_인벤수량수정중/Content/' was aborted.
[2018.03.20-04.54.50:395][ 91]LogDirectoryWatcher: A directory notification for '../../../Engine/Plugins/2D/Paper2D/Content/' was aborted.
[2018.03.20-04.54.50:395][ 91]LogDirectoryWatcher: A directory notification for '../../../Engine/Plugins/Media/MediaCompositing/Content/' was aborted.
[2018.03.20-04.54.50:395][ 91]LogDirectoryWatcher: A directory notification for '../../../Engine/Plugins/Runtime/AppleARKit/Content/' was aborted.
[2018.03.20-04.54.50:395][ 91]LogDirectoryWatcher: A directory notification for '../../../Engine/Plugins/Runtime/Oculus/OculusVR/Content/' was aborted.
[2018.03.20-04.54.50:395][ 91]LogDirectoryWatcher: A directory notification for '../../../Engine/Plugins/Runtime/Steam/SteamVR/Content/' was aborted.
[2018.03.20-04.54.50:726][ 91]LogExit: Object subsystem successfully closed.
[2018.03.20-04.54.50:788][ 91]LogD3D11RHI: Shutdown
[2018.03.20-04.54.50:789][ 91]LogD3D11RHI: CleanupD3DDevice
[2018.03.20-04.54.50:810][ 91]LogD3D11RHI: ~FD3D11DynamicRHI
[2018.03.20-04.54.50:930][ 91]LogModuleManager: Shutting down and abandoning module MovieSceneCapture (554)
[2018.03.20-04.54.50:931][ 91]LogModuleManager: Shutting down and abandoning module SequencerWidgets (552)
[2018.03.20-04.54.50:931][ 91]LogModuleManager: Shutting down and abandoning module BlueprintGraph (550)
[2018.03.20-04.54.50:931][ 91]LogModuleManager: Shutting down and abandoning module HierarchicalLODOutliner (548)
[2018.03.20-04.54.50:931][ 91]LogModuleManager: Shutting down and abandoning module SceneOutliner (546)
[2018.03.20-04.54.50:931][ 91]LogModuleManager: Shutting down and abandoning module AddContentDialog (544)
[2018.03.20-04.54.50:933][ 91]LogDirectoryWatcher: A directory notification for 'C:/Program Files/Epic Games/UE_4.18/FeaturePacks/' was aborted.
[2018.03.20-04.54.50:939][ 91]LogModuleManager: Shutting down and abandoning module WidgetCarousel (543)
[2018.03.20-04.54.50:939][ 91]LogModuleManager: Shutting down and abandoning module EditorWidgets (540)
[2018.03.20-04.54.50:939][ 91]LogModuleManager: Shutting down and abandoning module CollectionManager (538)
[2018.03.20-04.54.50:941][ 91]LogDirectoryWatcher: A directory notification for 'C:/Users/양형/Desktop/URS_180319_인벤수량수정중/Content/Collections/' was aborted.
[2018.03.20-04.54.50:941][ 91]LogDirectoryWatcher: A directory notification for 'C:/Users/양형/Desktop/URS_180319_인벤수량수정중/Content/Developers/양형/Collections/' was aborted.
[2018.03.20-04.54.50:941][ 91]LogDirectoryWatcher: A directory notification for 'C:/Users/양형/Desktop/URS_180319_인벤수량수정중/Saved/Collections/' was aborted.
[2018.03.20-04.54.50:941][ 91]LogModuleManager: Shutting down and abandoning module StatsViewer (536)
[2018.03.20-04.54.50:943][ 91]LogModuleManager: Shutting down and abandoning module FoliageEdit (534)
[2018.03.20-04.54.50:943][ 91]LogModuleManager: Shutting down and abandoning module LandscapeEditor (532)
[2018.03.20-04.54.50:949][ 91]LogModuleManager: Shutting down and abandoning module MeshPaintMode (530)
[2018.03.20-04.54.50:949][ 91]LogModuleManager: Shutting down and abandoning module SceneDepthPickerMode (528)
[2018.03.20-04.54.50:949][ 91]LogModuleManager: Shutting down and abandoning module ActorPickerMode (526)
[2018.03.20-04.54.50:949][ 91]LogModuleManager: Shutting down and abandoning module GeometryMode (524)
[2018.03.20-04.54.50:950][ 91]LogModuleManager: Shutting down and abandoning module TextureAlignMode (522)
[2018.03.20-04.54.50:950][ 91]LogModuleManager: Shutting down and abandoning module BspMode (520)
[2018.03.20-04.54.50:951][ 91]LogModuleManager: Shutting down and abandoning module PIEPreviewDeviceProfileSelector (518)
[2018.03.20-04.54.50:951][ 91]LogModuleManager: Shutting down and abandoning module HardwareSurvey (516)
[2018.03.20-04.54.50:952][ 91]LogModuleManager: Shutting down and abandoning module SequenceRecorderSections (514)
[2018.03.20-04.54.50:952][ 91]LogModuleManager: Shutting down and abandoning module AutomationWorker (512)
[2018.03.20-04.54.50:953][ 91]LogModuleManager: Shutting down and abandoning module MatineeToLevelSequence (510)
[2018.03.20-04.54.50:954][ 91]LogModuleManager: Shutting down and abandoning module LevelSequenceEditor (508)
[2018.03.20-04.54.50:959][ 91]LogModuleManager: Shutting down and abandoning module PlacementMode (507)
[2018.03.20-04.54.50:959][ 91]LogModuleManager: Shutting down and abandoning module WmfMediaFactory (504)
[2018.03.20-04.54.50:959][ 91]LogModuleManager: Shutting down and abandoning module WmfMediaEditor (502)
[2018.03.20-04.54.50:959][ 91]LogModuleManager: Shutting down and abandoning module OpenExrWrapper (500)
[2018.03.20-04.54.50:959][ 91]LogModuleManager: Shutting down and abandoning module ImgMediaFactory (498)
[2018.03.20-04.54.50:959][ 91]LogModuleManager: Shutting down and abandoning module ImgMediaEditor (496)
[2018.03.20-04.54.50:959][ 91]LogModuleManager: Shutting down and abandoning module AvfMediaFactory (494)
[2018.03.20-04.54.50:959][ 91]LogModuleManager: Shutting down and abandoning module AvfMediaEditor (492)
[2018.03.20-04.54.50:959][ 91]LogModuleManager: Shutting down and abandoning module AndroidMediaFactory (490)
[2018.03.20-04.54.50:959][ 91]LogModuleManager: Shutting down and abandoning module AndroidMediaEditor (488)
[2018.03.20-04.54.50:959][ 91]LogModuleManager: Shutting down and abandoning module CharacterAI (486)
[2018.03.20-04.54.50:959][ 91]LogModuleManager: Shutting down and abandoning module AudioCapture (484)
[2018.03.20-04.54.50:960][ 91]LogModuleManager: Shutting down and abandoning module SequenceRecorder (483)
[2018.03.20-04.54.50:961][ 91]LogModuleManager: Shutting down and abandoning module SmartSnapping (480)
[2018.03.20-04.54.50:961][ 91]LogModuleManager: Shutting down and abandoning module SessionServices (478)
[2018.03.20-04.54.50:961][ 91]LogModuleManager: Shutting down and abandoning module ViewportSnapping (476)
[2018.03.20-04.54.50:961][ 91]LogModuleManager: Shutting down and abandoning module ViewportInteraction (474)
[2018.03.20-04.54.50:961][ 91]LogModuleManager: Shutting down and abandoning module ClothPainter (472)
[2018.03.20-04.54.50:964][ 91]LogModuleManager: Shutting down and abandoning module SkeletalMeshEditor (471)
[2018.03.20-04.54.50:966][ 91]LogModuleManager: Shutting down and abandoning module LogVisualizer (468)
[2018.03.20-04.54.50:970][ 91]LogModuleManager: Shutting down and abandoning module IntroTutorials (466)
[2018.03.20-04.54.50:972][ 91]LogModuleManager: Shutting down and abandoning module GameProjectGeneration (465)
[2018.03.20-04.54.50:975][ 91]LogModuleManager: Shutting down and abandoning module IOSPlatformEditor (462)
[2018.03.20-04.54.50:975][ 91]LogModuleManager: Shutting down and abandoning module HTML5PlatformEditor (460)
[2018.03.20-04.54.50:975][ 91]LogModuleManager: Shutting down and abandoning module AndroidPlatformEditor (458)
[2018.03.20-04.54.50:975][ 91]LogModuleManager: Shutting down and abandoning module AndroidDeviceDetection (457)
[2018.03.20-04.54.51:113][ 91]LogModuleManager: Shutting down and abandoning module WindowsPlatformEditor (454)
[2018.03.20-04.54.51:114][ 91]LogModuleManager: Shutting down and abandoning module IOSRuntimeSettings (452)
[2018.03.20-04.54.51:114][ 91]LogModuleManager: Shutting down and abandoning module AndroidRuntimeSettings (450)
[2018.03.20-04.54.51:114][ 91]LogModuleManager: Shutting down and abandoning module InputBindingEditor (448)
[2018.03.20-04.54.51:115][ 91]LogModuleManager: Shutting down and abandoning module MergeActors (446)
[2018.03.20-04.54.51:116][ 91]LogModuleManager: Shutting down and abandoning module SizeMap (444)
[2018.03.20-04.54.51:116][ 91]LogModuleManager: Shutting down and abandoning module TreeMap (442)
[2018.03.20-04.54.51:117][ 91]LogModuleManager: Shutting down and abandoning module ReferenceViewer (440)
[2018.03.20-04.54.51:117][ 91]LogModuleManager: Shutting down and abandoning module LocalizationDashboard (438)
[2018.03.20-04.54.51:119][ 91]LogModuleManager: Shutting down and abandoning module LocalizationService (437)
[2018.03.20-04.54.51:120][ 91]LogModuleManager: Shutting down and abandoning module HardwareTargeting (434)
[2018.03.20-04.54.51:120][ 91]LogModuleManager: Shutting down and abandoning module DeviceProfileEditor (432)
[2018.03.20-04.54.51:120][ 91]LogModuleManager: Shutting down and abandoning module UndoHistory (430)
[2018.03.20-04.54.51:121][ 91]LogModuleManager: Shutting down and abandoning module XmlParser (428)
[2018.03.20-04.54.51:121][ 91]LogModuleManager: Shutting down and abandoning module Blutility (426)
[2018.03.20-04.54.51:121][ 91]LogModuleManager: Shutting down and abandoning module ProjectSettingsViewer (424)
[2018.03.20-04.54.51:122][ 91]LogModuleManager: Shutting down and abandoning module ProjectTargetPlatformEditor (423)
[2018.03.20-04.54.51:123][ 91]LogModuleManager: Shutting down and abandoning module EditorSettingsViewer (420)
[2018.03.20-04.54.51:123][ 91]LogModuleManager: Shutting down and abandoning module SettingsEditor (418)
[2018.03.20-04.54.51:124][ 91]LogModuleManager: Shutting down and abandoning module ProjectLauncher (416)
[2018.03.20-04.54.51:126][ 91]LogModuleManager: Shutting down and abandoning module SessionFrontend (414)
[2018.03.20-04.54.51:127][ 91]LogModuleManager: Shutting down and abandoning module ProfilerClient (412)
[2018.03.20-04.54.51:127][ 91]LogModuleManager: Shutting down and abandoning module DeviceManager (410)
[2018.03.20-04.54.51:128][ 91]LogModuleManager: Shutting down and abandoning module TargetDeviceServices (409)
[2018.03.20-04.54.51:184][ 91]LogModuleManager: Shutting down and abandoning module AutomationController (406)
[2018.03.20-04.54.51:186][ 91]LogModuleManager: Shutting down and abandoning module AutomationWindow (404)
[2018.03.20-04.54.51:187][ 91]LogModuleManager: Shutting down and abandoning module Layers (402)
[2018.03.20-04.54.51:190][ 91]LogModuleManager: Shutting down and abandoning module ComponentVisualizers (400)
[2018.03.20-04.54.51:190][ 91]LogModuleManager: Shutting down and abandoning module DetailCustomizations (398)
[2018.03.20-04.54.51:192][ 91]LogModuleManager: Shutting down and abandoning module PackagesDialog (396)
[2018.03.20-04.54.51:193][ 91]LogModuleManager: Shutting down and abandoning module Persona (394)
[2018.03.20-04.54.51:195][ 91]LogModuleManager: Shutting down and abandoning module AdvancedPreviewScene (393)
[2018.03.20-04.54.51:195][ 91]LogModuleManager: Shutting down and abandoning module AnimGraph (391)
[2018.03.20-04.54.51:195][ 91]LogModuleManager: Shutting down and abandoning module Kismet (388)
[2018.03.20-04.54.51:203][ 91]LogModuleManager: Shutting down and abandoning module ClassViewer (386)
[2018.03.20-04.54.51:205][ 91]LogModuleManager: Shutting down and abandoning module Toolbox (384)
[2018.03.20-04.54.51:205][ 91]LogModuleManager: Shutting down and abandoning module ModuleUI (382)
[2018.03.20-04.54.51:206][ 91]LogModuleManager: Shutting down and abandoning module MovieSceneTools (380)
[2018.03.20-04.54.51:207][ 91]LogModuleManager: Shutting down and abandoning module OutputLog (378)
[2018.03.20-04.54.51:208][ 91]LogModuleManager: Shutting down and abandoning module GammaUI (376)
[2018.03.20-04.54.51:208][ 91]LogModuleManager: Shutting down and abandoning module Documentation (374)
[2018.03.20-04.54.51:208][ 91]LogModuleManager: Shutting down and abandoning module MovieSceneTracks (372)
[2018.03.20-04.54.51:208][ 91]LogModuleManager: Shutting down and abandoning module MovieScene (370)
[2018.03.20-04.54.51:208][ 91]LogModuleManager: Shutting down and abandoning module StreamingPauseRendering (368)
[2018.03.20-04.54.51:209][ 91]LogModuleManager: Shutting down and abandoning module LauncherPlatform (366)
[2018.03.20-04.54.51:209][ 91]LogModuleManager: Shutting down and abandoning module AnalyticsET (364)
[2018.03.20-04.54.51:209][ 91]LogModuleManager: Shutting down and abandoning module PortalServices (362)
[2018.03.20-04.54.51:209][ 91]LogModuleManager: Shutting down and abandoning module PortalRpc (360)
[2018.03.20-04.54.51:209][ 91]LogModuleManager: Shutting down and abandoning module MessagingRpc (358)
[2018.03.20-04.54.51:209][ 91]LogModuleManager: Shutting down and abandoning module AIModule (356)
[2018.03.20-04.54.51:210][ 91]LogModuleManager: Shutting down and abandoning module GameplayDebugger (355)
[2018.03.20-04.54.51:210][ 91]LogModuleManager: Shutting down and abandoning module AITestSuite (353)
[2018.03.20-04.54.51:211][ 91]LogModuleManager: Shutting down and abandoning module DesktopPlatform (350)
[2018.03.20-04.54.51:212][ 91]LogModuleManager: Shutting down and abandoning module ProfilerService (348)
[2018.03.20-04.54.51:328][ 91]LogModuleManager: Shutting down and abandoning module TaskGraph (346)
[2018.03.20-04.54.51:330][ 91]LogModuleManager: Shutting down and abandoning module SteamVRController (344)
[2018.03.20-04.54.51:330][ 91]LogModuleManager: Shutting down and abandoning module ProceduralMeshComponentEditor (342)
[2018.03.20-04.54.51:330][ 91]LogModuleManager: Shutting down and abandoning module ProceduralMeshComponent (340)
[2018.03.20-04.54.51:330][ 91]LogModuleManager: Shutting down and abandoning module OculusInput (338)
[2018.03.20-04.54.51:330][ 91]LogModuleManager: Shutting down and abandoning module MobilePatchingUtils (336)
[2018.03.20-04.54.51:330][ 91]LogModuleManager: Shutting down and abandoning module CustomMeshComponent (334)
[2018.03.20-04.54.51:330][ 91]LogModuleManager: Shutting down and abandoning module CableComponent (332)
[2018.03.20-04.54.51:330][ 91]LogModuleManager: Shutting down and abandoning module ArchVisCharacter (330)
[2018.03.20-04.54.51:330][ 91]LogModuleManager: Shutting down and abandoning module AndroidPermission (328)
[2018.03.20-04.54.51:330][ 91]LogModuleManager: Shutting down and abandoning module ActorSequence (324)
[2018.03.20-04.54.51:330][ 91]LogModuleManager: Shutting down and abandoning module MediaPlayerEditor (322)
[2018.03.20-04.54.51:333][ 91]LogModuleManager: Shutting down and abandoning module MediaCompositingEditor (320)
[2018.03.20-04.54.51:333][ 91]LogModuleManager: Shutting down and abandoning module MediaCompositing (318)
[2018.03.20-04.54.51:333][ 91]LogModuleManager: Shutting down and abandoning module HTML5Networking (316)
[2018.03.20-04.54.51:333][ 91]LogModuleManager: Shutting down and abandoning module AlembicImporter (314)
[2018.03.20-04.54.51:334][ 91]LogModuleManager: Shutting down and abandoning module AlembicLibrary (313)
[2018.03.20-04.54.51:334][ 91]LogModuleManager: Shutting down and abandoning module GeometryCache (312)
[2018.03.20-04.54.51:334][ 91]LogModuleManager: Shutting down and abandoning module GeometryCacheEd (311)
[2018.03.20-04.54.51:334][ 91]LogModuleManager: Shutting down and abandoning module SpeedTreeImporter (306)
[2018.03.20-04.54.51:334][ 91]LogModuleManager: Shutting down and abandoning module PluginBrowser (304)
[2018.03.20-04.54.51:337][ 91]LogModuleManager: Shutting down and abandoning module MobileLauncherProfileWizard (302)
[2018.03.20-04.54.51:339][ 91]LogModuleManager: Shutting down and abandoning module VisualStudioSourceCodeAccess (300)
[2018.03.20-04.54.51:340][ 91]LogModuleManager: Shutting down and abandoning module VisualStudioCodeSourceCodeAccess (298)
[2018.03.20-04.54.51:340][ 91]LogModuleManager: Shutting down and abandoning module UObjectPlugin (296)
[2018.03.20-04.54.51:340][ 91]LogModuleManager: Shutting down and abandoning module SubversionSourceControl (294)
[2018.03.20-04.54.51:341][ 91]LogModuleManager: Shutting down and abandoning module PerforceSourceControl (292)
[2018.03.20-04.54.51:344][ 91]LogModuleManager: Shutting down and abandoning module GitSourceControl (290)
[2018.03.20-04.54.51:347][ 91]LogModuleManager: Shutting down and abandoning module SourceControl (289)
[2018.03.20-04.54.51:348][ 91]LogModuleManager: Shutting down and abandoning module LightPropagationVolumeEditor (286)
[2018.03.20-04.54.51:348][ 91]LogModuleManager: Shutting down and abandoning module PaperTiledImporter (284)
[2018.03.20-04.54.51:348][ 91]LogModuleManager: Shutting down and abandoning module PaperSpriteSheetImporter (282)
[2018.03.20-04.54.51:348][ 91]LogModuleManager: Shutting down and abandoning module Paper2DEditor (280)
[2018.03.20-04.54.51:350][ 91]LogModuleManager: Shutting down and abandoning module MeshPaint (279)
[2018.03.20-04.54.51:350][ 91]LogModuleManager: Shutting down and abandoning module LevelEditor (277)
[2018.03.20-04.54.51:355][ 91]LogModuleManager: Shutting down and abandoning module PixelInspectorModule (276)
[2018.03.20-04.54.51:357][ 91]LogModuleManager: Shutting down and abandoning module MainFrame (274)
[2018.03.20-04.54.51:357][ 91]LogModuleManager: Shutting down and abandoning module HotReload (273)
[2018.03.20-04.54.51:359][ 91]LogModuleManager: Shutting down and abandoning module RuntimePhysXCooking (268)
[2018.03.20-04.54.51:360][ 91]LogModuleManager: Shutting down and abandoning module PhysXVehiclesEditor (266)
[2018.03.20-04.54.51:361][ 91]LogModuleManager: Shutting down and abandoning module PhysXVehicles (264)
[2018.03.20-04.54.51:361][ 91]LogModuleManager: Shutting down and abandoning module OculusEditor (262)
[2018.03.20-04.54.51:361][ 91]LogModuleManager: Shutting down and abandoning module LocationServicesBPLibrary (260)
[2018.03.20-04.54.51:361][ 91]LogModuleManager: Shutting down and abandoning module ImmediatePhysicsEditor (258)
[2018.03.20-04.54.51:361][ 91]LogModuleManager: Shutting down and abandoning module ImmediatePhysics (256)
[2018.03.20-04.54.51:361][ 91]LogModuleManager: Shutting down and abandoning module UdpMessaging (254)
[2018.03.20-04.54.51:463][ 91]LogModuleManager: Shutting down and abandoning module TcpMessaging (252)
[2018.03.20-04.54.51:564][ 91]LogModuleManager: Shutting down and abandoning module GameplayTagsEditor (250)
[2018.03.20-04.54.51:566][ 91]LogModuleManager: Shutting down and abandoning module FacialAnimationEditor (248)
[2018.03.20-04.54.51:566][ 91]LogModuleManager: Shutting down and abandoning module FacialAnimation (246)
[2018.03.20-04.54.51:566][ 91]LogModuleManager: Shutting down and abandoning module AssetManagerEditor (244)
[2018.03.20-04.54.51:568][ 91]LogModuleManager: Shutting down and abandoning module GraphEditor (243)
[2018.03.20-04.54.51:568][ 91]LogModuleManager: Shutting down and abandoning module ContentBrowser (241)
[2018.03.20-04.54.51:570][ 91]LogModuleManager: Shutting down and abandoning module LightPropagationVolumeRuntime (238)
[2018.03.20-04.54.51:570][ 91]LogModuleManager: Shutting down and abandoning module Paper2D (236)
[2018.03.20-04.54.51:570][ 91]LogModuleManager: Shutting down and abandoning module WindowsMoviePlayer (234)
[2018.03.20-04.54.51:571][ 91]LogModuleManager: Shutting down and abandoning module WmfMedia (232)
[2018.03.20-04.54.51:574][ 91]LogModuleManager: Shutting down and abandoning module ImgMedia (230)
[2018.03.20-04.54.51:574][ 91]LogModuleManager: Shutting down and abandoning module PacketHandler (228)
[2018.03.20-04.54.51:574][ 91]LogModuleManager: Shutting down and abandoning module ClothingSystemEditor (226)
[2018.03.20-04.54.51:574][ 91]LogModuleManager: Shutting down and abandoning module ClothingSystemRuntime (224)
[2018.03.20-04.54.51:576][ 91]LogModuleManager: Shutting down and abandoning module MediaAssets (222)
[2018.03.20-04.54.51:576][ 91]LogModuleManager: Shutting down and abandoning module Media (221)
[2018.03.20-04.54.51:582][ 91]LogModuleManager: Shutting down and abandoning module Overlay (218)
[2018.03.20-04.54.51:582][ 91]LogModuleManager: Shutting down and abandoning module OverlayEditor (217)
[2018.03.20-04.54.51:582][ 91]LogModuleManager: Shutting down and abandoning module VREditor (214)
[2018.03.20-04.54.51:584][ 91]LogModuleManager: Shutting down and abandoning module StringTableEditor (212)
[2018.03.20-04.54.51:584][ 91]LogModuleManager: Shutting down and abandoning module GameplayTasksEditor (210)
[2018.03.20-04.54.51:584][ 91]LogModuleManager: Shutting down and abandoning module BehaviorTreeEditor (208)
[2018.03.20-04.54.51:587][ 91]LogModuleManager: Shutting down and abandoning module FunctionalTesting (206)
[2018.03.20-04.54.51:587][ 91]LogModuleManager: Shutting down and abandoning module CollisionAnalyzer (204)
[2018.03.20-04.54.51:589][ 91]LogModuleManager: Shutting down and abandoning module WorkspaceMenuStructure (203)
[2018.03.20-04.54.51:591][ 91]LogModuleManager: Shutting down and abandoning module UMG (200)
[2018.03.20-04.54.51:592][ 91]LogModuleManager: Shutting down and abandoning module UMGEditor (199)
[2018.03.20-04.54.51:592][ 91]LogModuleManager: Shutting down and abandoning module Sequencer (198)
[2018.03.20-04.54.51:592][ 91]LogModuleManager: Shutting down and abandoning module MessageLog (195)
[2018.03.20-04.54.51:592][ 91]LogModuleManager: Shutting down and abandoning module SlateReflector (190)
[2018.03.20-04.54.51:596][ 91]LogModuleManager: Shutting down and abandoning module Slate (188)
[2018.03.20-04.54.51:596][ 91]LogModuleManager: Shutting down and abandoning module EditorStyle (186)
[2018.03.20-04.54.51:606][ 91]LogModuleManager: Shutting down and abandoning module MRMesh (184)
[2018.03.20-04.54.51:606][ 91]LogModuleManager: Shutting down and abandoning module SourceCodeAccess (182)
[2018.03.20-04.54.51:606][ 91]LogModuleManager: Shutting down and abandoning module HeadMountedDisplay (180)
[2018.03.20-04.54.51:606][ 91]LogModuleManager: Shutting down and abandoning module XAudio2 (178)
[2018.03.20-04.54.51:606][ 91]LogModuleManager: Shutting down and abandoning module Networking (176)
[2018.03.20-04.54.51:606][ 91]LogModuleManager: Shutting down and abandoning module Core (172)
[2018.03.20-04.54.51:606][ 91]LogModuleManager: Shutting down and abandoning module LevelSequence (168)
[2018.03.20-04.54.51:606][ 91]LogModuleManager: Shutting down and abandoning module DirectoryWatcher (166)
[2018.03.20-04.54.51:617][ 91]LogModuleManager: Shutting down and abandoning module KismetCompiler (164)
[2018.03.20-04.54.51:617][ 91]LogModuleManager: Shutting down and abandoning module MeshUtilities (162)
[2018.03.20-04.54.51:619][ 91]LogModuleManager: Shutting down and abandoning module MeshMergeUtilities (161)
[2018.03.20-04.54.51:620][ 91]LogModuleManager: Shutting down and abandoning module MeshReductionInterface (160)
[2018.03.20-04.54.51:620][ 91]LogModuleManager: Shutting down and abandoning module SimplygonSwarm (159)
[2018.03.20-04.54.51:621][ 91]LogModuleManager: Shutting down and abandoning module SimplygonMeshReduction (157)
[2018.03.20-04.54.51:622][ 91]LogModuleManager: Shutting down and abandoning module QuadricMeshReduction (155)
[2018.03.20-04.54.51:623][ 91]LogModuleManager: Shutting down and abandoning module MaterialBaking (151)
[2018.03.20-04.54.51:624][ 91]LogModuleManager: Shutting down and abandoning module DerivedDataCache (148)
[2018.03.20-04.54.51:690][ 91]LogDerivedDataCache: Shutdown
[2018.03.20-04.54.51:690][ 91]LogModuleManager: Shutting down and abandoning module TargetPlatform (146)
[2018.03.20-04.54.51:691][ 91]LogModuleManager: Shutting down and abandoning module VulkanShaderFormat (145)
[2018.03.20-04.54.51:691][ 91]LogModuleManager: Shutting down and abandoning module ShaderFormatVectorVM (143)
[2018.03.20-04.54.51:692][ 91]LogModuleManager: Shutting down and abandoning module ShaderFormatOpenGL (141)
[2018.03.20-04.54.51:692][ 91]LogModuleManager: Shutting down and abandoning module ShaderFormatD3D (139)
[2018.03.20-04.54.51:693][ 91]LogModuleManager: Shutting down and abandoning module MetalShaderFormat (137)
[2018.03.20-04.54.51:694][ 91]LogModuleManager: Shutting down and abandoning module TextureFormatUncompressed (135)
[2018.03.20-04.54.51:694][ 91]LogModuleManager: Shutting down and abandoning module TextureFormatPVR (133)
[2018.03.20-04.54.51:694][ 91]LogModuleManager: Shutting down and abandoning module TextureFormatDXT (131)
[2018.03.20-04.54.51:694][ 91]LogModuleManager: Shutting down and abandoning module TextureFormatIntelISPCTexComp (129)
[2018.03.20-04.54.51:696][ 91]LogModuleManager: Shutting down and abandoning module TextureFormatASTC (127)
[2018.03.20-04.54.51:696][ 91]LogModuleManager: Shutting down and abandoning module ImageWrapper (126)
[2018.03.20-04.54.51:696][ 91]LogModuleManager: Shutting down and abandoning module TextureFormatAndroid (123)
[2018.03.20-04.54.51:696][ 91]LogModuleManager: Shutting down and abandoning module AudioFormatOpus (121)
[2018.03.20-04.54.51:696][ 91]LogModuleManager: Shutting down and abandoning module AudioFormatOgg (119)
[2018.03.20-04.54.51:697][ 91]LogModuleManager: Shutting down and abandoning module AudioFormatADPCM (117)
[2018.03.20-04.54.51:697][ 91]LogModuleManager: Shutting down and abandoning module LinuxTargetPlatform (115)
[2018.03.20-04.54.51:697][ 91]LogModuleManager: Shutting down and abandoning module LinuxServerTargetPlatform (113)
[2018.03.20-04.54.51:697][ 91]LogModuleManager: Shutting down and abandoning module LinuxNoEditorTargetPlatform (111)
[2018.03.20-04.54.51:698][ 91]LogModuleManager: Shutting down and abandoning module LinuxClientTargetPlatform (109)
[2018.03.20-04.54.51:698][ 91]LogModuleManager: Shutting down and abandoning module TVOSTargetPlatform (107)
[2018.03.20-04.54.51:698][ 91]LogModuleManager: Shutting down and abandoning module Messaging (105)
[2018.03.20-04.54.51:698][ 91]LogModuleManager: Shutting down and abandoning module IOSTargetPlatform (103)
[2018.03.20-04.54.51:698][ 91]LogModuleManager: Shutting down and abandoning module HTML5TargetPlatform (101)
[2018.03.20-04.54.51:698][ 91]LogModuleManager: Shutting down and abandoning module AndroidTargetPlatform (99)
[2018.03.20-04.54.51:698][ 91]LogModuleManager: Shutting down and abandoning module Android_PVRTCTargetPlatform (97)
[2018.03.20-04.54.51:698][ 91]LogModuleManager: Shutting down and abandoning module Android_MultiTargetPlatform (95)
[2018.03.20-04.54.51:698][ 91]LogModuleManager: Shutting down and abandoning module Android_ETC2TargetPlatform (93)
[2018.03.20-04.54.51:698][ 91]LogModuleManager: Shutting down and abandoning module Android_ETC1TargetPlatform (91)
[2018.03.20-04.54.51:698][ 91]LogModuleManager: Shutting down and abandoning module Android_DXTTargetPlatform (89)
[2018.03.20-04.54.51:698][ 91]LogModuleManager: Shutting down and abandoning module Android_ATCTargetPlatform (87)
[2018.03.20-04.54.51:698][ 91]LogModuleManager: Shutting down and abandoning module Android_ASTCTargetPlatform (85)
[2018.03.20-04.54.51:698][ 91]LogModuleManager: Shutting down and abandoning module WindowsTargetPlatform (83)
[2018.03.20-04.54.51:698][ 91]LogModuleManager: Shutting down and abandoning module WindowsServerTargetPlatform (81)
[2018.03.20-04.54.51:698][ 91]LogModuleManager: Shutting down and abandoning module WindowsNoEditorTargetPlatform (79)
[2018.03.20-04.54.51:699][ 91]LogModuleManager: Shutting down and abandoning module WindowsClientTargetPlatform (77)
[2018.03.20-04.54.51:699][ 91]LogModuleManager: Shutting down and abandoning module MacTargetPlatform (75)
[2018.03.20-04.54.51:700][ 91]LogModuleManager: Shutting down and abandoning module MacServerTargetPlatform (73)
[2018.03.20-04.54.51:700][ 91]LogModuleManager: Shutting down and abandoning module MacNoEditorTargetPlatform (71)
[2018.03.20-04.54.51:700][ 91]LogModuleManager: Shutting down and abandoning module MacClientTargetPlatform (69)
[2018.03.20-04.54.51:701][ 91]LogModuleManager: Shutting down and abandoning module AllDesktopTargetPlatform (67)
[2018.03.20-04.54.51:701][ 91]LogModuleManager: Shutting down and abandoning module InputCore (64)
[2018.03.20-04.54.51:701][ 91]LogModuleManager: Shutting down and abandoning module Settings (62)
[2018.03.20-04.54.51:701][ 91]LogModuleManager: Shutting down and abandoning module PhysXCooking (60)
[2018.03.20-04.54.51:701][ 91]LogModuleManager: Shutting down and abandoning module SteamVR (58)
[2018.03.20-04.54.51:701][ 91]LogModuleManager: Shutting down and abandoning module OculusHMD (56)
[2018.03.20-04.54.51:701][ 91]LogModuleManager: Shutting down and abandoning module ExampleDeviceProfileSelector (54)
[2018.03.20-04.54.51:701][ 91]LogModuleManager: Shutting down and abandoning module AppleARKit (52)
[2018.03.20-04.54.51:701][ 91]LogModuleManager: Shutting down and abandoning module AugmentedReality (51)
[2018.03.20-04.54.51:701][ 91]LogModuleManager: Shutting down and abandoning module OnlineBlueprintSupport (48)
[2018.03.20-04.54.51:701][ 91]LogModuleManager: Shutting down and abandoning module OnlineSubsystem (44)
[2018.03.20-04.54.51:703][ 91]LogModuleManager: Shutting down and abandoning module XMPP (43)
[2018.03.20-04.54.51:707][ 91]LogModuleManager: Shutting down and abandoning module HTTP (41)
[2018.03.20-04.54.51:707][ 91]LogHttp: Display: Http module shutting down, but needs to wait on 1 outstanding Http requests:
[2018.03.20-04.54.51:707][ 91]LogHttp: Display: 	verb=[POST] url=[https://datarouter.ol.epicgames.com/datarouter/api/v1/public/data?SessionID=%7B115352F3-4263-A43F-0EF4-C18309907743%7D&AppID=UEEditor.Rocket.Release&AppVersion=4.18.3-3832480%2B%2B%2BUE4%2BRelease-4.18&UserID=e145770943d02904f68a0ca4fa52eca5%7C8ac49062baae43c690b431ed046528f1%7C7532abaf-559c-4c1f-b377-4db2574a422a&AppEnvironment=datacollector-binary&UploadType=eteventstream] status=Processing
[2018.03.20-04.54.51:713][ 91]LogModuleManager: Shutting down and abandoning module SSL (40)
[2018.03.20-04.54.51:718][ 91]LogModuleManager: Shutting down and abandoning module AnimationModifiers (36)
[2018.03.20-04.54.51:719][ 91]LogModuleManager: Shutting down and abandoning module PropertyEditor (35)
[2018.03.20-04.54.51:721][ 91]LogModuleManager: Shutting down and abandoning module AudioEditor (32)
[2018.03.20-04.54.51:723][ 91]LogModuleManager: Shutting down and abandoning module TextureCompressor (30)
[2018.03.20-04.54.51:727][ 91]LogModuleManager: Shutting down and abandoning module ShaderCore (28)
[2018.03.20-04.54.51:728][ 91]LogModuleManager: Shutting down and abandoning module Landscape (26)
[2018.03.20-04.54.51:728][ 91]LogModuleManager: Shutting down and abandoning module SlateRHIRenderer (24)
[2018.03.20-04.54.51:746][ 91]LogModuleManager: Shutting down and abandoning module OpenGLDrv (22)
[2018.03.20-04.54.51:748][ 91]LogModuleManager: Shutting down and abandoning module D3D11RHI (20)
[2018.03.20-04.54.51:748][ 91]LogModuleManager: Shutting down and abandoning module AnimGraphRuntime (18)
[2018.03.20-04.54.51:748][ 91]LogModuleManager: Shutting down and abandoning module Renderer (16)
[2018.03.20-04.54.51:748][ 91]LogModuleManager: Shutting down and abandoning module Engine (14)
[2018.03.20-04.54.51:748][ 91]LogModuleManager: Shutting down and abandoning module CoreUObject (12)
[2018.03.20-04.54.51:748][ 91]LogModuleManager: Shutting down and abandoning module NetworkFile (10)
[2018.03.20-04.54.51:749][ 91]LogModuleManager: Shutting down and abandoning module CookedIterativeFile (8)
[2018.03.20-04.54.51:749][ 91]LogModuleManager: Shutting down and abandoning module StreamingFile (6)
[2018.03.20-04.54.51:750][ 91]LogModuleManager: Shutting down and abandoning module SandboxFile (4)
[2018.03.20-04.54.51:750][ 91]LogModuleManager: Shutting down and abandoning module PakFile (2)
[2018.03.20-04.54.51:755][ 91]LogExit: Exiting.
[2018.03.20-04.54.51:788][ 91]Log file closed, 03/20/18 13:54:51
