Log file open, 01/29/18 15:22:48
LogWindows: Failed to load 'aqProf.dll' (GetLastError=126)
LogWindows: File 'aqProf.dll' does not exist
LogWindows: Failed to load 'VSPerf140.dll' (GetLastError=126)
LogWindows: File 'VSPerf140.dll' does not exist
LogWindows: Failed to load 'VtuneApi.dll' (GetLastError=126)
LogWindows: File 'VtuneApi.dll' does not exist
LogWindows: Failed to load 'VtuneApi32e.dll' (GetLastError=126)
LogWindows: File 'VtuneApi32e.dll' does not exist
LogInit: Display: Running engine for game: URS
LogPlatformFile: Not using cached read wrapper
LogInit: Display: RandInit(-1877565313) SRandInit(-1877565313).
LogInit: Read version file with build ID '3709383'
LogInit: Overriding engine version to CL 3832480, compatible CL 3709383
LogInit: Registered custom module enumerator with build ID '3709383'
LogTaskGraph: Started task graph with 5 named threads and 14 total threads with 3 sets of task threads.
LogStats: Stats thread started at 0.188407
LogD3D11RHI: Aftermath initialized
LogModuleManager: Display: Found up-to-date module file ../../../Engine/Plugins/2D/Paper2D/Binaries/Win64/UE4Editor-Paper2D.dll (API version 3709383).
LogModuleManager: Display: Found up-to-date module file ../../../Engine/Plugins/2D/Paper2D/Binaries/Win64/UE4Editor-Paper2DEditor.dll (API version 3709383).
LogModuleManager: Display: Found up-to-date module file ../../../Engine/Plugins/2D/Paper2D/Binaries/Win64/UE4Editor-PaperSpriteSheetImporter.dll (API version 3709383).
LogModuleManager: Display: Found up-to-date module file ../../../Engine/Plugins/2D/Paper2D/Binaries/Win64/UE4Editor-PaperTiledImporter.dll (API version 3709383).
LogModuleManager: Display: Found up-to-date module file ../../../Engine/Plugins/2D/Paper2D/Binaries/Win64/UE4Editor-SmartSnapping.dll (API version 3709383).
LogModuleManager: Display: Found up-to-date module file ../../../Engine/Plugins/Blendables/LightPropagationVolume/Binaries/Win64/UE4Editor-LightPropagationVolumeRuntime.dll (API version 3709383).
LogModuleManager: Display: Found up-to-date module file ../../../Engine/Plugins/Blendables/LightPropagationVolume/Binaries/Win64/UE4Editor-LightPropagationVolumeEditor.dll (API version 3709383).
LogModuleManager: Display: Found up-to-date module file ../../../Engine/Plugins/Developer/GitSourceControl/Binaries/Win64/UE4Editor-GitSourceControl.dll (API version 3709383).
LogModuleManager: Display: Found up-to-date module file ../../../Engine/Plugins/Developer/PerforceSourceControl/Binaries/Win64/UE4Editor-PerforceSourceControl.dll (API version 3709383).
LogModuleManager: Display: Found up-to-date module file ../../../Engine/Plugins/Developer/SubversionSourceControl/Binaries/Win64/UE4Editor-SubversionSourceControl.dll (API version 3709383).
LogModuleManager: Display: Found up-to-date module file ../../../Engine/Plugins/Developer/UObjectPlugin/Binaries/Win64/UE4Editor-UObjectPlugin.dll (API version 3709383).
LogModuleManager: Display: Found up-to-date module file ../../../Engine/Plugins/Developer/VisualStudioCodeSourceCodeAccess/Binaries/Win64/UE4Editor-VisualStudioCodeSourceCodeAccess.dll (API version 3709383).
LogModuleManager: Display: Found up-to-date module file ../../../Engine/Plugins/Developer/VisualStudioSourceCodeAccess/Binaries/Win64/UE4Editor-VisualStudioSourceCodeAccess.dll (API version 3709383).
LogModuleManager: Display: Found up-to-date module file ../../../Engine/Plugins/Editor/AssetManagerEditor/Binaries/Win64/UE4Editor-AssetManagerEditor.dll (API version 3709383).
LogModuleManager: Display: Found up-to-date module file ../../../Engine/Plugins/Editor/AudioCapture/Binaries/Win64/UE4Editor-AudioCapture.dll (API version 3709383).
LogModuleManager: Display: Found up-to-date module file ../../../Engine/Plugins/Editor/FacialAnimation/Binaries/Win64/UE4Editor-FacialAnimation.dll (API version 3709383).
LogModuleManager: Display: Found up-to-date module file ../../../Engine/Plugins/Editor/FacialAnimation/Binaries/Win64/UE4Editor-FacialAnimationEditor.dll (API version 3709383).
LogModuleManager: Display: Found up-to-date module file ../../../Engine/Plugins/Editor/GameplayTagsEditor/Binaries/Win64/UE4Editor-GameplayTagsEditor.dll (API version 3709383).
LogModuleManager: Display: Found up-to-date module file ../../../Engine/Plugins/Editor/MobileLauncherProfileWizard/Binaries/Win64/UE4Editor-MobileLauncherProfileWizard.dll (API version 3709383).
LogModuleManager: Display: Found up-to-date module file ../../../Engine/Plugins/Editor/PluginBrowser/Binaries/Win64/UE4Editor-PluginBrowser.dll (API version 3709383).
LogModuleManager: Display: Found up-to-date module file ../../../Engine/Plugins/Editor/SpeedTreeImporter/Binaries/Win64/UE4Editor-SpeedTreeImporter.dll (API version 3709383).
LogModuleManager: Display: Found up-to-date module file ../../../Engine/Plugins/Experimental/AlembicImporter/Binaries/Win64/UE4Editor-AlembicImporter.dll (API version 3709383).
LogModuleManager: Display: Found up-to-date module file ../../../Engine/Plugins/Experimental/AlembicImporter/Binaries/Win64/UE4Editor-AlembicLibrary.dll (API version 3709383).
LogModuleManager: Display: Found up-to-date module file ../../../Engine/Plugins/Experimental/CharacterAI/Binaries/Win64/UE4Editor-CharacterAI.dll (API version 3709383).
LogModuleManager: Display: Found up-to-date module file ../../../Engine/Plugins/Experimental/HTML5Networking/Binaries/Win64/UE4Editor-HTML5Networking.dll (API version 3709383).
LogModuleManager: Display: Found up-to-date module file ../../../Engine/Plugins/Media/AndroidMedia/Binaries/Win64/UE4Editor-AndroidMediaEditor.dll (API version 3709383).
LogModuleManager: Display: Found up-to-date module file ../../../Engine/Plugins/Media/AndroidMedia/Binaries/Win64/UE4Editor-AndroidMediaFactory.dll (API version 3709383).
LogModuleManager: Display: Found up-to-date module file ../../../Engine/Plugins/Media/AvfMedia/Binaries/Win64/UE4Editor-AvfMediaEditor.dll (API version 3709383).
LogModuleManager: Display: Found up-to-date module file ../../../Engine/Plugins/Media/AvfMedia/Binaries/Win64/UE4Editor-AvfMediaFactory.dll (API version 3709383).
LogModuleManager: Display: Found up-to-date module file ../../../Engine/Plugins/Media/AvfMedia/Binaries/Win64/UE4Editor-AvfMediaFactory.dll (API version 3709383).
LogModuleManager: Display: Found up-to-date module file ../../../Engine/Plugins/Media/ImgMedia/Binaries/Win64/UE4Editor-ImgMedia.dll (API version 3709383).
LogModuleManager: Display: Found up-to-date module file ../../../Engine/Plugins/Media/ImgMedia/Binaries/Win64/UE4Editor-ImgMediaEditor.dll (API version 3709383).
LogModuleManager: Display: Found up-to-date module file ../../../Engine/Plugins/Media/ImgMedia/Binaries/Win64/UE4Editor-ImgMediaFactory.dll (API version 3709383).
LogModuleManager: Display: Found up-to-date module file ../../../Engine/Plugins/Media/ImgMedia/Binaries/Win64/UE4Editor-ImgMediaFactory.dll (API version 3709383).
LogModuleManager: Display: Found up-to-date module file ../../../Engine/Plugins/Media/ImgMedia/Binaries/Win64/UE4Editor-OpenExrWrapper.dll (API version 3709383).
LogModuleManager: Display: Found up-to-date module file ../../../Engine/Plugins/Media/MediaCompositing/Binaries/Win64/UE4Editor-MediaCompositing.dll (API version 3709383).
LogModuleManager: Display: Found up-to-date module file ../../../Engine/Plugins/Media/MediaCompositing/Binaries/Win64/UE4Editor-MediaCompositingEditor.dll (API version 3709383).
LogModuleManager: Display: Found up-to-date module file ../../../Engine/Plugins/Media/MediaPlayerEditor/Binaries/Win64/UE4Editor-MediaPlayerEditor.dll (API version 3709383).
LogModuleManager: Display: Found up-to-date module file ../../../Engine/Plugins/Media/WmfMedia/Binaries/Win64/UE4Editor-WmfMedia.dll (API version 3709383).
LogModuleManager: Display: Found up-to-date module file ../../../Engine/Plugins/Media/WmfMedia/Binaries/Win64/UE4Editor-WmfMediaEditor.dll (API version 3709383).
LogModuleManager: Display: Found up-to-date module file ../../../Engine/Plugins/Media/WmfMedia/Binaries/Win64/UE4Editor-WmfMediaFactory.dll (API version 3709383).
LogModuleManager: Display: Found up-to-date module file ../../../Engine/Plugins/Media/WmfMedia/Binaries/Win64/UE4Editor-WmfMediaFactory.dll (API version 3709383).
LogModuleManager: Display: Found up-to-date module file ../../../Engine/Plugins/Messaging/TcpMessaging/Binaries/Win64/UE4Editor-TcpMessaging.dll (API version 3709383).
LogModuleManager: Display: Found up-to-date module file ../../../Engine/Plugins/Messaging/UdpMessaging/Binaries/Win64/UE4Editor-UdpMessaging.dll (API version 3709383).
LogModuleManager: Display: Found up-to-date module file ../../../Engine/Plugins/MovieScene/ActorSequence/Binaries/Win64/UE4Editor-ActorSequence.dll (API version 3709383).
LogModuleManager: Display: Found up-to-date module file ../../../Engine/Plugins/MovieScene/LevelSequenceEditor/Binaries/Win64/UE4Editor-LevelSequenceEditor.dll (API version 3709383).
LogModuleManager: Display: Found up-to-date module file ../../../Engine/Plugins/MovieScene/MatineeToLevelSequence/Binaries/Win64/UE4Editor-MatineeToLevelSequence.dll (API version 3709383).
LogModuleManager: Display: Found up-to-date module file ../../../Engine/Plugins/Online/OnlineSubsystem/Binaries/Win64/UE4Editor-OnlineSubsystem.dll (API version 3709383).
LogModuleManager: Display: Found up-to-date module file ../../../Engine/Plugins/Runtime/AndroidPermission/Binaries/Win64/UE4Editor-AndroidPermission.dll (API version 3709383).
LogModuleManager: Display: Found up-to-date module file ../../../Engine/Plugins/Online/OnlineSubsystemNull/Binaries/Win64/UE4Editor-OnlineSubsystemNull.dll (API version 3709383).
LogModuleManager: Display: Found up-to-date module file ../../../Engine/Plugins/Online/OnlineSubsystemUtils/Binaries/Win64/UE4Editor-OnlineSubsystemUtils.dll (API version 3709383).
LogModuleManager: Display: Found up-to-date module file ../../../Engine/Plugins/Online/OnlineSubsystemUtils/Binaries/Win64/UE4Editor-OnlineBlueprintSupport.dll (API version 3709383).
LogModuleManager: Display: Found up-to-date module file ../../../Engine/Plugins/Runtime/AndroidDeviceProfileSelector/Binaries/Win64/UE4Editor-AndroidDeviceProfileSelector.dll (API version 3709383).
LogModuleManager: Display: Found up-to-date module file ../../../Engine/Plugins/Runtime/AppleARKit/Binaries/Win64/UE4Editor-AppleARKit.dll (API version 3709383).
LogModuleManager: Display: Found up-to-date module file ../../../Engine/Plugins/Runtime/ArchVisCharacter/Binaries/Win64/UE4Editor-ArchVisCharacter.dll (API version 3709383).
LogModuleManager: Display: Found up-to-date module file ../../../Engine/Plugins/Runtime/CableComponent/Binaries/Win64/UE4Editor-CableComponent.dll (API version 3709383).
LogModuleManager: Display: Found up-to-date module file ../../../Engine/Plugins/Runtime/CustomMeshComponent/Binaries/Win64/UE4Editor-CustomMeshComponent.dll (API version 3709383).
LogModuleManager: Display: Found up-to-date module file ../../../Engine/Plugins/Runtime/ExampleDeviceProfileSelector/Binaries/Win64/UE4Editor-ExampleDeviceProfileSelector.dll (API version 3709383).
LogModuleManager: Display: Found up-to-date module file ../../../Engine/Plugins/Runtime/ImmediatePhysics/Binaries/Win64/UE4Editor-ImmediatePhysics.dll (API version 3709383).
LogModuleManager: Display: Found up-to-date module file ../../../Engine/Plugins/Runtime/ImmediatePhysics/Binaries/Win64/UE4Editor-ImmediatePhysicsEditor.dll (API version 3709383).
LogModuleManager: Display: Found up-to-date module file ../../../Engine/Plugins/Runtime/LocationServicesBPLibrary/Binaries/Win64/UE4Editor-LocationServicesBPLibrary.dll (API version 3709383).
LogModuleManager: Display: Found up-to-date module file ../../../Engine/Plugins/Runtime/MobilePatchingUtils/Binaries/Win64/UE4Editor-MobilePatchingUtils.dll (API version 3709383).
LogModuleManager: Display: Found up-to-date module file ../../../Engine/Plugins/Runtime/Oculus/OculusVR/Binaries/Win64/UE4Editor-OculusHMD.dll (API version 3709383).
LogModuleManager: Display: Found up-to-date module file ../../../Engine/Plugins/Runtime/Oculus/OculusVR/Binaries/Win64/UE4Editor-OculusInput.dll (API version 3709383).
LogModuleManager: Display: Found up-to-date module file ../../../Engine/Plugins/Runtime/Oculus/OculusVR/Binaries/Win64/UE4Editor-OculusEditor.dll (API version 3709383).
LogModuleManager: Display: Found up-to-date module file ../../../Engine/Plugins/Runtime/PhysXVehicles/Binaries/Win64/UE4Editor-PhysXVehicles.dll (API version 3709383).
LogModuleManager: Display: Found up-to-date module file ../../../Engine/Plugins/Runtime/PhysXVehicles/Binaries/Win64/UE4Editor-PhysXVehiclesEditor.dll (API version 3709383).
LogModuleManager: Display: Found up-to-date module file ../../../Engine/Plugins/Runtime/ProceduralMeshComponent/Binaries/Win64/UE4Editor-ProceduralMeshComponent.dll (API version 3709383).
LogModuleManager: Display: Found up-to-date module file ../../../Engine/Plugins/Runtime/ProceduralMeshComponent/Binaries/Win64/UE4Editor-ProceduralMeshComponentEditor.dll (API version 3709383).
LogModuleManager: Display: Found up-to-date module file ../../../Engine/Plugins/Runtime/RuntimePhysXCooking/Binaries/Win64/UE4Editor-RuntimePhysXCooking.dll (API version 3709383).
LogModuleManager: Display: Found up-to-date module file ../../../Engine/Plugins/Runtime/Steam/SteamVR/Binaries/Win64/UE4Editor-SteamVR.dll (API version 3709383).
LogModuleManager: Display: Found up-to-date module file ../../../Engine/Plugins/Runtime/Steam/SteamVR/Binaries/Win64/UE4Editor-SteamVRController.dll (API version 3709383).
LogModuleManager: Display: Found up-to-date module file ../../../Engine/Plugins/Runtime/WindowsMoviePlayer/Binaries/Win64/UE4Editor-WindowsMoviePlayer.dll (API version 3709383).
LogPluginManager: Mounting plugin Paper2D
LogPluginManager: Mounting plugin LightPropagationVolume
LogPluginManager: Mounting plugin CodeLiteSourceCodeAccess
LogPluginManager: Mounting plugin GitSourceControl
LogPluginManager: Mounting plugin KDevelopSourceCodeAccess
LogPluginManager: Mounting plugin NullSourceCodeAccess
LogPluginManager: Mounting plugin PerforceSourceControl
LogPluginManager: Mounting plugin SubversionSourceControl
LogPluginManager: Mounting plugin UObjectPlugin
LogPluginManager: Mounting plugin VisualStudioCodeSourceCodeAccess
LogPluginManager: Mounting plugin VisualStudioSourceCodeAccess
LogPluginManager: Mounting plugin XCodeSourceCodeAccess
LogPluginManager: Mounting plugin AssetManagerEditor
LogPluginManager: Mounting plugin AudioCapture
LogPluginManager: Mounting plugin FacialAnimation
LogPluginManager: Mounting plugin GameplayTagsEditor
LogPluginManager: Mounting plugin MobileLauncherProfileWizard
LogPluginManager: Mounting plugin PluginBrowser
LogPluginManager: Mounting plugin SpeedTreeImporter
LogPluginManager: Mounting plugin AlembicImporter
LogPluginManager: Mounting plugin CharacterAI
LogPluginManager: Mounting plugin HTML5Networking
LogPluginManager: Mounting plugin AndroidMedia
LogPluginManager: Mounting plugin AvfMedia
LogPluginManager: Mounting plugin ImgMedia
LogPluginManager: Mounting plugin MediaCompositing
LogPluginManager: Mounting plugin MediaPlayerEditor
LogPluginManager: Mounting plugin WmfMedia
LogPluginManager: Mounting plugin TcpMessaging
LogPluginManager: Mounting plugin UdpMessaging
LogPluginManager: Mounting plugin ActorSequence
LogPluginManager: Mounting plugin LevelSequenceEditor
LogPluginManager: Mounting plugin MatineeToLevelSequence
LogPluginManager: Mounting plugin OnlineSubsystemGooglePlay
LogPluginManager: Mounting plugin OnlineSubsystemIOS
LogPluginManager: Mounting plugin OnlineSubsystem
LogPluginManager: Mounting plugin OnlineSubsystemNull
LogPluginManager: Mounting plugin OnlineSubsystemUtils
LogPluginManager: Mounting plugin AndroidDeviceProfileSelector
LogPluginManager: Mounting plugin AndroidMoviePlayer
LogPluginManager: Mounting plugin AndroidPermission
LogPluginManager: Mounting plugin AppleARKit
LogPluginManager: Mounting plugin AppleMoviePlayer
LogPluginManager: Mounting plugin ArchVisCharacter
LogPluginManager: Mounting plugin CableComponent
LogPluginManager: Mounting plugin CustomMeshComponent
LogPluginManager: Mounting plugin ExampleDeviceProfileSelector
LogPluginManager: Mounting plugin GoogleCloudMessaging
LogPluginManager: Mounting plugin ImmediatePhysics
LogPluginManager: Mounting plugin IOSDeviceProfileSelector
LogPluginManager: Mounting plugin LinuxDeviceProfileSelector
LogPluginManager: Mounting plugin LocationServicesBPLibrary
LogPluginManager: Mounting plugin MobilePatchingUtils
LogPluginManager: Mounting plugin OculusVR
LogPluginManager: Plugin shader directory ../../../Engine/Plugins/Runtime/Oculus/OculusVR/Shaders found
LogPluginManager: Mapping shader source directory ../../../Engine/Plugins/Runtime/Oculus/OculusVR/Shaders to virtual directory /Plugin/OculusVR
LogPluginManager: Mounting plugin PhysXVehicles
LogPluginManager: Mounting plugin ProceduralMeshComponent
LogPluginManager: Mounting plugin RuntimePhysXCooking
LogPluginManager: Mounting plugin SteamVR
LogPluginManager: Mounting plugin WindowsMoviePlayer
LogInit: Using libcurl 7.47.1
LogInit:  - built for x86_64-pc-win32
LogInit:  - supports SSL with OpenSSL/1.0.2g
LogInit:  - supports HTTP deflate (compression) using libz 1.2.8
LogInit:  - other features:
LogInit:      CURL_VERSION_SSL
LogInit:      CURL_VERSION_LIBZ
LogInit:      CURL_VERSION_IPV6
LogInit:      CURL_VERSION_ASYNCHDNS
LogInit:      CURL_VERSION_LARGEFILE
LogInit:      CURL_VERSION_IDN
LogInit:  CurlRequestOptions (configurable via config and command line):
LogInit:  - bVerifyPeer = false  - Libcurl will NOT verify peer certificate
LogInit:  - bUseHttpProxy = false  - Libcurl will NOT use HTTP proxy
LogInit:  - bDontReuseConnections = false  - Libcurl will reuse connections
LogInit:  - CertBundlePath = nullptr  - Libcurl will use whatever was configured at build time.
LogInit: Build: ++UE4+Release-4.18-CL-3832480
LogInit: Engine Version: 4.18.3-3832480+++UE4+Release-4.18
LogInit: Compatible Engine Version: 4.18.0-3709383+++UE4+Release-4.18
LogInit: Net CL: 3709383
LogDevObjectVersion: Number of dev versions registered: 16
LogDevObjectVersion:   Dev-Blueprints (B0D832E4-1F89-4F0D-ACCF-7EB736FD4AA2): 10
LogDevObjectVersion:   Dev-Build (E1C64328-A22C-4D53-A36C-8E866417BD8C): 0
LogDevObjectVersion:   Dev-Core (375EC13C-06E4-48FB-B500-84F0262A717E): 2
LogDevObjectVersion:   Dev-Editor (E4B068ED-F494-42E9-A231-DA0B2E46BB41): 20
LogDevObjectVersion:   Dev-Framework (CFFC743F-43B0-4480-9391-14DF171D2073): 30
LogDevObjectVersion:   Dev-Mobile (B02B49B5-BB20-44E9-A304-32B752E40360): 0
LogDevObjectVersion:   Dev-Networking (A4E4105C-59A1-49B5-A7C5-40C4547EDFEE): 0
LogDevObjectVersion:   Dev-Online (39C831C9-5AE6-47DC-9A44-9C173E1C8E7C): 0
LogDevObjectVersion:   Dev-Physics (78F01B33-EBEA-4F98-B9B4-84EACCB95AA2): 0
LogDevObjectVersion:   Dev-Platform (6631380F-2D4D-43E0-8009-CF276956A95A): 0
LogDevObjectVersion:   Dev-Rendering (12F88B9F-8875-4AFC-A67C-D90C383ABD29): 20
LogDevObjectVersion:   Dev-Sequencer (7B5AE74C-D270-4C10-A958-57980B212A5A): 4
LogDevObjectVersion:   Dev-VR (D7296918-1DD6-4BDD-9DE2-64A83CC13884): 0
LogDevObjectVersion:   Dev-LoadTimes (C2A15278-BFE7-4AFE-6C17-90FF531DF755): 1
LogDevObjectVersion:   Private-Geometry (6EACA3D4-40EC-4CC1-B786-8BED09428FC5): 1
LogDevObjectVersion:   Dev-AnimPhys (29E575DD-E0A3-4627-9D10-D276232CDCEA): 12
LogInit: Compiled (64-bit): Jan 12 2018 02:04:55
LogInit: Compiled with Visual C++: 19.00.24215.01
LogInit: Build Configuration: Development
LogInit: Branch Name: ++UE4+Release-4.18
LogInit: Command line:  
LogInit: Base directory: C:/Program Files/Epic Games/UE_4.18/Engine/Binaries/Win64/
LogInit: Installed Engine Build: 1
LogInit: Presizing for max 8388607 objects, including 0 objects not considered by GC, pre-allocating 0 bytes for permanent pool.
LogInit: Object subsystem initialized
[2018.01.29-06.22.50:221][  0]LogInit: Selected Device Profile: [Windows]
[2018.01.29-06.22.50:221][  0]LogInit: Applying CVar settings loaded from the selected device profile: [Windows]
[2018.01.29-06.22.50:235][  0]LogInit: Computer: DESKTOP-PDO9PMJ
[2018.01.29-06.22.50:235][  0]LogInit: User: 양형
[2018.01.29-06.22.50:235][  0]LogInit: CPU Page size=4096, Cores=4
[2018.01.29-06.22.50:235][  0]LogInit: High frequency timer resolution =2.437502 MHz
[2018.01.29-06.22.50:235][  0]LogMemory: Memory total: Physical=7.9GB (8GB approx)
[2018.01.29-06.22.50:235][  0]LogMemory: Platform Memory Stats for Windows
[2018.01.29-06.22.50:235][  0]LogMemory: Process Physical Memory: 272.67 MB used, 272.67 MB peak
[2018.01.29-06.22.50:235][  0]LogMemory: Process Virtual Memory: 263.57 MB used, 263.57 MB peak
[2018.01.29-06.22.50:235][  0]LogMemory: Physical Memory: 4021.18 MB used,  4037.28 MB free, 8058.46 MB total
[2018.01.29-06.22.50:235][  0]LogMemory: Virtual Memory: 670.24 MB used,  4037.28 MB free, 134217728.00 MB total
[2018.01.29-06.22.50:553][  0]LogInit: Using OS detected language (ko-KR).
[2018.01.29-06.22.50:553][  0]LogInit: Using OS detected locale (ko-KR).
[2018.01.29-06.22.50:558][  0]LogTextLocalizationManager: No specific localization for 'ko-KR' exists, so the 'ko' localization will be used.
[2018.01.29-06.22.50:752][  0]LogInit: Setting process to per monitor DPI aware
[2018.01.29-06.22.51:154][  0]LogD3D11RHI: D3D11 adapters:
[2018.01.29-06.22.51:246][  0]LogD3D11RHI:    0. 'NVIDIA GeForce GTX 1050 Ti' (Feature Level 11_0)
[2018.01.29-06.22.51:246][  0]LogD3D11RHI:       4029/0/4029 MB DedicatedVideo/DedicatedSystem/SharedSystem, Outputs:1, VendorId:0x10de
[2018.01.29-06.22.51:258][  0]LogD3D11RHI:    1. 'Intel(R) HD Graphics 630' (Feature Level 11_0)
[2018.01.29-06.22.51:258][  0]LogD3D11RHI:       128/0/4029 MB DedicatedVideo/DedicatedSystem/SharedSystem, Outputs:0, VendorId:0x8086
[2018.01.29-06.22.51:260][  0]LogD3D11RHI:    2. 'Microsoft Basic Render Driver' (Feature Level 11_0)
[2018.01.29-06.22.51:261][  0]LogD3D11RHI:       0/0/4029 MB DedicatedVideo/DedicatedSystem/SharedSystem, Outputs:0, VendorId:0x1414
[2018.01.29-06.22.51:261][  0]LogD3D11RHI: Chosen D3D11 Adapter: 0
[2018.01.29-06.22.51:270][  0]LogD3D11RHI: Creating new Direct3DDevice
[2018.01.29-06.22.51:270][  0]LogD3D11RHI:     GPU DeviceId: 0x1c8c (for the marketing name, search the web for "GPU Device Id")
[2018.01.29-06.22.51:270][  0]LogWindows: EnumDisplayDevices:
[2018.01.29-06.22.51:270][  0]LogWindows:    0. 'Intel(R) HD Graphics 630' (P:1 D:1)
[2018.01.29-06.22.51:271][  0]LogWindows:    1. 'Intel(R) HD Graphics 630' (P:0 D:0)
[2018.01.29-06.22.51:271][  0]LogWindows:    2. 'Intel(R) HD Graphics 630' (P:0 D:0)
[2018.01.29-06.22.51:272][  0]LogWindows:    3. 'NVIDIA GeForce GTX 1050 Ti' (P:0 D:0)
[2018.01.29-06.22.51:272][  0]LogWindows: DebugString: GetVideoDriverDetailsInvalid PrimaryIsNotTheChoosenAdapter GetVideoDriverDetailsInvalid PrimaryIsNotTheChoosenAdapter GetVideoDriverDetailsInvalid PrimaryIsNotTheChoosenAdapter GetVideoDriverDetailsInvalid PrimaryIsNotTheChoosenAdapter FoundDriverCount:0 
[2018.01.29-06.22.51:272][  0]LogD3D11RHI:     Adapter Name: NVIDIA GeForce GTX 1050 Ti
[2018.01.29-06.22.51:272][  0]LogD3D11RHI:   Driver Version: Unknown (internal:Unknown, unified:Unknown)
[2018.01.29-06.22.51:272][  0]LogD3D11RHI:      Driver Date: Unknown
[2018.01.29-06.22.51:272][  0]LogRHI: Texture pool is 2820 MB (70% of 4029 MB)
[2018.01.29-06.22.51:310][  0]LogD3D11RHI: Async texture creation enabled
[2018.01.29-06.22.51:321][  0]LogD3D11RHI: GPU Timing Frequency: 1000.000000 (Debug: 2 1)
[2018.01.29-06.22.51:323][  0]LogShaderCompilers: Guid format shader working directory is -13 characters bigger than the processId version (../../../../../../Users/양형/Documents/Unreal Projects/URS/Intermediate/Shaders/WorkingDirectory/4820/).
[2018.01.29-06.22.51:323][  0]LogShaderCompilers: Cleaned the shader compiler working directory 'C:/Users/양형/AppData/Local/Temp/UnrealShaderWorkingDir/9FF20DA24B7078197D6FB991E65B1375/'.
[2018.01.29-06.22.51:323][  0]LogShaderCompilers: Display: Using Local Shader Compiler.
[2018.01.29-06.22.52:470][  0]LogTemp: Display: Loaded TP AllDesktopTargetPlatform
[2018.01.29-06.22.52:576][  0]LogTemp: Display: Loaded TP MacClientTargetPlatform
[2018.01.29-06.22.52:683][  0]LogTemp: Display: Loaded TP MacNoEditorTargetPlatform
[2018.01.29-06.22.52:789][  0]LogTemp: Display: Loaded TP MacServerTargetPlatform
[2018.01.29-06.22.52:896][  0]LogTemp: Display: Loaded TP MacTargetPlatform
[2018.01.29-06.22.53:002][  0]LogTemp: Display: Loaded TP WindowsClientTargetPlatform
[2018.01.29-06.22.53:110][  0]LogTemp: Display: Loaded TP WindowsNoEditorTargetPlatform
[2018.01.29-06.22.53:214][  0]LogTemp: Display: Loaded TP WindowsServerTargetPlatform
[2018.01.29-06.22.53:314][  0]LogTemp: Display: Loaded TP WindowsTargetPlatform
[2018.01.29-06.22.53:419][  0]LogTemp: Display: Loaded TP Android_ASTCTargetPlatform
[2018.01.29-06.22.53:531][  0]LogTemp: Display: Loaded TP Android_ATCTargetPlatform
[2018.01.29-06.22.53:647][  0]LogTemp: Display: Loaded TP Android_DXTTargetPlatform
[2018.01.29-06.22.53:759][  0]LogTemp: Display: Loaded TP Android_ETC1TargetPlatform
[2018.01.29-06.22.53:867][  0]LogTemp: Display: Loaded TP Android_ETC2TargetPlatform
[2018.01.29-06.22.54:078][  0]LogTemp: Display: Loaded TP Android_MultiTargetPlatform
[2018.01.29-06.22.54:079][  0]LogTemp: Display: Loaded TP Android_PVRTCTargetPlatform
[2018.01.29-06.22.54:183][  0]LogTemp: Display: Loaded TP AndroidTargetPlatform
[2018.01.29-06.22.54:279][  0]LogTemp: Display: Loaded TP HTML5TargetPlatform
[2018.01.29-06.22.54:445][  0]LogTemp: Display: Loaded TP IOSTargetPlatform
[2018.01.29-06.22.54:493][  0]LogTemp: Display: Loaded TP TVOSTargetPlatform
[2018.01.29-06.22.54:597][  0]LogTemp: Display: Loaded TP LinuxClientTargetPlatform
[2018.01.29-06.22.54:703][  0]LogTemp: Display: Loaded TP LinuxNoEditorTargetPlatform
[2018.01.29-06.22.54:808][  0]LogTemp: Display: Loaded TP LinuxServerTargetPlatform
[2018.01.29-06.22.54:914][  0]LogTemp: Display: Loaded TP LinuxTargetPlatform
[2018.01.29-06.22.54:914][  0]LogTargetPlatformManager: Display: Building Assets For Windows
[2018.01.29-06.22.55:832][  0]LogDerivedDataCache: Display: Max Cache Size: 512 MB
[2018.01.29-06.22.55:920][  0]LogDerivedDataCache: Loaded boot cache 0.09s 78MB C:/Users/양형/AppData/Local/UnrealEngine/4.18/DerivedDataCache/Boot.ddc.
[2018.01.29-06.22.55:921][  0]LogDerivedDataCache: Display: Loaded Boot cache: C:/Users/양형/AppData/Local/UnrealEngine/4.18/DerivedDataCache/Boot.ddc
[2018.01.29-06.22.55:921][  0]LogDerivedDataCache: FDerivedDataBackendGraph:  Pak pak cache file ../../../../../../Users/양형/Documents/Unreal Projects/URS/DerivedDataCache/DDC.ddp not found, will not use a pak cache.
[2018.01.29-06.22.55:921][  0]LogDerivedDataCache: Unable to find inner node Pak for hierarchical cache Hierarchy.
[2018.01.29-06.22.55:921][  0]LogDerivedDataCache: FDerivedDataBackendGraph:  CompressedPak pak cache file ../../../../../../Users/양형/Documents/Unreal Projects/URS/DerivedDataCache/Compressed.ddp not found, will not use a pak cache.
[2018.01.29-06.22.55:922][  0]LogDerivedDataCache: Unable to find inner node CompressedPak for hierarchical cache Hierarchy.
[2018.01.29-06.22.55:939][  0]LogDerivedDataCache: Display: Pak cache opened for reading ../../../Engine/DerivedDataCache/Compressed.ddp.
[2018.01.29-06.22.55:952][  0]LogDerivedDataCache: Using Local data cache path C:/Users/양형/AppData/Local/UnrealEngine/Common/DerivedDataCache: Writable
[2018.01.29-06.22.55:963][  0]LogMaterial: Verifying Global Shaders for PCD3D_SM5
[2018.01.29-06.22.55:963][  0]LogSlate: Using Freetype 2.6.0
[2018.01.29-06.22.55:964][  0]LogSlate: SlateFontCache - WITH_FREETYPE: 1, WITH_HARFBUZZ: 1
[2018.01.29-06.22.55:964][  0]LogSlate: SlateFontCache - WITH_FREETYPE: 1, WITH_HARFBUZZ: 1
[2018.01.29-06.22.56:427][  0]LogInit: Selected Device Profile: [Windows]
[2018.01.29-06.22.57:031][  0]LogSimplygon: Simplygon DLL not present - disabling.
[2018.01.29-06.22.57:124][  0]LogMeshReduction: Using SimplygonSwarm for distributed automatic mesh merging
[2018.01.29-06.22.57:124][  0]LogMeshReduction: Using QuadricMeshReduction for automatic static mesh reduction
[2018.01.29-06.22.57:124][  0]LogMeshReduction: No automatic skeletal mesh reduction module available
[2018.01.29-06.22.57:124][  0]LogMeshReduction: No automatic mesh merging module available
[2018.01.29-06.22.57:124][  0]LogMeshMerging: No automatic mesh merging module available
[2018.01.29-06.22.57:160][  0]LogNetVersion: URS , NetCL: 3709383, EngineNetVer: 2, GameNetVer: 0 (Checksum: 1777970781)
[2018.01.29-06.22.57:395][  0]LogAssetRegistry: FAssetRegistry took 0.0267 seconds to start up
[2018.01.29-06.22.58:046][  0]LogPackageLocalizationCache: Processed 7 localized package path(s) for 2 prioritized culture(s) in 0.083442 seconds
[2018.01.29-06.22.58:051][  0]LogUObjectArray: 35870 objects as part of root set at end of initial load.
[2018.01.29-06.22.58:051][  0]LogUObjectAllocator: 7363696 out of 0 bytes used by permanent object pool.
[2018.01.29-06.22.58:051][  0]LogUObjectArray: CloseDisregardForGC: 0/0 objects in disregard for GC pool
[2018.01.29-06.22.58:151][  0]LogInit: WinSock: version 1.1 (2.2), MaxSocks=32767, MaxUdp=65467
[2018.01.29-06.23.02:914][  0]LogTcpMessaging: Initializing TcpMessaging bridge
[2018.01.29-06.23.02:980][  0]LogUdpMessaging: Initializing bridge on interface 0.0.0.0:0 to multicast group 230.0.0.1:6666.
[2018.01.29-06.23.04:342][  0]LogMaterial: Uniform references updated for custom material expression Custom.
[2018.01.29-06.23.05:198][  0]SourceControl: 소스 콘트롤이 꺼졌습니다.
[2018.01.29-06.23.05:198][  0]SourceControl: 소스 콘트롤이 꺼졌습니다.
[2018.01.29-06.23.05:316][  0]SourceControl: 소스 콘트롤이 꺼졌습니다.
[2018.01.29-06.23.05:431][  0]SourceControl: 소스 콘트롤이 꺼졌습니다.
[2018.01.29-06.23.07:147][  0]LogAndroidPermission: UAndroidPermissionCallbackProxy::GetInstance
[2018.01.29-06.23.07:729][  0]LogOcInput: OculusInput pre-init called
[2018.01.29-06.23.08:297][  0]LogEngine: Initializing Engine...
[2018.01.29-06.23.08:300][  0]LogHMD: Failed to initialize OpenVR with code 110
[2018.01.29-06.23.08:543][  0]LogStats: UGameplayTagsManager::ConstructGameplayTagTree: Construct from data asset -  0.000 s
[2018.01.29-06.23.08:543][  0]LogStats: UGameplayTagsManager::ConstructGameplayTagTree: GameplayTagTreeChangedEvent.Broadcast -  0.000 s
[2018.01.29-06.23.08:850][  0]LogAIModule: Creating AISystem for world Untitled
[2018.01.29-06.23.08:867][  0]LogInit: XAudio2 using '스피커 / 헤드폰(Realtek Audio)' : 2 channels at 48 kHz using 32 bits per sample (channel mask 0x3)
[2018.01.29-06.23.10:312][  0]LogInit: FAudioDevice initialized.
[2018.01.29-06.23.10:418][  0]LogDerivedDataCache: Saved boot cache 0.10s 78MB C:/Users/양형/AppData/Local/UnrealEngine/4.18/DerivedDataCache/Boot.ddc.
[2018.01.29-06.23.10:441][  0]LogInit: Texture streaming: Enabled
[2018.01.29-06.23.10:644][  0]LogEngineSessionManager: EngineSessionManager initialized
[2018.01.29-06.23.10:961][  0]LogInit: Transaction tracking system initialized
[2018.01.29-06.23.11:736][  0]BlueprintLog: New page: 에디터 로드
[2018.01.29-06.23.13:868][  0]LocalizationService: 현지화 서비스가 비활성화되었습니다.
[2018.01.29-06.23.15:088][  0]LogLinker: Warning: '/Game/ThirdPersonBP/ThirdPersonOverview' 파일을 찾을 수 없습니다.
[2018.01.29-06.23.15:089][  0]LogLinker: Warning: '/Game/ThirdPersonBP/ThirdPersonOverview' 파일을 찾을 수 없습니다.
[2018.01.29-06.23.15:089][  0]LogUObjectGlobals: Warning: 'Class /Game/ThirdPersonBP/ThirdPersonOverview.ThirdPersonOverview_C' 오브젝트를 찾는 데 실패했습니다.
[2018.01.29-06.23.15:623][  0]LogConsoleResponse: Display: 
[2018.01.29-06.23.15:838][  0]LogCook: Display: Max memory allowance for cook 16384mb min free memory 0mb
[2018.01.29-06.23.15:838][  0]LogCook: Display: Mobile HDR setting 1
[2018.01.29-06.23.15:838][  0]LogGameplayTags: Display: UGameplayTagsManager::DoneAddingNativeTags. DelegateIsBound: 0
[2018.01.29-06.23.16:722][  0]LogFileCache: Scanning file cache for directory 'C:/Users/양형/Documents/Unreal Projects/URS/Content/' took 0.02s
[2018.01.29-06.23.18:531][  0]SourceControl: 소스 콘트롤이 꺼졌습니다.
[2018.01.29-06.23.18:531][  0]Cmd: MAP LOAD FILE="../../../../../../Users/양형/Documents/Unreal Projects/URS/Content/FirstPersonBP/Maps/FirstPersonExampleMap.umap" TEMPLATE=0 SHOWPROGRESS=1 FEATURELEVEL=3
[2018.01.29-06.23.18:531][  0]LightingResults: New page: 라이팅 빌드
[2018.01.29-06.23.18:633][  0]MapCheck: New page: 맵 체크
[2018.01.29-06.23.18:633][  0]LightingResults: New page: 라이팅 빌드
[2018.01.29-06.23.18:810][  0]LogBlueprint: Warning: [Compiler Ue4ASP_Character] 입력 액션 이벤트가  Crouch 입력 액션  에 대한 미확인 'Crouch' 액션을 레퍼런싱합니다.
[2018.01.29-06.23.18:819][  0]LogBlueprint: Warning: [Compiler Ue4ASP_Character] [0032.28] Ue4ASP_Character 컴파일에 성공했습니다만, 경고가 1 회 있습니다. [소요시간 37 ms] (/Game/AnimStarterPack/Ue4ASP_Character.Ue4ASP_Character)
[2018.01.29-06.23.19:389][  0]LogAIModule: Creating AISystem for world FirstPersonExampleMap
[2018.01.29-06.23.19:405][  0]LogEditorServer: Finished looking for orphan Actors (0.000 secs)
[2018.01.29-06.23.19:423][  0]Cmd: MAP CHECKDEP NOCLEARLOG
[2018.01.29-06.23.19:533][  0]MapCheck: 맵 체크 완료: 오류 0 회, 경고 0 회, 소요 시간 109.043ms.
[2018.01.29-06.23.19:533][  0]LogFileHelpers: Loading map 'FirstPersonExampleMap' took 1.001
[2018.01.29-06.23.19:627][  0]LogWindowsTextInputMethodSystem: Display: IME system now activated using TSF (Microsoft 입력기).
[2018.01.29-06.23.19:743][  0]LogCollectionManager: Loaded 0 collections in 0.001187 seconds
[2018.01.29-06.23.19:893][  0]LogFileCache: Scanning file cache for directory 'C:/Users/양형/Documents/Unreal Projects/URS/Saved/Collections/' took 0.01s
[2018.01.29-06.23.19:893][  0]LogFileCache: Scanning file cache for directory 'C:/Users/양형/Documents/Unreal Projects/URS/Content/Developers/양형/Collections/' took 0.01s
[2018.01.29-06.23.19:893][  0]LogFileCache: Scanning file cache for directory 'C:/Users/양형/Documents/Unreal Projects/URS/Content/Collections/' took 0.01s
[2018.01.29-06.23.19:893][  0]LogCollectionManager: Rebuilt the GUID cache for 0 collections in 0.000000 seconds
[2018.01.29-06.23.19:902][  0]LogContentBrowser: Native class hierarchy populated in 0.0087 seconds. Added 2363 classes and 519 folders.
[2018.01.29-06.23.20:060][  0]LogContentBrowser: Native class hierarchy updated for 'WidgetCarousel' in 0.0003 seconds. Added 0 classes and 0 folders.
[2018.01.29-06.23.20:118][  0]LogContentBrowser: Native class hierarchy updated for 'AddContentDialog' in 0.0003 seconds. Added 0 classes and 0 folders.
[2018.01.29-06.23.20:221][  0]LogContentBrowser: Native class hierarchy updated for 'SceneOutliner' in 0.0003 seconds. Added 1 classes and 2 folders.
[2018.01.29-06.23.20:305][  0]LogSlate: Took 0.000679 seconds to synchronously load lazily loaded font '../../../Engine/Content/Slate/Fonts/Roboto-Regular.ttf' (155K)
[2018.01.29-06.23.20:310][  0]LogSlate: Took 0.003381 seconds to synchronously load lazily loaded font '../../../Engine/Content/Slate/Fonts/NanumGothic.ttf' (4243K)
[2018.01.29-06.23.20:311][  0]LogSlate: Took 0.000313 seconds to synchronously load lazily loaded font '../../../Engine/Content/Slate/Fonts/Roboto-Bold.ttf' (160K)
[2018.01.29-06.23.20:315][  0]LogSlate: Took 0.000277 seconds to synchronously load lazily loaded font '../../../Engine/Content/Editor/Slate/Fonts/FontAwesome.ttf' (139K)
[2018.01.29-06.23.20:424][  0]LogRenderer: Reallocating scene render targets to support 888x380 Format 10 NumSamples 1 (Frame:1).
[2018.01.29-06.23.20:762][  0]LogContentBrowser: Native class hierarchy updated for 'HierarchicalLODOutliner' in 0.0003 seconds. Added 1 classes and 2 folders.
[2018.01.29-06.23.20:762][  0]LogLoad: (Engine Initialization) Total time: 34.23 seconds
[2018.01.29-06.23.20:762][  0]LogLoad: (Engine Initialization) Total Blueprint compile time: 0.00 seconds
[2018.01.29-06.23.20:762][  0]LogExternalProfiler: No external profilers were discovered.  External profiling features will not be available.
[2018.01.29-06.23.20:804][  0]LogContentStreaming: Texture pool size now 1000 MB
[2018.01.29-06.23.20:867][  0]LogSlate: Took 0.000268 seconds to synchronously load lazily loaded font '../../../Engine/Content/Slate/Fonts/Roboto-Light.ttf' (159K)
[2018.01.29-06.23.20:886][  1]LogAssetRegistry: Asset discovery search completed in 23.5135 seconds
[2018.01.29-06.23.20:888][  1]LogCollectionManager: Rebuilt the object cache for 0 collections in 0.000001 seconds (found 0 objects)
[2018.01.29-06.23.20:888][  1]LogCollectionManager: Fixed up redirectors for 0 collections in 0.000044 seconds (updated 0 objects)
[2018.01.29-06.23.47:710][592]Cmd: MAP LOAD FILE="../../../../../../Users/양형/Documents/Unreal Projects/URS/Content/URS.umap" TEMPLATE=0 SHOWPROGRESS=1 FEATURELEVEL=3
[2018.01.29-06.23.47:716][592]LogSlate: Took 0.000222 seconds to synchronously load lazily loaded font '../../../Engine/Content/Slate/Fonts/Roboto-Light.ttf' (159K)
[2018.01.29-06.23.47:730][592]LightingResults: New page: 라이팅 빌드
[2018.01.29-06.23.47:731][592]LoadErrors: New page: 맵 로드중: URS.umap
[2018.01.29-06.23.47:734][592]MapCheck: New page: 맵 체크
[2018.01.29-06.23.47:734][592]LightingResults: New page: 라이팅 빌드
[2018.01.29-06.23.47:864][592]LogAIModule: Creating AISystem for world URS
[2018.01.29-06.23.47:897][592]LogStreaming: Display: ULevelStreaming::RequestLevel(/Game/House) is flushing async loading
[2018.01.29-06.23.48:015][592]LogEditorServer: Finished looking for orphan Actors (0.000 secs)
[2018.01.29-06.23.48:087][592]Cmd: MAP CHECKDEP NOCLEARLOG
[2018.01.29-06.23.48:199][592]MapCheck: 맵 체크 완료: 오류 0 회, 경고 0 회, 소요 시간 111.508ms.
[2018.01.29-06.23.48:199][592]LogFileHelpers: Loading map 'URS' took 0.490
[2018.01.29-06.24.11:432][973]LogEditorViewport: Clicking on Actor (LMB): Landscape (Landscape8)
[2018.01.29-06.24.20:646][514]LogEditorViewport: Clicking on Actor (LMB): Landscape (Landscape8)
[2018.01.29-06.24.28:085][947]LogEditorViewport: Clicking on Actor (context menu): Brush (Box 브러시28)
[2018.01.29-06.24.30:679][ 97]LogEditorViewport: Clicking on Actor (LMB): Landscape (Landscape8)
[2018.01.29-06.24.32:657][209]Cmd: TRANSACTION UNDO
[2018.01.29-06.24.32:657][209]LogEditorTransaction: Undo 액터 이동
[2018.01.29-06.24.32:662][209]LogActorComponent: ~FComponentReregisterContext: (/Game/House.House:PersistentLevel.Box브러시24.BrushComponent0) Component already registered.
[2018.01.29-06.24.32:663][209]LogActorComponent: ~FComponentReregisterContext: (/Game/House.House:PersistentLevel.Box브러시36.BrushComponent0) Component already registered.
[2018.01.29-06.24.32:708][209]LogSlate: Took 0.000311 seconds to synchronously load lazily loaded font '../../../Engine/Content/Slate/Fonts/Roboto-Light.ttf' (159K)
[2018.01.29-06.24.33:230][240]LogEditorViewport: Clicking on Actor (LMB): Landscape (Landscape8)
[2018.01.29-06.25.16:883][838]LogEditorViewport: Clicking on Actor (LMB): Landscape (Landscape8)
[2018.01.29-06.26.15:119][300]LogEditorViewport: Clicking on Actor (context menu): Landscape (Landscape8)
[2018.01.29-06.26.22:092][708]LogEditorViewport: Clicking on Actor (LMB): BP_Sky_Sphere_C (Sky Sphere)
[2018.01.29-06.26.43:432][973]LogTemp: Repeating last play command: 선택된 뷰포트
[2018.01.29-06.26.43:489][973]LogBlueprintUserMessages: Early PlayInEditor Detection: Level '/Game/URS.URS:PersistentLevel' has LevelScriptBlueprint '/Game/URS.URS:PersistentLevel.URS' with GeneratedClass '/Game/URS.URS_C' with ClassGeneratedBy '/Game/URS.URS:PersistentLevel.URS'
[2018.01.29-06.26.43:490][973]LogBlueprintUserMessages: Early PlayInEditor Detection: Level '/Game/House.House:PersistentLevel' has LevelScriptBlueprint '/Game/House.House:PersistentLevel.House' with GeneratedClass '/Game/House.House_C' with ClassGeneratedBy '/Game/House.House:PersistentLevel.House'
[2018.01.29-06.26.43:490][973]LogPlayLevel: PlayLevel: No blueprints needed recompiling
[2018.01.29-06.26.43:490][973]PIE: New page: PIE 세션: URS (2018. 1. 30. 오전 12:26:43)
[2018.01.29-06.26.43:490][973]LogPlayLevel: Creating play world package: /Game/UEDPIE_0_URS
[2018.01.29-06.26.43:511][973]LogPlayLevel: PIE: StaticDuplicateObject took: (0.020819s)
[2018.01.29-06.26.43:512][973]LogAIModule: Creating AISystem for world URS
[2018.01.29-06.26.43:512][973]LogPlayLevel: PIE: World Init took: (0.001140s)
[2018.01.29-06.26.43:512][973]LogPlayLevel: PIE: Created PIE world by copying editor world from /Game/URS.URS to /Game/UEDPIE_0_URS.URS (0.022275s)
[2018.01.29-06.26.43:534][973]LogInit: XAudio2 using '스피커 / 헤드폰(Realtek Audio)' : 2 channels at 48 kHz using 32 bits per sample (channel mask 0x3)
[2018.01.29-06.26.43:641][973]LogInit: FAudioDevice initialized.
[2018.01.29-06.26.43:686][973]LogLoad: Game class is 'FirstPersonGameMode_C'
[2018.01.29-06.26.43:713][973]LogWorld: Bringing World /Game/UEDPIE_0_URS.URS up for play (max tick rate 60) at 2018.01.29-15.26.43
[2018.01.29-06.26.43:714][973]LogWorld: Bringing up level for play took: 0.001646
[2018.01.29-06.26.43:817][973]LogContentBrowser: Native class hierarchy updated for 'MovieSceneCapture' in 0.0003 seconds. Added 11 classes and 0 folders.
[2018.01.29-06.26.43:821][973]PIE: /Game/UEDPIE_0_URS 에 대한 에디터에서 플레이 시작 시간: -0.2
[2018.01.29-06.26.43:821][973]LogBlueprintUserMessages: Late PlayInEditor Detection: Level '/Game/URS.URS:PersistentLevel' has LevelScriptBlueprint '/Game/URS.URS:PersistentLevel.URS' with GeneratedClass '/Game/URS.URS_C' with ClassGeneratedBy '/Game/URS.URS:PersistentLevel.URS'
[2018.01.29-06.26.43:821][973]LogBlueprintUserMessages: Late PlayInEditor Detection: Level '/Game/House.House:PersistentLevel' has LevelScriptBlueprint '/Game/House.House:PersistentLevel.House' with GeneratedClass '/Game/House.House_C' with ClassGeneratedBy '/Game/House.House:PersistentLevel.House'
[2018.01.29-06.26.43:863][974]LogCharacterMovement: Warning: GetSimulationTimeStep() - Max iterations 8 hit while remaining time 0.055061 > MaxSimulationTimeStep (0.050) for 'FirstPersonCharacter_C_0', movement 'Walking'
[2018.01.29-06.26.57:003][762]LogBlueprintUserMessages: Early EndPlayMap Detection: Level '/Game/URS.URS:PersistentLevel' has LevelScriptBlueprint '/Game/URS.URS:PersistentLevel.URS' with GeneratedClass '/Game/URS.URS_C' with ClassGeneratedBy '/Game/URS.URS:PersistentLevel.URS'
[2018.01.29-06.26.57:003][762]LogBlueprintUserMessages: Early EndPlayMap Detection: Level '/Game/House.House:PersistentLevel' has LevelScriptBlueprint '/Game/House.House:PersistentLevel.House' with GeneratedClass '/Game/House.House_C' with ClassGeneratedBy '/Game/House.House:PersistentLevel.House'
[2018.01.29-06.26.57:037][762]LogBlueprintUserMessages: Late EndPlayMap Detection: Level '/Game/URS.URS:PersistentLevel' has LevelScriptBlueprint '/Game/URS.URS:PersistentLevel.URS' with GeneratedClass '/Game/URS.URS_C' with ClassGeneratedBy '/Game/URS.URS:PersistentLevel.URS'
[2018.01.29-06.26.57:037][762]LogBlueprintUserMessages: Late EndPlayMap Detection: Level '/Game/House.House:PersistentLevel' has LevelScriptBlueprint '/Game/House.House:PersistentLevel.House' with GeneratedClass '/Game/House.House_C' with ClassGeneratedBy '/Game/House.House:PersistentLevel.House'
[2018.01.29-06.27.33:316][924]LogEditorViewport: Clicking on Actor (LMB): Landscape (Landscape8)
[2018.01.29-06.27.34:387][986]LogTemp: Repeating last play command: 선택된 뷰포트
[2018.01.29-06.27.34:412][986]LogBlueprintUserMessages: Early PlayInEditor Detection: Level '/Game/URS.URS:PersistentLevel' has LevelScriptBlueprint '/Game/URS.URS:PersistentLevel.URS' with GeneratedClass '/Game/URS.URS_C' with ClassGeneratedBy '/Game/URS.URS:PersistentLevel.URS'
[2018.01.29-06.27.34:412][986]LogBlueprintUserMessages: Early PlayInEditor Detection: Level '/Game/House.House:PersistentLevel' has LevelScriptBlueprint '/Game/House.House:PersistentLevel.House' with GeneratedClass '/Game/House.House_C' with ClassGeneratedBy '/Game/House.House:PersistentLevel.House'
[2018.01.29-06.27.34:412][986]LogPlayLevel: PlayLevel: No blueprints needed recompiling
[2018.01.29-06.27.34:412][986]PIE: New page: PIE 세션: URS (2018. 1. 30. 오전 12:27:34)
[2018.01.29-06.27.34:412][986]LogPlayLevel: Creating play world package: /Game/UEDPIE_0_URS
[2018.01.29-06.27.34:429][986]LogPlayLevel: PIE: StaticDuplicateObject took: (0.016638s)
[2018.01.29-06.27.34:430][986]LogAIModule: Creating AISystem for world URS
[2018.01.29-06.27.34:430][986]LogPlayLevel: PIE: World Init took: (0.001345s)
[2018.01.29-06.27.34:430][986]LogPlayLevel: PIE: Created PIE world by copying editor world from /Game/URS.URS to /Game/UEDPIE_0_URS.URS (0.018385s)
[2018.01.29-06.27.34:451][986]LogInit: XAudio2 using '스피커 / 헤드폰(Realtek Audio)' : 2 channels at 48 kHz using 32 bits per sample (channel mask 0x3)
[2018.01.29-06.27.34:554][986]LogInit: FAudioDevice initialized.
[2018.01.29-06.27.34:589][986]LogLoad: Game class is 'FirstPersonGameMode_C'
[2018.01.29-06.27.34:615][986]LogWorld: Bringing World /Game/UEDPIE_0_URS.URS up for play (max tick rate 60) at 2018.01.29-15.27.34
[2018.01.29-06.27.34:615][986]LogWorld: Bringing up level for play took: 0.001435
[2018.01.29-06.27.34:618][986]PIE: /Game/UEDPIE_0_URS 에 대한 에디터에서 플레이 시작 시간: 0.598
[2018.01.29-06.27.34:618][986]LogBlueprintUserMessages: Late PlayInEditor Detection: Level '/Game/URS.URS:PersistentLevel' has LevelScriptBlueprint '/Game/URS.URS:PersistentLevel.URS' with GeneratedClass '/Game/URS.URS_C' with ClassGeneratedBy '/Game/URS.URS:PersistentLevel.URS'
[2018.01.29-06.27.34:618][986]LogBlueprintUserMessages: Late PlayInEditor Detection: Level '/Game/House.House:PersistentLevel' has LevelScriptBlueprint '/Game/House.House:PersistentLevel.House' with GeneratedClass '/Game/House.House_C' with ClassGeneratedBy '/Game/House.House:PersistentLevel.House'
[2018.01.29-06.28.44:766][192]LogBlueprintUserMessages: Early EndPlayMap Detection: Level '/Game/URS.URS:PersistentLevel' has LevelScriptBlueprint '/Game/URS.URS:PersistentLevel.URS' with GeneratedClass '/Game/URS.URS_C' with ClassGeneratedBy '/Game/URS.URS:PersistentLevel.URS'
[2018.01.29-06.28.44:766][192]LogBlueprintUserMessages: Early EndPlayMap Detection: Level '/Game/House.House:PersistentLevel' has LevelScriptBlueprint '/Game/House.House:PersistentLevel.House' with GeneratedClass '/Game/House.House_C' with ClassGeneratedBy '/Game/House.House:PersistentLevel.House'
[2018.01.29-06.28.44:801][192]LogBlueprintUserMessages: Late EndPlayMap Detection: Level '/Game/URS.URS:PersistentLevel' has LevelScriptBlueprint '/Game/URS.URS:PersistentLevel.URS' with GeneratedClass '/Game/URS.URS_C' with ClassGeneratedBy '/Game/URS.URS:PersistentLevel.URS'
[2018.01.29-06.28.44:801][192]LogBlueprintUserMessages: Late EndPlayMap Detection: Level '/Game/House.House:PersistentLevel' has LevelScriptBlueprint '/Game/House.House:PersistentLevel.House' with GeneratedClass '/Game/House.House_C' with ClassGeneratedBy '/Game/House.House:PersistentLevel.House'
[2018.01.29-06.29.08:601][613]LogNavigationPoint: PostEditMove Clear paths rebuilt
[2018.01.29-06.29.14:245][948]Cmd: TRANSACTION UNDO
[2018.01.29-06.29.14:245][948]LogEditorTransaction: Undo 액터 클릭
[2018.01.29-06.29.14:674][972]Cmd: TRANSACTION UNDO
[2018.01.29-06.29.14:674][972]LogEditorTransaction: Undo 범위 선택
[2018.01.29-06.29.17:173][119]Cmd: TRANSACTION UNDO
[2018.01.29-06.29.17:173][119]LogEditorTransaction: Undo 범위 선택
[2018.01.29-06.29.19:317][247]LogNavigationPoint: PostEditMove Clear paths rebuilt
[2018.01.29-06.29.23:698][509]LogTemp: Repeating last play command: 선택된 뷰포트
[2018.01.29-06.29.23:722][509]LogBlueprintUserMessages: Early PlayInEditor Detection: Level '/Game/URS.URS:PersistentLevel' has LevelScriptBlueprint '/Game/URS.URS:PersistentLevel.URS' with GeneratedClass '/Game/URS.URS_C' with ClassGeneratedBy '/Game/URS.URS:PersistentLevel.URS'
[2018.01.29-06.29.23:722][509]LogBlueprintUserMessages: Early PlayInEditor Detection: Level '/Game/House.House:PersistentLevel' has LevelScriptBlueprint '/Game/House.House:PersistentLevel.House' with GeneratedClass '/Game/House.House_C' with ClassGeneratedBy '/Game/House.House:PersistentLevel.House'
[2018.01.29-06.29.23:722][509]LogPlayLevel: PlayLevel: No blueprints needed recompiling
[2018.01.29-06.29.23:723][509]PIE: New page: PIE 세션: URS (2018. 1. 30. 오전 12:29:23)
[2018.01.29-06.29.23:723][509]LogPlayLevel: Creating play world package: /Game/UEDPIE_0_URS
[2018.01.29-06.29.23:740][509]LogPlayLevel: PIE: StaticDuplicateObject took: (0.016804s)
[2018.01.29-06.29.23:740][509]LogAIModule: Creating AISystem for world URS
[2018.01.29-06.29.23:741][509]LogPlayLevel: PIE: World Init took: (0.001104s)
[2018.01.29-06.29.23:741][509]LogPlayLevel: PIE: Created PIE world by copying editor world from /Game/URS.URS to /Game/UEDPIE_0_URS.URS (0.018226s)
[2018.01.29-06.29.23:764][509]LogInit: XAudio2 using '스피커 / 헤드폰(Realtek Audio)' : 2 channels at 48 kHz using 32 bits per sample (channel mask 0x3)
[2018.01.29-06.29.23:875][509]LogInit: FAudioDevice initialized.
[2018.01.29-06.29.23:907][509]LogLoad: Game class is 'FirstPersonGameMode_C'
[2018.01.29-06.29.23:933][509]LogWorld: Bringing World /Game/UEDPIE_0_URS.URS up for play (max tick rate 60) at 2018.01.29-15.29.23
[2018.01.29-06.29.23:933][509]LogWorld: Bringing up level for play took: 0.001471
[2018.01.29-06.29.23:936][509]PIE: /Game/UEDPIE_0_URS 에 대한 에디터에서 플레이 시작 시간: -0.084
[2018.01.29-06.29.23:936][509]LogBlueprintUserMessages: Late PlayInEditor Detection: Level '/Game/URS.URS:PersistentLevel' has LevelScriptBlueprint '/Game/URS.URS:PersistentLevel.URS' with GeneratedClass '/Game/URS.URS_C' with ClassGeneratedBy '/Game/URS.URS:PersistentLevel.URS'
[2018.01.29-06.29.23:936][509]LogBlueprintUserMessages: Late PlayInEditor Detection: Level '/Game/House.House:PersistentLevel' has LevelScriptBlueprint '/Game/House.House:PersistentLevel.House' with GeneratedClass '/Game/House.House_C' with ClassGeneratedBy '/Game/House.House:PersistentLevel.House'
[2018.01.29-06.30.18:382][774]LogBlueprintUserMessages: Early EndPlayMap Detection: Level '/Game/URS.URS:PersistentLevel' has LevelScriptBlueprint '/Game/URS.URS:PersistentLevel.URS' with GeneratedClass '/Game/URS.URS_C' with ClassGeneratedBy '/Game/URS.URS:PersistentLevel.URS'
[2018.01.29-06.30.18:382][774]LogBlueprintUserMessages: Early EndPlayMap Detection: Level '/Game/House.House:PersistentLevel' has LevelScriptBlueprint '/Game/House.House:PersistentLevel.House' with GeneratedClass '/Game/House.House_C' with ClassGeneratedBy '/Game/House.House:PersistentLevel.House'
[2018.01.29-06.30.18:419][774]LogBlueprintUserMessages: Late EndPlayMap Detection: Level '/Game/URS.URS:PersistentLevel' has LevelScriptBlueprint '/Game/URS.URS:PersistentLevel.URS' with GeneratedClass '/Game/URS.URS_C' with ClassGeneratedBy '/Game/URS.URS:PersistentLevel.URS'
[2018.01.29-06.30.18:419][774]LogBlueprintUserMessages: Late EndPlayMap Detection: Level '/Game/House.House:PersistentLevel' has LevelScriptBlueprint '/Game/House.House:PersistentLevel.House' with GeneratedClass '/Game/House.House_C' with ClassGeneratedBy '/Game/House.House:PersistentLevel.House'
[2018.01.29-06.30.20:533][898]LogEditorViewport: Clicking on Actor (LMB): LightmassImportanceVolume (LightmassImportanceVolume)
[2018.01.29-06.31.29:664][ 33]LogEditorViewport: Clicking on Actor (LMB): Landscape (Landscape8)
[2018.01.29-06.35.11:091][294]LogEditorViewport: Clicking on Actor (LMB): StaticMeshActor (mediaeval_house)
[2018.01.29-06.35.41:315][ 85]LogEditorViewport: Clicking on Actor (LMB): Landscape (Landscape8)
[2018.01.29-06.36.13:896][ 29]Cmd: TRANSACTION UNDO
[2018.01.29-06.36.13:896][ 29]LogEditorTransaction: Undo 액터 이동
[2018.01.29-06.36.27:492][830]Cmd: TRANSACTION UNDO
[2018.01.29-06.36.27:492][830]LogEditorTransaction: Undo 액터 클릭
[2018.01.29-06.36.28:034][855]Cmd: TRANSACTION UNDO
[2018.01.29-06.36.28:035][855]LogEditorTransaction: Undo 액터 이동
[2018.01.29-06.36.43:481][771]LogEditorViewport: Clicking Background
[2018.01.29-06.36.55:321][479]LogEditorViewport: Clicking on Actor (LMB): Landscape (Landscape8)
[2018.01.29-06.38.00:223][319]LogEditorViewport: Clicking on Actor (LMB): StaticMeshActor (mediaeval_house)
[2018.01.29-06.38.11:155][939]Cmd: TRANSACTION UNDO
[2018.01.29-06.38.11:155][939]LogEditorTransaction: Undo 액터 클릭
[2018.01.29-06.38.20:847][490]LogTemp: Repeating last play command: 선택된 뷰포트
[2018.01.29-06.38.20:874][490]LogBlueprintUserMessages: Early PlayInEditor Detection: Level '/Game/URS.URS:PersistentLevel' has LevelScriptBlueprint '/Game/URS.URS:PersistentLevel.URS' with GeneratedClass '/Game/URS.URS_C' with ClassGeneratedBy '/Game/URS.URS:PersistentLevel.URS'
[2018.01.29-06.38.20:874][490]LogBlueprintUserMessages: Early PlayInEditor Detection: Level '/Game/House.House:PersistentLevel' has LevelScriptBlueprint '/Game/House.House:PersistentLevel.House' with GeneratedClass '/Game/House.House_C' with ClassGeneratedBy '/Game/House.House:PersistentLevel.House'
[2018.01.29-06.38.20:874][490]LogPlayLevel: PlayLevel: No blueprints needed recompiling
[2018.01.29-06.38.20:874][490]PIE: New page: PIE 세션: URS (2018. 1. 30. 오전 12:38:20)
[2018.01.29-06.38.20:874][490]LogPlayLevel: Creating play world package: /Game/UEDPIE_0_URS
[2018.01.29-06.38.20:890][490]LogPlayLevel: PIE: StaticDuplicateObject took: (0.016110s)
[2018.01.29-06.38.20:891][490]LogAIModule: Creating AISystem for world URS
[2018.01.29-06.38.20:892][490]LogPlayLevel: PIE: World Init took: (0.001281s)
[2018.01.29-06.38.20:892][490]LogPlayLevel: PIE: Created PIE world by copying editor world from /Game/URS.URS to /Game/UEDPIE_0_URS.URS (0.017684s)
[2018.01.29-06.38.20:913][490]LogInit: XAudio2 using '스피커 / 헤드폰(Realtek Audio)' : 2 channels at 48 kHz using 32 bits per sample (channel mask 0x3)
[2018.01.29-06.38.21:022][490]LogInit: FAudioDevice initialized.
[2018.01.29-06.38.21:058][490]LogLoad: Game class is 'FirstPersonGameMode_C'
[2018.01.29-06.38.21:083][490]LogWorld: Bringing World /Game/UEDPIE_0_URS.URS up for play (max tick rate 60) at 2018.01.29-15.38.21
[2018.01.29-06.38.21:084][490]LogWorld: Bringing up level for play took: 0.001495
[2018.01.29-06.38.21:087][490]LogGameMode: FindPlayerStart: PATHS NOT DEFINED or NO PLAYERSTART with positive rating
[2018.01.29-06.38.21:089][490]LogSpawn: Warning: SpawnActor failed because of collision at the spawn location [X=0.000 Y=0.000 Z=-64.209] for [FirstPersonCharacter_C]
[2018.01.29-06.38.21:089][490]LogGameMode: Warning: SpawnDefaultPawnAtTransform: Couldn't spawn Pawn of type FirstPersonCharacter_C at Rotation: Pitch 0.000000 Yaw 0.000000 Roll 0.000000
Translation: 0.000000 0.000000 0.000000
Scale3D: 1.000000 1.000000 1.000000

[2018.01.29-06.38.21:090][490]PIE: /Game/UEDPIE_0_URS 에 대한 에디터에서 플레이 시작 시간: 1.069
[2018.01.29-06.38.21:090][490]LogBlueprintUserMessages: Late PlayInEditor Detection: Level '/Game/URS.URS:PersistentLevel' has LevelScriptBlueprint '/Game/URS.URS:PersistentLevel.URS' with GeneratedClass '/Game/URS.URS_C' with ClassGeneratedBy '/Game/URS.URS:PersistentLevel.URS'
[2018.01.29-06.38.21:090][490]LogBlueprintUserMessages: Late PlayInEditor Detection: Level '/Game/House.House:PersistentLevel' has LevelScriptBlueprint '/Game/House.House:PersistentLevel.House' with GeneratedClass '/Game/House.House_C' with ClassGeneratedBy '/Game/House.House:PersistentLevel.House'
[2018.01.29-06.38.25:297][733]LogBlueprintUserMessages: Early EndPlayMap Detection: Level '/Game/URS.URS:PersistentLevel' has LevelScriptBlueprint '/Game/URS.URS:PersistentLevel.URS' with GeneratedClass '/Game/URS.URS_C' with ClassGeneratedBy '/Game/URS.URS:PersistentLevel.URS'
[2018.01.29-06.38.25:297][733]LogBlueprintUserMessages: Early EndPlayMap Detection: Level '/Game/House.House:PersistentLevel' has LevelScriptBlueprint '/Game/House.House:PersistentLevel.House' with GeneratedClass '/Game/House.House_C' with ClassGeneratedBy '/Game/House.House:PersistentLevel.House'
[2018.01.29-06.38.25:333][733]LogBlueprintUserMessages: Late EndPlayMap Detection: Level '/Game/URS.URS:PersistentLevel' has LevelScriptBlueprint '/Game/URS.URS:PersistentLevel.URS' with GeneratedClass '/Game/URS.URS_C' with ClassGeneratedBy '/Game/URS.URS:PersistentLevel.URS'
[2018.01.29-06.38.25:333][733]LogBlueprintUserMessages: Late EndPlayMap Detection: Level '/Game/House.House:PersistentLevel' has LevelScriptBlueprint '/Game/House.House:PersistentLevel.House' with GeneratedClass '/Game/House.House_C' with ClassGeneratedBy '/Game/House.House:PersistentLevel.House'
[2018.01.29-06.38.30:850][ 55]LogEditorViewport: Clicking on Actor (LMB): Landscape (Landscape8)
[2018.01.29-06.38.31:503][ 91]LogEditorViewport: Clicking on Actor (LMB): Landscape (Landscape8)
[2018.01.29-06.38.31:747][104]Cmd: TRANSACTION UNDO
[2018.01.29-06.38.31:747][104]LogEditorTransaction: Undo 액터 클릭
[2018.01.29-06.38.31:952][115]Cmd: TRANSACTION UNDO
[2018.01.29-06.38.31:952][115]LogEditorTransaction: Undo 액터 클릭
[2018.01.29-06.38.37:436][440]LogEditorViewport: Clicking on Actor (LMB): Landscape (Landscape8)
[2018.01.29-06.38.37:726][455]Cmd: TRANSACTION UNDO
[2018.01.29-06.38.37:726][455]LogEditorTransaction: Undo 액터 클릭
[2018.01.29-06.38.37:901][462]Cmd: TRANSACTION UNDO
[2018.01.29-06.38.37:901][462]LogEditorTransaction: Undo 브러시 표면 선택
[2018.01.29-06.38.48:980][774]Cmd: QUIT_EDITOR
[2018.01.29-06.38.49:784][774]LogWindowsTextInputMethodSystem: Display: IME system now activated using TSF (Microsoft 입력기).
[2018.01.29-06.38.49:817][774]LogExit: Preparing to exit.
[2018.01.29-06.38.50:343][774]LogDirectoryWatcher: A directory notification for 'C:/Users/양형/Documents/Unreal Projects/URS/Content/' was aborted.
[2018.01.29-06.38.50:368][774]LogExit: Editor shut down
[2018.01.29-06.38.50:375][774]LogExit: Transaction tracking system shut down
[2018.01.29-06.38.50:662][774]LogDirectoryWatcher: A directory notification for '../../../Engine/Content/' was aborted.
[2018.01.29-06.38.50:662][774]LogDirectoryWatcher: A directory notification for '../../../../../../Users/양형/Documents/Unreal Projects/URS/Content/' was aborted.
[2018.01.29-06.38.50:662][774]LogDirectoryWatcher: A directory notification for '../../../Engine/Plugins/2D/Paper2D/Content/' was aborted.
[2018.01.29-06.38.50:662][774]LogDirectoryWatcher: A directory notification for '../../../Engine/Plugins/Media/MediaCompositing/Content/' was aborted.
[2018.01.29-06.38.50:663][774]LogDirectoryWatcher: A directory notification for '../../../Engine/Plugins/Runtime/AppleARKit/Content/' was aborted.
[2018.01.29-06.38.50:663][774]LogDirectoryWatcher: A directory notification for '../../../Engine/Plugins/Runtime/Oculus/OculusVR/Content/' was aborted.
[2018.01.29-06.38.50:663][774]LogDirectoryWatcher: A directory notification for '../../../Engine/Plugins/Runtime/Steam/SteamVR/Content/' was aborted.
[2018.01.29-06.38.50:718][774]LogExit: Object subsystem successfully closed.
[2018.01.29-06.38.50:736][774]LogD3D11RHI: Shutdown
[2018.01.29-06.38.50:736][774]LogD3D11RHI: CleanupD3DDevice
[2018.01.29-06.38.50:740][774]LogD3D11RHI: ~FD3D11DynamicRHI
[2018.01.29-06.38.50:762][774]LogModuleManager: Shutting down and abandoning module MovieSceneCapture (550)
[2018.01.29-06.38.50:762][774]LogModuleManager: Shutting down and abandoning module HierarchicalLODOutliner (548)
[2018.01.29-06.38.50:762][774]LogModuleManager: Shutting down and abandoning module SceneOutliner (546)
[2018.01.29-06.38.50:762][774]LogModuleManager: Shutting down and abandoning module AddContentDialog (544)
[2018.01.29-06.38.50:762][774]LogDirectoryWatcher: A directory notification for 'C:/Program Files/Epic Games/UE_4.18/FeaturePacks/' was aborted.
[2018.01.29-06.38.50:763][774]LogModuleManager: Shutting down and abandoning module WidgetCarousel (543)
[2018.01.29-06.38.50:763][774]LogModuleManager: Shutting down and abandoning module EditorWidgets (540)
[2018.01.29-06.38.50:763][774]LogModuleManager: Shutting down and abandoning module CollectionManager (538)
[2018.01.29-06.38.50:763][774]LogDirectoryWatcher: A directory notification for 'C:/Users/양형/Documents/Unreal Projects/URS/Content/Collections/' was aborted.
[2018.01.29-06.38.50:763][774]LogDirectoryWatcher: A directory notification for 'C:/Users/양형/Documents/Unreal Projects/URS/Content/Developers/양형/Collections/' was aborted.
[2018.01.29-06.38.50:763][774]LogDirectoryWatcher: A directory notification for 'C:/Users/양형/Documents/Unreal Projects/URS/Saved/Collections/' was aborted.
[2018.01.29-06.38.50:763][774]LogModuleManager: Shutting down and abandoning module StatsViewer (536)
[2018.01.29-06.38.50:763][774]LogModuleManager: Shutting down and abandoning module FoliageEdit (534)
[2018.01.29-06.38.50:764][774]LogModuleManager: Shutting down and abandoning module LandscapeEditor (532)
[2018.01.29-06.38.50:764][774]LogModuleManager: Shutting down and abandoning module MeshPaintMode (530)
[2018.01.29-06.38.50:764][774]LogModuleManager: Shutting down and abandoning module SceneDepthPickerMode (528)
[2018.01.29-06.38.50:764][774]LogModuleManager: Shutting down and abandoning module ActorPickerMode (526)
[2018.01.29-06.38.50:764][774]LogModuleManager: Shutting down and abandoning module GeometryMode (524)
[2018.01.29-06.38.50:764][774]LogModuleManager: Shutting down and abandoning module TextureAlignMode (522)
[2018.01.29-06.38.50:764][774]LogModuleManager: Shutting down and abandoning module BspMode (520)
[2018.01.29-06.38.50:764][774]LogModuleManager: Shutting down and abandoning module PIEPreviewDeviceProfileSelector (518)
[2018.01.29-06.38.50:764][774]LogModuleManager: Shutting down and abandoning module HardwareSurvey (516)
[2018.01.29-06.38.50:764][774]LogModuleManager: Shutting down and abandoning module SequenceRecorderSections (514)
[2018.01.29-06.38.50:764][774]LogModuleManager: Shutting down and abandoning module AutomationWorker (512)
[2018.01.29-06.38.50:764][774]LogModuleManager: Shutting down and abandoning module MatineeToLevelSequence (510)
[2018.01.29-06.38.50:764][774]LogModuleManager: Shutting down and abandoning module LevelSequenceEditor (508)
[2018.01.29-06.38.50:764][774]LogModuleManager: Shutting down and abandoning module PlacementMode (507)
[2018.01.29-06.38.50:764][774]LogModuleManager: Shutting down and abandoning module WmfMediaFactory (504)
[2018.01.29-06.38.50:764][774]LogModuleManager: Shutting down and abandoning module WmfMediaEditor (502)
[2018.01.29-06.38.50:764][774]LogModuleManager: Shutting down and abandoning module OpenExrWrapper (500)
[2018.01.29-06.38.50:764][774]LogModuleManager: Shutting down and abandoning module ImgMediaFactory (498)
[2018.01.29-06.38.50:764][774]LogModuleManager: Shutting down and abandoning module ImgMediaEditor (496)
[2018.01.29-06.38.50:764][774]LogModuleManager: Shutting down and abandoning module AvfMediaFactory (494)
[2018.01.29-06.38.50:764][774]LogModuleManager: Shutting down and abandoning module AvfMediaEditor (492)
[2018.01.29-06.38.50:764][774]LogModuleManager: Shutting down and abandoning module AndroidMediaFactory (490)
[2018.01.29-06.38.50:764][774]LogModuleManager: Shutting down and abandoning module AndroidMediaEditor (488)
[2018.01.29-06.38.50:764][774]LogModuleManager: Shutting down and abandoning module CharacterAI (486)
[2018.01.29-06.38.50:764][774]LogModuleManager: Shutting down and abandoning module AudioCapture (484)
[2018.01.29-06.38.50:764][774]LogModuleManager: Shutting down and abandoning module SequenceRecorder (483)
[2018.01.29-06.38.50:764][774]LogModuleManager: Shutting down and abandoning module SmartSnapping (480)
[2018.01.29-06.38.50:764][774]LogModuleManager: Shutting down and abandoning module SessionServices (478)
[2018.01.29-06.38.50:764][774]LogModuleManager: Shutting down and abandoning module ViewportSnapping (476)
[2018.01.29-06.38.50:764][774]LogModuleManager: Shutting down and abandoning module ViewportInteraction (474)
[2018.01.29-06.38.50:764][774]LogModuleManager: Shutting down and abandoning module ClothPainter (472)
[2018.01.29-06.38.50:764][774]LogModuleManager: Shutting down and abandoning module SkeletalMeshEditor (471)
[2018.01.29-06.38.50:764][774]LogModuleManager: Shutting down and abandoning module LogVisualizer (468)
[2018.01.29-06.38.50:764][774]LogModuleManager: Shutting down and abandoning module IntroTutorials (466)
[2018.01.29-06.38.50:764][774]LogModuleManager: Shutting down and abandoning module GameProjectGeneration (465)
[2018.01.29-06.38.50:765][774]LogModuleManager: Shutting down and abandoning module IOSPlatformEditor (462)
[2018.01.29-06.38.50:765][774]LogModuleManager: Shutting down and abandoning module HTML5PlatformEditor (460)
[2018.01.29-06.38.50:765][774]LogModuleManager: Shutting down and abandoning module AndroidPlatformEditor (458)
[2018.01.29-06.38.50:765][774]LogModuleManager: Shutting down and abandoning module AndroidDeviceDetection (457)
[2018.01.29-06.38.51:033][774]LogModuleManager: Shutting down and abandoning module WindowsPlatformEditor (454)
[2018.01.29-06.38.51:033][774]LogModuleManager: Shutting down and abandoning module IOSRuntimeSettings (452)
[2018.01.29-06.38.51:033][774]LogModuleManager: Shutting down and abandoning module AndroidRuntimeSettings (450)
[2018.01.29-06.38.51:034][774]LogModuleManager: Shutting down and abandoning module InputBindingEditor (448)
[2018.01.29-06.38.51:034][774]LogModuleManager: Shutting down and abandoning module MergeActors (446)
[2018.01.29-06.38.51:034][774]LogModuleManager: Shutting down and abandoning module SizeMap (444)
[2018.01.29-06.38.51:034][774]LogModuleManager: Shutting down and abandoning module TreeMap (442)
[2018.01.29-06.38.51:034][774]LogModuleManager: Shutting down and abandoning module ReferenceViewer (440)
[2018.01.29-06.38.51:034][774]LogModuleManager: Shutting down and abandoning module LocalizationDashboard (438)
[2018.01.29-06.38.51:034][774]LogModuleManager: Shutting down and abandoning module LocalizationService (437)
[2018.01.29-06.38.51:034][774]LogModuleManager: Shutting down and abandoning module HardwareTargeting (434)
[2018.01.29-06.38.51:034][774]LogModuleManager: Shutting down and abandoning module DeviceProfileEditor (432)
[2018.01.29-06.38.51:034][774]LogModuleManager: Shutting down and abandoning module UndoHistory (430)
[2018.01.29-06.38.51:034][774]LogModuleManager: Shutting down and abandoning module XmlParser (428)
[2018.01.29-06.38.51:035][774]LogModuleManager: Shutting down and abandoning module Blutility (426)
[2018.01.29-06.38.51:035][774]LogModuleManager: Shutting down and abandoning module ProjectSettingsViewer (424)
[2018.01.29-06.38.51:035][774]LogModuleManager: Shutting down and abandoning module ProjectTargetPlatformEditor (423)
[2018.01.29-06.38.51:035][774]LogModuleManager: Shutting down and abandoning module EditorSettingsViewer (420)
[2018.01.29-06.38.51:035][774]LogModuleManager: Shutting down and abandoning module SettingsEditor (418)
[2018.01.29-06.38.51:035][774]LogModuleManager: Shutting down and abandoning module ProjectLauncher (416)
[2018.01.29-06.38.51:035][774]LogModuleManager: Shutting down and abandoning module SessionFrontend (414)
[2018.01.29-06.38.51:036][774]LogModuleManager: Shutting down and abandoning module ProfilerClient (412)
[2018.01.29-06.38.51:036][774]LogModuleManager: Shutting down and abandoning module DeviceManager (410)
[2018.01.29-06.38.51:036][774]LogModuleManager: Shutting down and abandoning module TargetDeviceServices (409)
[2018.01.29-06.38.51:090][774]LogModuleManager: Shutting down and abandoning module AutomationController (406)
[2018.01.29-06.38.51:090][774]LogModuleManager: Shutting down and abandoning module AutomationWindow (404)
[2018.01.29-06.38.51:090][774]LogModuleManager: Shutting down and abandoning module Layers (402)
[2018.01.29-06.38.51:090][774]LogModuleManager: Shutting down and abandoning module ComponentVisualizers (400)
[2018.01.29-06.38.51:090][774]LogModuleManager: Shutting down and abandoning module DetailCustomizations (398)
[2018.01.29-06.38.51:090][774]LogModuleManager: Shutting down and abandoning module PackagesDialog (396)
[2018.01.29-06.38.51:091][774]LogModuleManager: Shutting down and abandoning module Persona (394)
[2018.01.29-06.38.51:091][774]LogModuleManager: Shutting down and abandoning module AdvancedPreviewScene (393)
[2018.01.29-06.38.51:092][774]LogModuleManager: Shutting down and abandoning module AnimGraph (391)
[2018.01.29-06.38.51:092][774]LogModuleManager: Shutting down and abandoning module Kismet (388)
[2018.01.29-06.38.51:093][774]LogModuleManager: Shutting down and abandoning module ClassViewer (386)
[2018.01.29-06.38.51:094][774]LogModuleManager: Shutting down and abandoning module Toolbox (384)
[2018.01.29-06.38.51:094][774]LogModuleManager: Shutting down and abandoning module ModuleUI (382)
[2018.01.29-06.38.51:094][774]LogModuleManager: Shutting down and abandoning module MovieSceneTools (380)
[2018.01.29-06.38.51:094][774]LogModuleManager: Shutting down and abandoning module OutputLog (378)
[2018.01.29-06.38.51:094][774]LogModuleManager: Shutting down and abandoning module GammaUI (376)
[2018.01.29-06.38.51:094][774]LogModuleManager: Shutting down and abandoning module Documentation (374)
[2018.01.29-06.38.51:094][774]LogModuleManager: Shutting down and abandoning module MovieSceneTracks (372)
[2018.01.29-06.38.51:094][774]LogModuleManager: Shutting down and abandoning module MovieScene (370)
[2018.01.29-06.38.51:094][774]LogModuleManager: Shutting down and abandoning module StreamingPauseRendering (368)
[2018.01.29-06.38.51:094][774]LogModuleManager: Shutting down and abandoning module LauncherPlatform (366)
[2018.01.29-06.38.51:094][774]LogModuleManager: Shutting down and abandoning module AnalyticsET (364)
[2018.01.29-06.38.51:094][774]LogModuleManager: Shutting down and abandoning module PortalServices (362)
[2018.01.29-06.38.51:095][774]LogModuleManager: Shutting down and abandoning module PortalRpc (360)
[2018.01.29-06.38.51:095][774]LogModuleManager: Shutting down and abandoning module MessagingRpc (358)
[2018.01.29-06.38.51:095][774]LogModuleManager: Shutting down and abandoning module AIModule (356)
[2018.01.29-06.38.51:095][774]LogModuleManager: Shutting down and abandoning module GameplayDebugger (355)
[2018.01.29-06.38.51:095][774]LogModuleManager: Shutting down and abandoning module AITestSuite (353)
[2018.01.29-06.38.51:095][774]LogModuleManager: Shutting down and abandoning module DesktopPlatform (350)
[2018.01.29-06.38.51:095][774]LogModuleManager: Shutting down and abandoning module ProfilerService (348)
[2018.01.29-06.38.51:182][774]LogModuleManager: Shutting down and abandoning module TaskGraph (346)
[2018.01.29-06.38.51:182][774]LogModuleManager: Shutting down and abandoning module SteamVRController (344)
[2018.01.29-06.38.51:182][774]LogModuleManager: Shutting down and abandoning module ProceduralMeshComponentEditor (342)
[2018.01.29-06.38.51:182][774]LogModuleManager: Shutting down and abandoning module ProceduralMeshComponent (340)
[2018.01.29-06.38.51:182][774]LogModuleManager: Shutting down and abandoning module OculusInput (338)
[2018.01.29-06.38.51:182][774]LogModuleManager: Shutting down and abandoning module MobilePatchingUtils (336)
[2018.01.29-06.38.51:182][774]LogModuleManager: Shutting down and abandoning module CustomMeshComponent (334)
[2018.01.29-06.38.51:182][774]LogModuleManager: Shutting down and abandoning module CableComponent (332)
[2018.01.29-06.38.51:182][774]LogModuleManager: Shutting down and abandoning module ArchVisCharacter (330)
[2018.01.29-06.38.51:182][774]LogModuleManager: Shutting down and abandoning module AndroidPermission (328)
[2018.01.29-06.38.51:182][774]LogModuleManager: Shutting down and abandoning module ActorSequence (324)
[2018.01.29-06.38.51:183][774]LogModuleManager: Shutting down and abandoning module MediaPlayerEditor (322)
[2018.01.29-06.38.51:183][774]LogModuleManager: Shutting down and abandoning module MediaCompositingEditor (320)
[2018.01.29-06.38.51:183][774]LogModuleManager: Shutting down and abandoning module MediaCompositing (318)
[2018.01.29-06.38.51:183][774]LogModuleManager: Shutting down and abandoning module HTML5Networking (316)
[2018.01.29-06.38.51:183][774]LogModuleManager: Shutting down and abandoning module AlembicImporter (314)
[2018.01.29-06.38.51:183][774]LogModuleManager: Shutting down and abandoning module AlembicLibrary (313)
[2018.01.29-06.38.51:183][774]LogModuleManager: Shutting down and abandoning module GeometryCache (312)
[2018.01.29-06.38.51:183][774]LogModuleManager: Shutting down and abandoning module GeometryCacheEd (311)
[2018.01.29-06.38.51:183][774]LogModuleManager: Shutting down and abandoning module SpeedTreeImporter (306)
[2018.01.29-06.38.51:183][774]LogModuleManager: Shutting down and abandoning module PluginBrowser (304)
[2018.01.29-06.38.51:183][774]LogModuleManager: Shutting down and abandoning module MobileLauncherProfileWizard (302)
[2018.01.29-06.38.51:183][774]LogModuleManager: Shutting down and abandoning module VisualStudioSourceCodeAccess (300)
[2018.01.29-06.38.51:183][774]LogModuleManager: Shutting down and abandoning module VisualStudioCodeSourceCodeAccess (298)
[2018.01.29-06.38.51:183][774]LogModuleManager: Shutting down and abandoning module UObjectPlugin (296)
[2018.01.29-06.38.51:183][774]LogModuleManager: Shutting down and abandoning module SubversionSourceControl (294)
[2018.01.29-06.38.51:184][774]LogModuleManager: Shutting down and abandoning module PerforceSourceControl (292)
[2018.01.29-06.38.51:184][774]LogModuleManager: Shutting down and abandoning module GitSourceControl (290)
[2018.01.29-06.38.51:184][774]LogModuleManager: Shutting down and abandoning module SourceControl (289)
[2018.01.29-06.38.51:184][774]LogModuleManager: Shutting down and abandoning module LightPropagationVolumeEditor (286)
[2018.01.29-06.38.51:184][774]LogModuleManager: Shutting down and abandoning module PaperTiledImporter (284)
[2018.01.29-06.38.51:184][774]LogModuleManager: Shutting down and abandoning module PaperSpriteSheetImporter (282)
[2018.01.29-06.38.51:184][774]LogModuleManager: Shutting down and abandoning module Paper2DEditor (280)
[2018.01.29-06.38.51:184][774]LogModuleManager: Shutting down and abandoning module MeshPaint (279)
[2018.01.29-06.38.51:184][774]LogModuleManager: Shutting down and abandoning module LevelEditor (277)
[2018.01.29-06.38.51:186][774]LogModuleManager: Shutting down and abandoning module PixelInspectorModule (276)
[2018.01.29-06.38.51:186][774]LogModuleManager: Shutting down and abandoning module MainFrame (274)
[2018.01.29-06.38.51:186][774]LogModuleManager: Shutting down and abandoning module HotReload (273)
[2018.01.29-06.38.51:188][774]LogModuleManager: Shutting down and abandoning module RuntimePhysXCooking (268)
[2018.01.29-06.38.51:188][774]LogModuleManager: Shutting down and abandoning module PhysXVehiclesEditor (266)
[2018.01.29-06.38.51:188][774]LogModuleManager: Shutting down and abandoning module PhysXVehicles (264)
[2018.01.29-06.38.51:188][774]LogModuleManager: Shutting down and abandoning module OculusEditor (262)
[2018.01.29-06.38.51:188][774]LogModuleManager: Shutting down and abandoning module LocationServicesBPLibrary (260)
[2018.01.29-06.38.51:188][774]LogModuleManager: Shutting down and abandoning module ImmediatePhysicsEditor (258)
[2018.01.29-06.38.51:188][774]LogModuleManager: Shutting down and abandoning module ImmediatePhysics (256)
[2018.01.29-06.38.51:188][774]LogModuleManager: Shutting down and abandoning module UdpMessaging (254)
[2018.01.29-06.38.51:290][774]LogModuleManager: Shutting down and abandoning module TcpMessaging (252)
[2018.01.29-06.38.51:391][774]LogModuleManager: Shutting down and abandoning module GameplayTagsEditor (250)
[2018.01.29-06.38.51:391][774]LogModuleManager: Shutting down and abandoning module FacialAnimationEditor (248)
[2018.01.29-06.38.51:391][774]LogModuleManager: Shutting down and abandoning module FacialAnimation (246)
[2018.01.29-06.38.51:391][774]LogModuleManager: Shutting down and abandoning module AssetManagerEditor (244)
[2018.01.29-06.38.51:391][774]LogModuleManager: Shutting down and abandoning module GraphEditor (243)
[2018.01.29-06.38.51:391][774]LogModuleManager: Shutting down and abandoning module ContentBrowser (241)
[2018.01.29-06.38.51:392][774]LogModuleManager: Shutting down and abandoning module LightPropagationVolumeRuntime (238)
[2018.01.29-06.38.51:393][774]LogModuleManager: Shutting down and abandoning module Paper2D (236)
[2018.01.29-06.38.51:393][774]LogModuleManager: Shutting down and abandoning module WindowsMoviePlayer (234)
[2018.01.29-06.38.51:393][774]LogModuleManager: Shutting down and abandoning module WmfMedia (232)
[2018.01.29-06.38.51:396][774]LogModuleManager: Shutting down and abandoning module ImgMedia (230)
[2018.01.29-06.38.51:396][774]LogModuleManager: Shutting down and abandoning module PacketHandler (228)
[2018.01.29-06.38.51:396][774]LogModuleManager: Shutting down and abandoning module ClothingSystemEditor (226)
[2018.01.29-06.38.51:396][774]LogModuleManager: Shutting down and abandoning module ClothingSystemRuntime (224)
[2018.01.29-06.38.51:396][774]LogModuleManager: Shutting down and abandoning module MediaAssets (222)
[2018.01.29-06.38.51:396][774]LogModuleManager: Shutting down and abandoning module Media (221)
[2018.01.29-06.38.51:402][774]LogModuleManager: Shutting down and abandoning module Overlay (218)
[2018.01.29-06.38.51:403][774]LogModuleManager: Shutting down and abandoning module OverlayEditor (217)
[2018.01.29-06.38.51:403][774]LogModuleManager: Shutting down and abandoning module VREditor (214)
[2018.01.29-06.38.51:403][774]LogModuleManager: Shutting down and abandoning module StringTableEditor (212)
[2018.01.29-06.38.51:403][774]LogModuleManager: Shutting down and abandoning module GameplayTasksEditor (210)
[2018.01.29-06.38.51:403][774]LogModuleManager: Shutting down and abandoning module BehaviorTreeEditor (208)
[2018.01.29-06.38.51:403][774]LogModuleManager: Shutting down and abandoning module FunctionalTesting (206)
[2018.01.29-06.38.51:403][774]LogModuleManager: Shutting down and abandoning module CollisionAnalyzer (204)
[2018.01.29-06.38.51:403][774]LogModuleManager: Shutting down and abandoning module WorkspaceMenuStructure (203)
[2018.01.29-06.38.51:403][774]LogModuleManager: Shutting down and abandoning module UMG (200)
[2018.01.29-06.38.51:403][774]LogModuleManager: Shutting down and abandoning module UMGEditor (199)
[2018.01.29-06.38.51:403][774]LogModuleManager: Shutting down and abandoning module Sequencer (198)
[2018.01.29-06.38.51:403][774]LogModuleManager: Shutting down and abandoning module MessageLog (195)
[2018.01.29-06.38.51:403][774]LogModuleManager: Shutting down and abandoning module SlateReflector (190)
[2018.01.29-06.38.51:403][774]LogModuleManager: Shutting down and abandoning module Slate (188)
[2018.01.29-06.38.51:403][774]LogModuleManager: Shutting down and abandoning module EditorStyle (186)
[2018.01.29-06.38.51:408][774]LogModuleManager: Shutting down and abandoning module MRMesh (184)
[2018.01.29-06.38.51:408][774]LogModuleManager: Shutting down and abandoning module SourceCodeAccess (182)
[2018.01.29-06.38.51:409][774]LogModuleManager: Shutting down and abandoning module HeadMountedDisplay (180)
[2018.01.29-06.38.51:409][774]LogModuleManager: Shutting down and abandoning module XAudio2 (178)
[2018.01.29-06.38.51:409][774]LogModuleManager: Shutting down and abandoning module Networking (176)
[2018.01.29-06.38.51:409][774]LogModuleManager: Shutting down and abandoning module Core (172)
[2018.01.29-06.38.51:409][774]LogModuleManager: Shutting down and abandoning module LevelSequence (168)
[2018.01.29-06.38.51:409][774]LogModuleManager: Shutting down and abandoning module DirectoryWatcher (166)
[2018.01.29-06.38.51:410][774]LogModuleManager: Shutting down and abandoning module KismetCompiler (164)
[2018.01.29-06.38.51:410][774]LogModuleManager: Shutting down and abandoning module MeshUtilities (162)
[2018.01.29-06.38.51:410][774]LogModuleManager: Shutting down and abandoning module MeshMergeUtilities (161)
[2018.01.29-06.38.51:410][774]LogModuleManager: Shutting down and abandoning module MeshReductionInterface (160)
[2018.01.29-06.38.51:410][774]LogModuleManager: Shutting down and abandoning module SimplygonSwarm (159)
[2018.01.29-06.38.51:410][774]LogModuleManager: Shutting down and abandoning module SimplygonMeshReduction (157)
[2018.01.29-06.38.51:410][774]LogModuleManager: Shutting down and abandoning module QuadricMeshReduction (155)
[2018.01.29-06.38.51:410][774]LogModuleManager: Shutting down and abandoning module MaterialBaking (151)
[2018.01.29-06.38.51:410][774]LogModuleManager: Shutting down and abandoning module DerivedDataCache (148)
[2018.01.29-06.38.51:411][774]LogDerivedDataCache: Shutdown
[2018.01.29-06.38.51:412][774]LogModuleManager: Shutting down and abandoning module TargetPlatform (146)
[2018.01.29-06.38.51:412][774]LogModuleManager: Shutting down and abandoning module VulkanShaderFormat (145)
[2018.01.29-06.38.51:412][774]LogModuleManager: Shutting down and abandoning module ShaderFormatVectorVM (143)
[2018.01.29-06.38.51:412][774]LogModuleManager: Shutting down and abandoning module ShaderFormatOpenGL (141)
[2018.01.29-06.38.51:412][774]LogModuleManager: Shutting down and abandoning module ShaderFormatD3D (139)
[2018.01.29-06.38.51:412][774]LogModuleManager: Shutting down and abandoning module MetalShaderFormat (137)
[2018.01.29-06.38.51:412][774]LogModuleManager: Shutting down and abandoning module TextureFormatUncompressed (135)
[2018.01.29-06.38.51:412][774]LogModuleManager: Shutting down and abandoning module TextureFormatPVR (133)
[2018.01.29-06.38.51:412][774]LogModuleManager: Shutting down and abandoning module TextureFormatDXT (131)
[2018.01.29-06.38.51:412][774]LogModuleManager: Shutting down and abandoning module TextureFormatIntelISPCTexComp (129)
[2018.01.29-06.38.51:412][774]LogModuleManager: Shutting down and abandoning module TextureFormatASTC (127)
[2018.01.29-06.38.51:412][774]LogModuleManager: Shutting down and abandoning module ImageWrapper (126)
[2018.01.29-06.38.51:412][774]LogModuleManager: Shutting down and abandoning module TextureFormatAndroid (123)
[2018.01.29-06.38.51:412][774]LogModuleManager: Shutting down and abandoning module AudioFormatOpus (121)
[2018.01.29-06.38.51:412][774]LogModuleManager: Shutting down and abandoning module AudioFormatOgg (119)
[2018.01.29-06.38.51:412][774]LogModuleManager: Shutting down and abandoning module AudioFormatADPCM (117)
[2018.01.29-06.38.51:412][774]LogModuleManager: Shutting down and abandoning module LinuxTargetPlatform (115)
[2018.01.29-06.38.51:412][774]LogModuleManager: Shutting down and abandoning module LinuxServerTargetPlatform (113)
[2018.01.29-06.38.51:412][774]LogModuleManager: Shutting down and abandoning module LinuxNoEditorTargetPlatform (111)
[2018.01.29-06.38.51:412][774]LogModuleManager: Shutting down and abandoning module LinuxClientTargetPlatform (109)
[2018.01.29-06.38.51:412][774]LogModuleManager: Shutting down and abandoning module TVOSTargetPlatform (107)
[2018.01.29-06.38.51:412][774]LogModuleManager: Shutting down and abandoning module Messaging (105)
[2018.01.29-06.38.51:412][774]LogModuleManager: Shutting down and abandoning module IOSTargetPlatform (103)
[2018.01.29-06.38.51:412][774]LogModuleManager: Shutting down and abandoning module HTML5TargetPlatform (101)
[2018.01.29-06.38.51:412][774]LogModuleManager: Shutting down and abandoning module AndroidTargetPlatform (99)
[2018.01.29-06.38.51:412][774]LogModuleManager: Shutting down and abandoning module Android_PVRTCTargetPlatform (97)
[2018.01.29-06.38.51:413][774]LogModuleManager: Shutting down and abandoning module Android_MultiTargetPlatform (95)
[2018.01.29-06.38.51:413][774]LogModuleManager: Shutting down and abandoning module Android_ETC2TargetPlatform (93)
[2018.01.29-06.38.51:413][774]LogModuleManager: Shutting down and abandoning module Android_ETC1TargetPlatform (91)
[2018.01.29-06.38.51:413][774]LogModuleManager: Shutting down and abandoning module Android_DXTTargetPlatform (89)
[2018.01.29-06.38.51:413][774]LogModuleManager: Shutting down and abandoning module Android_ATCTargetPlatform (87)
[2018.01.29-06.38.51:413][774]LogModuleManager: Shutting down and abandoning module Android_ASTCTargetPlatform (85)
[2018.01.29-06.38.51:413][774]LogModuleManager: Shutting down and abandoning module WindowsTargetPlatform (83)
[2018.01.29-06.38.51:413][774]LogModuleManager: Shutting down and abandoning module WindowsServerTargetPlatform (81)
[2018.01.29-06.38.51:413][774]LogModuleManager: Shutting down and abandoning module WindowsNoEditorTargetPlatform (79)
[2018.01.29-06.38.51:413][774]LogModuleManager: Shutting down and abandoning module WindowsClientTargetPlatform (77)
[2018.01.29-06.38.51:413][774]LogModuleManager: Shutting down and abandoning module MacTargetPlatform (75)
[2018.01.29-06.38.51:413][774]LogModuleManager: Shutting down and abandoning module MacServerTargetPlatform (73)
[2018.01.29-06.38.51:413][774]LogModuleManager: Shutting down and abandoning module MacNoEditorTargetPlatform (71)
[2018.01.29-06.38.51:413][774]LogModuleManager: Shutting down and abandoning module MacClientTargetPlatform (69)
[2018.01.29-06.38.51:413][774]LogModuleManager: Shutting down and abandoning module AllDesktopTargetPlatform (67)
[2018.01.29-06.38.51:413][774]LogModuleManager: Shutting down and abandoning module InputCore (64)
[2018.01.29-06.38.51:413][774]LogModuleManager: Shutting down and abandoning module Settings (62)
[2018.01.29-06.38.51:413][774]LogModuleManager: Shutting down and abandoning module PhysXCooking (60)
[2018.01.29-06.38.51:413][774]LogModuleManager: Shutting down and abandoning module SteamVR (58)
[2018.01.29-06.38.51:413][774]LogModuleManager: Shutting down and abandoning module OculusHMD (56)
[2018.01.29-06.38.51:413][774]LogModuleManager: Shutting down and abandoning module ExampleDeviceProfileSelector (54)
[2018.01.29-06.38.51:413][774]LogModuleManager: Shutting down and abandoning module AppleARKit (52)
[2018.01.29-06.38.51:413][774]LogModuleManager: Shutting down and abandoning module AugmentedReality (51)
[2018.01.29-06.38.51:413][774]LogModuleManager: Shutting down and abandoning module OnlineBlueprintSupport (48)
[2018.01.29-06.38.51:413][774]LogModuleManager: Shutting down and abandoning module OnlineSubsystem (44)
[2018.01.29-06.38.51:413][774]LogModuleManager: Shutting down and abandoning module XMPP (43)
[2018.01.29-06.38.51:414][774]LogModuleManager: Shutting down and abandoning module HTTP (41)
[2018.01.29-06.38.51:414][774]LogHttp: Display: Http module shutting down, but needs to wait on 1 outstanding Http requests:
[2018.01.29-06.38.51:414][774]LogHttp: Display: 	verb=[POST] url=[https://datarouter.ol.epicgames.com/datarouter/api/v1/public/data?SessionID=%7B24C14D6A-4F07-EB10-8E10-8FA8C6455008%7D&AppID=UEEditor.Rocket.Release&AppVersion=4.18.3-3832480%2B%2B%2BUE4%2BRelease-4.18&UserID=372fe2f448a9fe621f3af0bd16dc6f2a%7C8ac49062baae43c690b431ed046528f1%7C7532abaf-559c-4c1f-b377-4db2574a422a&AppEnvironment=datacollector-binary&UploadType=eteventstream] status=Processing
[2018.01.29-06.38.51:418][774]LogModuleManager: Shutting down and abandoning module SSL (40)
[2018.01.29-06.38.51:420][774]LogModuleManager: Shutting down and abandoning module AnimationModifiers (36)
[2018.01.29-06.38.51:420][774]LogModuleManager: Shutting down and abandoning module PropertyEditor (35)
[2018.01.29-06.38.51:420][774]LogModuleManager: Shutting down and abandoning module AudioEditor (32)
[2018.01.29-06.38.51:420][774]LogModuleManager: Shutting down and abandoning module TextureCompressor (30)
[2018.01.29-06.38.51:421][774]LogModuleManager: Shutting down and abandoning module ShaderCore (28)
[2018.01.29-06.38.51:421][774]LogModuleManager: Shutting down and abandoning module Landscape (26)
[2018.01.29-06.38.51:421][774]LogModuleManager: Shutting down and abandoning module SlateRHIRenderer (24)
[2018.01.29-06.38.51:426][774]LogModuleManager: Shutting down and abandoning module OpenGLDrv (22)
[2018.01.29-06.38.51:426][774]LogModuleManager: Shutting down and abandoning module D3D11RHI (20)
[2018.01.29-06.38.51:426][774]LogModuleManager: Shutting down and abandoning module AnimGraphRuntime (18)
[2018.01.29-06.38.51:426][774]LogModuleManager: Shutting down and abandoning module Renderer (16)
[2018.01.29-06.38.51:426][774]LogModuleManager: Shutting down and abandoning module Engine (14)
[2018.01.29-06.38.51:426][774]LogModuleManager: Shutting down and abandoning module CoreUObject (12)
[2018.01.29-06.38.51:426][774]LogModuleManager: Shutting down and abandoning module NetworkFile (10)
[2018.01.29-06.38.51:426][774]LogModuleManager: Shutting down and abandoning module CookedIterativeFile (8)
[2018.01.29-06.38.51:426][774]LogModuleManager: Shutting down and abandoning module StreamingFile (6)
[2018.01.29-06.38.51:426][774]LogModuleManager: Shutting down and abandoning module SandboxFile (4)
[2018.01.29-06.38.51:426][774]LogModuleManager: Shutting down and abandoning module PakFile (2)
[2018.01.29-06.38.51:433][774]LogExit: Exiting.
[2018.01.29-06.38.51:464][774]Log file closed, 01/29/18 15:38:51
