Log file open, 01/31/18 23:04:46
LogWindows: Failed to load 'aqProf.dll' (GetLastError=126)
LogWindows: File 'aqProf.dll' does not exist
LogWindows: Failed to load 'VSPerf140.dll' (GetLastError=126)
LogWindows: File 'VSPerf140.dll' does not exist
LogWindows: Failed to load 'VtuneApi.dll' (GetLastError=126)
LogWindows: File 'VtuneApi.dll' does not exist
LogWindows: Failed to load 'VtuneApi32e.dll' (GetLastError=126)
LogWindows: File 'VtuneApi32e.dll' does not exist
LogInit: Display: Running engine for game: URS
LogPlatformFile: Not using cached read wrapper
LogInit: Display: RandInit(1590791072) SRandInit(1590791072).
LogInit: Read version file with build ID '3709383'
LogInit: Overriding engine version to CL 3832480, compatible CL 3709383
LogInit: Registered custom module enumerator with build ID '3709383'
LogTaskGraph: Started task graph with 5 named threads and 14 total threads with 3 sets of task threads.
LogStats: Stats thread started at 0.700220
LogD3D11RHI: Aftermath initialized
LogModuleManager: Display: Found up-to-date module file ../../../Engine/Plugins/2D/Paper2D/Binaries/Win64/UE4Editor-Paper2D.dll (API version 3709383).
LogModuleManager: Display: Found up-to-date module file ../../../Engine/Plugins/2D/Paper2D/Binaries/Win64/UE4Editor-Paper2DEditor.dll (API version 3709383).
LogModuleManager: Display: Found up-to-date module file ../../../Engine/Plugins/2D/Paper2D/Binaries/Win64/UE4Editor-PaperSpriteSheetImporter.dll (API version 3709383).
LogModuleManager: Display: Found up-to-date module file ../../../Engine/Plugins/2D/Paper2D/Binaries/Win64/UE4Editor-PaperTiledImporter.dll (API version 3709383).
LogModuleManager: Display: Found up-to-date module file ../../../Engine/Plugins/2D/Paper2D/Binaries/Win64/UE4Editor-SmartSnapping.dll (API version 3709383).
LogModuleManager: Display: Found up-to-date module file ../../../Engine/Plugins/Blendables/LightPropagationVolume/Binaries/Win64/UE4Editor-LightPropagationVolumeRuntime.dll (API version 3709383).
LogModuleManager: Display: Found up-to-date module file ../../../Engine/Plugins/Blendables/LightPropagationVolume/Binaries/Win64/UE4Editor-LightPropagationVolumeEditor.dll (API version 3709383).
LogModuleManager: Display: Found up-to-date module file ../../../Engine/Plugins/Developer/GitSourceControl/Binaries/Win64/UE4Editor-GitSourceControl.dll (API version 3709383).
LogModuleManager: Display: Found up-to-date module file ../../../Engine/Plugins/Developer/PerforceSourceControl/Binaries/Win64/UE4Editor-PerforceSourceControl.dll (API version 3709383).
LogModuleManager: Display: Found up-to-date module file ../../../Engine/Plugins/Developer/SubversionSourceControl/Binaries/Win64/UE4Editor-SubversionSourceControl.dll (API version 3709383).
LogModuleManager: Display: Found up-to-date module file ../../../Engine/Plugins/Developer/UObjectPlugin/Binaries/Win64/UE4Editor-UObjectPlugin.dll (API version 3709383).
LogModuleManager: Display: Found up-to-date module file ../../../Engine/Plugins/Developer/VisualStudioCodeSourceCodeAccess/Binaries/Win64/UE4Editor-VisualStudioCodeSourceCodeAccess.dll (API version 3709383).
LogModuleManager: Display: Found up-to-date module file ../../../Engine/Plugins/Developer/VisualStudioSourceCodeAccess/Binaries/Win64/UE4Editor-VisualStudioSourceCodeAccess.dll (API version 3709383).
LogModuleManager: Display: Found up-to-date module file ../../../Engine/Plugins/Editor/AssetManagerEditor/Binaries/Win64/UE4Editor-AssetManagerEditor.dll (API version 3709383).
LogModuleManager: Display: Found up-to-date module file ../../../Engine/Plugins/Editor/AudioCapture/Binaries/Win64/UE4Editor-AudioCapture.dll (API version 3709383).
LogModuleManager: Display: Found up-to-date module file ../../../Engine/Plugins/Editor/FacialAnimation/Binaries/Win64/UE4Editor-FacialAnimation.dll (API version 3709383).
LogModuleManager: Display: Found up-to-date module file ../../../Engine/Plugins/Editor/FacialAnimation/Binaries/Win64/UE4Editor-FacialAnimationEditor.dll (API version 3709383).
LogModuleManager: Display: Found up-to-date module file ../../../Engine/Plugins/Editor/GameplayTagsEditor/Binaries/Win64/UE4Editor-GameplayTagsEditor.dll (API version 3709383).
LogModuleManager: Display: Found up-to-date module file ../../../Engine/Plugins/Editor/MobileLauncherProfileWizard/Binaries/Win64/UE4Editor-MobileLauncherProfileWizard.dll (API version 3709383).
LogModuleManager: Display: Found up-to-date module file ../../../Engine/Plugins/Editor/PluginBrowser/Binaries/Win64/UE4Editor-PluginBrowser.dll (API version 3709383).
LogModuleManager: Display: Found up-to-date module file ../../../Engine/Plugins/Editor/SpeedTreeImporter/Binaries/Win64/UE4Editor-SpeedTreeImporter.dll (API version 3709383).
LogModuleManager: Display: Found up-to-date module file ../../../Engine/Plugins/Experimental/AlembicImporter/Binaries/Win64/UE4Editor-AlembicImporter.dll (API version 3709383).
LogModuleManager: Display: Found up-to-date module file ../../../Engine/Plugins/Experimental/AlembicImporter/Binaries/Win64/UE4Editor-AlembicLibrary.dll (API version 3709383).
LogModuleManager: Display: Found up-to-date module file ../../../Engine/Plugins/Experimental/CharacterAI/Binaries/Win64/UE4Editor-CharacterAI.dll (API version 3709383).
LogModuleManager: Display: Found up-to-date module file ../../../Engine/Plugins/Experimental/HTML5Networking/Binaries/Win64/UE4Editor-HTML5Networking.dll (API version 3709383).
LogModuleManager: Display: Found up-to-date module file ../../../Engine/Plugins/Media/AndroidMedia/Binaries/Win64/UE4Editor-AndroidMediaEditor.dll (API version 3709383).
LogModuleManager: Display: Found up-to-date module file ../../../Engine/Plugins/Media/AndroidMedia/Binaries/Win64/UE4Editor-AndroidMediaFactory.dll (API version 3709383).
LogModuleManager: Display: Found up-to-date module file ../../../Engine/Plugins/Media/AvfMedia/Binaries/Win64/UE4Editor-AvfMediaEditor.dll (API version 3709383).
LogModuleManager: Display: Found up-to-date module file ../../../Engine/Plugins/Media/AvfMedia/Binaries/Win64/UE4Editor-AvfMediaFactory.dll (API version 3709383).
LogModuleManager: Display: Found up-to-date module file ../../../Engine/Plugins/Media/AvfMedia/Binaries/Win64/UE4Editor-AvfMediaFactory.dll (API version 3709383).
LogModuleManager: Display: Found up-to-date module file ../../../Engine/Plugins/Media/ImgMedia/Binaries/Win64/UE4Editor-ImgMedia.dll (API version 3709383).
LogModuleManager: Display: Found up-to-date module file ../../../Engine/Plugins/Media/ImgMedia/Binaries/Win64/UE4Editor-ImgMediaEditor.dll (API version 3709383).
LogModuleManager: Display: Found up-to-date module file ../../../Engine/Plugins/Media/ImgMedia/Binaries/Win64/UE4Editor-ImgMediaFactory.dll (API version 3709383).
LogModuleManager: Display: Found up-to-date module file ../../../Engine/Plugins/Media/ImgMedia/Binaries/Win64/UE4Editor-ImgMediaFactory.dll (API version 3709383).
LogModuleManager: Display: Found up-to-date module file ../../../Engine/Plugins/Media/ImgMedia/Binaries/Win64/UE4Editor-OpenExrWrapper.dll (API version 3709383).
LogModuleManager: Display: Found up-to-date module file ../../../Engine/Plugins/Media/MediaCompositing/Binaries/Win64/UE4Editor-MediaCompositing.dll (API version 3709383).
LogModuleManager: Display: Found up-to-date module file ../../../Engine/Plugins/Media/MediaCompositing/Binaries/Win64/UE4Editor-MediaCompositingEditor.dll (API version 3709383).
LogModuleManager: Display: Found up-to-date module file ../../../Engine/Plugins/Media/MediaPlayerEditor/Binaries/Win64/UE4Editor-MediaPlayerEditor.dll (API version 3709383).
LogModuleManager: Display: Found up-to-date module file ../../../Engine/Plugins/Media/WmfMedia/Binaries/Win64/UE4Editor-WmfMedia.dll (API version 3709383).
LogModuleManager: Display: Found up-to-date module file ../../../Engine/Plugins/Media/WmfMedia/Binaries/Win64/UE4Editor-WmfMediaEditor.dll (API version 3709383).
LogModuleManager: Display: Found up-to-date module file ../../../Engine/Plugins/Media/WmfMedia/Binaries/Win64/UE4Editor-WmfMediaFactory.dll (API version 3709383).
LogModuleManager: Display: Found up-to-date module file ../../../Engine/Plugins/Media/WmfMedia/Binaries/Win64/UE4Editor-WmfMediaFactory.dll (API version 3709383).
LogModuleManager: Display: Found up-to-date module file ../../../Engine/Plugins/Messaging/TcpMessaging/Binaries/Win64/UE4Editor-TcpMessaging.dll (API version 3709383).
LogModuleManager: Display: Found up-to-date module file ../../../Engine/Plugins/Messaging/UdpMessaging/Binaries/Win64/UE4Editor-UdpMessaging.dll (API version 3709383).
LogModuleManager: Display: Found up-to-date module file ../../../Engine/Plugins/MovieScene/ActorSequence/Binaries/Win64/UE4Editor-ActorSequence.dll (API version 3709383).
LogModuleManager: Display: Found up-to-date module file ../../../Engine/Plugins/MovieScene/LevelSequenceEditor/Binaries/Win64/UE4Editor-LevelSequenceEditor.dll (API version 3709383).
LogModuleManager: Display: Found up-to-date module file ../../../Engine/Plugins/MovieScene/MatineeToLevelSequence/Binaries/Win64/UE4Editor-MatineeToLevelSequence.dll (API version 3709383).
LogModuleManager: Display: Found up-to-date module file ../../../Engine/Plugins/Online/OnlineSubsystem/Binaries/Win64/UE4Editor-OnlineSubsystem.dll (API version 3709383).
LogModuleManager: Display: Found up-to-date module file ../../../Engine/Plugins/Runtime/AndroidPermission/Binaries/Win64/UE4Editor-AndroidPermission.dll (API version 3709383).
LogModuleManager: Display: Found up-to-date module file ../../../Engine/Plugins/Online/OnlineSubsystemNull/Binaries/Win64/UE4Editor-OnlineSubsystemNull.dll (API version 3709383).
LogModuleManager: Display: Found up-to-date module file ../../../Engine/Plugins/Online/OnlineSubsystemUtils/Binaries/Win64/UE4Editor-OnlineSubsystemUtils.dll (API version 3709383).
LogModuleManager: Display: Found up-to-date module file ../../../Engine/Plugins/Online/OnlineSubsystemUtils/Binaries/Win64/UE4Editor-OnlineBlueprintSupport.dll (API version 3709383).
LogModuleManager: Display: Found up-to-date module file ../../../Engine/Plugins/Runtime/AndroidDeviceProfileSelector/Binaries/Win64/UE4Editor-AndroidDeviceProfileSelector.dll (API version 3709383).
LogModuleManager: Display: Found up-to-date module file ../../../Engine/Plugins/Runtime/AppleARKit/Binaries/Win64/UE4Editor-AppleARKit.dll (API version 3709383).
LogModuleManager: Display: Found up-to-date module file ../../../Engine/Plugins/Runtime/ArchVisCharacter/Binaries/Win64/UE4Editor-ArchVisCharacter.dll (API version 3709383).
LogModuleManager: Display: Found up-to-date module file ../../../Engine/Plugins/Runtime/CableComponent/Binaries/Win64/UE4Editor-CableComponent.dll (API version 3709383).
LogModuleManager: Display: Found up-to-date module file ../../../Engine/Plugins/Runtime/CustomMeshComponent/Binaries/Win64/UE4Editor-CustomMeshComponent.dll (API version 3709383).
LogModuleManager: Display: Found up-to-date module file ../../../Engine/Plugins/Runtime/ExampleDeviceProfileSelector/Binaries/Win64/UE4Editor-ExampleDeviceProfileSelector.dll (API version 3709383).
LogModuleManager: Display: Found up-to-date module file ../../../Engine/Plugins/Runtime/ImmediatePhysics/Binaries/Win64/UE4Editor-ImmediatePhysics.dll (API version 3709383).
LogModuleManager: Display: Found up-to-date module file ../../../Engine/Plugins/Runtime/ImmediatePhysics/Binaries/Win64/UE4Editor-ImmediatePhysicsEditor.dll (API version 3709383).
LogModuleManager: Display: Found up-to-date module file ../../../Engine/Plugins/Runtime/LocationServicesBPLibrary/Binaries/Win64/UE4Editor-LocationServicesBPLibrary.dll (API version 3709383).
LogModuleManager: Display: Found up-to-date module file ../../../Engine/Plugins/Runtime/MobilePatchingUtils/Binaries/Win64/UE4Editor-MobilePatchingUtils.dll (API version 3709383).
LogModuleManager: Display: Found up-to-date module file ../../../Engine/Plugins/Runtime/Oculus/OculusVR/Binaries/Win64/UE4Editor-OculusHMD.dll (API version 3709383).
LogModuleManager: Display: Found up-to-date module file ../../../Engine/Plugins/Runtime/Oculus/OculusVR/Binaries/Win64/UE4Editor-OculusInput.dll (API version 3709383).
LogModuleManager: Display: Found up-to-date module file ../../../Engine/Plugins/Runtime/Oculus/OculusVR/Binaries/Win64/UE4Editor-OculusEditor.dll (API version 3709383).
LogModuleManager: Display: Found up-to-date module file ../../../Engine/Plugins/Runtime/PhysXVehicles/Binaries/Win64/UE4Editor-PhysXVehicles.dll (API version 3709383).
LogModuleManager: Display: Found up-to-date module file ../../../Engine/Plugins/Runtime/PhysXVehicles/Binaries/Win64/UE4Editor-PhysXVehiclesEditor.dll (API version 3709383).
LogModuleManager: Display: Found up-to-date module file ../../../Engine/Plugins/Runtime/ProceduralMeshComponent/Binaries/Win64/UE4Editor-ProceduralMeshComponent.dll (API version 3709383).
LogModuleManager: Display: Found up-to-date module file ../../../Engine/Plugins/Runtime/ProceduralMeshComponent/Binaries/Win64/UE4Editor-ProceduralMeshComponentEditor.dll (API version 3709383).
LogModuleManager: Display: Found up-to-date module file ../../../Engine/Plugins/Runtime/RuntimePhysXCooking/Binaries/Win64/UE4Editor-RuntimePhysXCooking.dll (API version 3709383).
LogModuleManager: Display: Found up-to-date module file ../../../Engine/Plugins/Runtime/Steam/SteamVR/Binaries/Win64/UE4Editor-SteamVR.dll (API version 3709383).
LogModuleManager: Display: Found up-to-date module file ../../../Engine/Plugins/Runtime/Steam/SteamVR/Binaries/Win64/UE4Editor-SteamVRController.dll (API version 3709383).
LogModuleManager: Display: Found up-to-date module file ../../../Engine/Plugins/Runtime/WindowsMoviePlayer/Binaries/Win64/UE4Editor-WindowsMoviePlayer.dll (API version 3709383).
LogPluginManager: Mounting plugin Paper2D
LogPluginManager: Mounting plugin LightPropagationVolume
LogPluginManager: Mounting plugin CodeLiteSourceCodeAccess
LogPluginManager: Mounting plugin GitSourceControl
LogPluginManager: Mounting plugin KDevelopSourceCodeAccess
LogPluginManager: Mounting plugin NullSourceCodeAccess
LogPluginManager: Mounting plugin PerforceSourceControl
LogPluginManager: Mounting plugin SubversionSourceControl
LogPluginManager: Mounting plugin UObjectPlugin
LogPluginManager: Mounting plugin VisualStudioCodeSourceCodeAccess
LogPluginManager: Mounting plugin VisualStudioSourceCodeAccess
LogPluginManager: Mounting plugin XCodeSourceCodeAccess
LogPluginManager: Mounting plugin AssetManagerEditor
LogPluginManager: Mounting plugin AudioCapture
LogPluginManager: Mounting plugin FacialAnimation
LogPluginManager: Mounting plugin GameplayTagsEditor
LogPluginManager: Mounting plugin MobileLauncherProfileWizard
LogPluginManager: Mounting plugin PluginBrowser
LogPluginManager: Mounting plugin SpeedTreeImporter
LogPluginManager: Mounting plugin AlembicImporter
LogPluginManager: Mounting plugin CharacterAI
LogPluginManager: Mounting plugin HTML5Networking
LogPluginManager: Mounting plugin AndroidMedia
LogPluginManager: Mounting plugin AvfMedia
LogPluginManager: Mounting plugin ImgMedia
LogPluginManager: Mounting plugin MediaCompositing
LogPluginManager: Mounting plugin MediaPlayerEditor
LogPluginManager: Mounting plugin WmfMedia
LogPluginManager: Mounting plugin TcpMessaging
LogPluginManager: Mounting plugin UdpMessaging
LogPluginManager: Mounting plugin ActorSequence
LogPluginManager: Mounting plugin LevelSequenceEditor
LogPluginManager: Mounting plugin MatineeToLevelSequence
LogPluginManager: Mounting plugin OnlineSubsystemGooglePlay
LogPluginManager: Mounting plugin OnlineSubsystemIOS
LogPluginManager: Mounting plugin OnlineSubsystem
LogPluginManager: Mounting plugin OnlineSubsystemNull
LogPluginManager: Mounting plugin OnlineSubsystemUtils
LogPluginManager: Mounting plugin AndroidDeviceProfileSelector
LogPluginManager: Mounting plugin AndroidMoviePlayer
LogPluginManager: Mounting plugin AndroidPermission
LogPluginManager: Mounting plugin AppleARKit
LogPluginManager: Mounting plugin AppleMoviePlayer
LogPluginManager: Mounting plugin ArchVisCharacter
LogPluginManager: Mounting plugin CableComponent
LogPluginManager: Mounting plugin CustomMeshComponent
LogPluginManager: Mounting plugin ExampleDeviceProfileSelector
LogPluginManager: Mounting plugin GoogleCloudMessaging
LogPluginManager: Mounting plugin ImmediatePhysics
LogPluginManager: Mounting plugin IOSDeviceProfileSelector
LogPluginManager: Mounting plugin LinuxDeviceProfileSelector
LogPluginManager: Mounting plugin LocationServicesBPLibrary
LogPluginManager: Mounting plugin MobilePatchingUtils
LogPluginManager: Mounting plugin OculusVR
LogPluginManager: Plugin shader directory ../../../Engine/Plugins/Runtime/Oculus/OculusVR/Shaders found
LogPluginManager: Mapping shader source directory ../../../Engine/Plugins/Runtime/Oculus/OculusVR/Shaders to virtual directory /Plugin/OculusVR
LogPluginManager: Mounting plugin PhysXVehicles
LogPluginManager: Mounting plugin ProceduralMeshComponent
LogPluginManager: Mounting plugin RuntimePhysXCooking
LogPluginManager: Mounting plugin SteamVR
LogPluginManager: Mounting plugin WindowsMoviePlayer
LogInit: Using libcurl 7.47.1
LogInit:  - built for x86_64-pc-win32
LogInit:  - supports SSL with OpenSSL/1.0.2g
LogInit:  - supports HTTP deflate (compression) using libz 1.2.8
LogInit:  - other features:
LogInit:      CURL_VERSION_SSL
LogInit:      CURL_VERSION_LIBZ
LogInit:      CURL_VERSION_IPV6
LogInit:      CURL_VERSION_ASYNCHDNS
LogInit:      CURL_VERSION_LARGEFILE
LogInit:      CURL_VERSION_IDN
LogInit:  CurlRequestOptions (configurable via config and command line):
LogInit:  - bVerifyPeer = false  - Libcurl will NOT verify peer certificate
LogInit:  - bUseHttpProxy = false  - Libcurl will NOT use HTTP proxy
LogInit:  - bDontReuseConnections = false  - Libcurl will reuse connections
LogInit:  - CertBundlePath = nullptr  - Libcurl will use whatever was configured at build time.
LogInit: Build: ++UE4+Release-4.18-CL-3832480
LogInit: Engine Version: 4.18.3-3832480+++UE4+Release-4.18
LogInit: Compatible Engine Version: 4.18.0-3709383+++UE4+Release-4.18
LogInit: Net CL: 3709383
LogDevObjectVersion: Number of dev versions registered: 16
LogDevObjectVersion:   Dev-Blueprints (B0D832E4-1F89-4F0D-ACCF-7EB736FD4AA2): 10
LogDevObjectVersion:   Dev-Build (E1C64328-A22C-4D53-A36C-8E866417BD8C): 0
LogDevObjectVersion:   Dev-Core (375EC13C-06E4-48FB-B500-84F0262A717E): 2
LogDevObjectVersion:   Dev-Editor (E4B068ED-F494-42E9-A231-DA0B2E46BB41): 20
LogDevObjectVersion:   Dev-Framework (CFFC743F-43B0-4480-9391-14DF171D2073): 30
LogDevObjectVersion:   Dev-Mobile (B02B49B5-BB20-44E9-A304-32B752E40360): 0
LogDevObjectVersion:   Dev-Networking (A4E4105C-59A1-49B5-A7C5-40C4547EDFEE): 0
LogDevObjectVersion:   Dev-Online (39C831C9-5AE6-47DC-9A44-9C173E1C8E7C): 0
LogDevObjectVersion:   Dev-Physics (78F01B33-EBEA-4F98-B9B4-84EACCB95AA2): 0
LogDevObjectVersion:   Dev-Platform (6631380F-2D4D-43E0-8009-CF276956A95A): 0
LogDevObjectVersion:   Dev-Rendering (12F88B9F-8875-4AFC-A67C-D90C383ABD29): 20
LogDevObjectVersion:   Dev-Sequencer (7B5AE74C-D270-4C10-A958-57980B212A5A): 4
LogDevObjectVersion:   Dev-VR (D7296918-1DD6-4BDD-9DE2-64A83CC13884): 0
LogDevObjectVersion:   Dev-LoadTimes (C2A15278-BFE7-4AFE-6C17-90FF531DF755): 1
LogDevObjectVersion:   Private-Geometry (6EACA3D4-40EC-4CC1-B786-8BED09428FC5): 1
LogDevObjectVersion:   Dev-AnimPhys (29E575DD-E0A3-4627-9D10-D276232CDCEA): 12
LogInit: Compiled (64-bit): Jan 12 2018 02:04:55
LogInit: Compiled with Visual C++: 19.00.24215.01
LogInit: Build Configuration: Development
LogInit: Branch Name: ++UE4+Release-4.18
LogInit: Command line:  
LogInit: Base directory: C:/Program Files/Epic Games/UE_4.18/Engine/Binaries/Win64/
LogInit: Installed Engine Build: 1
LogInit: Presizing for max 8388607 objects, including 0 objects not considered by GC, pre-allocating 0 bytes for permanent pool.
LogInit: Object subsystem initialized
[2018.01.31-14.04.49:742][  0]LogInit: Selected Device Profile: [Windows]
[2018.01.31-14.04.49:742][  0]LogInit: Applying CVar settings loaded from the selected device profile: [Windows]
[2018.01.31-14.04.49:799][  0]LogInit: Computer: DESKTOP-PDO9PMJ
[2018.01.31-14.04.49:799][  0]LogInit: User: 양형
[2018.01.31-14.04.49:799][  0]LogInit: CPU Page size=4096, Cores=4
[2018.01.31-14.04.49:799][  0]LogInit: High frequency timer resolution =2.437502 MHz
[2018.01.31-14.04.49:800][  0]LogMemory: Memory total: Physical=7.9GB (8GB approx)
[2018.01.31-14.04.49:800][  0]LogMemory: Platform Memory Stats for Windows
[2018.01.31-14.04.49:800][  0]LogMemory: Process Physical Memory: 273.28 MB used, 273.28 MB peak
[2018.01.31-14.04.49:800][  0]LogMemory: Process Virtual Memory: 263.68 MB used, 263.68 MB peak
[2018.01.31-14.04.49:800][  0]LogMemory: Physical Memory: 6113.85 MB used,  1944.61 MB free, 8058.46 MB total
[2018.01.31-14.04.49:800][  0]LogMemory: Virtual Memory: 670.24 MB used,  1944.61 MB free, 134217728.00 MB total
[2018.01.31-14.04.50:397][  0]LogInit: Using OS detected language (ko-KR).
[2018.01.31-14.04.50:397][  0]LogInit: Using OS detected locale (ko-KR).
[2018.01.31-14.04.50:453][  0]LogTextLocalizationManager: No specific localization for 'ko-KR' exists, so the 'ko' localization will be used.
[2018.01.31-14.04.50:743][  0]LogInit: Setting process to per monitor DPI aware
[2018.01.31-14.04.54:087][  0]LogD3D11RHI: D3D11 adapters:
[2018.01.31-14.04.54:210][  0]LogD3D11RHI:    0. 'NVIDIA GeForce GTX 1050 Ti' (Feature Level 11_0)
[2018.01.31-14.04.54:210][  0]LogD3D11RHI:       4029/0/4029 MB DedicatedVideo/DedicatedSystem/SharedSystem, Outputs:2, VendorId:0x10de
[2018.01.31-14.04.54:224][  0]LogD3D11RHI:    1. 'Intel(R) HD Graphics 630' (Feature Level 11_0)
[2018.01.31-14.04.54:224][  0]LogD3D11RHI:       128/0/4029 MB DedicatedVideo/DedicatedSystem/SharedSystem, Outputs:0, VendorId:0x8086
[2018.01.31-14.04.54:227][  0]LogD3D11RHI:    2. 'Microsoft Basic Render Driver' (Feature Level 11_0)
[2018.01.31-14.04.54:227][  0]LogD3D11RHI:       0/0/4029 MB DedicatedVideo/DedicatedSystem/SharedSystem, Outputs:0, VendorId:0x1414
[2018.01.31-14.04.54:227][  0]LogD3D11RHI: Chosen D3D11 Adapter: 0
[2018.01.31-14.04.54:239][  0]LogD3D11RHI: Creating new Direct3DDevice
[2018.01.31-14.04.54:240][  0]LogD3D11RHI:     GPU DeviceId: 0x1c8c (for the marketing name, search the web for "GPU Device Id")
[2018.01.31-14.04.54:240][  0]LogWindows: EnumDisplayDevices:
[2018.01.31-14.04.54:240][  0]LogWindows:    0. 'Intel(R) HD Graphics 630' (P:0 D:1)
[2018.01.31-14.04.54:241][  0]LogWindows:    1. 'Intel(R) HD Graphics 630' (P:0 D:0)
[2018.01.31-14.04.54:241][  0]LogWindows:    2. 'Intel(R) HD Graphics 630' (P:0 D:0)
[2018.01.31-14.04.54:242][  0]LogWindows:    3. 'NVIDIA GeForce GTX 1050 Ti' (P:1 D:1)
[2018.01.31-14.04.54:242][  0]LogWindows: DebugString: GetVideoDriverDetailsInvalid PrimaryIsNotTheChoosenAdapter GetVideoDriverDetailsInvalid PrimaryIsNotTheChoosenAdapter GetVideoDriverDetailsInvalid PrimaryIsNotTheChoosenAdapter GetVideoDriverDetailsInvalid PrimaryIsNotTheChoosenAdapter FoundDriverCount:0 
[2018.01.31-14.04.54:242][  0]LogD3D11RHI:     Adapter Name: NVIDIA GeForce GTX 1050 Ti
[2018.01.31-14.04.54:242][  0]LogD3D11RHI:   Driver Version: Unknown (internal:Unknown, unified:Unknown)
[2018.01.31-14.04.54:242][  0]LogD3D11RHI:      Driver Date: Unknown
[2018.01.31-14.04.54:242][  0]LogRHI: Texture pool is 2820 MB (70% of 4029 MB)
[2018.01.31-14.04.54:292][  0]LogD3D11RHI: Async texture creation enabled
[2018.01.31-14.04.54:342][  0]LogD3D11RHI: GPU Timing Frequency: 1000.000000 (Debug: 2 1)
[2018.01.31-14.04.54:404][  0]LogShaderCompilers: Guid format shader working directory is -14 characters bigger than the processId version (../../../../../../Users/양형/Documents/Unreal Projects/URS/Intermediate/Shaders/WorkingDirectory/12488/).
[2018.01.31-14.04.54:404][  0]LogShaderCompilers: Cleaned the shader compiler working directory 'C:/Users/양형/AppData/Local/Temp/UnrealShaderWorkingDir/E8CE92C54DAFDDBA061FDFAFD5B64CE6/'.
[2018.01.31-14.04.54:405][  0]LogShaderCompilers: Display: Using Local Shader Compiler.
[2018.01.31-14.04.57:271][  0]LogTemp: Display: Loaded TP AllDesktopTargetPlatform
[2018.01.31-14.04.57:411][  0]LogTemp: Display: Loaded TP MacClientTargetPlatform
[2018.01.31-14.04.57:537][  0]LogTemp: Display: Loaded TP MacNoEditorTargetPlatform
[2018.01.31-14.04.57:670][  0]LogTemp: Display: Loaded TP MacServerTargetPlatform
[2018.01.31-14.04.57:807][  0]LogTemp: Display: Loaded TP MacTargetPlatform
[2018.01.31-14.04.57:935][  0]LogTemp: Display: Loaded TP WindowsClientTargetPlatform
[2018.01.31-14.04.58:065][  0]LogTemp: Display: Loaded TP WindowsNoEditorTargetPlatform
[2018.01.31-14.04.58:188][  0]LogTemp: Display: Loaded TP WindowsServerTargetPlatform
[2018.01.31-14.04.58:304][  0]LogTemp: Display: Loaded TP WindowsTargetPlatform
[2018.01.31-14.04.58:439][  0]LogTemp: Display: Loaded TP Android_ASTCTargetPlatform
[2018.01.31-14.04.58:562][  0]LogTemp: Display: Loaded TP Android_ATCTargetPlatform
[2018.01.31-14.04.58:682][  0]LogTemp: Display: Loaded TP Android_DXTTargetPlatform
[2018.01.31-14.04.58:800][  0]LogTemp: Display: Loaded TP Android_ETC1TargetPlatform
[2018.01.31-14.04.58:925][  0]LogTemp: Display: Loaded TP Android_ETC2TargetPlatform
[2018.01.31-14.04.59:171][  0]LogTemp: Display: Loaded TP Android_MultiTargetPlatform
[2018.01.31-14.04.59:171][  0]LogTemp: Display: Loaded TP Android_PVRTCTargetPlatform
[2018.01.31-14.04.59:307][  0]LogTemp: Display: Loaded TP AndroidTargetPlatform
[2018.01.31-14.04.59:414][  0]LogTemp: Display: Loaded TP HTML5TargetPlatform
[2018.01.31-14.04.59:613][  0]LogTemp: Display: Loaded TP IOSTargetPlatform
[2018.01.31-14.04.59:663][  0]LogTemp: Display: Loaded TP TVOSTargetPlatform
[2018.01.31-14.04.59:802][  0]LogTemp: Display: Loaded TP LinuxClientTargetPlatform
[2018.01.31-14.04.59:928][  0]LogTemp: Display: Loaded TP LinuxNoEditorTargetPlatform
[2018.01.31-14.05.00:051][  0]LogTemp: Display: Loaded TP LinuxServerTargetPlatform
[2018.01.31-14.05.00:190][  0]LogTemp: Display: Loaded TP LinuxTargetPlatform
[2018.01.31-14.05.00:190][  0]LogTargetPlatformManager: Display: Building Assets For Windows
[2018.01.31-14.05.01:416][  0]LogDerivedDataCache: Display: Max Cache Size: 512 MB
[2018.01.31-14.05.01:833][  0]LogDerivedDataCache: Loaded boot cache 0.42s 78MB C:/Users/양형/AppData/Local/UnrealEngine/4.18/DerivedDataCache/Boot.ddc.
[2018.01.31-14.05.01:833][  0]LogDerivedDataCache: Display: Loaded Boot cache: C:/Users/양형/AppData/Local/UnrealEngine/4.18/DerivedDataCache/Boot.ddc
[2018.01.31-14.05.01:833][  0]LogDerivedDataCache: FDerivedDataBackendGraph:  Pak pak cache file ../../../../../../Users/양형/Documents/Unreal Projects/URS/DerivedDataCache/DDC.ddp not found, will not use a pak cache.
[2018.01.31-14.05.01:833][  0]LogDerivedDataCache: Unable to find inner node Pak for hierarchical cache Hierarchy.
[2018.01.31-14.05.01:833][  0]LogDerivedDataCache: FDerivedDataBackendGraph:  CompressedPak pak cache file ../../../../../../Users/양형/Documents/Unreal Projects/URS/DerivedDataCache/Compressed.ddp not found, will not use a pak cache.
[2018.01.31-14.05.01:833][  0]LogDerivedDataCache: Unable to find inner node CompressedPak for hierarchical cache Hierarchy.
[2018.01.31-14.05.01:876][  0]LogDerivedDataCache: Display: Pak cache opened for reading ../../../Engine/DerivedDataCache/Compressed.ddp.
[2018.01.31-14.05.01:890][  0]LogDerivedDataCache: Using Local data cache path C:/Users/양형/AppData/Local/UnrealEngine/Common/DerivedDataCache: Writable
[2018.01.31-14.05.01:908][  0]LogMaterial: Verifying Global Shaders for PCD3D_SM5
[2018.01.31-14.05.01:916][  0]LogSlate: Using Freetype 2.6.0
[2018.01.31-14.05.01:932][  0]LogSlate: SlateFontCache - WITH_FREETYPE: 1, WITH_HARFBUZZ: 1
[2018.01.31-14.05.01:933][  0]LogSlate: SlateFontCache - WITH_FREETYPE: 1, WITH_HARFBUZZ: 1
[2018.01.31-14.05.03:404][  0]LogInit: Selected Device Profile: [Windows]
[2018.01.31-14.05.04:379][  0]LogSimplygon: Simplygon DLL not present - disabling.
[2018.01.31-14.05.04:494][  0]LogMeshReduction: Using SimplygonSwarm for distributed automatic mesh merging
[2018.01.31-14.05.04:494][  0]LogMeshReduction: Using QuadricMeshReduction for automatic static mesh reduction
[2018.01.31-14.05.04:494][  0]LogMeshReduction: No automatic skeletal mesh reduction module available
[2018.01.31-14.05.04:494][  0]LogMeshReduction: No automatic mesh merging module available
[2018.01.31-14.05.04:494][  0]LogMeshMerging: No automatic mesh merging module available
[2018.01.31-14.05.04:600][  0]LogNetVersion: URS , NetCL: 3709383, EngineNetVer: 2, GameNetVer: 0 (Checksum: 1777970781)
[2018.01.31-14.05.05:225][  0]LogAssetRegistry: FAssetRegistry took 0.0313 seconds to start up
[2018.01.31-14.05.06:796][  0]LogPackageLocalizationCache: Processed 7 localized package path(s) for 2 prioritized culture(s) in 0.106556 seconds
[2018.01.31-14.05.06:804][  0]LogUObjectArray: 35870 objects as part of root set at end of initial load.
[2018.01.31-14.05.06:804][  0]LogUObjectAllocator: 7363704 out of 0 bytes used by permanent object pool.
[2018.01.31-14.05.06:804][  0]LogUObjectArray: CloseDisregardForGC: 0/0 objects in disregard for GC pool
[2018.01.31-14.05.06:913][  0]LogInit: WinSock: version 1.1 (2.2), MaxSocks=32767, MaxUdp=65467
[2018.01.31-14.05.16:701][  0]LogTcpMessaging: Initializing TcpMessaging bridge
[2018.01.31-14.05.16:775][  0]LogUdpMessaging: Initializing bridge on interface 0.0.0.0:0 to multicast group 230.0.0.1:6666.
[2018.01.31-14.05.18:616][  0]LogMaterial: Uniform references updated for custom material expression Custom.
[2018.01.31-14.05.19:736][  0]SourceControl: 소스 콘트롤이 꺼졌습니다.
[2018.01.31-14.05.19:737][  0]SourceControl: 소스 콘트롤이 꺼졌습니다.
[2018.01.31-14.05.19:878][  0]SourceControl: 소스 콘트롤이 꺼졌습니다.
[2018.01.31-14.05.20:011][  0]SourceControl: 소스 콘트롤이 꺼졌습니다.
[2018.01.31-14.05.22:197][  0]LogAndroidPermission: UAndroidPermissionCallbackProxy::GetInstance
[2018.01.31-14.05.22:876][  0]LogOcInput: OculusInput pre-init called
[2018.01.31-14.05.23:593][  0]LogEngine: Initializing Engine...
[2018.01.31-14.05.23:602][  0]LogHMD: Failed to initialize OpenVR with code 110
[2018.01.31-14.05.24:096][  0]LogStats: UGameplayTagsManager::ConstructGameplayTagTree: Construct from data asset -  0.000 s
[2018.01.31-14.05.24:097][  0]LogStats: UGameplayTagsManager::ConstructGameplayTagTree: GameplayTagTreeChangedEvent.Broadcast -  0.000 s
[2018.01.31-14.05.24:508][  0]LogAIModule: Creating AISystem for world Untitled
[2018.01.31-14.05.24:560][  0]LogInit: XAudio2 using '스피커 / 헤드폰(Realtek Audio)' : 2 channels at 48 kHz using 32 bits per sample (channel mask 0x3)
[2018.01.31-14.05.24:702][  0]LogInit: FAudioDevice initialized.
[2018.01.31-14.05.24:804][  0]LogDerivedDataCache: Saved boot cache 0.10s 78MB C:/Users/양형/AppData/Local/UnrealEngine/4.18/DerivedDataCache/Boot.ddc.
[2018.01.31-14.05.24:835][  0]LogInit: Texture streaming: Enabled
[2018.01.31-14.05.25:077][  0]LogEngineSessionManager: EngineSessionManager initialized
[2018.01.31-14.05.25:435][  0]LogInit: Transaction tracking system initialized
[2018.01.31-14.05.26:358][  0]BlueprintLog: New page: 에디터 로드
[2018.01.31-14.05.28:852][  0]LocalizationService: 현지화 서비스가 비활성화되었습니다.
[2018.01.31-14.05.30:229][  0]LogLinker: Warning: '/Game/ThirdPersonBP/ThirdPersonOverview' 파일을 찾을 수 없습니다.
[2018.01.31-14.05.30:229][  0]LogLinker: Warning: '/Game/ThirdPersonBP/ThirdPersonOverview' 파일을 찾을 수 없습니다.
[2018.01.31-14.05.30:230][  0]LogUObjectGlobals: Warning: 'Class /Game/ThirdPersonBP/ThirdPersonOverview.ThirdPersonOverview_C' 오브젝트를 찾는 데 실패했습니다.
[2018.01.31-14.05.30:856][  0]LogConsoleResponse: Display: 
[2018.01.31-14.05.31:572][  0]LogCook: Display: Max memory allowance for cook 16384mb min free memory 0mb
[2018.01.31-14.05.31:573][  0]LogCook: Display: Mobile HDR setting 1
[2018.01.31-14.05.31:573][  0]LogGameplayTags: Display: UGameplayTagsManager::DoneAddingNativeTags. DelegateIsBound: 0
[2018.01.31-14.05.32:439][  0]LogFileCache: Scanning file cache for directory 'C:/Users/양형/Documents/Unreal Projects/URS/Content/' took 0.02s
[2018.01.31-14.05.34:738][  0]SourceControl: 소스 콘트롤이 꺼졌습니다.
[2018.01.31-14.05.34:740][  0]Cmd: MAP LOAD FILE="../../../../../../Users/양형/Documents/Unreal Projects/URS/Content/FirstPersonBP/Maps/FirstPersonExampleMap.umap" TEMPLATE=0 SHOWPROGRESS=1 FEATURELEVEL=3
[2018.01.31-14.05.34:750][  0]LightingResults: New page: 라이팅 빌드
[2018.01.31-14.05.34:878][  0]MapCheck: New page: 맵 체크
[2018.01.31-14.05.34:878][  0]LightingResults: New page: 라이팅 빌드
[2018.01.31-14.05.35:491][  0]LogBlueprint: Warning: [Compiler Ue4ASP_Character] 입력 액션 이벤트가  Crouch 입력 액션  에 대한 미확인 'Crouch' 액션을 레퍼런싱합니다.
[2018.01.31-14.05.35:513][  0]LogBlueprint: Warning: [Compiler Ue4ASP_Character] [0052.72] Ue4ASP_Character 컴파일에 성공했습니다만, 경고가 1 회 있습니다. [소요시간 100 ms] (/Game/AnimStarterPack/Ue4ASP_Character.Ue4ASP_Character)
[2018.01.31-14.05.36:990][  0]LogAIModule: Creating AISystem for world FirstPersonExampleMap
[2018.01.31-14.05.37:070][  0]LogEditorServer: Finished looking for orphan Actors (0.000 secs)
[2018.01.31-14.05.37:105][  0]Cmd: MAP CHECKDEP NOCLEARLOG
[2018.01.31-14.05.37:219][  0]MapCheck: 맵 체크 완료: 오류 0 회, 경고 0 회, 소요 시간 112.829ms.
[2018.01.31-14.05.37:219][  0]LogFileHelpers: Loading map 'FirstPersonExampleMap' took 2.479
[2018.01.31-14.05.37:613][  0]LogCollectionManager: Loaded 0 collections in 0.001505 seconds
[2018.01.31-14.05.37:801][  0]LogFileCache: Scanning file cache for directory 'C:/Users/양형/Documents/Unreal Projects/URS/Saved/Collections/' took 0.01s
[2018.01.31-14.05.37:801][  0]LogFileCache: Scanning file cache for directory 'C:/Users/양형/Documents/Unreal Projects/URS/Content/Developers/양형/Collections/' took 0.01s
[2018.01.31-14.05.37:801][  0]LogFileCache: Scanning file cache for directory 'C:/Users/양형/Documents/Unreal Projects/URS/Content/Collections/' took 0.01s
[2018.01.31-14.05.37:801][  0]LogCollectionManager: Rebuilt the GUID cache for 0 collections in 0.000000 seconds
[2018.01.31-14.05.37:814][  0]LogContentBrowser: Native class hierarchy populated in 0.0099 seconds. Added 2363 classes and 519 folders.
[2018.01.31-14.05.37:996][  0]LogContentBrowser: Native class hierarchy updated for 'WidgetCarousel' in 0.0003 seconds. Added 0 classes and 0 folders.
[2018.01.31-14.05.38:527][  0]LogContentBrowser: Native class hierarchy updated for 'AddContentDialog' in 0.0003 seconds. Added 0 classes and 0 folders.
[2018.01.31-14.05.38:661][  0]LogContentBrowser: Native class hierarchy updated for 'SceneOutliner' in 0.0002 seconds. Added 1 classes and 2 folders.
[2018.01.31-14.05.38:928][  0]LogSlate: Took 0.010906 seconds to synchronously load lazily loaded font '../../../Engine/Content/Slate/Fonts/Roboto-Regular.ttf' (155K)
[2018.01.31-14.05.38:966][  0]LogSlate: Took 0.035727 seconds to synchronously load lazily loaded font '../../../Engine/Content/Slate/Fonts/NanumGothic.ttf' (4243K)
[2018.01.31-14.05.38:974][  0]LogSlate: Took 0.007020 seconds to synchronously load lazily loaded font '../../../Engine/Content/Slate/Fonts/Roboto-Bold.ttf' (160K)
[2018.01.31-14.05.38:994][  0]LogSlate: Took 0.011066 seconds to synchronously load lazily loaded font '../../../Engine/Content/Editor/Slate/Fonts/FontAwesome.ttf' (139K)
[2018.01.31-14.05.39:279][  0]LogRenderer: Reallocating scene render targets to support 1320x700 Format 10 NumSamples 1 (Frame:1).
[2018.01.31-14.05.39:718][  0]LogContentBrowser: Native class hierarchy updated for 'HierarchicalLODOutliner' in 0.0004 seconds. Added 1 classes and 2 folders.
[2018.01.31-14.05.39:718][  0]LogLoad: (Engine Initialization) Total time: 56.93 seconds
[2018.01.31-14.05.39:718][  0]LogLoad: (Engine Initialization) Total Blueprint compile time: 0.00 seconds
[2018.01.31-14.05.39:719][  0]LogExternalProfiler: No external profilers were discovered.  External profiling features will not be available.
[2018.01.31-14.05.40:104][  0]LogContentStreaming: Texture pool size now 1000 MB
[2018.01.31-14.05.40:201][  0]LogSlate: Took 0.006747 seconds to synchronously load lazily loaded font '../../../Engine/Content/Slate/Fonts/Roboto-Light.ttf' (159K)
[2018.01.31-14.05.40:413][  1]LogAssetRegistry: Asset discovery search completed in 35.2105 seconds
[2018.01.31-14.05.40:415][  1]LogCollectionManager: Rebuilt the object cache for 0 collections in 0.000000 seconds (found 0 objects)
[2018.01.31-14.05.40:415][  1]LogCollectionManager: Fixed up redirectors for 0 collections in 0.000070 seconds (updated 0 objects)
[2018.01.31-14.06.15:480][675]Cmd: MAP LOAD FILE="../../../../../../Users/양형/Documents/Unreal Projects/URS/Content/URS.umap" TEMPLATE=0 SHOWPROGRESS=1 FEATURELEVEL=3
[2018.01.31-14.06.15:491][675]LogSlate: Took 0.001195 seconds to synchronously load lazily loaded font '../../../Engine/Content/Slate/Fonts/Roboto-Light.ttf' (159K)
[2018.01.31-14.06.15:503][675]LightingResults: New page: 라이팅 빌드
[2018.01.31-14.06.15:504][675]LoadErrors: New page: 맵 로드중: URS.umap
[2018.01.31-14.06.15:508][675]MapCheck: New page: 맵 체크
[2018.01.31-14.06.15:508][675]LightingResults: New page: 라이팅 빌드
[2018.01.31-14.06.16:035][675]LogAIModule: Creating AISystem for world URS
[2018.01.31-14.06.16:477][675]LogStreaming: Display: ULevelStreaming::RequestLevel(/Game/URS_House_Fixed) is flushing async loading
[2018.01.31-14.06.16:825][675]LogEditorServer: Finished looking for orphan Actors (0.000 secs)
[2018.01.31-14.06.16:907][675]Cmd: MAP CHECKDEP NOCLEARLOG
[2018.01.31-14.06.17:024][675]MapCheck: 맵 체크 완료: 오류 0 회, 경고 0 회, 소요 시간 116.939ms.
[2018.01.31-14.06.17:024][675]LogFileHelpers: Loading map 'URS' took 1.551
[2018.01.31-14.07.36:783][698]LogTemp: Repeating last play command: 새 에디터 창 (PIE)
[2018.01.31-14.07.36:865][698]LogBlueprintUserMessages: Early PlayInEditor Detection: Level '/Game/URS.URS:PersistentLevel' has LevelScriptBlueprint '/Game/URS.URS:PersistentLevel.URS' with GeneratedClass '/Game/URS.URS_C' with ClassGeneratedBy '/Game/URS.URS:PersistentLevel.URS'
[2018.01.31-14.07.36:865][698]LogBlueprintUserMessages: Early PlayInEditor Detection: Level '/Game/URS_House_Fixed.URS_House_Fixed:PersistentLevel' has LevelScriptBlueprint '/Game/URS_House_Fixed.URS_House_Fixed:PersistentLevel.URS_House_Fixed' with GeneratedClass '/Game/URS_House_Fixed.URS_House_C' with ClassGeneratedBy '/Game/URS_House_Fixed.URS_House_Fixed:PersistentLevel.URS_House_Fixed'
[2018.01.31-14.07.36:866][698]LogPlayLevel: PlayLevel: No blueprints needed recompiling
[2018.01.31-14.07.36:869][698]PIE: New page: PIE 세션: URS (2018. 2. 1. 오전 8:07:36)
[2018.01.31-14.07.36:870][698]LogPlayLevel: Creating play world package: /Game/UEDPIE_0_URS
[2018.01.31-14.07.36:898][698]LogPlayLevel: PIE: StaticDuplicateObject took: (0.027783s)
[2018.01.31-14.07.36:899][698]LogAIModule: Creating AISystem for world URS
[2018.01.31-14.07.36:899][698]LogPlayLevel: PIE: World Init took: (0.000978s)
[2018.01.31-14.07.36:899][698]LogPlayLevel: PIE: Created PIE world by copying editor world from /Game/URS.URS to /Game/UEDPIE_0_URS.URS (0.029156s)
[2018.01.31-14.07.36:928][698]LogInit: XAudio2 using '스피커 / 헤드폰(Realtek Audio)' : 2 channels at 48 kHz using 32 bits per sample (channel mask 0x3)
[2018.01.31-14.07.37:033][698]LogInit: FAudioDevice initialized.
[2018.01.31-14.07.37:114][698]LogLoad: Game class is 'FirstPersonGameMode_C'
[2018.01.31-14.07.37:126][698]LogWorld: Bringing World /Game/UEDPIE_0_URS.URS up for play (max tick rate 60) at 2018.01.31-23.07.37
[2018.01.31-14.07.37:129][698]LogWorld: Bringing up level for play took: 0.004864
[2018.01.31-14.07.37:262][698]LogContentBrowser: Native class hierarchy updated for 'MovieSceneCapture' in 0.0003 seconds. Added 11 classes and 0 folders.
[2018.01.31-14.07.37:306][698]PIE: /Game/UEDPIE_0_URS 에 대한 에디터에서 플레이 시작 시간: -0.449
[2018.01.31-14.07.37:308][698]LogBlueprintUserMessages: Late PlayInEditor Detection: Level '/Game/URS.URS:PersistentLevel' has LevelScriptBlueprint '/Game/URS.URS:PersistentLevel.URS' with GeneratedClass '/Game/URS.URS_C' with ClassGeneratedBy '/Game/URS.URS:PersistentLevel.URS'
[2018.01.31-14.07.37:308][698]LogBlueprintUserMessages: Late PlayInEditor Detection: Level '/Game/URS_House_Fixed.URS_House_Fixed:PersistentLevel' has LevelScriptBlueprint '/Game/URS_House_Fixed.URS_House_Fixed:PersistentLevel.URS_House_Fixed' with GeneratedClass '/Game/URS_House_Fixed.URS_House_C' with ClassGeneratedBy '/Game/URS_House_Fixed.URS_House_Fixed:PersistentLevel.URS_House_Fixed'
[2018.01.31-14.07.37:362][698]LogRenderer: Reallocating scene render targets to support 1320x756 Format 10 NumSamples 1 (Frame:1).
[2018.01.31-14.07.37:421][699]LogCharacterMovement: Warning: GetSimulationTimeStep() - Max iterations 8 hit while remaining time 0.094248 > MaxSimulationTimeStep (0.050) for 'FirstPersonCharacter_C_0', movement 'Walking'
[2018.01.31-14.07.38:225][746]LogBlueprintUserMessages: Early EndPlayMap Detection: Level '/Game/URS.URS:PersistentLevel' has LevelScriptBlueprint '/Game/URS.URS:PersistentLevel.URS' with GeneratedClass '/Game/URS.URS_C' with ClassGeneratedBy '/Game/URS.URS:PersistentLevel.URS'
[2018.01.31-14.07.38:225][746]LogBlueprintUserMessages: Early EndPlayMap Detection: Level '/Game/URS_House_Fixed.URS_House_Fixed:PersistentLevel' has LevelScriptBlueprint '/Game/URS_House_Fixed.URS_House_Fixed:PersistentLevel.URS_House_Fixed' with GeneratedClass '/Game/URS_House_Fixed.URS_House_C' with ClassGeneratedBy '/Game/URS_House_Fixed.URS_House_Fixed:PersistentLevel.URS_House_Fixed'
[2018.01.31-14.07.38:300][746]LogBlueprintUserMessages: Late EndPlayMap Detection: Level '/Game/URS.URS:PersistentLevel' has LevelScriptBlueprint '/Game/URS.URS:PersistentLevel.URS' with GeneratedClass '/Game/URS.URS_C' with ClassGeneratedBy '/Game/URS.URS:PersistentLevel.URS'
[2018.01.31-14.07.38:300][746]LogBlueprintUserMessages: Late EndPlayMap Detection: Level '/Game/URS_House_Fixed.URS_House_Fixed:PersistentLevel' has LevelScriptBlueprint '/Game/URS_House_Fixed.URS_House_Fixed:PersistentLevel.URS_House_Fixed' with GeneratedClass '/Game/URS_House_Fixed.URS_House_C' with ClassGeneratedBy '/Game/URS_House_Fixed.URS_House_Fixed:PersistentLevel.URS_House_Fixed'
[2018.01.31-14.07.41:865][822]LogTemp: Repeating last play command: 새 에디터 창 (PIE)
[2018.01.31-14.07.41:890][822]LogBlueprintUserMessages: Early PlayInEditor Detection: Level '/Game/URS.URS:PersistentLevel' has LevelScriptBlueprint '/Game/URS.URS:PersistentLevel.URS' with GeneratedClass '/Game/URS.URS_C' with ClassGeneratedBy '/Game/URS.URS:PersistentLevel.URS'
[2018.01.31-14.07.41:890][822]LogBlueprintUserMessages: Early PlayInEditor Detection: Level '/Game/URS_House_Fixed.URS_House_Fixed:PersistentLevel' has LevelScriptBlueprint '/Game/URS_House_Fixed.URS_House_Fixed:PersistentLevel.URS_House_Fixed' with GeneratedClass '/Game/URS_House_Fixed.URS_House_C' with ClassGeneratedBy '/Game/URS_House_Fixed.URS_House_Fixed:PersistentLevel.URS_House_Fixed'
[2018.01.31-14.07.41:890][822]LogPlayLevel: PlayLevel: No blueprints needed recompiling
[2018.01.31-14.07.41:890][822]PIE: New page: PIE 세션: URS (2018. 2. 1. 오전 8:07:41)
[2018.01.31-14.07.41:891][822]LogPlayLevel: Creating play world package: /Game/UEDPIE_0_URS
[2018.01.31-14.07.41:910][822]LogPlayLevel: PIE: StaticDuplicateObject took: (0.019447s)
[2018.01.31-14.07.41:911][822]LogAIModule: Creating AISystem for world URS
[2018.01.31-14.07.41:912][822]LogPlayLevel: PIE: World Init took: (0.001447s)
[2018.01.31-14.07.41:912][822]LogPlayLevel: PIE: Created PIE world by copying editor world from /Game/URS.URS to /Game/UEDPIE_0_URS.URS (0.021273s)
[2018.01.31-14.07.41:941][822]LogInit: XAudio2 using '스피커 / 헤드폰(Realtek Audio)' : 2 channels at 48 kHz using 32 bits per sample (channel mask 0x3)
[2018.01.31-14.07.42:050][822]LogInit: FAudioDevice initialized.
[2018.01.31-14.07.42:106][822]LogLoad: Game class is 'FirstPersonGameMode_C'
[2018.01.31-14.07.42:108][822]LogWorld: Bringing World /Game/UEDPIE_0_URS.URS up for play (max tick rate 60) at 2018.01.31-23.07.42
[2018.01.31-14.07.42:109][822]LogWorld: Bringing up level for play took: 0.001833
[2018.01.31-14.07.42:143][822]PIE: /Game/UEDPIE_0_URS 에 대한 에디터에서 플레이 시작 시간: 0.388
[2018.01.31-14.07.42:143][822]LogBlueprintUserMessages: Late PlayInEditor Detection: Level '/Game/URS.URS:PersistentLevel' has LevelScriptBlueprint '/Game/URS.URS:PersistentLevel.URS' with GeneratedClass '/Game/URS.URS_C' with ClassGeneratedBy '/Game/URS.URS:PersistentLevel.URS'
[2018.01.31-14.07.42:143][822]LogBlueprintUserMessages: Late PlayInEditor Detection: Level '/Game/URS_House_Fixed.URS_House_Fixed:PersistentLevel' has LevelScriptBlueprint '/Game/URS_House_Fixed.URS_House_Fixed:PersistentLevel.URS_House_Fixed' with GeneratedClass '/Game/URS_House_Fixed.URS_House_C' with ClassGeneratedBy '/Game/URS_House_Fixed.URS_House_Fixed:PersistentLevel.URS_House_Fixed'
[2018.01.31-14.07.42:225][823]LogCharacterMovement: Warning: GetSimulationTimeStep() - Max iterations 8 hit while remaining time 0.052027 > MaxSimulationTimeStep (0.050) for 'FirstPersonCharacter_C_0', movement 'Walking'
[2018.01.31-14.07.54:337][548]LogBlueprintUserMessages: Early EndPlayMap Detection: Level '/Game/URS.URS:PersistentLevel' has LevelScriptBlueprint '/Game/URS.URS:PersistentLevel.URS' with GeneratedClass '/Game/URS.URS_C' with ClassGeneratedBy '/Game/URS.URS:PersistentLevel.URS'
[2018.01.31-14.07.54:338][548]LogBlueprintUserMessages: Early EndPlayMap Detection: Level '/Game/URS_House_Fixed.URS_House_Fixed:PersistentLevel' has LevelScriptBlueprint '/Game/URS_House_Fixed.URS_House_Fixed:PersistentLevel.URS_House_Fixed' with GeneratedClass '/Game/URS_House_Fixed.URS_House_C' with ClassGeneratedBy '/Game/URS_House_Fixed.URS_House_Fixed:PersistentLevel.URS_House_Fixed'
[2018.01.31-14.07.54:398][548]LogBlueprintUserMessages: Late EndPlayMap Detection: Level '/Game/URS.URS:PersistentLevel' has LevelScriptBlueprint '/Game/URS.URS:PersistentLevel.URS' with GeneratedClass '/Game/URS.URS_C' with ClassGeneratedBy '/Game/URS.URS:PersistentLevel.URS'
[2018.01.31-14.07.54:398][548]LogBlueprintUserMessages: Late EndPlayMap Detection: Level '/Game/URS_House_Fixed.URS_House_Fixed:PersistentLevel' has LevelScriptBlueprint '/Game/URS_House_Fixed.URS_House_Fixed:PersistentLevel.URS_House_Fixed' with GeneratedClass '/Game/URS_House_Fixed.URS_House_C' with ClassGeneratedBy '/Game/URS_House_Fixed.URS_House_Fixed:PersistentLevel.URS_House_Fixed'
[2018.01.31-14.08.04:720][651]LogTemp: Repeating last play command: 새 에디터 창 (PIE)
[2018.01.31-14.08.04:768][651]LogBlueprintUserMessages: Early PlayInEditor Detection: Level '/Game/URS.URS:PersistentLevel' has LevelScriptBlueprint '/Game/URS.URS:PersistentLevel.URS' with GeneratedClass '/Game/URS.URS_C' with ClassGeneratedBy '/Game/URS.URS:PersistentLevel.URS'
[2018.01.31-14.08.04:768][651]LogBlueprintUserMessages: Early PlayInEditor Detection: Level '/Game/URS_House_Fixed.URS_House_Fixed:PersistentLevel' has LevelScriptBlueprint '/Game/URS_House_Fixed.URS_House_Fixed:PersistentLevel.URS_House_Fixed' with GeneratedClass '/Game/URS_House_Fixed.URS_House_C' with ClassGeneratedBy '/Game/URS_House_Fixed.URS_House_Fixed:PersistentLevel.URS_House_Fixed'
[2018.01.31-14.08.04:768][651]LogPlayLevel: PlayLevel: No blueprints needed recompiling
[2018.01.31-14.08.04:768][651]PIE: New page: PIE 세션: URS (2018. 2. 1. 오전 8:08:04)
[2018.01.31-14.08.04:768][651]LogPlayLevel: Creating play world package: /Game/UEDPIE_0_URS
[2018.01.31-14.08.04:792][651]LogPlayLevel: PIE: StaticDuplicateObject took: (0.023401s)
[2018.01.31-14.08.04:793][651]LogAIModule: Creating AISystem for world URS
[2018.01.31-14.08.04:794][651]LogPlayLevel: PIE: World Init took: (0.001751s)
[2018.01.31-14.08.04:794][651]LogPlayLevel: PIE: Created PIE world by copying editor world from /Game/URS.URS to /Game/UEDPIE_0_URS.URS (0.025513s)
[2018.01.31-14.08.04:823][651]LogInit: XAudio2 using '스피커 / 헤드폰(Realtek Audio)' : 2 channels at 48 kHz using 32 bits per sample (channel mask 0x3)
[2018.01.31-14.08.04:931][651]LogInit: FAudioDevice initialized.
[2018.01.31-14.08.04:984][651]LogLoad: Game class is 'FirstPersonGameMode_C'
[2018.01.31-14.08.04:987][651]LogWorld: Bringing World /Game/UEDPIE_0_URS.URS up for play (max tick rate 60) at 2018.01.31-23.08.04
[2018.01.31-14.08.04:987][651]LogWorld: Bringing up level for play took: 0.002384
[2018.01.31-14.08.05:022][651]PIE: /Game/UEDPIE_0_URS 에 대한 에디터에서 플레이 시작 시간: -0.734
[2018.01.31-14.08.05:022][651]LogBlueprintUserMessages: Late PlayInEditor Detection: Level '/Game/URS.URS:PersistentLevel' has LevelScriptBlueprint '/Game/URS.URS:PersistentLevel.URS' with GeneratedClass '/Game/URS.URS_C' with ClassGeneratedBy '/Game/URS.URS:PersistentLevel.URS'
[2018.01.31-14.08.05:022][651]LogBlueprintUserMessages: Late PlayInEditor Detection: Level '/Game/URS_House_Fixed.URS_House_Fixed:PersistentLevel' has LevelScriptBlueprint '/Game/URS_House_Fixed.URS_House_Fixed:PersistentLevel.URS_House_Fixed' with GeneratedClass '/Game/URS_House_Fixed.URS_House_C' with ClassGeneratedBy '/Game/URS_House_Fixed.URS_House_Fixed:PersistentLevel.URS_House_Fixed'
[2018.01.31-14.08.06:441][733]LogBlueprintUserMessages: Early EndPlayMap Detection: Level '/Game/URS.URS:PersistentLevel' has LevelScriptBlueprint '/Game/URS.URS:PersistentLevel.URS' with GeneratedClass '/Game/URS.URS_C' with ClassGeneratedBy '/Game/URS.URS:PersistentLevel.URS'
[2018.01.31-14.08.06:441][733]LogBlueprintUserMessages: Early EndPlayMap Detection: Level '/Game/URS_House_Fixed.URS_House_Fixed:PersistentLevel' has LevelScriptBlueprint '/Game/URS_House_Fixed.URS_House_Fixed:PersistentLevel.URS_House_Fixed' with GeneratedClass '/Game/URS_House_Fixed.URS_House_C' with ClassGeneratedBy '/Game/URS_House_Fixed.URS_House_Fixed:PersistentLevel.URS_House_Fixed'
[2018.01.31-14.08.06:498][733]LogBlueprintUserMessages: Late EndPlayMap Detection: Level '/Game/URS.URS:PersistentLevel' has LevelScriptBlueprint '/Game/URS.URS:PersistentLevel.URS' with GeneratedClass '/Game/URS.URS_C' with ClassGeneratedBy '/Game/URS.URS:PersistentLevel.URS'
[2018.01.31-14.08.06:498][733]LogBlueprintUserMessages: Late EndPlayMap Detection: Level '/Game/URS_House_Fixed.URS_House_Fixed:PersistentLevel' has LevelScriptBlueprint '/Game/URS_House_Fixed.URS_House_Fixed:PersistentLevel.URS_House_Fixed' with GeneratedClass '/Game/URS_House_Fixed.URS_House_C' with ClassGeneratedBy '/Game/URS_House_Fixed.URS_House_Fixed:PersistentLevel.URS_House_Fixed'
[2018.01.31-14.08.08:719][789]LogTemp: Repeating last play command: 새 에디터 창 (PIE)
[2018.01.31-14.08.08:745][789]LogBlueprintUserMessages: Early PlayInEditor Detection: Level '/Game/URS.URS:PersistentLevel' has LevelScriptBlueprint '/Game/URS.URS:PersistentLevel.URS' with GeneratedClass '/Game/URS.URS_C' with ClassGeneratedBy '/Game/URS.URS:PersistentLevel.URS'
[2018.01.31-14.08.08:745][789]LogBlueprintUserMessages: Early PlayInEditor Detection: Level '/Game/URS_House_Fixed.URS_House_Fixed:PersistentLevel' has LevelScriptBlueprint '/Game/URS_House_Fixed.URS_House_Fixed:PersistentLevel.URS_House_Fixed' with GeneratedClass '/Game/URS_House_Fixed.URS_House_C' with ClassGeneratedBy '/Game/URS_House_Fixed.URS_House_Fixed:PersistentLevel.URS_House_Fixed'
[2018.01.31-14.08.08:745][789]LogPlayLevel: PlayLevel: No blueprints needed recompiling
[2018.01.31-14.08.08:745][789]PIE: New page: PIE 세션: URS (2018. 2. 1. 오전 8:08:08)
[2018.01.31-14.08.08:745][789]LogPlayLevel: Creating play world package: /Game/UEDPIE_0_URS
[2018.01.31-14.08.08:766][789]LogPlayLevel: PIE: StaticDuplicateObject took: (0.020211s)
[2018.01.31-14.08.08:767][789]LogAIModule: Creating AISystem for world URS
[2018.01.31-14.08.08:767][789]LogPlayLevel: PIE: World Init took: (0.001216s)
[2018.01.31-14.08.08:767][789]LogPlayLevel: PIE: Created PIE world by copying editor world from /Game/URS.URS to /Game/UEDPIE_0_URS.URS (0.021736s)
[2018.01.31-14.08.08:795][789]LogInit: XAudio2 using '스피커 / 헤드폰(Realtek Audio)' : 2 channels at 48 kHz using 32 bits per sample (channel mask 0x3)
[2018.01.31-14.08.08:901][789]LogInit: FAudioDevice initialized.
[2018.01.31-14.08.08:959][789]LogLoad: Game class is 'FirstPersonGameMode_C'
[2018.01.31-14.08.08:961][789]LogWorld: Bringing World /Game/UEDPIE_0_URS.URS up for play (max tick rate 60) at 2018.01.31-23.08.08
[2018.01.31-14.08.08:961][789]LogWorld: Bringing up level for play took: 0.001883
[2018.01.31-14.08.08:997][789]PIE: /Game/UEDPIE_0_URS 에 대한 에디터에서 플레이 시작 시간: 1.242
[2018.01.31-14.08.08:999][789]LogBlueprintUserMessages: Late PlayInEditor Detection: Level '/Game/URS.URS:PersistentLevel' has LevelScriptBlueprint '/Game/URS.URS:PersistentLevel.URS' with GeneratedClass '/Game/URS.URS_C' with ClassGeneratedBy '/Game/URS.URS:PersistentLevel.URS'
[2018.01.31-14.08.08:999][789]LogBlueprintUserMessages: Late PlayInEditor Detection: Level '/Game/URS_House_Fixed.URS_House_Fixed:PersistentLevel' has LevelScriptBlueprint '/Game/URS_House_Fixed.URS_House_Fixed:PersistentLevel.URS_House_Fixed' with GeneratedClass '/Game/URS_House_Fixed.URS_House_C' with ClassGeneratedBy '/Game/URS_House_Fixed.URS_House_Fixed:PersistentLevel.URS_House_Fixed'
[2018.01.31-14.08.09:082][790]LogCharacterMovement: Warning: GetSimulationTimeStep() - Max iterations 8 hit while remaining time 0.054847 > MaxSimulationTimeStep (0.050) for 'FirstPersonCharacter_C_0', movement 'Walking'
[2018.01.31-14.08.24:086][685]LogBlueprintUserMessages: Early EndPlayMap Detection: Level '/Game/URS.URS:PersistentLevel' has LevelScriptBlueprint '/Game/URS.URS:PersistentLevel.URS' with GeneratedClass '/Game/URS.URS_C' with ClassGeneratedBy '/Game/URS.URS:PersistentLevel.URS'
[2018.01.31-14.08.24:086][685]LogBlueprintUserMessages: Early EndPlayMap Detection: Level '/Game/URS_House_Fixed.URS_House_Fixed:PersistentLevel' has LevelScriptBlueprint '/Game/URS_House_Fixed.URS_House_Fixed:PersistentLevel.URS_House_Fixed' with GeneratedClass '/Game/URS_House_Fixed.URS_House_C' with ClassGeneratedBy '/Game/URS_House_Fixed.URS_House_Fixed:PersistentLevel.URS_House_Fixed'
[2018.01.31-14.08.24:147][685]LogBlueprintUserMessages: Late EndPlayMap Detection: Level '/Game/URS.URS:PersistentLevel' has LevelScriptBlueprint '/Game/URS.URS:PersistentLevel.URS' with GeneratedClass '/Game/URS.URS_C' with ClassGeneratedBy '/Game/URS.URS:PersistentLevel.URS'
[2018.01.31-14.08.24:147][685]LogBlueprintUserMessages: Late EndPlayMap Detection: Level '/Game/URS_House_Fixed.URS_House_Fixed:PersistentLevel' has LevelScriptBlueprint '/Game/URS_House_Fixed.URS_House_Fixed:PersistentLevel.URS_House_Fixed' with GeneratedClass '/Game/URS_House_Fixed.URS_House_C' with ClassGeneratedBy '/Game/URS_House_Fixed.URS_House_Fixed:PersistentLevel.URS_House_Fixed'
[2018.01.31-14.11.11:795][434]LogEditorViewport: Clicking on Actor (context menu): Landscape (Landscape8)
[2018.01.31-14.11.12:314][452]LogEditorViewport: Clicking on Actor (context menu): Landscape (Landscape8)
[2018.01.31-14.11.12:880][483]LogEditorViewport: Clicking on Actor (LMB): Landscape (Landscape8)
[2018.01.31-14.14.50:227][425]LogWindows: LaunchURL http://docs.unrealengine.com/latest/KOR/Engine/Actors/Volumes/index.html?utm_source=editor&utm_medium=docs&utm_campaign=doc_anchors#Volume Types
[2018.01.31-15.57.25:122][362]Cmd: MAP LOAD FILE="../../../../../../Users/양형/Documents/Unreal Projects/URS/Content/URS_SecretRoom.umap" TEMPLATE=0 SHOWPROGRESS=1 FEATURELEVEL=3
[2018.01.31-15.57.25:151][362]LightingResults: New page: 라이팅 빌드
[2018.01.31-15.57.25:153][362]LoadErrors: New page: 맵 로드중: URS_SecretRoom.umap
[2018.01.31-15.57.25:188][362]MapCheck: New page: 맵 체크
[2018.01.31-15.57.25:188][362]LightingResults: New page: 라이팅 빌드
[2018.01.31-15.57.25:385][362]LogAIModule: Creating AISystem for world URS_SecretRoom
[2018.01.31-15.57.25:488][362]LogEditorServer: Finished looking for orphan Actors (0.000 secs)
[2018.01.31-15.57.25:569][362]Cmd: MAP CHECKDEP NOCLEARLOG
[2018.01.31-15.57.25:737][362]MapCheck: 맵 체크 완료: 오류 0 회, 경고 0 회, 소요 시간 167.531ms.
[2018.01.31-15.57.25:737][362]LogFileHelpers: Loading map 'URS_SecretRoom' took 0.622
[2018.01.31-16.01.49:037][490]Cmd: TRANSACTION UNDO
[2018.01.31-16.01.49:037][490]LogEditorTransaction: Undo 액터 이동
[2018.01.31-16.01.49:053][490]LogActorComponent: ~FComponentReregisterContext: (/Game/URS_SecretRoom.URS_SecretRoom:PersistentLevel.Box브러시30.BrushComponent0) Component already registered.
[2018.01.31-16.01.49:054][490]LogActorComponent: ~FComponentReregisterContext: (/Game/URS_SecretRoom.URS_SecretRoom:PersistentLevel.Box브러시26.BrushComponent0) Component already registered.
[2018.01.31-16.01.49:054][490]LogActorComponent: ~FComponentReregisterContext: (/Game/URS_SecretRoom.URS_SecretRoom:PersistentLevel.Box브러시27.BrushComponent0) Component already registered.
[2018.01.31-16.01.49:054][490]LogActorComponent: ~FComponentReregisterContext: (/Game/URS_SecretRoom.URS_SecretRoom:PersistentLevel.Box브러시63.BrushComponent0) Component already registered.
[2018.01.31-16.01.49:060][490]LogActorComponent: ~FComponentReregisterContext: (/Game/URS_SecretRoom.URS_SecretRoom:PersistentLevel.Box브러시14.BrushComponent0) Component already registered.
[2018.01.31-16.01.49:061][490]LogActorComponent: ~FComponentReregisterContext: (/Game/URS_SecretRoom.URS_SecretRoom:PersistentLevel.Box브러시53.BrushComponent0) Component already registered.
[2018.01.31-16.01.49:061][490]LogActorComponent: ~FComponentReregisterContext: (/Game/URS_SecretRoom.URS_SecretRoom:PersistentLevel.Box브러시50.BrushComponent0) Component already registered.
[2018.01.31-16.01.49:061][490]LogActorComponent: ~FComponentReregisterContext: (/Game/URS_SecretRoom.URS_SecretRoom:PersistentLevel.Box브러시41.BrushComponent0) Component already registered.
[2018.01.31-16.01.49:062][490]LogActorComponent: ~FComponentReregisterContext: (/Game/URS_SecretRoom.URS_SecretRoom:PersistentLevel.Box브러시35.BrushComponent0) Component already registered.
[2018.01.31-16.01.49:062][490]LogActorComponent: ~FComponentReregisterContext: (/Game/URS_SecretRoom.URS_SecretRoom:PersistentLevel.Box브러시46.BrushComponent0) Component already registered.
[2018.01.31-16.01.49:062][490]LogActorComponent: ~FComponentReregisterContext: (/Game/URS_SecretRoom.URS_SecretRoom:PersistentLevel.Box브러시44.BrushComponent0) Component already registered.
[2018.01.31-16.01.49:115][490]LogSlate: Took 0.005800 seconds to synchronously load lazily loaded font '../../../Engine/Content/Slate/Fonts/Roboto-Light.ttf' (159K)
[2018.01.31-16.02.47:203][889]Cmd: DELETE
[2018.01.31-16.02.47:203][889]Cmd: ACTOR DELETE
[2018.01.31-16.02.47:238][889]LogEditorActor: Deleted Actor: Brush
[2018.01.31-16.02.47:239][889]LogEditorActor: Deleted Actor: Brush
[2018.01.31-16.02.47:239][889]LogEditorActor: Deleted Actor: Brush
[2018.01.31-16.02.47:239][889]LogEditorActor: Deleted Actor: Brush
[2018.01.31-16.02.47:239][889]LogEditorActor: Deleted Actor: Brush
[2018.01.31-16.02.47:239][889]LogEditorActor: Deleted Actor: Brush
[2018.01.31-16.02.47:239][889]LogEditorActor: Deleted Actor: Brush
[2018.01.31-16.02.47:239][889]LogEditorActor: Deleted Actor: Brush
[2018.01.31-16.02.47:239][889]LogEditorActor: Deleted Actor: Brush
[2018.01.31-16.02.47:239][889]LogEditorActor: Deleted Actor: Brush
[2018.01.31-16.02.47:239][889]LogEditorActor: Deleted Actor: Brush
[2018.01.31-16.02.47:239][889]LogEditorActor: Deleted Actor: Brush
[2018.01.31-16.02.47:272][889]LogEditorActor: Deleted 12 Actors (0.053 secs)
[2018.01.31-16.02.48:332][952]Cmd: TRANSACTION UNDO
[2018.01.31-16.02.48:332][952]LogEditorTransaction: Undo 액터 삭제
[2018.01.31-16.02.48:345][952]LogActorComponent: ~FComponentReregisterContext: (/Game/URS_SecretRoom.URS_SecretRoom:PersistentLevel.Box브러시60.BrushComponent0) Component already registered.
[2018.01.31-16.02.48:345][952]LogActorComponent: ~FComponentReregisterContext: (/Game/URS_SecretRoom.URS_SecretRoom:PersistentLevel.Box브러시46.BrushComponent0) Component already registered.
[2018.01.31-16.02.59:999][589]Cmd: TRANSACTION UNDO
[2018.01.31-16.02.59:999][589]LogEditorTransaction: Undo 액터 이동
[2018.01.31-16.03.00:011][589]LogActorComponent: ~FComponentReregisterContext: (/Game/URS_SecretRoom.URS_SecretRoom:PersistentLevel.Box브러시35.BrushComponent0) Component already registered.
[2018.01.31-16.03.00:011][589]LogActorComponent: ~FComponentReregisterContext: (/Game/URS_SecretRoom.URS_SecretRoom:PersistentLevel.Box브러시27.BrushComponent0) Component already registered.
[2018.01.31-16.03.00:016][589]LogActorComponent: ~FComponentReregisterContext: (/Game/URS_SecretRoom.URS_SecretRoom:PersistentLevel.Box브러시23.BrushComponent0) Component already registered.
[2018.01.31-16.03.00:016][589]LogActorComponent: ~FComponentReregisterContext: (/Game/URS_SecretRoom.URS_SecretRoom:PersistentLevel.Box브러시16.BrushComponent0) Component already registered.
[2018.01.31-16.03.00:017][589]LogActorComponent: ~FComponentReregisterContext: (/Game/URS_SecretRoom.URS_SecretRoom:PersistentLevel.Box브러시62.BrushComponent0) Component already registered.
[2018.01.31-16.03.00:359][605]Cmd: TRANSACTION UNDO
[2018.01.31-16.03.00:359][605]LogEditorTransaction: Undo 액터 이동
[2018.01.31-16.03.00:366][605]LogActorComponent: ~FComponentReregisterContext: (/Game/URS_SecretRoom.URS_SecretRoom:PersistentLevel.Box브러시28.BrushComponent0) Component already registered.
[2018.01.31-16.03.00:366][605]LogActorComponent: ~FComponentReregisterContext: (/Game/URS_SecretRoom.URS_SecretRoom:PersistentLevel.Box브러시24.BrushComponent0) Component already registered.
[2018.01.31-16.03.00:371][605]LogActorComponent: ~FComponentReregisterContext: (/Game/URS_SecretRoom.URS_SecretRoom:PersistentLevel.Box브러시20.BrushComponent0) Component already registered.
[2018.01.31-16.03.00:371][605]LogActorComponent: ~FComponentReregisterContext: (/Game/URS_SecretRoom.URS_SecretRoom:PersistentLevel.Box브러시16.BrushComponent0) Component already registered.
[2018.01.31-16.03.00:372][605]LogActorComponent: ~FComponentReregisterContext: (/Game/URS_SecretRoom.URS_SecretRoom:PersistentLevel.Box브러시55.BrushComponent0) Component already registered.
[2018.01.31-16.03.00:372][605]LogActorComponent: ~FComponentReregisterContext: (/Game/URS_SecretRoom.URS_SecretRoom:PersistentLevel.Box브러시62.BrushComponent0) Component already registered.
[2018.01.31-16.03.00:373][605]LogActorComponent: ~FComponentReregisterContext: (/Game/URS_SecretRoom.URS_SecretRoom:PersistentLevel.Box브러시58.BrushComponent0) Component already registered.
[2018.01.31-16.03.00:373][605]LogActorComponent: ~FComponentReregisterContext: (/Game/URS_SecretRoom.URS_SecretRoom:PersistentLevel.Box브러시37_41.BrushComponent0) Component already registered.
[2018.01.31-16.03.00:374][605]LogActorComponent: ~FComponentReregisterContext: (/Game/URS_SecretRoom.URS_SecretRoom:PersistentLevel.Box브러시47.BrushComponent0) Component already registered.
[2018.01.31-16.03.29:281][236]Cmd: DELETE
[2018.01.31-16.03.29:281][236]Cmd: ACTOR DELETE
[2018.01.31-16.03.29:288][236]LogEditorActor: Deleted Actor: Brush
[2018.01.31-16.03.29:329][236]LogEditorActor: Deleted 1 Actors (0.048 secs)
[2018.01.31-16.05.06:444][892]LogTemp: Repeating last play command: 새 에디터 창 (PIE)
[2018.01.31-16.05.06:469][892]LogBlueprintUserMessages: Early PlayInEditor Detection: Level '/Game/URS_SecretRoom.URS_SecretRoom:PersistentLevel' has LevelScriptBlueprint '/Game/URS_SecretRoom.URS_SecretRoom:PersistentLevel.URS_SecretRoom' with GeneratedClass '/Game/URS_SecretRoom.URS_SecretRoom_C' with ClassGeneratedBy '/Game/URS_SecretRoom.URS_SecretRoom:PersistentLevel.URS_SecretRoom'
[2018.01.31-16.05.06:469][892]LogPlayLevel: PlayLevel: No blueprints needed recompiling
[2018.01.31-16.05.06:470][892]PIE: New page: PIE 세션: URS_SecretRoom (2018. 2. 1. 오전 10:05:06)
[2018.01.31-16.05.06:470][892]LogPlayLevel: Creating play world package: /Game/UEDPIE_0_URS_SecretRoom
[2018.01.31-16.05.06:487][892]LogPlayLevel: PIE: StaticDuplicateObject took: (0.016915s)
[2018.01.31-16.05.06:488][892]LogAIModule: Creating AISystem for world URS_SecretRoom
[2018.01.31-16.05.06:488][892]LogPlayLevel: PIE: World Init took: (0.001041s)
[2018.01.31-16.05.06:489][892]LogPlayLevel: PIE: Created PIE world by copying editor world from /Game/URS_SecretRoom.URS_SecretRoom to /Game/UEDPIE_0_URS_SecretRoom.URS_SecretRoom (0.018310s)
[2018.01.31-16.05.06:524][892]LogInit: XAudio2 using '스피커 / 헤드폰(Realtek Audio)' : 2 channels at 48 kHz using 32 bits per sample (channel mask 0x3)
[2018.01.31-16.05.06:646][892]LogInit: FAudioDevice initialized.
[2018.01.31-16.05.06:705][892]LogLoad: Game class is 'FirstPersonGameMode_C'
[2018.01.31-16.05.06:707][892]LogWorld: Bringing World /Game/UEDPIE_0_URS_SecretRoom.URS_SecretRoom up for play (max tick rate 60) at 2018.02.01-01.05.06
[2018.01.31-16.05.06:707][892]LogWorld: Bringing up level for play took: 0.001605
[2018.01.31-16.05.06:715][892]PIE: /Game/UEDPIE_0_URS_SecretRoom 에 대한 에디터에서 플레이 시작 시간: 0.96
[2018.01.31-16.05.06:727][892]LogBlueprintUserMessages: Late PlayInEditor Detection: Level '/Game/URS_SecretRoom.URS_SecretRoom:PersistentLevel' has LevelScriptBlueprint '/Game/URS_SecretRoom.URS_SecretRoom:PersistentLevel.URS_SecretRoom' with GeneratedClass '/Game/URS_SecretRoom.URS_SecretRoom_C' with ClassGeneratedBy '/Game/URS_SecretRoom.URS_SecretRoom:PersistentLevel.URS_SecretRoom'
[2018.01.31-16.05.07:838][954]LogBlueprintUserMessages: Early EndPlayMap Detection: Level '/Game/URS_SecretRoom.URS_SecretRoom:PersistentLevel' has LevelScriptBlueprint '/Game/URS_SecretRoom.URS_SecretRoom:PersistentLevel.URS_SecretRoom' with GeneratedClass '/Game/URS_SecretRoom.URS_SecretRoom_C' with ClassGeneratedBy '/Game/URS_SecretRoom.URS_SecretRoom:PersistentLevel.URS_SecretRoom'
[2018.01.31-16.05.07:941][954]LogBlueprintUserMessages: Late EndPlayMap Detection: Level '/Game/URS_SecretRoom.URS_SecretRoom:PersistentLevel' has LevelScriptBlueprint '/Game/URS_SecretRoom.URS_SecretRoom:PersistentLevel.URS_SecretRoom' with GeneratedClass '/Game/URS_SecretRoom.URS_SecretRoom_C' with ClassGeneratedBy '/Game/URS_SecretRoom.URS_SecretRoom:PersistentLevel.URS_SecretRoom'
[2018.01.31-16.05.16:439][446]LogNavigationPoint: PostEditMove Clear paths rebuilt
[2018.01.31-16.05.17:221][491]LogTemp: Repeating last play command: 새 에디터 창 (PIE)
[2018.01.31-16.05.17:247][491]LogBlueprintUserMessages: Early PlayInEditor Detection: Level '/Game/URS_SecretRoom.URS_SecretRoom:PersistentLevel' has LevelScriptBlueprint '/Game/URS_SecretRoom.URS_SecretRoom:PersistentLevel.URS_SecretRoom' with GeneratedClass '/Game/URS_SecretRoom.URS_SecretRoom_C' with ClassGeneratedBy '/Game/URS_SecretRoom.URS_SecretRoom:PersistentLevel.URS_SecretRoom'
[2018.01.31-16.05.17:247][491]LogPlayLevel: PlayLevel: No blueprints needed recompiling
[2018.01.31-16.05.17:247][491]PIE: New page: PIE 세션: URS_SecretRoom (2018. 2. 1. 오전 10:05:17)
[2018.01.31-16.05.17:247][491]LogPlayLevel: Creating play world package: /Game/UEDPIE_0_URS_SecretRoom
[2018.01.31-16.05.17:259][491]LogPlayLevel: PIE: StaticDuplicateObject took: (0.011872s)
[2018.01.31-16.05.17:260][491]LogAIModule: Creating AISystem for world URS_SecretRoom
[2018.01.31-16.05.17:260][491]LogPlayLevel: PIE: World Init took: (0.000724s)
[2018.01.31-16.05.17:260][491]LogPlayLevel: PIE: Created PIE world by copying editor world from /Game/URS_SecretRoom.URS_SecretRoom to /Game/UEDPIE_0_URS_SecretRoom.URS_SecretRoom (0.012885s)
[2018.01.31-16.05.17:287][491]LogInit: XAudio2 using '스피커 / 헤드폰(Realtek Audio)' : 2 channels at 48 kHz using 32 bits per sample (channel mask 0x3)
[2018.01.31-16.05.17:397][491]LogInit: FAudioDevice initialized.
[2018.01.31-16.05.17:452][491]LogLoad: Game class is 'FirstPersonGameMode_C'
[2018.01.31-16.05.17:455][491]LogWorld: Bringing World /Game/UEDPIE_0_URS_SecretRoom.URS_SecretRoom up for play (max tick rate 60) at 2018.02.01-01.05.17
[2018.01.31-16.05.17:456][491]LogWorld: Bringing up level for play took: 0.002398
[2018.01.31-16.05.17:466][491]PIE: /Game/UEDPIE_0_URS_SecretRoom 에 대한 에디터에서 플레이 시작 시간: -0.289
[2018.01.31-16.05.17:467][491]LogBlueprintUserMessages: Late PlayInEditor Detection: Level '/Game/URS_SecretRoom.URS_SecretRoom:PersistentLevel' has LevelScriptBlueprint '/Game/URS_SecretRoom.URS_SecretRoom:PersistentLevel.URS_SecretRoom' with GeneratedClass '/Game/URS_SecretRoom.URS_SecretRoom_C' with ClassGeneratedBy '/Game/URS_SecretRoom.URS_SecretRoom:PersistentLevel.URS_SecretRoom'
[2018.01.31-16.06.16:890][ 49]LogBlueprintUserMessages: Early EndPlayMap Detection: Level '/Game/URS_SecretRoom.URS_SecretRoom:PersistentLevel' has LevelScriptBlueprint '/Game/URS_SecretRoom.URS_SecretRoom:PersistentLevel.URS_SecretRoom' with GeneratedClass '/Game/URS_SecretRoom.URS_SecretRoom_C' with ClassGeneratedBy '/Game/URS_SecretRoom.URS_SecretRoom:PersistentLevel.URS_SecretRoom'
[2018.01.31-16.06.16:987][ 49]LogBlueprintUserMessages: Late EndPlayMap Detection: Level '/Game/URS_SecretRoom.URS_SecretRoom:PersistentLevel' has LevelScriptBlueprint '/Game/URS_SecretRoom.URS_SecretRoom:PersistentLevel.URS_SecretRoom' with GeneratedClass '/Game/URS_SecretRoom.URS_SecretRoom_C' with ClassGeneratedBy '/Game/URS_SecretRoom.URS_SecretRoom:PersistentLevel.URS_SecretRoom'
[2018.01.31-16.07.17:978][593]LogTemp: Repeating last play command: 새 에디터 창 (PIE)
[2018.01.31-16.07.18:006][593]LogBlueprintUserMessages: Early PlayInEditor Detection: Level '/Game/URS_SecretRoom.URS_SecretRoom:PersistentLevel' has LevelScriptBlueprint '/Game/URS_SecretRoom.URS_SecretRoom:PersistentLevel.URS_SecretRoom' with GeneratedClass '/Game/URS_SecretRoom.URS_SecretRoom_C' with ClassGeneratedBy '/Game/URS_SecretRoom.URS_SecretRoom:PersistentLevel.URS_SecretRoom'
[2018.01.31-16.07.18:006][593]LogPlayLevel: PlayLevel: No blueprints needed recompiling
[2018.01.31-16.07.18:006][593]PIE: New page: PIE 세션: URS_SecretRoom (2018. 2. 1. 오전 10:07:18)
[2018.01.31-16.07.18:006][593]LogPlayLevel: Creating play world package: /Game/UEDPIE_0_URS_SecretRoom
[2018.01.31-16.07.18:024][593]LogPlayLevel: PIE: StaticDuplicateObject took: (0.017417s)
[2018.01.31-16.07.18:024][593]LogAIModule: Creating AISystem for world URS_SecretRoom
[2018.01.31-16.07.18:024][593]LogPlayLevel: PIE: World Init took: (0.000622s)
[2018.01.31-16.07.18:025][593]LogPlayLevel: PIE: Created PIE world by copying editor world from /Game/URS_SecretRoom.URS_SecretRoom to /Game/UEDPIE_0_URS_SecretRoom.URS_SecretRoom (0.018363s)
[2018.01.31-16.07.18:056][593]LogInit: XAudio2 using '스피커 / 헤드폰(Realtek Audio)' : 2 channels at 48 kHz using 32 bits per sample (channel mask 0x3)
[2018.01.31-16.07.18:163][593]LogInit: FAudioDevice initialized.
[2018.01.31-16.07.18:213][593]LogLoad: Game class is 'FirstPersonGameMode_C'
[2018.01.31-16.07.18:215][593]LogWorld: Bringing World /Game/UEDPIE_0_URS_SecretRoom.URS_SecretRoom up for play (max tick rate 60) at 2018.02.01-01.07.18
[2018.01.31-16.07.18:215][593]LogWorld: Bringing up level for play took: 0.001776
[2018.01.31-16.07.18:224][593]PIE: /Game/UEDPIE_0_URS_SecretRoom 에 대한 에디터에서 플레이 시작 시간: 0.469
[2018.01.31-16.07.18:224][593]LogBlueprintUserMessages: Late PlayInEditor Detection: Level '/Game/URS_SecretRoom.URS_SecretRoom:PersistentLevel' has LevelScriptBlueprint '/Game/URS_SecretRoom.URS_SecretRoom:PersistentLevel.URS_SecretRoom' with GeneratedClass '/Game/URS_SecretRoom.URS_SecretRoom_C' with ClassGeneratedBy '/Game/URS_SecretRoom.URS_SecretRoom:PersistentLevel.URS_SecretRoom'
[2018.01.31-16.07.24:075][920]LogBlueprintUserMessages: Early EndPlayMap Detection: Level '/Game/URS_SecretRoom.URS_SecretRoom:PersistentLevel' has LevelScriptBlueprint '/Game/URS_SecretRoom.URS_SecretRoom:PersistentLevel.URS_SecretRoom' with GeneratedClass '/Game/URS_SecretRoom.URS_SecretRoom_C' with ClassGeneratedBy '/Game/URS_SecretRoom.URS_SecretRoom:PersistentLevel.URS_SecretRoom'
[2018.01.31-16.07.24:130][920]LogBlueprintUserMessages: Late EndPlayMap Detection: Level '/Game/URS_SecretRoom.URS_SecretRoom:PersistentLevel' has LevelScriptBlueprint '/Game/URS_SecretRoom.URS_SecretRoom:PersistentLevel.URS_SecretRoom' with GeneratedClass '/Game/URS_SecretRoom.URS_SecretRoom_C' with ClassGeneratedBy '/Game/URS_SecretRoom.URS_SecretRoom:PersistentLevel.URS_SecretRoom'
[2018.01.31-16.07.36:318][528]LogTemp: Repeating last play command: 새 에디터 창 (PIE)
[2018.01.31-16.07.36:347][528]LogBlueprintUserMessages: Early PlayInEditor Detection: Level '/Game/URS_SecretRoom.URS_SecretRoom:PersistentLevel' has LevelScriptBlueprint '/Game/URS_SecretRoom.URS_SecretRoom:PersistentLevel.URS_SecretRoom' with GeneratedClass '/Game/URS_SecretRoom.URS_SecretRoom_C' with ClassGeneratedBy '/Game/URS_SecretRoom.URS_SecretRoom:PersistentLevel.URS_SecretRoom'
[2018.01.31-16.07.36:347][528]LogPlayLevel: PlayLevel: No blueprints needed recompiling
[2018.01.31-16.07.36:347][528]PIE: New page: PIE 세션: URS_SecretRoom (2018. 2. 1. 오전 10:07:36)
[2018.01.31-16.07.36:347][528]LogPlayLevel: Creating play world package: /Game/UEDPIE_0_URS_SecretRoom
[2018.01.31-16.07.36:359][528]LogPlayLevel: PIE: StaticDuplicateObject took: (0.012064s)
[2018.01.31-16.07.36:360][528]LogAIModule: Creating AISystem for world URS_SecretRoom
[2018.01.31-16.07.36:360][528]LogPlayLevel: PIE: World Init took: (0.000690s)
[2018.01.31-16.07.36:360][528]LogPlayLevel: PIE: Created PIE world by copying editor world from /Game/URS_SecretRoom.URS_SecretRoom to /Game/UEDPIE_0_URS_SecretRoom.URS_SecretRoom (0.013113s)
[2018.01.31-16.07.36:390][528]LogInit: XAudio2 using '스피커 / 헤드폰(Realtek Audio)' : 2 channels at 48 kHz using 32 bits per sample (channel mask 0x3)
[2018.01.31-16.07.36:506][528]LogInit: FAudioDevice initialized.
[2018.01.31-16.07.36:564][528]LogLoad: Game class is 'FirstPersonGameMode_C'
[2018.01.31-16.07.36:567][528]LogWorld: Bringing World /Game/UEDPIE_0_URS_SecretRoom.URS_SecretRoom up for play (max tick rate 60) at 2018.02.01-01.07.36
[2018.01.31-16.07.36:568][528]LogWorld: Bringing up level for play took: 0.002473
[2018.01.31-16.07.36:576][528]PIE: /Game/UEDPIE_0_URS_SecretRoom 에 대한 에디터에서 플레이 시작 시간: 0.821
[2018.01.31-16.07.36:576][528]LogBlueprintUserMessages: Late PlayInEditor Detection: Level '/Game/URS_SecretRoom.URS_SecretRoom:PersistentLevel' has LevelScriptBlueprint '/Game/URS_SecretRoom.URS_SecretRoom:PersistentLevel.URS_SecretRoom' with GeneratedClass '/Game/URS_SecretRoom.URS_SecretRoom_C' with ClassGeneratedBy '/Game/URS_SecretRoom.URS_SecretRoom:PersistentLevel.URS_SecretRoom'
[2018.01.31-16.07.38:869][660]LogBlueprintUserMessages: Early EndPlayMap Detection: Level '/Game/URS_SecretRoom.URS_SecretRoom:PersistentLevel' has LevelScriptBlueprint '/Game/URS_SecretRoom.URS_SecretRoom:PersistentLevel.URS_SecretRoom' with GeneratedClass '/Game/URS_SecretRoom.URS_SecretRoom_C' with ClassGeneratedBy '/Game/URS_SecretRoom.URS_SecretRoom:PersistentLevel.URS_SecretRoom'
[2018.01.31-16.07.38:926][660]LogBlueprintUserMessages: Late EndPlayMap Detection: Level '/Game/URS_SecretRoom.URS_SecretRoom:PersistentLevel' has LevelScriptBlueprint '/Game/URS_SecretRoom.URS_SecretRoom:PersistentLevel.URS_SecretRoom' with GeneratedClass '/Game/URS_SecretRoom.URS_SecretRoom_C' with ClassGeneratedBy '/Game/URS_SecretRoom.URS_SecretRoom:PersistentLevel.URS_SecretRoom'
[2018.01.31-16.07.44:584][986]LogTemp: Repeating last play command: 새 에디터 창 (PIE)
[2018.01.31-16.07.44:611][986]LogBlueprintUserMessages: Early PlayInEditor Detection: Level '/Game/URS_SecretRoom.URS_SecretRoom:PersistentLevel' has LevelScriptBlueprint '/Game/URS_SecretRoom.URS_SecretRoom:PersistentLevel.URS_SecretRoom' with GeneratedClass '/Game/URS_SecretRoom.URS_SecretRoom_C' with ClassGeneratedBy '/Game/URS_SecretRoom.URS_SecretRoom:PersistentLevel.URS_SecretRoom'
[2018.01.31-16.07.44:612][986]LogPlayLevel: PlayLevel: No blueprints needed recompiling
[2018.01.31-16.07.44:612][986]PIE: New page: PIE 세션: URS_SecretRoom (2018. 2. 1. 오전 10:07:44)
[2018.01.31-16.07.44:612][986]LogPlayLevel: Creating play world package: /Game/UEDPIE_0_URS_SecretRoom
[2018.01.31-16.07.44:626][986]LogPlayLevel: PIE: StaticDuplicateObject took: (0.014158s)
[2018.01.31-16.07.44:627][986]LogAIModule: Creating AISystem for world URS_SecretRoom
[2018.01.31-16.07.44:627][986]LogPlayLevel: PIE: World Init took: (0.000681s)
[2018.01.31-16.07.44:627][986]LogPlayLevel: PIE: Created PIE world by copying editor world from /Game/URS_SecretRoom.URS_SecretRoom to /Game/UEDPIE_0_URS_SecretRoom.URS_SecretRoom (0.015105s)
[2018.01.31-16.07.44:663][986]LogInit: XAudio2 using '스피커 / 헤드폰(Realtek Audio)' : 2 channels at 48 kHz using 32 bits per sample (channel mask 0x3)
[2018.01.31-16.07.44:769][986]LogInit: FAudioDevice initialized.
[2018.01.31-16.07.44:816][986]LogLoad: Game class is 'FirstPersonGameMode_C'
[2018.01.31-16.07.44:818][986]LogWorld: Bringing World /Game/UEDPIE_0_URS_SecretRoom.URS_SecretRoom up for play (max tick rate 60) at 2018.02.01-01.07.44
[2018.01.31-16.07.44:819][986]LogWorld: Bringing up level for play took: 0.001612
[2018.01.31-16.07.44:826][986]PIE: /Game/UEDPIE_0_URS_SecretRoom 에 대한 에디터에서 플레이 시작 시간: 1.071
[2018.01.31-16.07.44:826][986]LogBlueprintUserMessages: Late PlayInEditor Detection: Level '/Game/URS_SecretRoom.URS_SecretRoom:PersistentLevel' has LevelScriptBlueprint '/Game/URS_SecretRoom.URS_SecretRoom:PersistentLevel.URS_SecretRoom' with GeneratedClass '/Game/URS_SecretRoom.URS_SecretRoom_C' with ClassGeneratedBy '/Game/URS_SecretRoom.URS_SecretRoom:PersistentLevel.URS_SecretRoom'
[2018.01.31-16.07.55:108][597]LogBlueprintUserMessages: Early EndPlayMap Detection: Level '/Game/URS_SecretRoom.URS_SecretRoom:PersistentLevel' has LevelScriptBlueprint '/Game/URS_SecretRoom.URS_SecretRoom:PersistentLevel.URS_SecretRoom' with GeneratedClass '/Game/URS_SecretRoom.URS_SecretRoom_C' with ClassGeneratedBy '/Game/URS_SecretRoom.URS_SecretRoom:PersistentLevel.URS_SecretRoom'
[2018.01.31-16.07.55:175][597]LogBlueprintUserMessages: Late EndPlayMap Detection: Level '/Game/URS_SecretRoom.URS_SecretRoom:PersistentLevel' has LevelScriptBlueprint '/Game/URS_SecretRoom.URS_SecretRoom:PersistentLevel.URS_SecretRoom' with GeneratedClass '/Game/URS_SecretRoom.URS_SecretRoom_C' with ClassGeneratedBy '/Game/URS_SecretRoom.URS_SecretRoom:PersistentLevel.URS_SecretRoom'
[2018.01.31-16.08.48:668][271]LogSavePackage: Save=548.49ms
[2018.01.31-16.08.48:668][271]LogSavePackage: Moving '../../../../../../Users/양형/Documents/Unreal Projects/URS/Saved/URS_SecretRoom_Auto1B636C4014E80EEF4BA053D8335BF2D58.tmp' to '../../../../../../Users/양형/Documents/Unreal Projects/URS/Saved/Autosaves/Game/URS_SecretRoom_Auto1.umap'
[2018.01.31-16.08.48:676][271]LogSavePackage: Display: Finished SavePackage ../../../../../../Users/양형/Documents/Unreal Projects/URS/Saved/Autosaves/Game/URS_SecretRoom_Auto1.umap
[2018.01.31-16.08.48:679][271]LogFileHelpers: Editor autosave (incl. sublevels) for '/Game/URS_SecretRoom' took 0.621
[2018.01.31-16.08.48:679][271]LogFileHelpers: Editor autosave (incl. sublevels) for all levels took 0.621
[2018.01.31-16.14.15:625][ 34]Cmd: TRANSACTION UNDO
[2018.01.31-16.14.15:625][ 34]LogEditorTransaction: Undo 액터 이동
[2018.01.31-16.14.15:634][ 34]LogActorComponent: ~FComponentReregisterContext: (/Game/URS_SecretRoom.URS_SecretRoom:PersistentLevel.Box브러시27.BrushComponent0) Component already registered.
[2018.01.31-16.14.15:634][ 34]LogActorComponent: ~FComponentReregisterContext: (/Game/URS_SecretRoom.URS_SecretRoom:PersistentLevel.Box브러시42.BrushComponent0) Component already registered.
[2018.01.31-16.14.15:634][ 34]LogActorComponent: ~FComponentReregisterContext: (/Game/URS_SecretRoom.URS_SecretRoom:PersistentLevel.Box브러시35.BrushComponent0) Component already registered.
[2018.01.31-16.14.15:634][ 34]LogActorComponent: ~FComponentReregisterContext: (/Game/URS_SecretRoom.URS_SecretRoom:PersistentLevel.Box브러시16.BrushComponent0) Component already registered.
[2018.01.31-16.14.15:637][ 34]LogActorComponent: ~FComponentReregisterContext: (/Game/URS_SecretRoom.URS_SecretRoom:PersistentLevel.Box브러시23.BrushComponent0) Component already registered.
[2018.01.31-16.14.15:639][ 34]LogActorComponent: ~FComponentReregisterContext: (/Game/URS_SecretRoom.URS_SecretRoom:PersistentLevel.Box브러시62.BrushComponent0) Component already registered.
[2018.01.31-16.14.15:639][ 34]LogActorComponent: ~FComponentReregisterContext: (/Game/URS_SecretRoom.URS_SecretRoom:PersistentLevel.Box브러시63.BrushComponent0) Component already registered.
[2018.01.31-16.14.15:639][ 34]LogActorComponent: ~FComponentReregisterContext: (/Game/URS_SecretRoom.URS_SecretRoom:PersistentLevel.Box브러시34_40.BrushComponent0) Component already registered.
[2018.01.31-16.14.15:639][ 34]LogActorComponent: ~FComponentReregisterContext: (/Game/URS_SecretRoom.URS_SecretRoom:PersistentLevel.Box브러시48.BrushComponent0) Component already registered.
[2018.01.31-16.14.15:640][ 34]LogActorComponent: ~FComponentReregisterContext: (/Game/URS_SecretRoom.URS_SecretRoom:PersistentLevel.Box브러시53.BrushComponent0) Component already registered.
[2018.01.31-16.14.17:526][141]Cmd: TRANSACTION UNDO
[2018.01.31-16.14.17:526][141]LogEditorTransaction: Undo 브러시 표면 선택
[2018.01.31-16.14.17:531][141]LogWindows: Windows GetLastError: 작업을 완료했습니다. (0)
[2018.01.31-16.14.19:628][141]LogWindows: Error: === Critical error: ===
[2018.01.31-16.14.19:628][141]LogWindows: Error: 
[2018.01.31-16.14.19:628][141]LogWindows: Error: Assertion failed: (Index >= 0) & (Index < ArrayNum) [File:D:\Build\++UE4+Release-4.18+Compile\Sync\Engine\Source\Runtime\Core\Public\Containers/Array.h] [Line: 610] 
[2018.01.31-16.14.19:628][141]LogWindows: Error: Array index out of bounds: 992 from an array of size 944
[2018.01.31-16.14.19:628][141]LogWindows: Error: 
[2018.01.31-16.14.19:628][141]LogWindows: Error: 
[2018.01.31-16.14.19:628][141]LogWindows: Error: [Callstack] 0x000000008F813FB8 KERNELBASE.dll!UnknownFunction []
[2018.01.31-16.14.19:628][141]LogWindows: Error: [Callstack] 0x00000000585776D4 UE4Editor-ApplicationCore.dll!UnknownFunction []
[2018.01.31-16.14.19:628][141]LogWindows: Error: [Callstack] 0x0000000028B4330B UE4Editor-Core.dll!UnknownFunction []
[2018.01.31-16.14.19:628][141]LogWindows: Error: [Callstack] 0x0000000028AD47F9 UE4Editor-Core.dll!UnknownFunction []
[2018.01.31-16.14.19:628][141]LogWindows: Error: [Callstack] 0x00000000226588C5 UE4Editor-Engine.dll!UnknownFunction []
[2018.01.31-16.14.19:628][141]LogWindows: Error: [Callstack] 0x0000000022A3DC99 UE4Editor-Engine.dll!UnknownFunction []
[2018.01.31-16.14.19:628][141]LogWindows: Error: [Callstack] 0x000000002339395B UE4Editor-Engine.dll!UnknownFunction []
[2018.01.31-16.14.19:628][141]LogWindows: Error: [Callstack] 0x000000002678702D UE4Editor-UnrealEd.dll!UnknownFunction []
[2018.01.31-16.14.19:628][141]LogWindows: Error: [Callstack] 0x0000000027034AC6 UE4Editor-UnrealEd.dll!UnknownFunction []
[2018.01.31-16.14.19:628][141]LogWindows: Error: [Callstack] 0x00000000C42A5A26 UE4Editor.exe!UnknownFunction []
[2018.01.31-16.14.19:628][141]LogWindows: Error: [Callstack] 0x00000000C42B5430 UE4Editor.exe!UnknownFunction []
[2018.01.31-16.14.19:628][141]LogWindows: Error: [Callstack] 0x00000000C42B54AA UE4Editor.exe!UnknownFunction []
[2018.01.31-16.14.19:628][141]LogWindows: Error: [Callstack] 0x00000000C42C2379 UE4Editor.exe!UnknownFunction []
[2018.01.31-16.14.19:628][141]LogWindows: Error: [Callstack] 0x00000000C42C3D57 UE4Editor.exe!UnknownFunction []
[2018.01.31-16.14.19:628][141]LogWindows: Error: [Callstack] 0x0000000091FA1FE4 KERNEL32.DLL!UnknownFunction []
[2018.01.31-16.14.19:628][141]LogWindows: Error: [Callstack] 0x0000000092CCEFB1 ntdll.dll!UnknownFunction []
[2018.01.31-16.14.19:628][141]LogWindows: Error: [Callstack] 0x0000000092CCEFB1 ntdll.dll!UnknownFunction []
[2018.01.31-16.14.19:628][141]LogWindows: Error: 
[2018.01.31-16.14.19:647][141]LogExit: Executing StaticShutdownAfterError
[2018.01.31-16.14.19:675][141]LogWindows: FPlatformMisc::RequestExit(1)
[2018.01.31-16.14.19:675][141]Log file closed, 02/01/18 01:14:19
