Log file open, 01/28/18 17:29:01
LogWindows: Failed to load 'aqProf.dll' (GetLastError=126)
LogWindows: File 'aqProf.dll' does not exist
LogWindows: Failed to load 'VSPerf140.dll' (GetLastError=126)
LogWindows: File 'VSPerf140.dll' does not exist
LogWindows: Failed to load 'VtuneApi.dll' (GetLastError=126)
LogWindows: File 'VtuneApi.dll' does not exist
LogWindows: Failed to load 'VtuneApi32e.dll' (GetLastError=126)
LogWindows: File 'VtuneApi32e.dll' does not exist
LogInit: Display: Running engine for game: URS
LogPlatformFile: Not using cached read wrapper
LogInit: Display: RandInit(-768744352) SRandInit(-768744352).
LogInit: Read version file with build ID '3709383'
LogInit: Overriding engine version to CL 3832480, compatible CL 3709383
LogInit: Registered custom module enumerator with build ID '3709383'
LogTaskGraph: Started task graph with 5 named threads and 14 total threads with 3 sets of task threads.
LogStats: Stats thread started at 0.188793
LogD3D11RHI: Aftermath initialized
LogModuleManager: Display: Found up-to-date module file ../../../Engine/Plugins/2D/Paper2D/Binaries/Win64/UE4Editor-Paper2D.dll (API version 3709383).
LogModuleManager: Display: Found up-to-date module file ../../../Engine/Plugins/2D/Paper2D/Binaries/Win64/UE4Editor-Paper2DEditor.dll (API version 3709383).
LogModuleManager: Display: Found up-to-date module file ../../../Engine/Plugins/2D/Paper2D/Binaries/Win64/UE4Editor-PaperSpriteSheetImporter.dll (API version 3709383).
LogModuleManager: Display: Found up-to-date module file ../../../Engine/Plugins/2D/Paper2D/Binaries/Win64/UE4Editor-PaperTiledImporter.dll (API version 3709383).
LogModuleManager: Display: Found up-to-date module file ../../../Engine/Plugins/2D/Paper2D/Binaries/Win64/UE4Editor-SmartSnapping.dll (API version 3709383).
LogModuleManager: Display: Found up-to-date module file ../../../Engine/Plugins/Blendables/LightPropagationVolume/Binaries/Win64/UE4Editor-LightPropagationVolumeRuntime.dll (API version 3709383).
LogModuleManager: Display: Found up-to-date module file ../../../Engine/Plugins/Blendables/LightPropagationVolume/Binaries/Win64/UE4Editor-LightPropagationVolumeEditor.dll (API version 3709383).
LogModuleManager: Display: Found up-to-date module file ../../../Engine/Plugins/Developer/GitSourceControl/Binaries/Win64/UE4Editor-GitSourceControl.dll (API version 3709383).
LogModuleManager: Display: Found up-to-date module file ../../../Engine/Plugins/Developer/PerforceSourceControl/Binaries/Win64/UE4Editor-PerforceSourceControl.dll (API version 3709383).
LogModuleManager: Display: Found up-to-date module file ../../../Engine/Plugins/Developer/SubversionSourceControl/Binaries/Win64/UE4Editor-SubversionSourceControl.dll (API version 3709383).
LogModuleManager: Display: Found up-to-date module file ../../../Engine/Plugins/Developer/UObjectPlugin/Binaries/Win64/UE4Editor-UObjectPlugin.dll (API version 3709383).
LogModuleManager: Display: Found up-to-date module file ../../../Engine/Plugins/Developer/VisualStudioCodeSourceCodeAccess/Binaries/Win64/UE4Editor-VisualStudioCodeSourceCodeAccess.dll (API version 3709383).
LogModuleManager: Display: Found up-to-date module file ../../../Engine/Plugins/Developer/VisualStudioSourceCodeAccess/Binaries/Win64/UE4Editor-VisualStudioSourceCodeAccess.dll (API version 3709383).
LogModuleManager: Display: Found up-to-date module file ../../../Engine/Plugins/Editor/AssetManagerEditor/Binaries/Win64/UE4Editor-AssetManagerEditor.dll (API version 3709383).
LogModuleManager: Display: Found up-to-date module file ../../../Engine/Plugins/Editor/AudioCapture/Binaries/Win64/UE4Editor-AudioCapture.dll (API version 3709383).
LogModuleManager: Display: Found up-to-date module file ../../../Engine/Plugins/Editor/FacialAnimation/Binaries/Win64/UE4Editor-FacialAnimation.dll (API version 3709383).
LogModuleManager: Display: Found up-to-date module file ../../../Engine/Plugins/Editor/FacialAnimation/Binaries/Win64/UE4Editor-FacialAnimationEditor.dll (API version 3709383).
LogModuleManager: Display: Found up-to-date module file ../../../Engine/Plugins/Editor/GameplayTagsEditor/Binaries/Win64/UE4Editor-GameplayTagsEditor.dll (API version 3709383).
LogModuleManager: Display: Found up-to-date module file ../../../Engine/Plugins/Editor/MobileLauncherProfileWizard/Binaries/Win64/UE4Editor-MobileLauncherProfileWizard.dll (API version 3709383).
LogModuleManager: Display: Found up-to-date module file ../../../Engine/Plugins/Editor/PluginBrowser/Binaries/Win64/UE4Editor-PluginBrowser.dll (API version 3709383).
LogModuleManager: Display: Found up-to-date module file ../../../Engine/Plugins/Editor/SpeedTreeImporter/Binaries/Win64/UE4Editor-SpeedTreeImporter.dll (API version 3709383).
LogModuleManager: Display: Found up-to-date module file ../../../Engine/Plugins/Experimental/AlembicImporter/Binaries/Win64/UE4Editor-AlembicImporter.dll (API version 3709383).
LogModuleManager: Display: Found up-to-date module file ../../../Engine/Plugins/Experimental/AlembicImporter/Binaries/Win64/UE4Editor-AlembicLibrary.dll (API version 3709383).
LogModuleManager: Display: Found up-to-date module file ../../../Engine/Plugins/Experimental/CharacterAI/Binaries/Win64/UE4Editor-CharacterAI.dll (API version 3709383).
LogModuleManager: Display: Found up-to-date module file ../../../Engine/Plugins/Experimental/HTML5Networking/Binaries/Win64/UE4Editor-HTML5Networking.dll (API version 3709383).
LogModuleManager: Display: Found up-to-date module file ../../../Engine/Plugins/Media/AndroidMedia/Binaries/Win64/UE4Editor-AndroidMediaEditor.dll (API version 3709383).
LogModuleManager: Display: Found up-to-date module file ../../../Engine/Plugins/Media/AndroidMedia/Binaries/Win64/UE4Editor-AndroidMediaFactory.dll (API version 3709383).
LogModuleManager: Display: Found up-to-date module file ../../../Engine/Plugins/Media/AvfMedia/Binaries/Win64/UE4Editor-AvfMediaEditor.dll (API version 3709383).
LogModuleManager: Display: Found up-to-date module file ../../../Engine/Plugins/Media/AvfMedia/Binaries/Win64/UE4Editor-AvfMediaFactory.dll (API version 3709383).
LogModuleManager: Display: Found up-to-date module file ../../../Engine/Plugins/Media/AvfMedia/Binaries/Win64/UE4Editor-AvfMediaFactory.dll (API version 3709383).
LogModuleManager: Display: Found up-to-date module file ../../../Engine/Plugins/Media/ImgMedia/Binaries/Win64/UE4Editor-ImgMedia.dll (API version 3709383).
LogModuleManager: Display: Found up-to-date module file ../../../Engine/Plugins/Media/ImgMedia/Binaries/Win64/UE4Editor-ImgMediaEditor.dll (API version 3709383).
LogModuleManager: Display: Found up-to-date module file ../../../Engine/Plugins/Media/ImgMedia/Binaries/Win64/UE4Editor-ImgMediaFactory.dll (API version 3709383).
LogModuleManager: Display: Found up-to-date module file ../../../Engine/Plugins/Media/ImgMedia/Binaries/Win64/UE4Editor-ImgMediaFactory.dll (API version 3709383).
LogModuleManager: Display: Found up-to-date module file ../../../Engine/Plugins/Media/ImgMedia/Binaries/Win64/UE4Editor-OpenExrWrapper.dll (API version 3709383).
LogModuleManager: Display: Found up-to-date module file ../../../Engine/Plugins/Media/MediaCompositing/Binaries/Win64/UE4Editor-MediaCompositing.dll (API version 3709383).
LogModuleManager: Display: Found up-to-date module file ../../../Engine/Plugins/Media/MediaCompositing/Binaries/Win64/UE4Editor-MediaCompositingEditor.dll (API version 3709383).
LogModuleManager: Display: Found up-to-date module file ../../../Engine/Plugins/Media/MediaPlayerEditor/Binaries/Win64/UE4Editor-MediaPlayerEditor.dll (API version 3709383).
LogModuleManager: Display: Found up-to-date module file ../../../Engine/Plugins/Media/WmfMedia/Binaries/Win64/UE4Editor-WmfMedia.dll (API version 3709383).
LogModuleManager: Display: Found up-to-date module file ../../../Engine/Plugins/Media/WmfMedia/Binaries/Win64/UE4Editor-WmfMediaEditor.dll (API version 3709383).
LogModuleManager: Display: Found up-to-date module file ../../../Engine/Plugins/Media/WmfMedia/Binaries/Win64/UE4Editor-WmfMediaFactory.dll (API version 3709383).
LogModuleManager: Display: Found up-to-date module file ../../../Engine/Plugins/Media/WmfMedia/Binaries/Win64/UE4Editor-WmfMediaFactory.dll (API version 3709383).
LogModuleManager: Display: Found up-to-date module file ../../../Engine/Plugins/Messaging/TcpMessaging/Binaries/Win64/UE4Editor-TcpMessaging.dll (API version 3709383).
LogModuleManager: Display: Found up-to-date module file ../../../Engine/Plugins/Messaging/UdpMessaging/Binaries/Win64/UE4Editor-UdpMessaging.dll (API version 3709383).
LogModuleManager: Display: Found up-to-date module file ../../../Engine/Plugins/MovieScene/ActorSequence/Binaries/Win64/UE4Editor-ActorSequence.dll (API version 3709383).
LogModuleManager: Display: Found up-to-date module file ../../../Engine/Plugins/MovieScene/LevelSequenceEditor/Binaries/Win64/UE4Editor-LevelSequenceEditor.dll (API version 3709383).
LogModuleManager: Display: Found up-to-date module file ../../../Engine/Plugins/MovieScene/MatineeToLevelSequence/Binaries/Win64/UE4Editor-MatineeToLevelSequence.dll (API version 3709383).
LogModuleManager: Display: Found up-to-date module file ../../../Engine/Plugins/Online/OnlineSubsystem/Binaries/Win64/UE4Editor-OnlineSubsystem.dll (API version 3709383).
LogModuleManager: Display: Found up-to-date module file ../../../Engine/Plugins/Runtime/AndroidPermission/Binaries/Win64/UE4Editor-AndroidPermission.dll (API version 3709383).
LogModuleManager: Display: Found up-to-date module file ../../../Engine/Plugins/Online/OnlineSubsystemNull/Binaries/Win64/UE4Editor-OnlineSubsystemNull.dll (API version 3709383).
LogModuleManager: Display: Found up-to-date module file ../../../Engine/Plugins/Online/OnlineSubsystemUtils/Binaries/Win64/UE4Editor-OnlineSubsystemUtils.dll (API version 3709383).
LogModuleManager: Display: Found up-to-date module file ../../../Engine/Plugins/Online/OnlineSubsystemUtils/Binaries/Win64/UE4Editor-OnlineBlueprintSupport.dll (API version 3709383).
LogModuleManager: Display: Found up-to-date module file ../../../Engine/Plugins/Runtime/AndroidDeviceProfileSelector/Binaries/Win64/UE4Editor-AndroidDeviceProfileSelector.dll (API version 3709383).
LogModuleManager: Display: Found up-to-date module file ../../../Engine/Plugins/Runtime/AppleARKit/Binaries/Win64/UE4Editor-AppleARKit.dll (API version 3709383).
LogModuleManager: Display: Found up-to-date module file ../../../Engine/Plugins/Runtime/ArchVisCharacter/Binaries/Win64/UE4Editor-ArchVisCharacter.dll (API version 3709383).
LogModuleManager: Display: Found up-to-date module file ../../../Engine/Plugins/Runtime/CableComponent/Binaries/Win64/UE4Editor-CableComponent.dll (API version 3709383).
LogModuleManager: Display: Found up-to-date module file ../../../Engine/Plugins/Runtime/CustomMeshComponent/Binaries/Win64/UE4Editor-CustomMeshComponent.dll (API version 3709383).
LogModuleManager: Display: Found up-to-date module file ../../../Engine/Plugins/Runtime/ExampleDeviceProfileSelector/Binaries/Win64/UE4Editor-ExampleDeviceProfileSelector.dll (API version 3709383).
LogModuleManager: Display: Found up-to-date module file ../../../Engine/Plugins/Runtime/ImmediatePhysics/Binaries/Win64/UE4Editor-ImmediatePhysics.dll (API version 3709383).
LogModuleManager: Display: Found up-to-date module file ../../../Engine/Plugins/Runtime/ImmediatePhysics/Binaries/Win64/UE4Editor-ImmediatePhysicsEditor.dll (API version 3709383).
LogModuleManager: Display: Found up-to-date module file ../../../Engine/Plugins/Runtime/LocationServicesBPLibrary/Binaries/Win64/UE4Editor-LocationServicesBPLibrary.dll (API version 3709383).
LogModuleManager: Display: Found up-to-date module file ../../../Engine/Plugins/Runtime/MobilePatchingUtils/Binaries/Win64/UE4Editor-MobilePatchingUtils.dll (API version 3709383).
LogModuleManager: Display: Found up-to-date module file ../../../Engine/Plugins/Runtime/Oculus/OculusVR/Binaries/Win64/UE4Editor-OculusHMD.dll (API version 3709383).
LogModuleManager: Display: Found up-to-date module file ../../../Engine/Plugins/Runtime/Oculus/OculusVR/Binaries/Win64/UE4Editor-OculusInput.dll (API version 3709383).
LogModuleManager: Display: Found up-to-date module file ../../../Engine/Plugins/Runtime/Oculus/OculusVR/Binaries/Win64/UE4Editor-OculusEditor.dll (API version 3709383).
LogModuleManager: Display: Found up-to-date module file ../../../Engine/Plugins/Runtime/PhysXVehicles/Binaries/Win64/UE4Editor-PhysXVehicles.dll (API version 3709383).
LogModuleManager: Display: Found up-to-date module file ../../../Engine/Plugins/Runtime/PhysXVehicles/Binaries/Win64/UE4Editor-PhysXVehiclesEditor.dll (API version 3709383).
LogModuleManager: Display: Found up-to-date module file ../../../Engine/Plugins/Runtime/ProceduralMeshComponent/Binaries/Win64/UE4Editor-ProceduralMeshComponent.dll (API version 3709383).
LogModuleManager: Display: Found up-to-date module file ../../../Engine/Plugins/Runtime/ProceduralMeshComponent/Binaries/Win64/UE4Editor-ProceduralMeshComponentEditor.dll (API version 3709383).
LogModuleManager: Display: Found up-to-date module file ../../../Engine/Plugins/Runtime/RuntimePhysXCooking/Binaries/Win64/UE4Editor-RuntimePhysXCooking.dll (API version 3709383).
LogModuleManager: Display: Found up-to-date module file ../../../Engine/Plugins/Runtime/Steam/SteamVR/Binaries/Win64/UE4Editor-SteamVR.dll (API version 3709383).
LogModuleManager: Display: Found up-to-date module file ../../../Engine/Plugins/Runtime/Steam/SteamVR/Binaries/Win64/UE4Editor-SteamVRController.dll (API version 3709383).
LogModuleManager: Display: Found up-to-date module file ../../../Engine/Plugins/Runtime/WindowsMoviePlayer/Binaries/Win64/UE4Editor-WindowsMoviePlayer.dll (API version 3709383).
LogPluginManager: Mounting plugin Paper2D
LogPluginManager: Mounting plugin LightPropagationVolume
LogPluginManager: Mounting plugin CodeLiteSourceCodeAccess
LogPluginManager: Mounting plugin GitSourceControl
LogPluginManager: Mounting plugin KDevelopSourceCodeAccess
LogPluginManager: Mounting plugin NullSourceCodeAccess
LogPluginManager: Mounting plugin PerforceSourceControl
LogPluginManager: Mounting plugin SubversionSourceControl
LogPluginManager: Mounting plugin UObjectPlugin
LogPluginManager: Mounting plugin VisualStudioCodeSourceCodeAccess
LogPluginManager: Mounting plugin VisualStudioSourceCodeAccess
LogPluginManager: Mounting plugin XCodeSourceCodeAccess
LogPluginManager: Mounting plugin AssetManagerEditor
LogPluginManager: Mounting plugin AudioCapture
LogPluginManager: Mounting plugin FacialAnimation
LogPluginManager: Mounting plugin GameplayTagsEditor
LogPluginManager: Mounting plugin MobileLauncherProfileWizard
LogPluginManager: Mounting plugin PluginBrowser
LogPluginManager: Mounting plugin SpeedTreeImporter
LogPluginManager: Mounting plugin AlembicImporter
LogPluginManager: Mounting plugin CharacterAI
LogPluginManager: Mounting plugin HTML5Networking
LogPluginManager: Mounting plugin AndroidMedia
LogPluginManager: Mounting plugin AvfMedia
LogPluginManager: Mounting plugin ImgMedia
LogPluginManager: Mounting plugin MediaCompositing
LogPluginManager: Mounting plugin MediaPlayerEditor
LogPluginManager: Mounting plugin WmfMedia
LogPluginManager: Mounting plugin TcpMessaging
LogPluginManager: Mounting plugin UdpMessaging
LogPluginManager: Mounting plugin ActorSequence
LogPluginManager: Mounting plugin LevelSequenceEditor
LogPluginManager: Mounting plugin MatineeToLevelSequence
LogPluginManager: Mounting plugin OnlineSubsystemGooglePlay
LogPluginManager: Mounting plugin OnlineSubsystemIOS
LogPluginManager: Mounting plugin OnlineSubsystem
LogPluginManager: Mounting plugin OnlineSubsystemNull
LogPluginManager: Mounting plugin OnlineSubsystemUtils
LogPluginManager: Mounting plugin AndroidDeviceProfileSelector
LogPluginManager: Mounting plugin AndroidMoviePlayer
LogPluginManager: Mounting plugin AndroidPermission
LogPluginManager: Mounting plugin AppleARKit
LogPluginManager: Mounting plugin AppleMoviePlayer
LogPluginManager: Mounting plugin ArchVisCharacter
LogPluginManager: Mounting plugin CableComponent
LogPluginManager: Mounting plugin CustomMeshComponent
LogPluginManager: Mounting plugin ExampleDeviceProfileSelector
LogPluginManager: Mounting plugin GoogleCloudMessaging
LogPluginManager: Mounting plugin ImmediatePhysics
LogPluginManager: Mounting plugin IOSDeviceProfileSelector
LogPluginManager: Mounting plugin LinuxDeviceProfileSelector
LogPluginManager: Mounting plugin LocationServicesBPLibrary
LogPluginManager: Mounting plugin MobilePatchingUtils
LogPluginManager: Mounting plugin OculusVR
LogPluginManager: Plugin shader directory ../../../Engine/Plugins/Runtime/Oculus/OculusVR/Shaders found
LogPluginManager: Mapping shader source directory ../../../Engine/Plugins/Runtime/Oculus/OculusVR/Shaders to virtual directory /Plugin/OculusVR
LogPluginManager: Mounting plugin PhysXVehicles
LogPluginManager: Mounting plugin ProceduralMeshComponent
LogPluginManager: Mounting plugin RuntimePhysXCooking
LogPluginManager: Mounting plugin SteamVR
LogPluginManager: Mounting plugin WindowsMoviePlayer
LogInit: Using libcurl 7.47.1
LogInit:  - built for x86_64-pc-win32
LogInit:  - supports SSL with OpenSSL/1.0.2g
LogInit:  - supports HTTP deflate (compression) using libz 1.2.8
LogInit:  - other features:
LogInit:      CURL_VERSION_SSL
LogInit:      CURL_VERSION_LIBZ
LogInit:      CURL_VERSION_IPV6
LogInit:      CURL_VERSION_ASYNCHDNS
LogInit:      CURL_VERSION_LARGEFILE
LogInit:      CURL_VERSION_IDN
LogInit:  CurlRequestOptions (configurable via config and command line):
LogInit:  - bVerifyPeer = false  - Libcurl will NOT verify peer certificate
LogInit:  - bUseHttpProxy = false  - Libcurl will NOT use HTTP proxy
LogInit:  - bDontReuseConnections = false  - Libcurl will reuse connections
LogInit:  - CertBundlePath = nullptr  - Libcurl will use whatever was configured at build time.
LogInit: Build: ++UE4+Release-4.18-CL-3832480
LogInit: Engine Version: 4.18.3-3832480+++UE4+Release-4.18
LogInit: Compatible Engine Version: 4.18.0-3709383+++UE4+Release-4.18
LogInit: Net CL: 3709383
LogDevObjectVersion: Number of dev versions registered: 16
LogDevObjectVersion:   Dev-Blueprints (B0D832E4-1F89-4F0D-ACCF-7EB736FD4AA2): 10
LogDevObjectVersion:   Dev-Build (E1C64328-A22C-4D53-A36C-8E866417BD8C): 0
LogDevObjectVersion:   Dev-Core (375EC13C-06E4-48FB-B500-84F0262A717E): 2
LogDevObjectVersion:   Dev-Editor (E4B068ED-F494-42E9-A231-DA0B2E46BB41): 20
LogDevObjectVersion:   Dev-Framework (CFFC743F-43B0-4480-9391-14DF171D2073): 30
LogDevObjectVersion:   Dev-Mobile (B02B49B5-BB20-44E9-A304-32B752E40360): 0
LogDevObjectVersion:   Dev-Networking (A4E4105C-59A1-49B5-A7C5-40C4547EDFEE): 0
LogDevObjectVersion:   Dev-Online (39C831C9-5AE6-47DC-9A44-9C173E1C8E7C): 0
LogDevObjectVersion:   Dev-Physics (78F01B33-EBEA-4F98-B9B4-84EACCB95AA2): 0
LogDevObjectVersion:   Dev-Platform (6631380F-2D4D-43E0-8009-CF276956A95A): 0
LogDevObjectVersion:   Dev-Rendering (12F88B9F-8875-4AFC-A67C-D90C383ABD29): 20
LogDevObjectVersion:   Dev-Sequencer (7B5AE74C-D270-4C10-A958-57980B212A5A): 4
LogDevObjectVersion:   Dev-VR (D7296918-1DD6-4BDD-9DE2-64A83CC13884): 0
LogDevObjectVersion:   Dev-LoadTimes (C2A15278-BFE7-4AFE-6C17-90FF531DF755): 1
LogDevObjectVersion:   Private-Geometry (6EACA3D4-40EC-4CC1-B786-8BED09428FC5): 1
LogDevObjectVersion:   Dev-AnimPhys (29E575DD-E0A3-4627-9D10-D276232CDCEA): 12
LogInit: Compiled (64-bit): Jan 12 2018 02:04:55
LogInit: Compiled with Visual C++: 19.00.24215.01
LogInit: Build Configuration: Development
LogInit: Branch Name: ++UE4+Release-4.18
LogInit: Command line:  
LogInit: Base directory: C:/Program Files/Epic Games/UE_4.18/Engine/Binaries/Win64/
LogInit: Installed Engine Build: 1
LogInit: Presizing for max 8388607 objects, including 0 objects not considered by GC, pre-allocating 0 bytes for permanent pool.
LogInit: Object subsystem initialized
[2018.01.28-08.29.03:718][  0]LogInit: Selected Device Profile: [Windows]
[2018.01.28-08.29.03:718][  0]LogInit: Applying CVar settings loaded from the selected device profile: [Windows]
[2018.01.28-08.29.03:737][  0]LogInit: Computer: DESKTOP-PDO9PMJ
[2018.01.28-08.29.03:737][  0]LogInit: User: 양형
[2018.01.28-08.29.03:737][  0]LogInit: CPU Page size=4096, Cores=4
[2018.01.28-08.29.03:737][  0]LogInit: High frequency timer resolution =2.437502 MHz
[2018.01.28-08.29.03:737][  0]LogMemory: Memory total: Physical=7.9GB (8GB approx)
[2018.01.28-08.29.03:737][  0]LogMemory: Platform Memory Stats for Windows
[2018.01.28-08.29.03:737][  0]LogMemory: Process Physical Memory: 272.73 MB used, 272.73 MB peak
[2018.01.28-08.29.03:737][  0]LogMemory: Process Virtual Memory: 263.60 MB used, 263.60 MB peak
[2018.01.28-08.29.03:737][  0]LogMemory: Physical Memory: 4927.90 MB used,  3130.55 MB free, 8058.46 MB total
[2018.01.28-08.29.03:737][  0]LogMemory: Virtual Memory: 670.24 MB used,  3130.55 MB free, 134217728.00 MB total
[2018.01.28-08.29.04:038][  0]LogInit: Using OS detected language (ko-KR).
[2018.01.28-08.29.04:038][  0]LogInit: Using OS detected locale (ko-KR).
[2018.01.28-08.29.04:043][  0]LogTextLocalizationManager: No specific localization for 'ko-KR' exists, so the 'ko' localization will be used.
[2018.01.28-08.29.04:223][  0]LogInit: Setting process to per monitor DPI aware
[2018.01.28-08.29.04:640][  0]LogD3D11RHI: D3D11 adapters:
[2018.01.28-08.29.04:723][  0]LogD3D11RHI:    0. 'NVIDIA GeForce GTX 1050 Ti' (Feature Level 11_0)
[2018.01.28-08.29.04:723][  0]LogD3D11RHI:       4029/0/4029 MB DedicatedVideo/DedicatedSystem/SharedSystem, Outputs:1, VendorId:0x10de
[2018.01.28-08.29.04:739][  0]LogD3D11RHI:    1. 'Intel(R) HD Graphics 630' (Feature Level 11_0)
[2018.01.28-08.29.04:739][  0]LogD3D11RHI:       128/0/4029 MB DedicatedVideo/DedicatedSystem/SharedSystem, Outputs:0, VendorId:0x8086
[2018.01.28-08.29.04:742][  0]LogD3D11RHI:    2. 'Microsoft Basic Render Driver' (Feature Level 11_0)
[2018.01.28-08.29.04:742][  0]LogD3D11RHI:       0/0/4029 MB DedicatedVideo/DedicatedSystem/SharedSystem, Outputs:0, VendorId:0x1414
[2018.01.28-08.29.04:742][  0]LogD3D11RHI: Chosen D3D11 Adapter: 0
[2018.01.28-08.29.04:751][  0]LogD3D11RHI: Creating new Direct3DDevice
[2018.01.28-08.29.04:751][  0]LogD3D11RHI:     GPU DeviceId: 0x1c8c (for the marketing name, search the web for "GPU Device Id")
[2018.01.28-08.29.04:751][  0]LogWindows: EnumDisplayDevices:
[2018.01.28-08.29.04:752][  0]LogWindows:    0. 'Intel(R) HD Graphics 630' (P:1 D:1)
[2018.01.28-08.29.04:752][  0]LogWindows:    1. 'Intel(R) HD Graphics 630' (P:0 D:0)
[2018.01.28-08.29.04:753][  0]LogWindows:    2. 'Intel(R) HD Graphics 630' (P:0 D:0)
[2018.01.28-08.29.04:753][  0]LogWindows:    3. 'NVIDIA GeForce GTX 1050 Ti' (P:0 D:0)
[2018.01.28-08.29.04:753][  0]LogWindows: DebugString: GetVideoDriverDetailsInvalid PrimaryIsNotTheChoosenAdapter GetVideoDriverDetailsInvalid PrimaryIsNotTheChoosenAdapter GetVideoDriverDetailsInvalid PrimaryIsNotTheChoosenAdapter GetVideoDriverDetailsInvalid PrimaryIsNotTheChoosenAdapter FoundDriverCount:0 
[2018.01.28-08.29.04:753][  0]LogD3D11RHI:     Adapter Name: NVIDIA GeForce GTX 1050 Ti
[2018.01.28-08.29.04:753][  0]LogD3D11RHI:   Driver Version: Unknown (internal:Unknown, unified:Unknown)
[2018.01.28-08.29.04:753][  0]LogD3D11RHI:      Driver Date: Unknown
[2018.01.28-08.29.04:753][  0]LogRHI: Texture pool is 2820 MB (70% of 4029 MB)
[2018.01.28-08.29.04:790][  0]LogD3D11RHI: Async texture creation enabled
[2018.01.28-08.29.04:886][  0]LogD3D11RHI: GPU Timing Frequency: 1000.000000 (Debug: 2 1)
[2018.01.28-08.29.04:888][  0]LogShaderCompilers: Guid format shader working directory is -13 characters bigger than the processId version (../../../../../../Users/양형/Documents/Unreal Projects/URS/Intermediate/Shaders/WorkingDirectory/1204/).
[2018.01.28-08.29.04:888][  0]LogShaderCompilers: Cleaned the shader compiler working directory 'C:/Users/양형/AppData/Local/Temp/UnrealShaderWorkingDir/82E9D2FC4C267146EFDFADA8D6723613/'.
[2018.01.28-08.29.04:888][  0]LogShaderCompilers: Display: Using Local Shader Compiler.
[2018.01.28-08.29.06:039][  0]LogTemp: Display: Loaded TP AllDesktopTargetPlatform
[2018.01.28-08.29.06:146][  0]LogTemp: Display: Loaded TP MacClientTargetPlatform
[2018.01.28-08.29.06:256][  0]LogTemp: Display: Loaded TP MacNoEditorTargetPlatform
[2018.01.28-08.29.06:361][  0]LogTemp: Display: Loaded TP MacServerTargetPlatform
[2018.01.28-08.29.06:473][  0]LogTemp: Display: Loaded TP MacTargetPlatform
[2018.01.28-08.29.06:580][  0]LogTemp: Display: Loaded TP WindowsClientTargetPlatform
[2018.01.28-08.29.06:684][  0]LogTemp: Display: Loaded TP WindowsNoEditorTargetPlatform
[2018.01.28-08.29.06:788][  0]LogTemp: Display: Loaded TP WindowsServerTargetPlatform
[2018.01.28-08.29.06:884][  0]LogTemp: Display: Loaded TP WindowsTargetPlatform
[2018.01.28-08.29.06:990][  0]LogTemp: Display: Loaded TP Android_ASTCTargetPlatform
[2018.01.28-08.29.07:093][  0]LogTemp: Display: Loaded TP Android_ATCTargetPlatform
[2018.01.28-08.29.07:197][  0]LogTemp: Display: Loaded TP Android_DXTTargetPlatform
[2018.01.28-08.29.07:304][  0]LogTemp: Display: Loaded TP Android_ETC1TargetPlatform
[2018.01.28-08.29.07:410][  0]LogTemp: Display: Loaded TP Android_ETC2TargetPlatform
[2018.01.28-08.29.07:621][  0]LogTemp: Display: Loaded TP Android_MultiTargetPlatform
[2018.01.28-08.29.07:621][  0]LogTemp: Display: Loaded TP Android_PVRTCTargetPlatform
[2018.01.28-08.29.07:727][  0]LogTemp: Display: Loaded TP AndroidTargetPlatform
[2018.01.28-08.29.07:818][  0]LogTemp: Display: Loaded TP HTML5TargetPlatform
[2018.01.28-08.29.07:984][  0]LogTemp: Display: Loaded TP IOSTargetPlatform
[2018.01.28-08.29.08:030][  0]LogTemp: Display: Loaded TP TVOSTargetPlatform
[2018.01.28-08.29.08:135][  0]LogTemp: Display: Loaded TP LinuxClientTargetPlatform
[2018.01.28-08.29.08:237][  0]LogTemp: Display: Loaded TP LinuxNoEditorTargetPlatform
[2018.01.28-08.29.08:341][  0]LogTemp: Display: Loaded TP LinuxServerTargetPlatform
[2018.01.28-08.29.08:446][  0]LogTemp: Display: Loaded TP LinuxTargetPlatform
[2018.01.28-08.29.08:446][  0]LogTargetPlatformManager: Display: Building Assets For Windows
[2018.01.28-08.29.09:380][  0]LogDerivedDataCache: Display: Max Cache Size: 512 MB
[2018.01.28-08.29.09:460][  0]LogDerivedDataCache: Loaded boot cache 0.08s 78MB C:/Users/양형/AppData/Local/UnrealEngine/4.18/DerivedDataCache/Boot.ddc.
[2018.01.28-08.29.09:460][  0]LogDerivedDataCache: Display: Loaded Boot cache: C:/Users/양형/AppData/Local/UnrealEngine/4.18/DerivedDataCache/Boot.ddc
[2018.01.28-08.29.09:461][  0]LogDerivedDataCache: FDerivedDataBackendGraph:  Pak pak cache file ../../../../../../Users/양형/Documents/Unreal Projects/URS/DerivedDataCache/DDC.ddp not found, will not use a pak cache.
[2018.01.28-08.29.09:461][  0]LogDerivedDataCache: Unable to find inner node Pak for hierarchical cache Hierarchy.
[2018.01.28-08.29.09:461][  0]LogDerivedDataCache: FDerivedDataBackendGraph:  CompressedPak pak cache file ../../../../../../Users/양형/Documents/Unreal Projects/URS/DerivedDataCache/Compressed.ddp not found, will not use a pak cache.
[2018.01.28-08.29.09:461][  0]LogDerivedDataCache: Unable to find inner node CompressedPak for hierarchical cache Hierarchy.
[2018.01.28-08.29.09:477][  0]LogDerivedDataCache: Display: Pak cache opened for reading ../../../Engine/DerivedDataCache/Compressed.ddp.
[2018.01.28-08.29.09:490][  0]LogDerivedDataCache: Using Local data cache path C:/Users/양형/AppData/Local/UnrealEngine/Common/DerivedDataCache: Writable
[2018.01.28-08.29.09:501][  0]LogMaterial: Verifying Global Shaders for PCD3D_SM5
[2018.01.28-08.29.09:501][  0]LogSlate: Using Freetype 2.6.0
[2018.01.28-08.29.09:502][  0]LogSlate: SlateFontCache - WITH_FREETYPE: 1, WITH_HARFBUZZ: 1
[2018.01.28-08.29.09:502][  0]LogSlate: SlateFontCache - WITH_FREETYPE: 1, WITH_HARFBUZZ: 1
[2018.01.28-08.29.10:002][  0]LogInit: Selected Device Profile: [Windows]
[2018.01.28-08.29.10:613][  0]LogSimplygon: Simplygon DLL not present - disabling.
[2018.01.28-08.29.10:710][  0]LogMeshReduction: Using SimplygonSwarm for distributed automatic mesh merging
[2018.01.28-08.29.10:710][  0]LogMeshReduction: Using QuadricMeshReduction for automatic static mesh reduction
[2018.01.28-08.29.10:710][  0]LogMeshReduction: No automatic skeletal mesh reduction module available
[2018.01.28-08.29.10:710][  0]LogMeshReduction: No automatic mesh merging module available
[2018.01.28-08.29.10:710][  0]LogMeshMerging: No automatic mesh merging module available
[2018.01.28-08.29.10:747][  0]LogNetVersion: URS , NetCL: 3709383, EngineNetVer: 2, GameNetVer: 0 (Checksum: 1777970781)
[2018.01.28-08.29.10:983][  0]LogAssetRegistry: FAssetRegistry took 0.0266 seconds to start up
[2018.01.28-08.29.11:662][  0]LogPackageLocalizationCache: Processed 7 localized package path(s) for 2 prioritized culture(s) in 0.095499 seconds
[2018.01.28-08.29.11:669][  0]LogUObjectArray: 35870 objects as part of root set at end of initial load.
[2018.01.28-08.29.11:669][  0]LogUObjectAllocator: 7363704 out of 0 bytes used by permanent object pool.
[2018.01.28-08.29.11:669][  0]LogUObjectArray: CloseDisregardForGC: 0/0 objects in disregard for GC pool
[2018.01.28-08.29.11:770][  0]LogInit: WinSock: version 1.1 (2.2), MaxSocks=32767, MaxUdp=65467
[2018.01.28-08.29.16:448][  0]LogTcpMessaging: Initializing TcpMessaging bridge
[2018.01.28-08.29.16:512][  0]LogUdpMessaging: Initializing bridge on interface 0.0.0.0:0 to multicast group 230.0.0.1:6666.
[2018.01.28-08.29.17:877][  0]LogMaterial: Uniform references updated for custom material expression Custom.
[2018.01.28-08.29.18:711][  0]SourceControl: 소스 콘트롤이 꺼졌습니다.
[2018.01.28-08.29.18:711][  0]SourceControl: 소스 콘트롤이 꺼졌습니다.
[2018.01.28-08.29.18:822][  0]SourceControl: 소스 콘트롤이 꺼졌습니다.
[2018.01.28-08.29.18:933][  0]SourceControl: 소스 콘트롤이 꺼졌습니다.
[2018.01.28-08.29.20:586][  0]LogAndroidPermission: UAndroidPermissionCallbackProxy::GetInstance
[2018.01.28-08.29.21:141][  0]LogOcInput: OculusInput pre-init called
[2018.01.28-08.29.21:705][  0]LogEngine: Initializing Engine...
[2018.01.28-08.29.21:708][  0]LogHMD: Failed to initialize OpenVR with code 110
[2018.01.28-08.29.21:942][  0]LogStats: UGameplayTagsManager::ConstructGameplayTagTree: Construct from data asset -  0.000 s
[2018.01.28-08.29.21:942][  0]LogStats: UGameplayTagsManager::ConstructGameplayTagTree: GameplayTagTreeChangedEvent.Broadcast -  0.000 s
[2018.01.28-08.29.22:234][  0]LogAIModule: Creating AISystem for world Untitled
[2018.01.28-08.29.22:251][  0]LogInit: XAudio2 using '스피커 / 헤드폰(Realtek Audio)' : 2 channels at 48 kHz using 32 bits per sample (channel mask 0x3)
[2018.01.28-08.29.23:780][  0]LogInit: FAudioDevice initialized.
[2018.01.28-08.29.23:882][  0]LogDerivedDataCache: Saved boot cache 0.10s 78MB C:/Users/양형/AppData/Local/UnrealEngine/4.18/DerivedDataCache/Boot.ddc.
[2018.01.28-08.29.23:899][  0]LogInit: Texture streaming: Enabled
[2018.01.28-08.29.24:100][  0]LogEngineSessionManager: EngineSessionManager initialized
[2018.01.28-08.29.24:413][  0]LogInit: Transaction tracking system initialized
[2018.01.28-08.29.25:153][  0]BlueprintLog: New page: 에디터 로드
[2018.01.28-08.29.27:204][  0]LocalizationService: 현지화 서비스가 비활성화되었습니다.
[2018.01.28-08.29.28:387][  0]LogLinker: Warning: '/Game/ThirdPersonBP/ThirdPersonOverview' 파일을 찾을 수 없습니다.
[2018.01.28-08.29.28:387][  0]LogLinker: Warning: '/Game/ThirdPersonBP/ThirdPersonOverview' 파일을 찾을 수 없습니다.
[2018.01.28-08.29.28:387][  0]LogUObjectGlobals: Warning: 'Class /Game/ThirdPersonBP/ThirdPersonOverview.ThirdPersonOverview_C' 오브젝트를 찾는 데 실패했습니다.
[2018.01.28-08.29.28:886][  0]LogConsoleResponse: Display: 
[2018.01.28-08.29.29:096][  0]LogCook: Display: Max memory allowance for cook 16384mb min free memory 0mb
[2018.01.28-08.29.29:096][  0]LogCook: Display: Mobile HDR setting 1
[2018.01.28-08.29.29:096][  0]LogGameplayTags: Display: UGameplayTagsManager::DoneAddingNativeTags. DelegateIsBound: 0
[2018.01.28-08.29.29:432][  0]LogFileCache: Scanning file cache for directory 'C:/Users/양형/Documents/Unreal Projects/URS/Content/' took 0.02s
[2018.01.28-08.29.31:683][  0]SourceControl: 소스 콘트롤이 꺼졌습니다.
[2018.01.28-08.29.31:683][  0]Cmd: MAP LOAD FILE="../../../../../../Users/양형/Documents/Unreal Projects/URS/Content/FirstPersonBP/Maps/FirstPersonExampleMap.umap" TEMPLATE=0 SHOWPROGRESS=1 FEATURELEVEL=3
[2018.01.28-08.29.31:684][  0]LightingResults: New page: 라이팅 빌드
[2018.01.28-08.29.31:781][  0]MapCheck: New page: 맵 체크
[2018.01.28-08.29.31:781][  0]LightingResults: New page: 라이팅 빌드
[2018.01.28-08.29.31:968][  0]LogBlueprint: Warning: [Compiler Ue4ASP_Character] 입력 액션 이벤트가  Crouch 입력 액션  에 대한 미확인 'Crouch' 액션을 레퍼런싱합니다.
[2018.01.28-08.29.31:976][  0]LogBlueprint: Warning: [Compiler Ue4ASP_Character] [0031.84] Ue4ASP_Character 컴파일에 성공했습니다만, 경고가 1 회 있습니다. [소요시간 37 ms] (/Game/AnimStarterPack/Ue4ASP_Character.Ue4ASP_Character)
[2018.01.28-08.29.32:552][  0]LogAIModule: Creating AISystem for world FirstPersonExampleMap
[2018.01.28-08.29.32:564][  0]LogEditorServer: Finished looking for orphan Actors (0.000 secs)
[2018.01.28-08.29.32:579][  0]Cmd: MAP CHECKDEP NOCLEARLOG
[2018.01.28-08.29.32:684][  0]MapCheck: 맵 체크 완료: 오류 0 회, 경고 0 회, 소요 시간 104.825ms.
[2018.01.28-08.29.32:684][  0]LogFileHelpers: Loading map 'FirstPersonExampleMap' took 1.001
[2018.01.28-08.29.32:777][  0]LogWindowsTextInputMethodSystem: Display: IME system now activated using TSF (Microsoft 입력기).
[2018.01.28-08.29.32:893][  0]LogCollectionManager: Loaded 0 collections in 0.001154 seconds
[2018.01.28-08.29.33:035][  0]LogFileCache: Scanning file cache for directory 'C:/Users/양형/Documents/Unreal Projects/URS/Saved/Collections/' took 0.01s
[2018.01.28-08.29.33:035][  0]LogFileCache: Scanning file cache for directory 'C:/Users/양형/Documents/Unreal Projects/URS/Content/Developers/양형/Collections/' took 0.01s
[2018.01.28-08.29.33:035][  0]LogFileCache: Scanning file cache for directory 'C:/Users/양형/Documents/Unreal Projects/URS/Content/Collections/' took 0.01s
[2018.01.28-08.29.33:035][  0]LogCollectionManager: Rebuilt the GUID cache for 0 collections in 0.000000 seconds
[2018.01.28-08.29.33:045][  0]LogContentBrowser: Native class hierarchy populated in 0.0092 seconds. Added 2363 classes and 519 folders.
[2018.01.28-08.29.33:189][  0]LogContentBrowser: Native class hierarchy updated for 'WidgetCarousel' in 0.0003 seconds. Added 0 classes and 0 folders.
[2018.01.28-08.29.33:244][  0]LogContentBrowser: Native class hierarchy updated for 'AddContentDialog' in 0.0002 seconds. Added 0 classes and 0 folders.
[2018.01.28-08.29.33:350][  0]LogContentBrowser: Native class hierarchy updated for 'SceneOutliner' in 0.0003 seconds. Added 1 classes and 2 folders.
[2018.01.28-08.29.33:568][  0]LogContentBrowser: Native class hierarchy updated for 'HierarchicalLODOutliner' in 0.0005 seconds. Added 1 classes and 2 folders.
[2018.01.28-08.29.33:568][  0]LogLoad: (Engine Initialization) Total time: 33.43 seconds
[2018.01.28-08.29.33:568][  0]LogLoad: (Engine Initialization) Total Blueprint compile time: 0.00 seconds
[2018.01.28-08.29.33:569][  0]LogExternalProfiler: No external profilers were discovered.  External profiling features will not be available.
[2018.01.28-08.29.33:611][  0]LogContentStreaming: Texture pool size now 1000 MB
[2018.01.28-08.29.33:612][  0]LogSlate: Took 0.000441 seconds to synchronously load lazily loaded font '../../../Engine/Content/Slate/Fonts/Roboto-Regular.ttf' (155K)
[2018.01.28-08.29.33:617][  0]LogSlate: Took 0.002706 seconds to synchronously load lazily loaded font '../../../Engine/Content/Slate/Fonts/NanumGothic.ttf' (4243K)
[2018.01.28-08.29.33:617][  0]LogSlate: Took 0.000228 seconds to synchronously load lazily loaded font '../../../Engine/Content/Slate/Fonts/Roboto-Bold.ttf' (160K)
[2018.01.28-08.29.33:622][  0]LogSlate: Took 0.000456 seconds to synchronously load lazily loaded font '../../../Engine/Content/Editor/Slate/Fonts/FontAwesome.ttf' (139K)
[2018.01.28-08.29.33:724][  0]LogSlate: Took 0.000303 seconds to synchronously load lazily loaded font '../../../Engine/Content/Slate/Fonts/Roboto-Light.ttf' (159K)
[2018.01.28-08.29.33:762][  1]LogAssetRegistry: Asset discovery search completed in 22.8008 seconds
[2018.01.28-08.29.33:764][  1]LogCollectionManager: Rebuilt the object cache for 0 collections in 0.000000 seconds (found 0 objects)
[2018.01.28-08.29.33:764][  1]LogCollectionManager: Fixed up redirectors for 0 collections in 0.000039 seconds (updated 0 objects)
[2018.01.28-08.29.33:787][  2]LogRenderer: Reallocating scene render targets to support 588x228 Format 10 NumSamples 1 (Frame:1).
[2018.01.28-08.29.33:933][  3]LogRenderer: Reallocating scene render targets to support 588x256 Format 10 NumSamples 1 (Frame:1).
[2018.01.28-08.29.45:768][700]LogRenderer: Reallocating scene render targets to support 888x380 Format 10 NumSamples 1 (Frame:697).
[2018.01.28-08.29.49:235][800]Cmd: MAP LOAD FILE="../../../../../../Users/양형/Documents/Unreal Projects/URS/Content/URS.umap" TEMPLATE=0 SHOWPROGRESS=1 FEATURELEVEL=3
[2018.01.28-08.29.49:285][800]LogSlate: Took 0.000253 seconds to synchronously load lazily loaded font '../../../Engine/Content/Slate/Fonts/Roboto-Light.ttf' (159K)
[2018.01.28-08.29.49:306][800]LightingResults: New page: 라이팅 빌드
[2018.01.28-08.29.49:307][800]LoadErrors: New page: 맵 로드중: URS.umap
[2018.01.28-08.29.49:311][800]MapCheck: New page: 맵 체크
[2018.01.28-08.29.49:311][800]LightingResults: New page: 라이팅 빌드
[2018.01.28-08.29.49:439][800]LogAIModule: Creating AISystem for world URS
[2018.01.28-08.29.49:573][800]LogEditorServer: Finished looking for orphan Actors (0.000 secs)
[2018.01.28-08.29.49:626][800]Cmd: MAP CHECKDEP NOCLEARLOG
[2018.01.28-08.29.49:736][800]MapCheck: 맵 체크 완료: 오류 0 회, 경고 0 회, 소요 시간 109.78ms.
[2018.01.28-08.29.49:736][800]LogFileHelpers: Loading map 'URS' took 0.502
[2018.01.28-08.29.51:468][887]LogTemp: Repeating last play command: 새 에디터 창 (PIE)
[2018.01.28-08.29.51:530][887]LogBlueprintUserMessages: Early PlayInEditor Detection: Level '/Game/URS.URS:PersistentLevel' has LevelScriptBlueprint '/Game/URS.URS:PersistentLevel.URS' with GeneratedClass '/Game/URS.URS_C' with ClassGeneratedBy '/Game/URS.URS:PersistentLevel.URS'
[2018.01.28-08.29.51:530][887]LogPlayLevel: PlayLevel: No blueprints needed recompiling
[2018.01.28-08.29.51:531][887]PIE: New page: PIE 세션: URS (2018. 1. 29. 오전 2:29:51)
[2018.01.28-08.29.51:531][887]LogPlayLevel: Creating play world package: /Game/UEDPIE_0_URS
[2018.01.28-08.29.51:550][887]LogPlayLevel: PIE: StaticDuplicateObject took: (0.019162s)
[2018.01.28-08.29.51:551][887]LogAIModule: Creating AISystem for world URS
[2018.01.28-08.29.51:551][887]LogPlayLevel: PIE: World Init took: (0.001044s)
[2018.01.28-08.29.51:552][887]LogPlayLevel: PIE: Created PIE world by copying editor world from /Game/URS.URS to /Game/UEDPIE_0_URS.URS (0.020818s)
[2018.01.28-08.29.51:571][887]LogInit: XAudio2 using '스피커 / 헤드폰(Realtek Audio)' : 2 channels at 48 kHz using 32 bits per sample (channel mask 0x3)
[2018.01.28-08.29.51:672][887]LogInit: FAudioDevice initialized.
[2018.01.28-08.29.51:783][887]LogLoad: Game class is 'FirstPersonGameMode_C'
[2018.01.28-08.29.51:786][887]LogWorld: Bringing World /Game/UEDPIE_0_URS.URS up for play (max tick rate 60) at 2018.01.28-17.29.51
[2018.01.28-08.29.51:786][887]LogWorld: Bringing up level for play took: 0.001618
[2018.01.28-08.29.51:900][887]LogContentBrowser: Native class hierarchy updated for 'MovieSceneCapture' in 0.0003 seconds. Added 11 classes and 0 folders.
[2018.01.28-08.29.51:906][887]PIE: /Game/UEDPIE_0_URS 에 대한 에디터에서 플레이 시작 시간: -0.455
[2018.01.28-08.29.51:907][887]LogBlueprintUserMessages: Late PlayInEditor Detection: Level '/Game/URS.URS:PersistentLevel' has LevelScriptBlueprint '/Game/URS.URS:PersistentLevel.URS' with GeneratedClass '/Game/URS.URS_C' with ClassGeneratedBy '/Game/URS.URS:PersistentLevel.URS'
[2018.01.28-08.29.51:964][887]LogRenderer: Reallocating scene render targets to support 1024x576 Format 10 NumSamples 1 (Frame:1).
[2018.01.28-08.29.53:848][951]LogBlueprintUserMessages: Early EndPlayMap Detection: Level '/Game/URS.URS:PersistentLevel' has LevelScriptBlueprint '/Game/URS.URS:PersistentLevel.URS' with GeneratedClass '/Game/URS.URS_C' with ClassGeneratedBy '/Game/URS.URS:PersistentLevel.URS'
[2018.01.28-08.29.53:906][951]LogBlueprintUserMessages: Late EndPlayMap Detection: Level '/Game/URS.URS:PersistentLevel' has LevelScriptBlueprint '/Game/URS.URS:PersistentLevel.URS' with GeneratedClass '/Game/URS.URS_C' with ClassGeneratedBy '/Game/URS.URS:PersistentLevel.URS'
[2018.01.28-08.31.44:188][331]LogFactory: FactoryCreateFile: StaticMesh with FbxFactory (0 0 C:\Users\양형\Desktop\졸작자료\Nick 0.1\Nick 0.1.FBX)
[2018.01.28-08.31.44:204][331]LogFbx: ItemName: GlobalSettings, ItemCount : 1
[2018.01.28-08.31.44:205][331]LogFbx: ItemName: AnimationStack, ItemCount : 1
[2018.01.28-08.31.44:205][331]LogFbx: ItemName: AnimationLayer, ItemCount : 1
[2018.01.28-08.31.44:205][331]LogFbx: ItemName: Model, ItemCount : 2
[2018.01.28-08.31.44:205][331]LogFbx: ItemName: Material, ItemCount : 3
[2018.01.28-08.31.44:205][331]LogFbx: ItemName: Texture, ItemCount : 2
[2018.01.28-08.31.44:205][331]LogFbx: ItemName: Geometry, ItemCount : 2
[2018.01.28-08.31.44:205][331]LogFbx: ItemName: Video, ItemCount : 1
[2018.01.28-08.31.44:210][331]LogFbx: Loading FBX Scene from C:\Users\양형\Desktop\졸작자료\Nick 0.1\Nick 0.1.FBX
[2018.01.28-08.31.44:227][331]LogFbx: FBX Scene Loaded Succesfully
[2018.01.28-08.34.53:982][800]LogSlate: Took 0.000366 seconds to synchronously load lazily loaded font '../../../Engine/Content/Slate/Fonts/Roboto-Regular.ttf' (155K)
[2018.01.28-08.34.54:115][800]LogRenderer: Reallocating scene render targets to support 1144x708 Format 10 NumSamples 1 (Frame:1).
[2018.01.28-08.37.50:254][154]LogEditorTransaction: Undo 벡터 프로퍼티 설정
[2018.01.28-08.37.50:383][154]LogSlate: Took 0.000462 seconds to synchronously load lazily loaded font '../../../Engine/Content/Slate/Fonts/Roboto-Light.ttf' (159K)
[2018.01.28-08.38.28:631][153]Cmd: OBJ SAVEPACKAGE PACKAGE="/Game/UrsContent/mediaeval_house" FILE="../../../../../../Users/양형/Documents/Unreal Projects/URS/Content/UrsContent/mediaeval_house.uasset" SILENT=true
[2018.01.28-08.38.28:663][153]LogSavePackage: Save=18.82ms
[2018.01.28-08.38.28:663][153]LogSavePackage: Moving '../../../../../../Users/양형/Documents/Unreal Projects/URS/Saved/mediaeval_houseC44739E441DBB2C4CA1620B0ABF4A236.tmp' to '../../../../../../Users/양형/Documents/Unreal Projects/URS/Content/UrsContent/mediaeval_house.uasset'
[2018.01.28-08.38.28:671][153]LogSavePackage: Display: Finished SavePackage ../../../../../../Users/양형/Documents/Unreal Projects/URS/Content/UrsContent/mediaeval_house.uasset
[2018.01.28-08.39.30:866][448]LogEditorFactories: Performing atomic reimport of [C:/Users/양형/Desktop/졸작자료/예시건물/mediaeval_house.fbx]
[2018.01.28-08.39.30:918][448]LogFbx: Loading FBX Scene from C:/Users/양형/Desktop/졸작자료/예시건물/mediaeval_house.fbx
[2018.01.28-08.39.30:927][448]LogFbx: FBX Scene Loaded Succesfully
[2018.01.28-08.39.30:947][448]LogStaticMesh: mediaeval_house 스태틱 메시 빌드중...
[2018.01.28-08.39.30:973][448]LogStaticMesh: Built static mesh [0.03s] /Game/UrsContent/mediaeval_house.mediaeval_house
[2018.01.28-08.39.30:994][448]LogEditorFactories: -- imported successfully
[2018.01.28-08.39.30:997][448]FBXImport: Warning: 이 FBX 씬에 스무딩 그룹 정보가 없습니다. FBX 익스포트 플러그인에서 파일을 익스포트하기 전, 'Export Smoothing Groups' (스무딩 그룹 익스포트)를 켰는지 확인해 주시기 바랍니다. 스무딩 그룹을 지원하지 않는 툴의 경우에도, 임포트시 버텍스 노멀을 제대로 유추할 수 있도록 FBX 익스포터가 익스포트시 적합한 스무딩 데이터를 생성해 줍니다. 
[2018.01.28-08.39.44:424][ 99]LogPhysics: Warning: PopulatePhysXGeometryAndTransform(Convex): ConvexElem has invalid transform
[2018.01.28-08.39.44:424][ 99]LogPhysics: Warning: ForeachShape(Convex): [/Game/UrsContent/mediaeval_house.mediaeval_house] ScaledElem[0] invalid
[2018.01.28-08.39.44:425][ 99]LogPhysics: Warning: PopulatePhysXGeometryAndTransform(Convex): ConvexElem has invalid transform
[2018.01.28-08.39.44:425][ 99]LogPhysics: Warning: ForeachShape(Convex): [/Game/UrsContent/mediaeval_house.mediaeval_house] ScaledElem[0] invalid
[2018.01.28-08.39.44:995][133]LogPhysics: Warning: PopulatePhysXGeometryAndTransform(Convex): ConvexElem has invalid transform
[2018.01.28-08.39.44:995][133]LogPhysics: Warning: ForeachShape(Convex): [/Game/UrsContent/mediaeval_house.mediaeval_house] ScaledElem[0] invalid
[2018.01.28-08.39.44:996][133]LogPhysics: Warning: PopulatePhysXGeometryAndTransform(Convex): ConvexElem has invalid transform
[2018.01.28-08.39.44:996][133]LogPhysics: Warning: ForeachShape(Convex): [/Game/UrsContent/mediaeval_house.mediaeval_house] ScaledElem[0] invalid
[2018.01.28-08.39.45:556][166]LogPhysics: Warning: PopulatePhysXGeometryAndTransform(Convex): ConvexElem has invalid transform
[2018.01.28-08.39.45:556][166]LogPhysics: Warning: ForeachShape(Convex): [/Game/UrsContent/mediaeval_house.mediaeval_house] ScaledElem[0] invalid
[2018.01.28-08.39.45:556][166]LogPhysics: Warning: PopulatePhysXGeometryAndTransform(Convex): ConvexElem has invalid transform
[2018.01.28-08.39.45:556][166]LogPhysics: Warning: ForeachShape(Convex): [/Game/UrsContent/mediaeval_house.mediaeval_house] ScaledElem[0] invalid
[2018.01.28-08.39.59:474][906]LogTemp: Repeating last play command: 새 에디터 창 (PIE)
[2018.01.28-08.39.59:499][906]LogBlueprintUserMessages: Early PlayInEditor Detection: Level '/Game/URS.URS:PersistentLevel' has LevelScriptBlueprint '/Game/URS.URS:PersistentLevel.URS' with GeneratedClass '/Game/URS.URS_C' with ClassGeneratedBy '/Game/URS.URS:PersistentLevel.URS'
[2018.01.28-08.39.59:499][906]LogPlayLevel: PlayLevel: No blueprints needed recompiling
[2018.01.28-08.39.59:499][906]PIE: New page: PIE 세션: URS (2018. 1. 29. 오전 2:39:59)
[2018.01.28-08.39.59:500][906]LogPlayLevel: Creating play world package: /Game/UEDPIE_0_URS
[2018.01.28-08.39.59:513][906]LogPlayLevel: PIE: StaticDuplicateObject took: (0.013782s)
[2018.01.28-08.39.59:514][906]LogAIModule: Creating AISystem for world URS
[2018.01.28-08.39.59:515][906]LogPlayLevel: PIE: World Init took: (0.001096s)
[2018.01.28-08.39.59:515][906]LogPlayLevel: PIE: Created PIE world by copying editor world from /Game/URS.URS to /Game/UEDPIE_0_URS.URS (0.015211s)
[2018.01.28-08.39.59:535][906]LogInit: XAudio2 using '스피커 / 헤드폰(Realtek Audio)' : 2 channels at 48 kHz using 32 bits per sample (channel mask 0x3)
[2018.01.28-08.39.59:641][906]LogInit: FAudioDevice initialized.
[2018.01.28-08.39.59:735][906]LogLoad: Game class is 'FirstPersonGameMode_C'
[2018.01.28-08.39.59:737][906]LogWorld: Bringing World /Game/UEDPIE_0_URS.URS up for play (max tick rate 60) at 2018.01.28-17.39.59
[2018.01.28-08.39.59:737][906]LogWorld: Bringing up level for play took: 0.001406
[2018.01.28-08.39.59:747][906]PIE: /Game/UEDPIE_0_URS 에 대한 에디터에서 플레이 시작 시간: -0.614
[2018.01.28-08.39.59:748][906]LogBlueprintUserMessages: Late PlayInEditor Detection: Level '/Game/URS.URS:PersistentLevel' has LevelScriptBlueprint '/Game/URS.URS:PersistentLevel.URS' with GeneratedClass '/Game/URS.URS_C' with ClassGeneratedBy '/Game/URS.URS:PersistentLevel.URS'
[2018.01.28-08.40.14:006][404]LogBlueprintUserMessages: Early EndPlayMap Detection: Level '/Game/URS.URS:PersistentLevel' has LevelScriptBlueprint '/Game/URS.URS:PersistentLevel.URS' with GeneratedClass '/Game/URS.URS_C' with ClassGeneratedBy '/Game/URS.URS:PersistentLevel.URS'
[2018.01.28-08.40.14:074][404]LogBlueprintUserMessages: Late EndPlayMap Detection: Level '/Game/URS.URS:PersistentLevel' has LevelScriptBlueprint '/Game/URS.URS:PersistentLevel.URS' with GeneratedClass '/Game/URS.URS_C' with ClassGeneratedBy '/Game/URS.URS:PersistentLevel.URS'
[2018.01.28-08.40.54:985][588]LogEditorFactories: Performing atomic reimport of [C:/Users/양형/Desktop/졸작자료/예시건물/mediaeval_house.fbx]
[2018.01.28-08.40.55:022][588]LogFbx: Loading FBX Scene from C:/Users/양형/Desktop/졸작자료/예시건물/mediaeval_house.fbx
[2018.01.28-08.40.55:031][588]LogFbx: FBX Scene Loaded Succesfully
[2018.01.28-08.40.55:052][588]LogStaticMesh: mediaeval_house 스태틱 메시 빌드중...
[2018.01.28-08.40.55:075][588]LogStaticMesh: Built static mesh [0.03s] /Game/UrsContent/mediaeval_house.mediaeval_house
[2018.01.28-08.40.55:087][588]LogEditorFactories: -- imported successfully
[2018.01.28-08.40.55:090][588]FBXImport: Warning: 이 FBX 씬에 스무딩 그룹 정보가 없습니다. FBX 익스포트 플러그인에서 파일을 익스포트하기 전, 'Export Smoothing Groups' (스무딩 그룹 익스포트)를 켰는지 확인해 주시기 바랍니다. 스무딩 그룹을 지원하지 않는 툴의 경우에도, 임포트시 버텍스 노멀을 제대로 유추할 수 있도록 FBX 익스포터가 익스포트시 적합한 스무딩 데이터를 생성해 줍니다. 
[2018.01.28-08.41.10:624][284]LogTemp: Repeating last play command: 새 에디터 창 (PIE)
[2018.01.28-08.41.10:648][284]LogBlueprintUserMessages: Early PlayInEditor Detection: Level '/Game/URS.URS:PersistentLevel' has LevelScriptBlueprint '/Game/URS.URS:PersistentLevel.URS' with GeneratedClass '/Game/URS.URS_C' with ClassGeneratedBy '/Game/URS.URS:PersistentLevel.URS'
[2018.01.28-08.41.10:648][284]LogPlayLevel: PlayLevel: No blueprints needed recompiling
[2018.01.28-08.41.10:648][284]PIE: New page: PIE 세션: URS (2018. 1. 29. 오전 2:41:10)
[2018.01.28-08.41.10:649][284]LogPlayLevel: Creating play world package: /Game/UEDPIE_0_URS
[2018.01.28-08.41.10:663][284]LogPlayLevel: PIE: StaticDuplicateObject took: (0.013947s)
[2018.01.28-08.41.10:664][284]LogAIModule: Creating AISystem for world URS
[2018.01.28-08.41.10:664][284]LogPlayLevel: PIE: World Init took: (0.001572s)
[2018.01.28-08.41.10:665][284]LogPlayLevel: PIE: Created PIE world by copying editor world from /Game/URS.URS to /Game/UEDPIE_0_URS.URS (0.015987s)
[2018.01.28-08.41.10:684][284]LogInit: XAudio2 using '스피커 / 헤드폰(Realtek Audio)' : 2 channels at 48 kHz using 32 bits per sample (channel mask 0x3)
[2018.01.28-08.41.10:784][284]LogInit: FAudioDevice initialized.
[2018.01.28-08.41.10:882][284]LogLoad: Game class is 'FirstPersonGameMode_C'
[2018.01.28-08.41.10:884][284]LogWorld: Bringing World /Game/UEDPIE_0_URS.URS up for play (max tick rate 60) at 2018.01.28-17.41.10
[2018.01.28-08.41.10:884][284]LogWorld: Bringing up level for play took: 0.001223
[2018.01.28-08.41.10:891][284]PIE: /Game/UEDPIE_0_URS 에 대한 에디터에서 플레이 시작 시간: 0.529
[2018.01.28-08.41.10:891][284]LogBlueprintUserMessages: Late PlayInEditor Detection: Level '/Game/URS.URS:PersistentLevel' has LevelScriptBlueprint '/Game/URS.URS:PersistentLevel.URS' with GeneratedClass '/Game/URS.URS_C' with ClassGeneratedBy '/Game/URS.URS:PersistentLevel.URS'
[2018.01.28-08.41.22:184][774]Cmd: ToggleDebugCamera
[2018.01.28-08.41.39:672][564]LogBlueprintUserMessages: Early EndPlayMap Detection: Level '/Game/URS.URS:PersistentLevel' has LevelScriptBlueprint '/Game/URS.URS:PersistentLevel.URS' with GeneratedClass '/Game/URS.URS_C' with ClassGeneratedBy '/Game/URS.URS:PersistentLevel.URS'
[2018.01.28-08.41.39:726][564]LogBlueprintUserMessages: Late EndPlayMap Detection: Level '/Game/URS.URS:PersistentLevel' has LevelScriptBlueprint '/Game/URS.URS:PersistentLevel.URS' with GeneratedClass '/Game/URS.URS_C' with ClassGeneratedBy '/Game/URS.URS:PersistentLevel.URS'
[2018.01.28-08.42.43:809][159]Cmd: OBJ SAVEPACKAGE PACKAGE="/Game/URS" FILE="../../../../../../Users/양형/Documents/Unreal Projects/URS/Saved/Autosaves/Game/URS_Auto1.umap" SILENT=true AUTOSAVING=true KEEPDIRTY=false
[2018.01.28-08.42.44:077][159]LogSavePackage: Save=244.06ms
[2018.01.28-08.42.44:077][159]LogSavePackage: Moving '../../../../../../Users/양형/Documents/Unreal Projects/URS/Saved/URS_Auto199CBBAAE4ADF0F165DB60B81B5EC056D.tmp' to '../../../../../../Users/양형/Documents/Unreal Projects/URS/Saved/Autosaves/Game/URS_Auto1.umap'
[2018.01.28-08.42.44:078][159]LogSavePackage: Display: Finished SavePackage ../../../../../../Users/양형/Documents/Unreal Projects/URS/Saved/Autosaves/Game/URS_Auto1.umap
[2018.01.28-08.42.44:084][159]LogFileHelpers: Editor autosave (incl. sublevels) for '/Game/URS' took 0.288
[2018.01.28-08.42.44:084][159]LogFileHelpers: Editor autosave (incl. sublevels) for all levels took 0.288
[2018.01.28-08.42.44:099][159]OBJ SavePackage: Generating thumbnails for [1] asset(s) in package [/Game/UrsContent/mediaeval_house] ([1] browsable assets)...
[2018.01.28-08.42.44:131][159]OBJ SavePackage:     Rendered thumbnail for [StaticMesh /Game/UrsContent/mediaeval_house.mediaeval_house]
[2018.01.28-08.42.44:131][159]OBJ SavePackage: Finished generating thumbnails for package [/Game/UrsContent/mediaeval_house]
[2018.01.28-08.42.44:162][159]LogSavePackage: Save=23.78ms
[2018.01.28-08.42.44:162][159]LogSavePackage: Moving '../../../../../../Users/양형/Documents/Unreal Projects/URS/Saved/mediaeval_house_Auto1F631E2F44D617A4495E2DEBF3DD63681.tmp' to '../../../../../../Users/양형/Documents/Unreal Projects/URS/Saved/Autosaves/Game/UrsContent/mediaeval_house_Auto1.uasset'
[2018.01.28-08.42.44:165][159]LogSavePackage: Display: Finished SavePackage ../../../../../../Users/양형/Documents/Unreal Projects/URS/Saved/Autosaves/Game/UrsContent/mediaeval_house_Auto1.uasset
[2018.01.28-08.42.44:165][159]LogFileHelpers: Auto-saving content packages took 0.068
[2018.01.28-08.54.11:553][374]LogTemp: Repeating last play command: 새 에디터 창 (PIE)
[2018.01.28-08.54.11:576][374]LogBlueprintUserMessages: Early PlayInEditor Detection: Level '/Game/URS.URS:PersistentLevel' has LevelScriptBlueprint '/Game/URS.URS:PersistentLevel.URS' with GeneratedClass '/Game/URS.URS_C' with ClassGeneratedBy '/Game/URS.URS:PersistentLevel.URS'
[2018.01.28-08.54.11:576][374]LogPlayLevel: PlayLevel: No blueprints needed recompiling
[2018.01.28-08.54.11:576][374]PIE: New page: PIE 세션: URS (2018. 1. 29. 오전 2:54:11)
[2018.01.28-08.54.11:576][374]LogPlayLevel: Creating play world package: /Game/UEDPIE_0_URS
[2018.01.28-08.54.11:590][374]LogPlayLevel: PIE: StaticDuplicateObject took: (0.013459s)
[2018.01.28-08.54.11:591][374]LogAIModule: Creating AISystem for world URS
[2018.01.28-08.54.11:591][374]LogPlayLevel: PIE: World Init took: (0.001092s)
[2018.01.28-08.54.11:591][374]LogPlayLevel: PIE: Created PIE world by copying editor world from /Game/URS.URS to /Game/UEDPIE_0_URS.URS (0.014900s)
[2018.01.28-08.54.11:614][374]LogInit: XAudio2 using '스피커 / 헤드폰(Realtek Audio)' : 2 channels at 48 kHz using 32 bits per sample (channel mask 0x3)
[2018.01.28-08.54.11:721][374]LogInit: FAudioDevice initialized.
[2018.01.28-08.54.11:815][374]LogLoad: Game class is 'FirstPersonGameMode_C'
[2018.01.28-08.54.11:818][374]LogWorld: Bringing World /Game/UEDPIE_0_URS.URS up for play (max tick rate 60) at 2018.01.28-17.54.11
[2018.01.28-08.54.11:818][374]LogWorld: Bringing up level for play took: 0.001547
[2018.01.28-08.54.11:825][374]PIE: /Game/UEDPIE_0_URS 에 대한 에디터에서 플레이 시작 시간: -0.536
[2018.01.28-08.54.11:826][374]LogBlueprintUserMessages: Late PlayInEditor Detection: Level '/Game/URS.URS:PersistentLevel' has LevelScriptBlueprint '/Game/URS.URS:PersistentLevel.URS' with GeneratedClass '/Game/URS.URS_C' with ClassGeneratedBy '/Game/URS.URS:PersistentLevel.URS'
[2018.01.28-08.54.13:792][484]LogBlueprintUserMessages: Early EndPlayMap Detection: Level '/Game/URS.URS:PersistentLevel' has LevelScriptBlueprint '/Game/URS.URS:PersistentLevel.URS' with GeneratedClass '/Game/URS.URS_C' with ClassGeneratedBy '/Game/URS.URS:PersistentLevel.URS'
[2018.01.28-08.54.13:847][484]LogBlueprintUserMessages: Late EndPlayMap Detection: Level '/Game/URS.URS:PersistentLevel' has LevelScriptBlueprint '/Game/URS.URS:PersistentLevel.URS' with GeneratedClass '/Game/URS.URS_C' with ClassGeneratedBy '/Game/URS.URS:PersistentLevel.URS'
[2018.01.28-08.59.39:350][784]Cmd: OBJ SAVEPACKAGE PACKAGE="/Game/URS" FILE="../../../../../../Users/양형/Documents/Unreal Projects/URS/Content/URS.umap" SILENT=true AUTOSAVING=false KEEPDIRTY=false
[2018.01.28-08.59.39:616][784]LogSavePackage: Save=236.49ms
[2018.01.28-08.59.39:616][784]LogSavePackage: Moving '../../../../../../Users/양형/Documents/Unreal Projects/URS/Saved/URS74D1286B420367CBA96D838289E357BA.tmp' to '../../../../../../Users/양형/Documents/Unreal Projects/URS/Content/URS.umap'
[2018.01.28-08.59.39:633][784]LogSavePackage: Display: Finished SavePackage ../../../../../../Users/양형/Documents/Unreal Projects/URS/Content/URS.umap
[2018.01.28-08.59.39:708][784]LogFileHelpers: Saving map 'URS' took 0.471
[2018.01.28-08.59.39:712][784]Cmd: OBJ SAVEPACKAGE PACKAGE="/Game/UrsContent/mediaeval_house" FILE="../../../../../../Users/양형/Documents/Unreal Projects/URS/Content/UrsContent/mediaeval_house.uasset" SILENT=true
[2018.01.28-08.59.39:733][784]LogSavePackage: Save=8.89ms
[2018.01.28-08.59.39:733][784]LogSavePackage: Moving '../../../../../../Users/양형/Documents/Unreal Projects/URS/Saved/mediaeval_houseF192D7FD4383B2504D39DEA7246B6F7D.tmp' to '../../../../../../Users/양형/Documents/Unreal Projects/URS/Content/UrsContent/mediaeval_house.uasset'
[2018.01.28-08.59.39:740][784]LogSavePackage: Display: Finished SavePackage ../../../../../../Users/양형/Documents/Unreal Projects/URS/Content/UrsContent/mediaeval_house.uasset
[2018.01.28-08.59.42:349][930]LogTemp: Repeating last play command: 새 에디터 창 (PIE)
[2018.01.28-08.59.42:374][930]LogBlueprintUserMessages: Early PlayInEditor Detection: Level '/Game/URS.URS:PersistentLevel' has LevelScriptBlueprint '/Game/URS.URS:PersistentLevel.URS' with GeneratedClass '/Game/URS.URS_C' with ClassGeneratedBy '/Game/URS.URS:PersistentLevel.URS'
[2018.01.28-08.59.42:374][930]LogPlayLevel: PlayLevel: No blueprints needed recompiling
[2018.01.28-08.59.42:375][930]PIE: New page: PIE 세션: URS (2018. 1. 29. 오전 2:59:42)
[2018.01.28-08.59.42:375][930]LogPlayLevel: Creating play world package: /Game/UEDPIE_0_URS
[2018.01.28-08.59.42:391][930]LogPlayLevel: PIE: StaticDuplicateObject took: (0.016206s)
[2018.01.28-08.59.42:392][930]LogAIModule: Creating AISystem for world URS
[2018.01.28-08.59.42:392][930]LogPlayLevel: PIE: World Init took: (0.001149s)
[2018.01.28-08.59.42:392][930]LogPlayLevel: PIE: Created PIE world by copying editor world from /Game/URS.URS to /Game/UEDPIE_0_URS.URS (0.017787s)
[2018.01.28-08.59.42:414][930]LogInit: XAudio2 using '스피커 / 헤드폰(Realtek Audio)' : 2 channels at 48 kHz using 32 bits per sample (channel mask 0x3)
[2018.01.28-08.59.42:515][930]LogInit: FAudioDevice initialized.
[2018.01.28-08.59.42:616][930]LogLoad: Game class is 'FirstPersonGameMode_C'
[2018.01.28-08.59.42:619][930]LogWorld: Bringing World /Game/UEDPIE_0_URS.URS up for play (max tick rate 60) at 2018.01.28-17.59.42
[2018.01.28-08.59.42:619][930]LogWorld: Bringing up level for play took: 0.001639
[2018.01.28-08.59.42:626][930]PIE: /Game/UEDPIE_0_URS 에 대한 에디터에서 플레이 시작 시간: 0.265
[2018.01.28-08.59.42:627][930]LogBlueprintUserMessages: Late PlayInEditor Detection: Level '/Game/URS.URS:PersistentLevel' has LevelScriptBlueprint '/Game/URS.URS:PersistentLevel.URS' with GeneratedClass '/Game/URS.URS_C' with ClassGeneratedBy '/Game/URS.URS:PersistentLevel.URS'
[2018.01.28-08.59.45:397][ 77]LogBlueprintUserMessages: Early EndPlayMap Detection: Level '/Game/URS.URS:PersistentLevel' has LevelScriptBlueprint '/Game/URS.URS:PersistentLevel.URS' with GeneratedClass '/Game/URS.URS_C' with ClassGeneratedBy '/Game/URS.URS:PersistentLevel.URS'
[2018.01.28-08.59.45:452][ 77]LogBlueprintUserMessages: Late EndPlayMap Detection: Level '/Game/URS.URS:PersistentLevel' has LevelScriptBlueprint '/Game/URS.URS:PersistentLevel.URS' with GeneratedClass '/Game/URS.URS_C' with ClassGeneratedBy '/Game/URS.URS:PersistentLevel.URS'
[2018.01.28-09.02.27:834][289]LogSlate: Took 0.000320 seconds to synchronously load lazily loaded font '../../../Engine/Content/Editor/Slate/Fonts/Roboto-Italic.ttf' (157K)
[2018.01.28-09.16.33:673][395]LogHttp: Warning: 0000016D7FC11600: request failed, libcurl error: 6 (Couldn't resolve host name)
[2018.01.28-09.16.33:673][395]LogHttp: Warning: 0000016D7FC11600: libcurl info message cache 0 (Connection 19 seems to be dead!)
[2018.01.28-09.16.33:673][395]LogHttp: Warning: 0000016D7FC11600: libcurl info message cache 1 (Closing connection 19)
[2018.01.28-09.16.33:673][395]LogHttp: Warning: 0000016D7FC11600: libcurl info message cache 2 (TLSv1.2 (OUT), TLS alert, Client hello (1):)
[2018.01.28-09.16.33:673][395]LogHttp: Warning: 0000016D7FC11600: libcurl info message cache 3 (Could not resolve host: datarouter.ol.epicgames.com)
[2018.01.28-09.16.33:673][395]LogHttp: Warning: 0000016D7FC11600: libcurl info message cache 4 (Closing connection 20)
[2018.01.28-09.18.34:026][756]LogHttp: Warning: 0000016D7FC10400: request failed, libcurl error: 6 (Couldn't resolve host name)
[2018.01.28-09.18.34:026][756]LogHttp: Warning: 0000016D7FC10400: libcurl info message cache 0 (Could not resolve host: datarouter.ol.epicgames.com)
[2018.01.28-09.18.34:026][756]LogHttp: Warning: 0000016D7FC10400: libcurl info message cache 1 (Closing connection 21)
[2018.01.28-09.20.34:388][117]LogHttp: Warning: 0000016D7FC10580: request failed, libcurl error: 6 (Couldn't resolve host name)
[2018.01.28-09.20.34:388][117]LogHttp: Warning: 0000016D7FC10580: libcurl info message cache 0 (Could not resolve host: datarouter.ol.epicgames.com)
[2018.01.28-09.20.34:388][117]LogHttp: Warning: 0000016D7FC10580: libcurl info message cache 1 (Closing connection 22)
[2018.01.28-09.22.34:745][478]LogHttp: Warning: 0000016D7FC12500: request failed, libcurl error: 6 (Couldn't resolve host name)
[2018.01.28-09.22.34:746][478]LogHttp: Warning: 0000016D7FC12500: libcurl info message cache 0 (Could not resolve host: datarouter.ol.epicgames.com)
[2018.01.28-09.22.34:746][478]LogHttp: Warning: 0000016D7FC12500: libcurl info message cache 1 (Closing connection 23)
[2018.01.28-09.50.36:503][ 19]LogWindowsTextInputMethodSystem: Display: IME system now activated using TSF (Microsoft 입력기).
[2018.01.28-09.50.36:849][ 20]Cmd: QUIT_EDITOR
[2018.01.28-09.50.36:912][ 20]LogExit: Preparing to exit.
[2018.01.28-09.50.37:600][ 20]LogDirectoryWatcher: A directory notification for 'C:/Users/양형/Documents/Unreal Projects/URS/Content/' was aborted.
[2018.01.28-09.50.37:743][ 20]LogExit: Editor shut down
[2018.01.28-09.50.37:778][ 20]LogExit: Transaction tracking system shut down
[2018.01.28-09.50.38:093][ 20]LogDirectoryWatcher: A directory notification for '../../../Engine/Content/' was aborted.
[2018.01.28-09.50.38:093][ 20]LogDirectoryWatcher: A directory notification for '../../../../../../Users/양형/Documents/Unreal Projects/URS/Content/' was aborted.
[2018.01.28-09.50.38:093][ 20]LogDirectoryWatcher: A directory notification for '../../../Engine/Plugins/2D/Paper2D/Content/' was aborted.
[2018.01.28-09.50.38:093][ 20]LogDirectoryWatcher: A directory notification for '../../../Engine/Plugins/Media/MediaCompositing/Content/' was aborted.
[2018.01.28-09.50.38:093][ 20]LogDirectoryWatcher: A directory notification for '../../../Engine/Plugins/Runtime/AppleARKit/Content/' was aborted.
[2018.01.28-09.50.38:093][ 20]LogDirectoryWatcher: A directory notification for '../../../Engine/Plugins/Runtime/Oculus/OculusVR/Content/' was aborted.
[2018.01.28-09.50.38:093][ 20]LogDirectoryWatcher: A directory notification for '../../../Engine/Plugins/Runtime/Steam/SteamVR/Content/' was aborted.
[2018.01.28-09.50.38:210][ 20]LogExit: Object subsystem successfully closed.
[2018.01.28-09.50.38:242][ 20]LogD3D11RHI: Shutdown
[2018.01.28-09.50.38:242][ 20]LogD3D11RHI: CleanupD3DDevice
[2018.01.28-09.50.38:258][ 20]LogD3D11RHI: ~FD3D11DynamicRHI
[2018.01.28-09.50.38:284][ 20]LogModuleManager: Shutting down and abandoning module StaticMeshEditor (552)
[2018.01.28-09.50.38:284][ 20]LogModuleManager: Shutting down and abandoning module MovieSceneCapture (550)
[2018.01.28-09.50.38:284][ 20]LogModuleManager: Shutting down and abandoning module HierarchicalLODOutliner (548)
[2018.01.28-09.50.38:284][ 20]LogModuleManager: Shutting down and abandoning module SceneOutliner (546)
[2018.01.28-09.50.38:285][ 20]LogModuleManager: Shutting down and abandoning module AddContentDialog (544)
[2018.01.28-09.50.38:285][ 20]LogDirectoryWatcher: A directory notification for 'C:/Program Files/Epic Games/UE_4.18/FeaturePacks/' was aborted.
[2018.01.28-09.50.38:291][ 20]LogModuleManager: Shutting down and abandoning module WidgetCarousel (543)
[2018.01.28-09.50.38:291][ 20]LogModuleManager: Shutting down and abandoning module EditorWidgets (540)
[2018.01.28-09.50.38:291][ 20]LogModuleManager: Shutting down and abandoning module CollectionManager (538)
[2018.01.28-09.50.38:291][ 20]LogDirectoryWatcher: A directory notification for 'C:/Users/양형/Documents/Unreal Projects/URS/Content/Collections/' was aborted.
[2018.01.28-09.50.38:291][ 20]LogDirectoryWatcher: A directory notification for 'C:/Users/양형/Documents/Unreal Projects/URS/Content/Developers/양형/Collections/' was aborted.
[2018.01.28-09.50.38:291][ 20]LogDirectoryWatcher: A directory notification for 'C:/Users/양형/Documents/Unreal Projects/URS/Saved/Collections/' was aborted.
[2018.01.28-09.50.38:292][ 20]LogModuleManager: Shutting down and abandoning module StatsViewer (536)
[2018.01.28-09.50.38:292][ 20]LogModuleManager: Shutting down and abandoning module FoliageEdit (534)
[2018.01.28-09.50.38:292][ 20]LogModuleManager: Shutting down and abandoning module LandscapeEditor (532)
[2018.01.28-09.50.38:292][ 20]LogModuleManager: Shutting down and abandoning module MeshPaintMode (530)
[2018.01.28-09.50.38:292][ 20]LogModuleManager: Shutting down and abandoning module SceneDepthPickerMode (528)
[2018.01.28-09.50.38:292][ 20]LogModuleManager: Shutting down and abandoning module ActorPickerMode (526)
[2018.01.28-09.50.38:292][ 20]LogModuleManager: Shutting down and abandoning module GeometryMode (524)
[2018.01.28-09.50.38:292][ 20]LogModuleManager: Shutting down and abandoning module TextureAlignMode (522)
[2018.01.28-09.50.38:292][ 20]LogModuleManager: Shutting down and abandoning module BspMode (520)
[2018.01.28-09.50.38:292][ 20]LogModuleManager: Shutting down and abandoning module PIEPreviewDeviceProfileSelector (518)
[2018.01.28-09.50.38:292][ 20]LogModuleManager: Shutting down and abandoning module HardwareSurvey (516)
[2018.01.28-09.50.38:292][ 20]LogModuleManager: Shutting down and abandoning module SequenceRecorderSections (514)
[2018.01.28-09.50.38:292][ 20]LogModuleManager: Shutting down and abandoning module AutomationWorker (512)
[2018.01.28-09.50.38:292][ 20]LogModuleManager: Shutting down and abandoning module MatineeToLevelSequence (510)
[2018.01.28-09.50.38:292][ 20]LogModuleManager: Shutting down and abandoning module LevelSequenceEditor (508)
[2018.01.28-09.50.38:292][ 20]LogModuleManager: Shutting down and abandoning module PlacementMode (507)
[2018.01.28-09.50.38:292][ 20]LogModuleManager: Shutting down and abandoning module WmfMediaFactory (504)
[2018.01.28-09.50.38:292][ 20]LogModuleManager: Shutting down and abandoning module WmfMediaEditor (502)
[2018.01.28-09.50.38:293][ 20]LogModuleManager: Shutting down and abandoning module OpenExrWrapper (500)
[2018.01.28-09.50.38:293][ 20]LogModuleManager: Shutting down and abandoning module ImgMediaFactory (498)
[2018.01.28-09.50.38:293][ 20]LogModuleManager: Shutting down and abandoning module ImgMediaEditor (496)
[2018.01.28-09.50.38:293][ 20]LogModuleManager: Shutting down and abandoning module AvfMediaFactory (494)
[2018.01.28-09.50.38:293][ 20]LogModuleManager: Shutting down and abandoning module AvfMediaEditor (492)
[2018.01.28-09.50.38:293][ 20]LogModuleManager: Shutting down and abandoning module AndroidMediaFactory (490)
[2018.01.28-09.50.38:293][ 20]LogModuleManager: Shutting down and abandoning module AndroidMediaEditor (488)
[2018.01.28-09.50.38:293][ 20]LogModuleManager: Shutting down and abandoning module CharacterAI (486)
[2018.01.28-09.50.38:293][ 20]LogModuleManager: Shutting down and abandoning module AudioCapture (484)
[2018.01.28-09.50.38:293][ 20]LogModuleManager: Shutting down and abandoning module SequenceRecorder (483)
[2018.01.28-09.50.38:293][ 20]LogModuleManager: Shutting down and abandoning module SmartSnapping (480)
[2018.01.28-09.50.38:293][ 20]LogModuleManager: Shutting down and abandoning module SessionServices (478)
[2018.01.28-09.50.38:293][ 20]LogModuleManager: Shutting down and abandoning module ViewportSnapping (476)
[2018.01.28-09.50.38:293][ 20]LogModuleManager: Shutting down and abandoning module ViewportInteraction (474)
[2018.01.28-09.50.38:293][ 20]LogModuleManager: Shutting down and abandoning module ClothPainter (472)
[2018.01.28-09.50.38:293][ 20]LogModuleManager: Shutting down and abandoning module SkeletalMeshEditor (471)
[2018.01.28-09.50.38:293][ 20]LogModuleManager: Shutting down and abandoning module LogVisualizer (468)
[2018.01.28-09.50.38:293][ 20]LogModuleManager: Shutting down and abandoning module IntroTutorials (466)
[2018.01.28-09.50.38:293][ 20]LogModuleManager: Shutting down and abandoning module GameProjectGeneration (465)
[2018.01.28-09.50.38:293][ 20]LogModuleManager: Shutting down and abandoning module IOSPlatformEditor (462)
[2018.01.28-09.50.38:293][ 20]LogModuleManager: Shutting down and abandoning module HTML5PlatformEditor (460)
[2018.01.28-09.50.38:293][ 20]LogModuleManager: Shutting down and abandoning module AndroidPlatformEditor (458)
[2018.01.28-09.50.38:293][ 20]LogModuleManager: Shutting down and abandoning module AndroidDeviceDetection (457)
[2018.01.28-09.50.38:720][ 20]LogModuleManager: Shutting down and abandoning module WindowsPlatformEditor (454)
[2018.01.28-09.50.38:720][ 20]LogModuleManager: Shutting down and abandoning module IOSRuntimeSettings (452)
[2018.01.28-09.50.38:720][ 20]LogModuleManager: Shutting down and abandoning module AndroidRuntimeSettings (450)
[2018.01.28-09.50.38:720][ 20]LogModuleManager: Shutting down and abandoning module InputBindingEditor (448)
[2018.01.28-09.50.38:720][ 20]LogModuleManager: Shutting down and abandoning module MergeActors (446)
[2018.01.28-09.50.38:720][ 20]LogModuleManager: Shutting down and abandoning module SizeMap (444)
[2018.01.28-09.50.38:720][ 20]LogModuleManager: Shutting down and abandoning module TreeMap (442)
[2018.01.28-09.50.38:720][ 20]LogModuleManager: Shutting down and abandoning module ReferenceViewer (440)
[2018.01.28-09.50.38:720][ 20]LogModuleManager: Shutting down and abandoning module LocalizationDashboard (438)
[2018.01.28-09.50.38:721][ 20]LogModuleManager: Shutting down and abandoning module LocalizationService (437)
[2018.01.28-09.50.38:721][ 20]LogModuleManager: Shutting down and abandoning module HardwareTargeting (434)
[2018.01.28-09.50.38:721][ 20]LogModuleManager: Shutting down and abandoning module DeviceProfileEditor (432)
[2018.01.28-09.50.38:721][ 20]LogModuleManager: Shutting down and abandoning module UndoHistory (430)
[2018.01.28-09.50.38:721][ 20]LogModuleManager: Shutting down and abandoning module XmlParser (428)
[2018.01.28-09.50.38:721][ 20]LogModuleManager: Shutting down and abandoning module Blutility (426)
[2018.01.28-09.50.38:721][ 20]LogModuleManager: Shutting down and abandoning module ProjectSettingsViewer (424)
[2018.01.28-09.50.38:721][ 20]LogModuleManager: Shutting down and abandoning module ProjectTargetPlatformEditor (423)
[2018.01.28-09.50.38:721][ 20]LogModuleManager: Shutting down and abandoning module EditorSettingsViewer (420)
[2018.01.28-09.50.38:721][ 20]LogModuleManager: Shutting down and abandoning module SettingsEditor (418)
[2018.01.28-09.50.38:721][ 20]LogModuleManager: Shutting down and abandoning module ProjectLauncher (416)
[2018.01.28-09.50.38:721][ 20]LogModuleManager: Shutting down and abandoning module SessionFrontend (414)
[2018.01.28-09.50.38:721][ 20]LogModuleManager: Shutting down and abandoning module ProfilerClient (412)
[2018.01.28-09.50.38:721][ 20]LogModuleManager: Shutting down and abandoning module DeviceManager (410)
[2018.01.28-09.50.38:721][ 20]LogModuleManager: Shutting down and abandoning module TargetDeviceServices (409)
[2018.01.28-09.50.38:777][ 20]LogModuleManager: Shutting down and abandoning module AutomationController (406)
[2018.01.28-09.50.38:777][ 20]LogModuleManager: Shutting down and abandoning module AutomationWindow (404)
[2018.01.28-09.50.38:777][ 20]LogModuleManager: Shutting down and abandoning module Layers (402)
[2018.01.28-09.50.38:777][ 20]LogModuleManager: Shutting down and abandoning module ComponentVisualizers (400)
[2018.01.28-09.50.38:777][ 20]LogModuleManager: Shutting down and abandoning module DetailCustomizations (398)
[2018.01.28-09.50.38:778][ 20]LogModuleManager: Shutting down and abandoning module PackagesDialog (396)
[2018.01.28-09.50.38:778][ 20]LogModuleManager: Shutting down and abandoning module Persona (394)
[2018.01.28-09.50.38:778][ 20]LogModuleManager: Shutting down and abandoning module AdvancedPreviewScene (393)
[2018.01.28-09.50.38:778][ 20]LogModuleManager: Shutting down and abandoning module AnimGraph (391)
[2018.01.28-09.50.38:778][ 20]LogModuleManager: Shutting down and abandoning module Kismet (388)
[2018.01.28-09.50.38:779][ 20]LogModuleManager: Shutting down and abandoning module ClassViewer (386)
[2018.01.28-09.50.38:779][ 20]LogModuleManager: Shutting down and abandoning module Toolbox (384)
[2018.01.28-09.50.38:779][ 20]LogModuleManager: Shutting down and abandoning module ModuleUI (382)
[2018.01.28-09.50.38:779][ 20]LogModuleManager: Shutting down and abandoning module MovieSceneTools (380)
[2018.01.28-09.50.38:779][ 20]LogModuleManager: Shutting down and abandoning module OutputLog (378)
[2018.01.28-09.50.38:779][ 20]LogModuleManager: Shutting down and abandoning module GammaUI (376)
[2018.01.28-09.50.38:779][ 20]LogModuleManager: Shutting down and abandoning module Documentation (374)
[2018.01.28-09.50.38:779][ 20]LogModuleManager: Shutting down and abandoning module MovieSceneTracks (372)
[2018.01.28-09.50.38:779][ 20]LogModuleManager: Shutting down and abandoning module MovieScene (370)
[2018.01.28-09.50.38:779][ 20]LogModuleManager: Shutting down and abandoning module StreamingPauseRendering (368)
[2018.01.28-09.50.38:779][ 20]LogModuleManager: Shutting down and abandoning module LauncherPlatform (366)
[2018.01.28-09.50.38:779][ 20]LogModuleManager: Shutting down and abandoning module AnalyticsET (364)
[2018.01.28-09.50.38:779][ 20]LogModuleManager: Shutting down and abandoning module PortalServices (362)
[2018.01.28-09.50.38:779][ 20]LogModuleManager: Shutting down and abandoning module PortalRpc (360)
[2018.01.28-09.50.38:779][ 20]LogModuleManager: Shutting down and abandoning module MessagingRpc (358)
[2018.01.28-09.50.38:779][ 20]LogModuleManager: Shutting down and abandoning module AIModule (356)
[2018.01.28-09.50.38:779][ 20]LogModuleManager: Shutting down and abandoning module GameplayDebugger (355)
[2018.01.28-09.50.38:779][ 20]LogModuleManager: Shutting down and abandoning module AITestSuite (353)
[2018.01.28-09.50.38:779][ 20]LogModuleManager: Shutting down and abandoning module DesktopPlatform (350)
[2018.01.28-09.50.38:779][ 20]LogModuleManager: Shutting down and abandoning module ProfilerService (348)
[2018.01.28-09.50.39:021][ 20]LogModuleManager: Shutting down and abandoning module TaskGraph (346)
[2018.01.28-09.50.39:021][ 20]LogModuleManager: Shutting down and abandoning module SteamVRController (344)
[2018.01.28-09.50.39:022][ 20]LogModuleManager: Shutting down and abandoning module ProceduralMeshComponentEditor (342)
[2018.01.28-09.50.39:022][ 20]LogModuleManager: Shutting down and abandoning module ProceduralMeshComponent (340)
[2018.01.28-09.50.39:022][ 20]LogModuleManager: Shutting down and abandoning module OculusInput (338)
[2018.01.28-09.50.39:022][ 20]LogModuleManager: Shutting down and abandoning module MobilePatchingUtils (336)
[2018.01.28-09.50.39:022][ 20]LogModuleManager: Shutting down and abandoning module CustomMeshComponent (334)
[2018.01.28-09.50.39:022][ 20]LogModuleManager: Shutting down and abandoning module CableComponent (332)
[2018.01.28-09.50.39:022][ 20]LogModuleManager: Shutting down and abandoning module ArchVisCharacter (330)
[2018.01.28-09.50.39:022][ 20]LogModuleManager: Shutting down and abandoning module AndroidPermission (328)
[2018.01.28-09.50.39:022][ 20]LogModuleManager: Shutting down and abandoning module ActorSequence (324)
[2018.01.28-09.50.39:022][ 20]LogModuleManager: Shutting down and abandoning module MediaPlayerEditor (322)
[2018.01.28-09.50.39:022][ 20]LogModuleManager: Shutting down and abandoning module MediaCompositingEditor (320)
[2018.01.28-09.50.39:022][ 20]LogModuleManager: Shutting down and abandoning module MediaCompositing (318)
[2018.01.28-09.50.39:022][ 20]LogModuleManager: Shutting down and abandoning module HTML5Networking (316)
[2018.01.28-09.50.39:022][ 20]LogModuleManager: Shutting down and abandoning module AlembicImporter (314)
[2018.01.28-09.50.39:022][ 20]LogModuleManager: Shutting down and abandoning module AlembicLibrary (313)
[2018.01.28-09.50.39:022][ 20]LogModuleManager: Shutting down and abandoning module GeometryCache (312)
[2018.01.28-09.50.39:022][ 20]LogModuleManager: Shutting down and abandoning module GeometryCacheEd (311)
[2018.01.28-09.50.39:022][ 20]LogModuleManager: Shutting down and abandoning module SpeedTreeImporter (306)
[2018.01.28-09.50.39:022][ 20]LogModuleManager: Shutting down and abandoning module PluginBrowser (304)
[2018.01.28-09.50.39:022][ 20]LogModuleManager: Shutting down and abandoning module MobileLauncherProfileWizard (302)
[2018.01.28-09.50.39:022][ 20]LogModuleManager: Shutting down and abandoning module VisualStudioSourceCodeAccess (300)
[2018.01.28-09.50.39:022][ 20]LogModuleManager: Shutting down and abandoning module VisualStudioCodeSourceCodeAccess (298)
[2018.01.28-09.50.39:022][ 20]LogModuleManager: Shutting down and abandoning module UObjectPlugin (296)
[2018.01.28-09.50.39:022][ 20]LogModuleManager: Shutting down and abandoning module SubversionSourceControl (294)
[2018.01.28-09.50.39:022][ 20]LogModuleManager: Shutting down and abandoning module PerforceSourceControl (292)
[2018.01.28-09.50.39:022][ 20]LogModuleManager: Shutting down and abandoning module GitSourceControl (290)
[2018.01.28-09.50.39:022][ 20]LogModuleManager: Shutting down and abandoning module SourceControl (289)
[2018.01.28-09.50.39:022][ 20]LogModuleManager: Shutting down and abandoning module LightPropagationVolumeEditor (286)
[2018.01.28-09.50.39:022][ 20]LogModuleManager: Shutting down and abandoning module PaperTiledImporter (284)
[2018.01.28-09.50.39:022][ 20]LogModuleManager: Shutting down and abandoning module PaperSpriteSheetImporter (282)
[2018.01.28-09.50.39:022][ 20]LogModuleManager: Shutting down and abandoning module Paper2DEditor (280)
[2018.01.28-09.50.39:023][ 20]LogModuleManager: Shutting down and abandoning module MeshPaint (279)
[2018.01.28-09.50.39:023][ 20]LogModuleManager: Shutting down and abandoning module LevelEditor (277)
[2018.01.28-09.50.39:024][ 20]LogModuleManager: Shutting down and abandoning module PixelInspectorModule (276)
[2018.01.28-09.50.39:025][ 20]LogModuleManager: Shutting down and abandoning module MainFrame (274)
[2018.01.28-09.50.39:025][ 20]LogModuleManager: Shutting down and abandoning module HotReload (273)
[2018.01.28-09.50.39:025][ 20]LogModuleManager: Shutting down and abandoning module RuntimePhysXCooking (268)
[2018.01.28-09.50.39:025][ 20]LogModuleManager: Shutting down and abandoning module PhysXVehiclesEditor (266)
[2018.01.28-09.50.39:025][ 20]LogModuleManager: Shutting down and abandoning module PhysXVehicles (264)
[2018.01.28-09.50.39:025][ 20]LogModuleManager: Shutting down and abandoning module OculusEditor (262)
[2018.01.28-09.50.39:025][ 20]LogModuleManager: Shutting down and abandoning module LocationServicesBPLibrary (260)
[2018.01.28-09.50.39:025][ 20]LogModuleManager: Shutting down and abandoning module ImmediatePhysicsEditor (258)
[2018.01.28-09.50.39:025][ 20]LogModuleManager: Shutting down and abandoning module ImmediatePhysics (256)
[2018.01.28-09.50.39:025][ 20]LogModuleManager: Shutting down and abandoning module UdpMessaging (254)
[2018.01.28-09.50.39:126][ 20]LogModuleManager: Shutting down and abandoning module TcpMessaging (252)
[2018.01.28-09.50.39:226][ 20]LogModuleManager: Shutting down and abandoning module GameplayTagsEditor (250)
[2018.01.28-09.50.39:226][ 20]LogModuleManager: Shutting down and abandoning module FacialAnimationEditor (248)
[2018.01.28-09.50.39:226][ 20]LogModuleManager: Shutting down and abandoning module FacialAnimation (246)
[2018.01.28-09.50.39:226][ 20]LogModuleManager: Shutting down and abandoning module AssetManagerEditor (244)
[2018.01.28-09.50.39:226][ 20]LogModuleManager: Shutting down and abandoning module GraphEditor (243)
[2018.01.28-09.50.39:226][ 20]LogModuleManager: Shutting down and abandoning module ContentBrowser (241)
[2018.01.28-09.50.39:231][ 20]LogModuleManager: Shutting down and abandoning module LightPropagationVolumeRuntime (238)
[2018.01.28-09.50.39:231][ 20]LogModuleManager: Shutting down and abandoning module Paper2D (236)
[2018.01.28-09.50.39:231][ 20]LogModuleManager: Shutting down and abandoning module WindowsMoviePlayer (234)
[2018.01.28-09.50.39:231][ 20]LogModuleManager: Shutting down and abandoning module WmfMedia (232)
[2018.01.28-09.50.39:235][ 20]LogModuleManager: Shutting down and abandoning module ImgMedia (230)
[2018.01.28-09.50.39:235][ 20]LogModuleManager: Shutting down and abandoning module PacketHandler (228)
[2018.01.28-09.50.39:235][ 20]LogModuleManager: Shutting down and abandoning module ClothingSystemEditor (226)
[2018.01.28-09.50.39:235][ 20]LogModuleManager: Shutting down and abandoning module ClothingSystemRuntime (224)
[2018.01.28-09.50.39:236][ 20]LogModuleManager: Shutting down and abandoning module MediaAssets (222)
[2018.01.28-09.50.39:236][ 20]LogModuleManager: Shutting down and abandoning module Media (221)
[2018.01.28-09.50.39:243][ 20]LogModuleManager: Shutting down and abandoning module Overlay (218)
[2018.01.28-09.50.39:243][ 20]LogModuleManager: Shutting down and abandoning module OverlayEditor (217)
[2018.01.28-09.50.39:243][ 20]LogModuleManager: Shutting down and abandoning module VREditor (214)
[2018.01.28-09.50.39:243][ 20]LogModuleManager: Shutting down and abandoning module StringTableEditor (212)
[2018.01.28-09.50.39:243][ 20]LogModuleManager: Shutting down and abandoning module GameplayTasksEditor (210)
[2018.01.28-09.50.39:243][ 20]LogModuleManager: Shutting down and abandoning module BehaviorTreeEditor (208)
[2018.01.28-09.50.39:243][ 20]LogModuleManager: Shutting down and abandoning module FunctionalTesting (206)
[2018.01.28-09.50.39:243][ 20]LogModuleManager: Shutting down and abandoning module CollisionAnalyzer (204)
[2018.01.28-09.50.39:243][ 20]LogModuleManager: Shutting down and abandoning module WorkspaceMenuStructure (203)
[2018.01.28-09.50.39:244][ 20]LogModuleManager: Shutting down and abandoning module UMG (200)
[2018.01.28-09.50.39:244][ 20]LogModuleManager: Shutting down and abandoning module UMGEditor (199)
[2018.01.28-09.50.39:244][ 20]LogModuleManager: Shutting down and abandoning module Sequencer (198)
[2018.01.28-09.50.39:244][ 20]LogModuleManager: Shutting down and abandoning module MessageLog (195)
[2018.01.28-09.50.39:244][ 20]LogModuleManager: Shutting down and abandoning module SlateReflector (190)
[2018.01.28-09.50.39:244][ 20]LogModuleManager: Shutting down and abandoning module Slate (188)
[2018.01.28-09.50.39:244][ 20]LogModuleManager: Shutting down and abandoning module EditorStyle (186)
[2018.01.28-09.50.39:253][ 20]LogModuleManager: Shutting down and abandoning module MRMesh (184)
[2018.01.28-09.50.39:253][ 20]LogModuleManager: Shutting down and abandoning module SourceCodeAccess (182)
[2018.01.28-09.50.39:253][ 20]LogModuleManager: Shutting down and abandoning module HeadMountedDisplay (180)
[2018.01.28-09.50.39:253][ 20]LogModuleManager: Shutting down and abandoning module XAudio2 (178)
[2018.01.28-09.50.39:253][ 20]LogModuleManager: Shutting down and abandoning module Networking (176)
[2018.01.28-09.50.39:253][ 20]LogModuleManager: Shutting down and abandoning module Core (172)
[2018.01.28-09.50.39:253][ 20]LogModuleManager: Shutting down and abandoning module LevelSequence (168)
[2018.01.28-09.50.39:253][ 20]LogModuleManager: Shutting down and abandoning module DirectoryWatcher (166)
[2018.01.28-09.50.39:271][ 20]LogModuleManager: Shutting down and abandoning module KismetCompiler (164)
[2018.01.28-09.50.39:271][ 20]LogModuleManager: Shutting down and abandoning module MeshUtilities (162)
[2018.01.28-09.50.39:271][ 20]LogModuleManager: Shutting down and abandoning module MeshMergeUtilities (161)
[2018.01.28-09.50.39:271][ 20]LogModuleManager: Shutting down and abandoning module MeshReductionInterface (160)
[2018.01.28-09.50.39:271][ 20]LogModuleManager: Shutting down and abandoning module SimplygonSwarm (159)
[2018.01.28-09.50.39:271][ 20]LogModuleManager: Shutting down and abandoning module SimplygonMeshReduction (157)
[2018.01.28-09.50.39:271][ 20]LogModuleManager: Shutting down and abandoning module QuadricMeshReduction (155)
[2018.01.28-09.50.39:271][ 20]LogModuleManager: Shutting down and abandoning module MaterialBaking (151)
[2018.01.28-09.50.39:271][ 20]LogModuleManager: Shutting down and abandoning module DerivedDataCache (148)
[2018.01.28-09.50.39:348][ 20]LogDerivedDataCache: Shutdown
[2018.01.28-09.50.39:348][ 20]LogModuleManager: Shutting down and abandoning module TargetPlatform (146)
[2018.01.28-09.50.39:349][ 20]LogModuleManager: Shutting down and abandoning module VulkanShaderFormat (145)
[2018.01.28-09.50.39:349][ 20]LogModuleManager: Shutting down and abandoning module ShaderFormatVectorVM (143)
[2018.01.28-09.50.39:349][ 20]LogModuleManager: Shutting down and abandoning module ShaderFormatOpenGL (141)
[2018.01.28-09.50.39:349][ 20]LogModuleManager: Shutting down and abandoning module ShaderFormatD3D (139)
[2018.01.28-09.50.39:349][ 20]LogModuleManager: Shutting down and abandoning module MetalShaderFormat (137)
[2018.01.28-09.50.39:349][ 20]LogModuleManager: Shutting down and abandoning module TextureFormatUncompressed (135)
[2018.01.28-09.50.39:350][ 20]LogModuleManager: Shutting down and abandoning module TextureFormatPVR (133)
[2018.01.28-09.50.39:350][ 20]LogModuleManager: Shutting down and abandoning module TextureFormatDXT (131)
[2018.01.28-09.50.39:350][ 20]LogModuleManager: Shutting down and abandoning module TextureFormatIntelISPCTexComp (129)
[2018.01.28-09.50.39:351][ 20]LogModuleManager: Shutting down and abandoning module TextureFormatASTC (127)
[2018.01.28-09.50.39:351][ 20]LogModuleManager: Shutting down and abandoning module ImageWrapper (126)
[2018.01.28-09.50.39:351][ 20]LogModuleManager: Shutting down and abandoning module TextureFormatAndroid (123)
[2018.01.28-09.50.39:351][ 20]LogModuleManager: Shutting down and abandoning module AudioFormatOpus (121)
[2018.01.28-09.50.39:351][ 20]LogModuleManager: Shutting down and abandoning module AudioFormatOgg (119)
[2018.01.28-09.50.39:351][ 20]LogModuleManager: Shutting down and abandoning module AudioFormatADPCM (117)
[2018.01.28-09.50.39:351][ 20]LogModuleManager: Shutting down and abandoning module LinuxTargetPlatform (115)
[2018.01.28-09.50.39:351][ 20]LogModuleManager: Shutting down and abandoning module LinuxServerTargetPlatform (113)
[2018.01.28-09.50.39:352][ 20]LogModuleManager: Shutting down and abandoning module LinuxNoEditorTargetPlatform (111)
[2018.01.28-09.50.39:352][ 20]LogModuleManager: Shutting down and abandoning module LinuxClientTargetPlatform (109)
[2018.01.28-09.50.39:352][ 20]LogModuleManager: Shutting down and abandoning module TVOSTargetPlatform (107)
[2018.01.28-09.50.39:352][ 20]LogModuleManager: Shutting down and abandoning module Messaging (105)
[2018.01.28-09.50.39:352][ 20]LogModuleManager: Shutting down and abandoning module IOSTargetPlatform (103)
[2018.01.28-09.50.39:352][ 20]LogModuleManager: Shutting down and abandoning module HTML5TargetPlatform (101)
[2018.01.28-09.50.39:352][ 20]LogModuleManager: Shutting down and abandoning module AndroidTargetPlatform (99)
[2018.01.28-09.50.39:352][ 20]LogModuleManager: Shutting down and abandoning module Android_PVRTCTargetPlatform (97)
[2018.01.28-09.50.39:352][ 20]LogModuleManager: Shutting down and abandoning module Android_MultiTargetPlatform (95)
[2018.01.28-09.50.39:353][ 20]LogModuleManager: Shutting down and abandoning module Android_ETC2TargetPlatform (93)
[2018.01.28-09.50.39:353][ 20]LogModuleManager: Shutting down and abandoning module Android_ETC1TargetPlatform (91)
[2018.01.28-09.50.39:353][ 20]LogModuleManager: Shutting down and abandoning module Android_DXTTargetPlatform (89)
[2018.01.28-09.50.39:353][ 20]LogModuleManager: Shutting down and abandoning module Android_ATCTargetPlatform (87)
[2018.01.28-09.50.39:353][ 20]LogModuleManager: Shutting down and abandoning module Android_ASTCTargetPlatform (85)
[2018.01.28-09.50.39:353][ 20]LogModuleManager: Shutting down and abandoning module WindowsTargetPlatform (83)
[2018.01.28-09.50.39:353][ 20]LogModuleManager: Shutting down and abandoning module WindowsServerTargetPlatform (81)
[2018.01.28-09.50.39:353][ 20]LogModuleManager: Shutting down and abandoning module WindowsNoEditorTargetPlatform (79)
[2018.01.28-09.50.39:353][ 20]LogModuleManager: Shutting down and abandoning module WindowsClientTargetPlatform (77)
[2018.01.28-09.50.39:353][ 20]LogModuleManager: Shutting down and abandoning module MacTargetPlatform (75)
[2018.01.28-09.50.39:354][ 20]LogModuleManager: Shutting down and abandoning module MacServerTargetPlatform (73)
[2018.01.28-09.50.39:354][ 20]LogModuleManager: Shutting down and abandoning module MacNoEditorTargetPlatform (71)
[2018.01.28-09.50.39:354][ 20]LogModuleManager: Shutting down and abandoning module MacClientTargetPlatform (69)
[2018.01.28-09.50.39:354][ 20]LogModuleManager: Shutting down and abandoning module AllDesktopTargetPlatform (67)
[2018.01.28-09.50.39:354][ 20]LogModuleManager: Shutting down and abandoning module InputCore (64)
[2018.01.28-09.50.39:354][ 20]LogModuleManager: Shutting down and abandoning module Settings (62)
[2018.01.28-09.50.39:355][ 20]LogModuleManager: Shutting down and abandoning module PhysXCooking (60)
[2018.01.28-09.50.39:355][ 20]LogModuleManager: Shutting down and abandoning module SteamVR (58)
[2018.01.28-09.50.39:355][ 20]LogModuleManager: Shutting down and abandoning module OculusHMD (56)
[2018.01.28-09.50.39:355][ 20]LogModuleManager: Shutting down and abandoning module ExampleDeviceProfileSelector (54)
[2018.01.28-09.50.39:355][ 20]LogModuleManager: Shutting down and abandoning module AppleARKit (52)
[2018.01.28-09.50.39:355][ 20]LogModuleManager: Shutting down and abandoning module AugmentedReality (51)
[2018.01.28-09.50.39:355][ 20]LogModuleManager: Shutting down and abandoning module OnlineBlueprintSupport (48)
[2018.01.28-09.50.39:355][ 20]LogModuleManager: Shutting down and abandoning module OnlineSubsystem (44)
[2018.01.28-09.50.39:355][ 20]LogModuleManager: Shutting down and abandoning module XMPP (43)
[2018.01.28-09.50.39:356][ 20]LogModuleManager: Shutting down and abandoning module HTTP (41)
[2018.01.28-09.50.39:356][ 20]LogHttp: Display: Http module shutting down, but needs to wait on 1 outstanding Http requests:
[2018.01.28-09.50.39:356][ 20]LogHttp: Display: 	verb=[POST] url=[https://datarouter.ol.epicgames.com/datarouter/api/v1/public/data?SessionID=%7B7F49B03F-4722-DD25-07BE-59BE0E37535B%7D&AppID=UEEditor.Rocket.Release&AppVersion=4.18.3-3832480%2B%2B%2BUE4%2BRelease-4.18&UserID=372fe2f448a9fe621f3af0bd16dc6f2a%7C8ac49062baae43c690b431ed046528f1%7C7532abaf-559c-4c1f-b377-4db2574a422a&AppEnvironment=datacollector-binary&UploadType=eteventstream] status=Processing
[2018.01.28-09.50.39:362][ 20]LogModuleManager: Shutting down and abandoning module SSL (40)
[2018.01.28-09.50.39:369][ 20]LogModuleManager: Shutting down and abandoning module AnimationModifiers (36)
[2018.01.28-09.50.39:369][ 20]LogModuleManager: Shutting down and abandoning module PropertyEditor (35)
[2018.01.28-09.50.39:370][ 20]LogModuleManager: Shutting down and abandoning module AudioEditor (32)
[2018.01.28-09.50.39:370][ 20]LogModuleManager: Shutting down and abandoning module TextureCompressor (30)
[2018.01.28-09.50.39:371][ 20]LogModuleManager: Shutting down and abandoning module ShaderCore (28)
[2018.01.28-09.50.39:371][ 20]LogModuleManager: Shutting down and abandoning module Landscape (26)
[2018.01.28-09.50.39:371][ 20]LogModuleManager: Shutting down and abandoning module SlateRHIRenderer (24)
[2018.01.28-09.50.39:392][ 20]LogModuleManager: Shutting down and abandoning module OpenGLDrv (22)
[2018.01.28-09.50.39:392][ 20]LogModuleManager: Shutting down and abandoning module D3D11RHI (20)
[2018.01.28-09.50.39:392][ 20]LogModuleManager: Shutting down and abandoning module AnimGraphRuntime (18)
[2018.01.28-09.50.39:392][ 20]LogModuleManager: Shutting down and abandoning module Renderer (16)
[2018.01.28-09.50.39:392][ 20]LogModuleManager: Shutting down and abandoning module Engine (14)
[2018.01.28-09.50.39:392][ 20]LogModuleManager: Shutting down and abandoning module CoreUObject (12)
[2018.01.28-09.50.39:392][ 20]LogModuleManager: Shutting down and abandoning module NetworkFile (10)
[2018.01.28-09.50.39:392][ 20]LogModuleManager: Shutting down and abandoning module CookedIterativeFile (8)
[2018.01.28-09.50.39:392][ 20]LogModuleManager: Shutting down and abandoning module StreamingFile (6)
[2018.01.28-09.50.39:392][ 20]LogModuleManager: Shutting down and abandoning module SandboxFile (4)
[2018.01.28-09.50.39:392][ 20]LogModuleManager: Shutting down and abandoning module PakFile (2)
[2018.01.28-09.50.39:397][ 20]LogExit: Exiting.
[2018.01.28-09.50.39:422][ 20]Log file closed, 01/28/18 18:50:39
