Log file open, 01/29/18 16:35:29
LogWindows: Failed to load 'aqProf.dll' (GetLastError=126)
LogWindows: File 'aqProf.dll' does not exist
LogWindows: Failed to load 'VSPerf140.dll' (GetLastError=126)
LogWindows: File 'VSPerf140.dll' does not exist
LogWindows: Failed to load 'VtuneApi.dll' (GetLastError=126)
LogWindows: File 'VtuneApi.dll' does not exist
LogWindows: Failed to load 'VtuneApi32e.dll' (GetLastError=126)
LogWindows: File 'VtuneApi32e.dll' does not exist
LogInit: Display: Running engine for game: URS
LogPlatformFile: Not using cached read wrapper
LogInit: Display: RandInit(159407158) SRandInit(159407158).
LogInit: Read version file with build ID '3709383'
LogInit: Overriding engine version to CL 3832480, compatible CL 3709383
LogInit: Registered custom module enumerator with build ID '3709383'
LogTaskGraph: Started task graph with 5 named threads and 14 total threads with 3 sets of task threads.
LogStats: Stats thread started at 0.251181
LogD3D11RHI: Aftermath initialized
LogModuleManager: Display: Found up-to-date module file ../../../Engine/Plugins/2D/Paper2D/Binaries/Win64/UE4Editor-Paper2D.dll (API version 3709383).
LogModuleManager: Display: Found up-to-date module file ../../../Engine/Plugins/2D/Paper2D/Binaries/Win64/UE4Editor-Paper2DEditor.dll (API version 3709383).
LogModuleManager: Display: Found up-to-date module file ../../../Engine/Plugins/2D/Paper2D/Binaries/Win64/UE4Editor-PaperSpriteSheetImporter.dll (API version 3709383).
LogModuleManager: Display: Found up-to-date module file ../../../Engine/Plugins/2D/Paper2D/Binaries/Win64/UE4Editor-PaperTiledImporter.dll (API version 3709383).
LogModuleManager: Display: Found up-to-date module file ../../../Engine/Plugins/2D/Paper2D/Binaries/Win64/UE4Editor-SmartSnapping.dll (API version 3709383).
LogModuleManager: Display: Found up-to-date module file ../../../Engine/Plugins/Blendables/LightPropagationVolume/Binaries/Win64/UE4Editor-LightPropagationVolumeRuntime.dll (API version 3709383).
LogModuleManager: Display: Found up-to-date module file ../../../Engine/Plugins/Blendables/LightPropagationVolume/Binaries/Win64/UE4Editor-LightPropagationVolumeEditor.dll (API version 3709383).
LogModuleManager: Display: Found up-to-date module file ../../../Engine/Plugins/Developer/GitSourceControl/Binaries/Win64/UE4Editor-GitSourceControl.dll (API version 3709383).
LogModuleManager: Display: Found up-to-date module file ../../../Engine/Plugins/Developer/PerforceSourceControl/Binaries/Win64/UE4Editor-PerforceSourceControl.dll (API version 3709383).
LogModuleManager: Display: Found up-to-date module file ../../../Engine/Plugins/Developer/SubversionSourceControl/Binaries/Win64/UE4Editor-SubversionSourceControl.dll (API version 3709383).
LogModuleManager: Display: Found up-to-date module file ../../../Engine/Plugins/Developer/UObjectPlugin/Binaries/Win64/UE4Editor-UObjectPlugin.dll (API version 3709383).
LogModuleManager: Display: Found up-to-date module file ../../../Engine/Plugins/Developer/VisualStudioCodeSourceCodeAccess/Binaries/Win64/UE4Editor-VisualStudioCodeSourceCodeAccess.dll (API version 3709383).
LogModuleManager: Display: Found up-to-date module file ../../../Engine/Plugins/Developer/VisualStudioSourceCodeAccess/Binaries/Win64/UE4Editor-VisualStudioSourceCodeAccess.dll (API version 3709383).
LogModuleManager: Display: Found up-to-date module file ../../../Engine/Plugins/Editor/AssetManagerEditor/Binaries/Win64/UE4Editor-AssetManagerEditor.dll (API version 3709383).
LogModuleManager: Display: Found up-to-date module file ../../../Engine/Plugins/Editor/AudioCapture/Binaries/Win64/UE4Editor-AudioCapture.dll (API version 3709383).
LogModuleManager: Display: Found up-to-date module file ../../../Engine/Plugins/Editor/FacialAnimation/Binaries/Win64/UE4Editor-FacialAnimation.dll (API version 3709383).
LogModuleManager: Display: Found up-to-date module file ../../../Engine/Plugins/Editor/FacialAnimation/Binaries/Win64/UE4Editor-FacialAnimationEditor.dll (API version 3709383).
LogModuleManager: Display: Found up-to-date module file ../../../Engine/Plugins/Editor/GameplayTagsEditor/Binaries/Win64/UE4Editor-GameplayTagsEditor.dll (API version 3709383).
LogModuleManager: Display: Found up-to-date module file ../../../Engine/Plugins/Editor/MobileLauncherProfileWizard/Binaries/Win64/UE4Editor-MobileLauncherProfileWizard.dll (API version 3709383).
LogModuleManager: Display: Found up-to-date module file ../../../Engine/Plugins/Editor/PluginBrowser/Binaries/Win64/UE4Editor-PluginBrowser.dll (API version 3709383).
LogModuleManager: Display: Found up-to-date module file ../../../Engine/Plugins/Editor/SpeedTreeImporter/Binaries/Win64/UE4Editor-SpeedTreeImporter.dll (API version 3709383).
LogModuleManager: Display: Found up-to-date module file ../../../Engine/Plugins/Experimental/AlembicImporter/Binaries/Win64/UE4Editor-AlembicImporter.dll (API version 3709383).
LogModuleManager: Display: Found up-to-date module file ../../../Engine/Plugins/Experimental/AlembicImporter/Binaries/Win64/UE4Editor-AlembicLibrary.dll (API version 3709383).
LogModuleManager: Display: Found up-to-date module file ../../../Engine/Plugins/Experimental/CharacterAI/Binaries/Win64/UE4Editor-CharacterAI.dll (API version 3709383).
LogModuleManager: Display: Found up-to-date module file ../../../Engine/Plugins/Experimental/HTML5Networking/Binaries/Win64/UE4Editor-HTML5Networking.dll (API version 3709383).
LogModuleManager: Display: Found up-to-date module file ../../../Engine/Plugins/Media/AndroidMedia/Binaries/Win64/UE4Editor-AndroidMediaEditor.dll (API version 3709383).
LogModuleManager: Display: Found up-to-date module file ../../../Engine/Plugins/Media/AndroidMedia/Binaries/Win64/UE4Editor-AndroidMediaFactory.dll (API version 3709383).
LogModuleManager: Display: Found up-to-date module file ../../../Engine/Plugins/Media/AvfMedia/Binaries/Win64/UE4Editor-AvfMediaEditor.dll (API version 3709383).
LogModuleManager: Display: Found up-to-date module file ../../../Engine/Plugins/Media/AvfMedia/Binaries/Win64/UE4Editor-AvfMediaFactory.dll (API version 3709383).
LogModuleManager: Display: Found up-to-date module file ../../../Engine/Plugins/Media/AvfMedia/Binaries/Win64/UE4Editor-AvfMediaFactory.dll (API version 3709383).
LogModuleManager: Display: Found up-to-date module file ../../../Engine/Plugins/Media/ImgMedia/Binaries/Win64/UE4Editor-ImgMedia.dll (API version 3709383).
LogModuleManager: Display: Found up-to-date module file ../../../Engine/Plugins/Media/ImgMedia/Binaries/Win64/UE4Editor-ImgMediaEditor.dll (API version 3709383).
LogModuleManager: Display: Found up-to-date module file ../../../Engine/Plugins/Media/ImgMedia/Binaries/Win64/UE4Editor-ImgMediaFactory.dll (API version 3709383).
LogModuleManager: Display: Found up-to-date module file ../../../Engine/Plugins/Media/ImgMedia/Binaries/Win64/UE4Editor-ImgMediaFactory.dll (API version 3709383).
LogModuleManager: Display: Found up-to-date module file ../../../Engine/Plugins/Media/ImgMedia/Binaries/Win64/UE4Editor-OpenExrWrapper.dll (API version 3709383).
LogModuleManager: Display: Found up-to-date module file ../../../Engine/Plugins/Media/MediaCompositing/Binaries/Win64/UE4Editor-MediaCompositing.dll (API version 3709383).
LogModuleManager: Display: Found up-to-date module file ../../../Engine/Plugins/Media/MediaCompositing/Binaries/Win64/UE4Editor-MediaCompositingEditor.dll (API version 3709383).
LogModuleManager: Display: Found up-to-date module file ../../../Engine/Plugins/Media/MediaPlayerEditor/Binaries/Win64/UE4Editor-MediaPlayerEditor.dll (API version 3709383).
LogModuleManager: Display: Found up-to-date module file ../../../Engine/Plugins/Media/WmfMedia/Binaries/Win64/UE4Editor-WmfMedia.dll (API version 3709383).
LogModuleManager: Display: Found up-to-date module file ../../../Engine/Plugins/Media/WmfMedia/Binaries/Win64/UE4Editor-WmfMediaEditor.dll (API version 3709383).
LogModuleManager: Display: Found up-to-date module file ../../../Engine/Plugins/Media/WmfMedia/Binaries/Win64/UE4Editor-WmfMediaFactory.dll (API version 3709383).
LogModuleManager: Display: Found up-to-date module file ../../../Engine/Plugins/Media/WmfMedia/Binaries/Win64/UE4Editor-WmfMediaFactory.dll (API version 3709383).
LogModuleManager: Display: Found up-to-date module file ../../../Engine/Plugins/Messaging/TcpMessaging/Binaries/Win64/UE4Editor-TcpMessaging.dll (API version 3709383).
LogModuleManager: Display: Found up-to-date module file ../../../Engine/Plugins/Messaging/UdpMessaging/Binaries/Win64/UE4Editor-UdpMessaging.dll (API version 3709383).
LogModuleManager: Display: Found up-to-date module file ../../../Engine/Plugins/MovieScene/ActorSequence/Binaries/Win64/UE4Editor-ActorSequence.dll (API version 3709383).
LogModuleManager: Display: Found up-to-date module file ../../../Engine/Plugins/MovieScene/LevelSequenceEditor/Binaries/Win64/UE4Editor-LevelSequenceEditor.dll (API version 3709383).
LogModuleManager: Display: Found up-to-date module file ../../../Engine/Plugins/MovieScene/MatineeToLevelSequence/Binaries/Win64/UE4Editor-MatineeToLevelSequence.dll (API version 3709383).
LogModuleManager: Display: Found up-to-date module file ../../../Engine/Plugins/Online/OnlineSubsystem/Binaries/Win64/UE4Editor-OnlineSubsystem.dll (API version 3709383).
LogModuleManager: Display: Found up-to-date module file ../../../Engine/Plugins/Runtime/AndroidPermission/Binaries/Win64/UE4Editor-AndroidPermission.dll (API version 3709383).
LogModuleManager: Display: Found up-to-date module file ../../../Engine/Plugins/Online/OnlineSubsystemNull/Binaries/Win64/UE4Editor-OnlineSubsystemNull.dll (API version 3709383).
LogModuleManager: Display: Found up-to-date module file ../../../Engine/Plugins/Online/OnlineSubsystemUtils/Binaries/Win64/UE4Editor-OnlineSubsystemUtils.dll (API version 3709383).
LogModuleManager: Display: Found up-to-date module file ../../../Engine/Plugins/Online/OnlineSubsystemUtils/Binaries/Win64/UE4Editor-OnlineBlueprintSupport.dll (API version 3709383).
LogModuleManager: Display: Found up-to-date module file ../../../Engine/Plugins/Runtime/AndroidDeviceProfileSelector/Binaries/Win64/UE4Editor-AndroidDeviceProfileSelector.dll (API version 3709383).
LogModuleManager: Display: Found up-to-date module file ../../../Engine/Plugins/Runtime/AppleARKit/Binaries/Win64/UE4Editor-AppleARKit.dll (API version 3709383).
LogModuleManager: Display: Found up-to-date module file ../../../Engine/Plugins/Runtime/ArchVisCharacter/Binaries/Win64/UE4Editor-ArchVisCharacter.dll (API version 3709383).
LogModuleManager: Display: Found up-to-date module file ../../../Engine/Plugins/Runtime/CableComponent/Binaries/Win64/UE4Editor-CableComponent.dll (API version 3709383).
LogModuleManager: Display: Found up-to-date module file ../../../Engine/Plugins/Runtime/CustomMeshComponent/Binaries/Win64/UE4Editor-CustomMeshComponent.dll (API version 3709383).
LogModuleManager: Display: Found up-to-date module file ../../../Engine/Plugins/Runtime/ExampleDeviceProfileSelector/Binaries/Win64/UE4Editor-ExampleDeviceProfileSelector.dll (API version 3709383).
LogModuleManager: Display: Found up-to-date module file ../../../Engine/Plugins/Runtime/ImmediatePhysics/Binaries/Win64/UE4Editor-ImmediatePhysics.dll (API version 3709383).
LogModuleManager: Display: Found up-to-date module file ../../../Engine/Plugins/Runtime/ImmediatePhysics/Binaries/Win64/UE4Editor-ImmediatePhysicsEditor.dll (API version 3709383).
LogModuleManager: Display: Found up-to-date module file ../../../Engine/Plugins/Runtime/LocationServicesBPLibrary/Binaries/Win64/UE4Editor-LocationServicesBPLibrary.dll (API version 3709383).
LogModuleManager: Display: Found up-to-date module file ../../../Engine/Plugins/Runtime/MobilePatchingUtils/Binaries/Win64/UE4Editor-MobilePatchingUtils.dll (API version 3709383).
LogModuleManager: Display: Found up-to-date module file ../../../Engine/Plugins/Runtime/Oculus/OculusVR/Binaries/Win64/UE4Editor-OculusHMD.dll (API version 3709383).
LogModuleManager: Display: Found up-to-date module file ../../../Engine/Plugins/Runtime/Oculus/OculusVR/Binaries/Win64/UE4Editor-OculusInput.dll (API version 3709383).
LogModuleManager: Display: Found up-to-date module file ../../../Engine/Plugins/Runtime/Oculus/OculusVR/Binaries/Win64/UE4Editor-OculusEditor.dll (API version 3709383).
LogModuleManager: Display: Found up-to-date module file ../../../Engine/Plugins/Runtime/PhysXVehicles/Binaries/Win64/UE4Editor-PhysXVehicles.dll (API version 3709383).
LogModuleManager: Display: Found up-to-date module file ../../../Engine/Plugins/Runtime/PhysXVehicles/Binaries/Win64/UE4Editor-PhysXVehiclesEditor.dll (API version 3709383).
LogModuleManager: Display: Found up-to-date module file ../../../Engine/Plugins/Runtime/ProceduralMeshComponent/Binaries/Win64/UE4Editor-ProceduralMeshComponent.dll (API version 3709383).
LogModuleManager: Display: Found up-to-date module file ../../../Engine/Plugins/Runtime/ProceduralMeshComponent/Binaries/Win64/UE4Editor-ProceduralMeshComponentEditor.dll (API version 3709383).
LogModuleManager: Display: Found up-to-date module file ../../../Engine/Plugins/Runtime/RuntimePhysXCooking/Binaries/Win64/UE4Editor-RuntimePhysXCooking.dll (API version 3709383).
LogModuleManager: Display: Found up-to-date module file ../../../Engine/Plugins/Runtime/Steam/SteamVR/Binaries/Win64/UE4Editor-SteamVR.dll (API version 3709383).
LogModuleManager: Display: Found up-to-date module file ../../../Engine/Plugins/Runtime/Steam/SteamVR/Binaries/Win64/UE4Editor-SteamVRController.dll (API version 3709383).
LogModuleManager: Display: Found up-to-date module file ../../../Engine/Plugins/Runtime/WindowsMoviePlayer/Binaries/Win64/UE4Editor-WindowsMoviePlayer.dll (API version 3709383).
LogPluginManager: Mounting plugin Paper2D
LogPluginManager: Mounting plugin LightPropagationVolume
LogPluginManager: Mounting plugin CodeLiteSourceCodeAccess
LogPluginManager: Mounting plugin GitSourceControl
LogPluginManager: Mounting plugin KDevelopSourceCodeAccess
LogPluginManager: Mounting plugin NullSourceCodeAccess
LogPluginManager: Mounting plugin PerforceSourceControl
LogPluginManager: Mounting plugin SubversionSourceControl
LogPluginManager: Mounting plugin UObjectPlugin
LogPluginManager: Mounting plugin VisualStudioCodeSourceCodeAccess
LogPluginManager: Mounting plugin VisualStudioSourceCodeAccess
LogPluginManager: Mounting plugin XCodeSourceCodeAccess
LogPluginManager: Mounting plugin AssetManagerEditor
LogPluginManager: Mounting plugin AudioCapture
LogPluginManager: Mounting plugin FacialAnimation
LogPluginManager: Mounting plugin GameplayTagsEditor
LogPluginManager: Mounting plugin MobileLauncherProfileWizard
LogPluginManager: Mounting plugin PluginBrowser
LogPluginManager: Mounting plugin SpeedTreeImporter
LogPluginManager: Mounting plugin AlembicImporter
LogPluginManager: Mounting plugin CharacterAI
LogPluginManager: Mounting plugin HTML5Networking
LogPluginManager: Mounting plugin AndroidMedia
LogPluginManager: Mounting plugin AvfMedia
LogPluginManager: Mounting plugin ImgMedia
LogPluginManager: Mounting plugin MediaCompositing
LogPluginManager: Mounting plugin MediaPlayerEditor
LogPluginManager: Mounting plugin WmfMedia
LogPluginManager: Mounting plugin TcpMessaging
LogPluginManager: Mounting plugin UdpMessaging
LogPluginManager: Mounting plugin ActorSequence
LogPluginManager: Mounting plugin LevelSequenceEditor
LogPluginManager: Mounting plugin MatineeToLevelSequence
LogPluginManager: Mounting plugin OnlineSubsystemGooglePlay
LogPluginManager: Mounting plugin OnlineSubsystemIOS
LogPluginManager: Mounting plugin OnlineSubsystem
LogPluginManager: Mounting plugin OnlineSubsystemNull
LogPluginManager: Mounting plugin OnlineSubsystemUtils
LogPluginManager: Mounting plugin AndroidDeviceProfileSelector
LogPluginManager: Mounting plugin AndroidMoviePlayer
LogPluginManager: Mounting plugin AndroidPermission
LogPluginManager: Mounting plugin AppleARKit
LogPluginManager: Mounting plugin AppleMoviePlayer
LogPluginManager: Mounting plugin ArchVisCharacter
LogPluginManager: Mounting plugin CableComponent
LogPluginManager: Mounting plugin CustomMeshComponent
LogPluginManager: Mounting plugin ExampleDeviceProfileSelector
LogPluginManager: Mounting plugin GoogleCloudMessaging
LogPluginManager: Mounting plugin ImmediatePhysics
LogPluginManager: Mounting plugin IOSDeviceProfileSelector
LogPluginManager: Mounting plugin LinuxDeviceProfileSelector
LogPluginManager: Mounting plugin LocationServicesBPLibrary
LogPluginManager: Mounting plugin MobilePatchingUtils
LogPluginManager: Mounting plugin OculusVR
LogPluginManager: Plugin shader directory ../../../Engine/Plugins/Runtime/Oculus/OculusVR/Shaders found
LogPluginManager: Mapping shader source directory ../../../Engine/Plugins/Runtime/Oculus/OculusVR/Shaders to virtual directory /Plugin/OculusVR
LogPluginManager: Mounting plugin PhysXVehicles
LogPluginManager: Mounting plugin ProceduralMeshComponent
LogPluginManager: Mounting plugin RuntimePhysXCooking
LogPluginManager: Mounting plugin SteamVR
LogPluginManager: Mounting plugin WindowsMoviePlayer
LogInit: Using libcurl 7.47.1
LogInit:  - built for x86_64-pc-win32
LogInit:  - supports SSL with OpenSSL/1.0.2g
LogInit:  - supports HTTP deflate (compression) using libz 1.2.8
LogInit:  - other features:
LogInit:      CURL_VERSION_SSL
LogInit:      CURL_VERSION_LIBZ
LogInit:      CURL_VERSION_IPV6
LogInit:      CURL_VERSION_ASYNCHDNS
LogInit:      CURL_VERSION_LARGEFILE
LogInit:      CURL_VERSION_IDN
LogInit:  CurlRequestOptions (configurable via config and command line):
LogInit:  - bVerifyPeer = false  - Libcurl will NOT verify peer certificate
LogInit:  - bUseHttpProxy = false  - Libcurl will NOT use HTTP proxy
LogInit:  - bDontReuseConnections = false  - Libcurl will reuse connections
LogInit:  - CertBundlePath = nullptr  - Libcurl will use whatever was configured at build time.
LogInit: Build: ++UE4+Release-4.18-CL-3832480
LogInit: Engine Version: 4.18.3-3832480+++UE4+Release-4.18
LogInit: Compatible Engine Version: 4.18.0-3709383+++UE4+Release-4.18
LogInit: Net CL: 3709383
LogDevObjectVersion: Number of dev versions registered: 16
LogDevObjectVersion:   Dev-Blueprints (B0D832E4-1F89-4F0D-ACCF-7EB736FD4AA2): 10
LogDevObjectVersion:   Dev-Build (E1C64328-A22C-4D53-A36C-8E866417BD8C): 0
LogDevObjectVersion:   Dev-Core (375EC13C-06E4-48FB-B500-84F0262A717E): 2
LogDevObjectVersion:   Dev-Editor (E4B068ED-F494-42E9-A231-DA0B2E46BB41): 20
LogDevObjectVersion:   Dev-Framework (CFFC743F-43B0-4480-9391-14DF171D2073): 30
LogDevObjectVersion:   Dev-Mobile (B02B49B5-BB20-44E9-A304-32B752E40360): 0
LogDevObjectVersion:   Dev-Networking (A4E4105C-59A1-49B5-A7C5-40C4547EDFEE): 0
LogDevObjectVersion:   Dev-Online (39C831C9-5AE6-47DC-9A44-9C173E1C8E7C): 0
LogDevObjectVersion:   Dev-Physics (78F01B33-EBEA-4F98-B9B4-84EACCB95AA2): 0
LogDevObjectVersion:   Dev-Platform (6631380F-2D4D-43E0-8009-CF276956A95A): 0
LogDevObjectVersion:   Dev-Rendering (12F88B9F-8875-4AFC-A67C-D90C383ABD29): 20
LogDevObjectVersion:   Dev-Sequencer (7B5AE74C-D270-4C10-A958-57980B212A5A): 4
LogDevObjectVersion:   Dev-VR (D7296918-1DD6-4BDD-9DE2-64A83CC13884): 0
LogDevObjectVersion:   Dev-LoadTimes (C2A15278-BFE7-4AFE-6C17-90FF531DF755): 1
LogDevObjectVersion:   Private-Geometry (6EACA3D4-40EC-4CC1-B786-8BED09428FC5): 1
LogDevObjectVersion:   Dev-AnimPhys (29E575DD-E0A3-4627-9D10-D276232CDCEA): 12
LogInit: Compiled (64-bit): Jan 12 2018 02:04:55
LogInit: Compiled with Visual C++: 19.00.24215.01
LogInit: Build Configuration: Development
LogInit: Branch Name: ++UE4+Release-4.18
LogInit: Command line:  
LogInit: Base directory: C:/Program Files/Epic Games/UE_4.18/Engine/Binaries/Win64/
LogInit: Installed Engine Build: 1
LogInit: Presizing for max 8388607 objects, including 0 objects not considered by GC, pre-allocating 0 bytes for permanent pool.
LogInit: Object subsystem initialized
[2018.01.29-07.35.33:041][  0]LogInit: Selected Device Profile: [Windows]
[2018.01.29-07.35.33:041][  0]LogInit: Applying CVar settings loaded from the selected device profile: [Windows]
[2018.01.29-07.35.33:078][  0]LogInit: Computer: DESKTOP-PDO9PMJ
[2018.01.29-07.35.33:078][  0]LogInit: User: 양형
[2018.01.29-07.35.33:078][  0]LogInit: CPU Page size=4096, Cores=4
[2018.01.29-07.35.33:078][  0]LogInit: High frequency timer resolution =2.437502 MHz
[2018.01.29-07.35.33:079][  0]LogMemory: Memory total: Physical=7.9GB (8GB approx)
[2018.01.29-07.35.33:079][  0]LogMemory: Platform Memory Stats for Windows
[2018.01.29-07.35.33:079][  0]LogMemory: Process Physical Memory: 272.47 MB used, 272.47 MB peak
[2018.01.29-07.35.33:079][  0]LogMemory: Process Virtual Memory: 263.59 MB used, 263.59 MB peak
[2018.01.29-07.35.33:079][  0]LogMemory: Physical Memory: 5685.20 MB used,  2373.26 MB free, 8058.46 MB total
[2018.01.29-07.35.33:079][  0]LogMemory: Virtual Memory: 670.24 MB used,  2373.26 MB free, 134217728.00 MB total
[2018.01.29-07.35.33:798][  0]LogInit: Using OS detected language (ko-KR).
[2018.01.29-07.35.33:798][  0]LogInit: Using OS detected locale (ko-KR).
[2018.01.29-07.35.33:864][  0]LogTextLocalizationManager: No specific localization for 'ko-KR' exists, so the 'ko' localization will be used.
[2018.01.29-07.35.34:160][  0]LogInit: Setting process to per monitor DPI aware
[2018.01.29-07.35.37:423][  0]LogD3D11RHI: D3D11 adapters:
[2018.01.29-07.35.37:550][  0]LogD3D11RHI:    0. 'NVIDIA GeForce GTX 1050 Ti' (Feature Level 11_0)
[2018.01.29-07.35.37:550][  0]LogD3D11RHI:       4029/0/4029 MB DedicatedVideo/DedicatedSystem/SharedSystem, Outputs:1, VendorId:0x10de
[2018.01.29-07.35.37:577][  0]LogD3D11RHI:    1. 'Intel(R) HD Graphics 630' (Feature Level 11_0)
[2018.01.29-07.35.37:577][  0]LogD3D11RHI:       128/0/4029 MB DedicatedVideo/DedicatedSystem/SharedSystem, Outputs:0, VendorId:0x8086
[2018.01.29-07.35.37:582][  0]LogD3D11RHI:    2. 'Microsoft Basic Render Driver' (Feature Level 11_0)
[2018.01.29-07.35.37:582][  0]LogD3D11RHI:       0/0/4029 MB DedicatedVideo/DedicatedSystem/SharedSystem, Outputs:0, VendorId:0x1414
[2018.01.29-07.35.37:582][  0]LogD3D11RHI: Chosen D3D11 Adapter: 0
[2018.01.29-07.35.37:594][  0]LogD3D11RHI: Creating new Direct3DDevice
[2018.01.29-07.35.37:594][  0]LogD3D11RHI:     GPU DeviceId: 0x1c8c (for the marketing name, search the web for "GPU Device Id")
[2018.01.29-07.35.37:594][  0]LogWindows: EnumDisplayDevices:
[2018.01.29-07.35.37:595][  0]LogWindows:    0. 'Intel(R) HD Graphics 630' (P:1 D:1)
[2018.01.29-07.35.37:596][  0]LogWindows:    1. 'Intel(R) HD Graphics 630' (P:0 D:0)
[2018.01.29-07.35.37:597][  0]LogWindows:    2. 'Intel(R) HD Graphics 630' (P:0 D:0)
[2018.01.29-07.35.37:597][  0]LogWindows:    3. 'NVIDIA GeForce GTX 1050 Ti' (P:0 D:0)
[2018.01.29-07.35.37:598][  0]LogWindows: DebugString: GetVideoDriverDetailsInvalid PrimaryIsNotTheChoosenAdapter GetVideoDriverDetailsInvalid PrimaryIsNotTheChoosenAdapter GetVideoDriverDetailsInvalid PrimaryIsNotTheChoosenAdapter GetVideoDriverDetailsInvalid PrimaryIsNotTheChoosenAdapter FoundDriverCount:0 
[2018.01.29-07.35.37:598][  0]LogD3D11RHI:     Adapter Name: NVIDIA GeForce GTX 1050 Ti
[2018.01.29-07.35.37:598][  0]LogD3D11RHI:   Driver Version: Unknown (internal:Unknown, unified:Unknown)
[2018.01.29-07.35.37:598][  0]LogD3D11RHI:      Driver Date: Unknown
[2018.01.29-07.35.37:598][  0]LogRHI: Texture pool is 2820 MB (70% of 4029 MB)
[2018.01.29-07.35.37:646][  0]LogD3D11RHI: Async texture creation enabled
[2018.01.29-07.35.37:711][  0]LogD3D11RHI: GPU Timing Frequency: 1000.000000 (Debug: 2 1)
[2018.01.29-07.35.37:722][  0]LogShaderCompilers: Guid format shader working directory is -13 characters bigger than the processId version (../../../../../../Users/양형/Documents/Unreal Projects/URS/Intermediate/Shaders/WorkingDirectory/8076/).
[2018.01.29-07.35.37:722][  0]LogShaderCompilers: Cleaned the shader compiler working directory 'C:/Users/양형/AppData/Local/Temp/UnrealShaderWorkingDir/F0CC287B49EB1CACB00688A42C5C39ED/'.
[2018.01.29-07.35.37:723][  0]LogShaderCompilers: Display: Using Local Shader Compiler.
[2018.01.29-07.35.40:612][  0]LogTemp: Display: Loaded TP AllDesktopTargetPlatform
[2018.01.29-07.35.40:755][  0]LogTemp: Display: Loaded TP MacClientTargetPlatform
[2018.01.29-07.35.40:904][  0]LogTemp: Display: Loaded TP MacNoEditorTargetPlatform
[2018.01.29-07.35.41:035][  0]LogTemp: Display: Loaded TP MacServerTargetPlatform
[2018.01.29-07.35.41:181][  0]LogTemp: Display: Loaded TP MacTargetPlatform
[2018.01.29-07.35.41:324][  0]LogTemp: Display: Loaded TP WindowsClientTargetPlatform
[2018.01.29-07.35.41:467][  0]LogTemp: Display: Loaded TP WindowsNoEditorTargetPlatform
[2018.01.29-07.35.41:590][  0]LogTemp: Display: Loaded TP WindowsServerTargetPlatform
[2018.01.29-07.35.41:722][  0]LogTemp: Display: Loaded TP WindowsTargetPlatform
[2018.01.29-07.35.41:842][  0]LogTemp: Display: Loaded TP Android_ASTCTargetPlatform
[2018.01.29-07.35.41:967][  0]LogTemp: Display: Loaded TP Android_ATCTargetPlatform
[2018.01.29-07.35.42:114][  0]LogTemp: Display: Loaded TP Android_DXTTargetPlatform
[2018.01.29-07.35.42:235][  0]LogTemp: Display: Loaded TP Android_ETC1TargetPlatform
[2018.01.29-07.35.42:359][  0]LogTemp: Display: Loaded TP Android_ETC2TargetPlatform
[2018.01.29-07.35.42:631][  0]LogTemp: Display: Loaded TP Android_MultiTargetPlatform
[2018.01.29-07.35.42:631][  0]LogTemp: Display: Loaded TP Android_PVRTCTargetPlatform
[2018.01.29-07.35.42:774][  0]LogTemp: Display: Loaded TP AndroidTargetPlatform
[2018.01.29-07.35.42:894][  0]LogTemp: Display: Loaded TP HTML5TargetPlatform
[2018.01.29-07.35.43:152][  0]LogTemp: Display: Loaded TP IOSTargetPlatform
[2018.01.29-07.35.43:209][  0]LogTemp: Display: Loaded TP TVOSTargetPlatform
[2018.01.29-07.35.43:344][  0]LogTemp: Display: Loaded TP LinuxClientTargetPlatform
[2018.01.29-07.35.43:484][  0]LogTemp: Display: Loaded TP LinuxNoEditorTargetPlatform
[2018.01.29-07.35.43:637][  0]LogTemp: Display: Loaded TP LinuxServerTargetPlatform
[2018.01.29-07.35.43:778][  0]LogTemp: Display: Loaded TP LinuxTargetPlatform
[2018.01.29-07.35.43:778][  0]LogTargetPlatformManager: Display: Building Assets For Windows
[2018.01.29-07.35.45:137][  0]LogDerivedDataCache: Display: Max Cache Size: 512 MB
[2018.01.29-07.35.45:601][  0]LogDerivedDataCache: Loaded boot cache 0.46s 78MB C:/Users/양형/AppData/Local/UnrealEngine/4.18/DerivedDataCache/Boot.ddc.
[2018.01.29-07.35.45:601][  0]LogDerivedDataCache: Display: Loaded Boot cache: C:/Users/양형/AppData/Local/UnrealEngine/4.18/DerivedDataCache/Boot.ddc
[2018.01.29-07.35.45:601][  0]LogDerivedDataCache: FDerivedDataBackendGraph:  Pak pak cache file ../../../../../../Users/양형/Documents/Unreal Projects/URS/DerivedDataCache/DDC.ddp not found, will not use a pak cache.
[2018.01.29-07.35.45:601][  0]LogDerivedDataCache: Unable to find inner node Pak for hierarchical cache Hierarchy.
[2018.01.29-07.35.45:601][  0]LogDerivedDataCache: FDerivedDataBackendGraph:  CompressedPak pak cache file ../../../../../../Users/양형/Documents/Unreal Projects/URS/DerivedDataCache/Compressed.ddp not found, will not use a pak cache.
[2018.01.29-07.35.45:601][  0]LogDerivedDataCache: Unable to find inner node CompressedPak for hierarchical cache Hierarchy.
[2018.01.29-07.35.45:629][  0]LogDerivedDataCache: Display: Pak cache opened for reading ../../../Engine/DerivedDataCache/Compressed.ddp.
[2018.01.29-07.35.45:642][  0]LogDerivedDataCache: Using Local data cache path C:/Users/양형/AppData/Local/UnrealEngine/Common/DerivedDataCache: Writable
[2018.01.29-07.35.45:662][  0]LogMaterial: Verifying Global Shaders for PCD3D_SM5
[2018.01.29-07.35.45:671][  0]LogSlate: Using Freetype 2.6.0
[2018.01.29-07.35.45:687][  0]LogSlate: SlateFontCache - WITH_FREETYPE: 1, WITH_HARFBUZZ: 1
[2018.01.29-07.35.45:687][  0]LogSlate: SlateFontCache - WITH_FREETYPE: 1, WITH_HARFBUZZ: 1
[2018.01.29-07.35.47:264][  0]LogInit: Selected Device Profile: [Windows]
[2018.01.29-07.35.48:254][  0]LogSimplygon: Simplygon DLL not present - disabling.
[2018.01.29-07.35.48:405][  0]LogMeshReduction: Using SimplygonSwarm for distributed automatic mesh merging
[2018.01.29-07.35.48:406][  0]LogMeshReduction: Using QuadricMeshReduction for automatic static mesh reduction
[2018.01.29-07.35.48:406][  0]LogMeshReduction: No automatic skeletal mesh reduction module available
[2018.01.29-07.35.48:406][  0]LogMeshReduction: No automatic mesh merging module available
[2018.01.29-07.35.48:406][  0]LogMeshMerging: No automatic mesh merging module available
[2018.01.29-07.35.48:520][  0]LogNetVersion: URS , NetCL: 3709383, EngineNetVer: 2, GameNetVer: 0 (Checksum: 1777970781)
[2018.01.29-07.35.49:158][  0]LogAssetRegistry: FAssetRegistry took 0.0371 seconds to start up
[2018.01.29-07.35.50:854][  0]LogPackageLocalizationCache: Processed 7 localized package path(s) for 2 prioritized culture(s) in 0.127379 seconds
[2018.01.29-07.35.50:860][  0]LogUObjectArray: 35870 objects as part of root set at end of initial load.
[2018.01.29-07.35.50:860][  0]LogUObjectAllocator: 7363696 out of 0 bytes used by permanent object pool.
[2018.01.29-07.35.50:860][  0]LogUObjectArray: CloseDisregardForGC: 0/0 objects in disregard for GC pool
[2018.01.29-07.35.50:973][  0]LogInit: WinSock: version 1.1 (2.2), MaxSocks=32767, MaxUdp=65467
[2018.01.29-07.36.00:696][  0]LogTcpMessaging: Initializing TcpMessaging bridge
[2018.01.29-07.36.00:775][  0]LogUdpMessaging: Initializing bridge on interface 0.0.0.0:0 to multicast group 230.0.0.1:6666.
[2018.01.29-07.36.02:706][  0]LogMaterial: Uniform references updated for custom material expression Custom.
[2018.01.29-07.36.03:875][  0]SourceControl: 소스 콘트롤이 꺼졌습니다.
[2018.01.29-07.36.03:877][  0]SourceControl: 소스 콘트롤이 꺼졌습니다.
[2018.01.29-07.36.04:024][  0]SourceControl: 소스 콘트롤이 꺼졌습니다.
[2018.01.29-07.36.04:170][  0]SourceControl: 소스 콘트롤이 꺼졌습니다.
[2018.01.29-07.36.06:346][  0]LogAndroidPermission: UAndroidPermissionCallbackProxy::GetInstance
[2018.01.29-07.36.07:004][  0]LogOcInput: OculusInput pre-init called
[2018.01.29-07.36.07:749][  0]LogEngine: Initializing Engine...
[2018.01.29-07.36.07:758][  0]LogHMD: Failed to initialize OpenVR with code 110
[2018.01.29-07.36.08:292][  0]LogStats: UGameplayTagsManager::ConstructGameplayTagTree: Construct from data asset -  0.000 s
[2018.01.29-07.36.08:293][  0]LogStats: UGameplayTagsManager::ConstructGameplayTagTree: GameplayTagTreeChangedEvent.Broadcast -  0.000 s
[2018.01.29-07.36.08:730][  0]LogAIModule: Creating AISystem for world Untitled
[2018.01.29-07.36.08:776][  0]LogInit: XAudio2 using '스피커 / 헤드폰(Realtek Audio)' : 2 channels at 48 kHz using 32 bits per sample (channel mask 0x3)
[2018.01.29-07.36.10:239][  0]LogInit: FAudioDevice initialized.
[2018.01.29-07.36.10:347][  0]LogDerivedDataCache: Saved boot cache 0.11s 78MB C:/Users/양형/AppData/Local/UnrealEngine/4.18/DerivedDataCache/Boot.ddc.
[2018.01.29-07.36.10:374][  0]LogInit: Texture streaming: Enabled
[2018.01.29-07.36.10:623][  0]LogEngineSessionManager: EngineSessionManager initialized
[2018.01.29-07.36.11:013][  0]LogInit: Transaction tracking system initialized
[2018.01.29-07.36.11:961][  0]BlueprintLog: New page: 에디터 로드
[2018.01.29-07.36.14:598][  0]LocalizationService: 현지화 서비스가 비활성화되었습니다.
[2018.01.29-07.36.16:083][  0]LogLinker: Warning: '/Game/ThirdPersonBP/ThirdPersonOverview' 파일을 찾을 수 없습니다.
[2018.01.29-07.36.16:083][  0]LogLinker: Warning: '/Game/ThirdPersonBP/ThirdPersonOverview' 파일을 찾을 수 없습니다.
[2018.01.29-07.36.16:084][  0]LogUObjectGlobals: Warning: 'Class /Game/ThirdPersonBP/ThirdPersonOverview.ThirdPersonOverview_C' 오브젝트를 찾는 데 실패했습니다.
[2018.01.29-07.36.16:756][  0]LogConsoleResponse: Display: 
[2018.01.29-07.36.17:445][  0]LogCook: Display: Max memory allowance for cook 16384mb min free memory 0mb
[2018.01.29-07.36.17:446][  0]LogCook: Display: Mobile HDR setting 1
[2018.01.29-07.36.17:446][  0]LogFileCache: Scanning file cache for directory 'C:/Users/양형/Documents/Unreal Projects/URS/Content/' took 0.02s
[2018.01.29-07.36.17:446][  0]LogGameplayTags: Display: UGameplayTagsManager::DoneAddingNativeTags. DelegateIsBound: 0
[2018.01.29-07.36.20:731][  0]SourceControl: 소스 콘트롤이 꺼졌습니다.
[2018.01.29-07.36.20:734][  0]Cmd: MAP LOAD FILE="../../../../../../Users/양형/Documents/Unreal Projects/URS/Content/FirstPersonBP/Maps/FirstPersonExampleMap.umap" TEMPLATE=0 SHOWPROGRESS=1 FEATURELEVEL=3
[2018.01.29-07.36.20:744][  0]LightingResults: New page: 라이팅 빌드
[2018.01.29-07.36.20:878][  0]MapCheck: New page: 맵 체크
[2018.01.29-07.36.20:878][  0]LightingResults: New page: 라이팅 빌드
[2018.01.29-07.36.21:497][  0]LogBlueprint: Warning: [Compiler Ue4ASP_Character] 입력 액션 이벤트가  Crouch 입력 액션  에 대한 미확인 'Crouch' 액션을 레퍼런싱합니다.
[2018.01.29-07.36.21:521][  0]LogBlueprint: Warning: [Compiler Ue4ASP_Character] [0055.28] Ue4ASP_Character 컴파일에 성공했습니다만, 경고가 1 회 있습니다. [소요시간 105 ms] (/Game/AnimStarterPack/Ue4ASP_Character.Ue4ASP_Character)
[2018.01.29-07.36.22:993][  0]LogAIModule: Creating AISystem for world FirstPersonExampleMap
[2018.01.29-07.36.23:078][  0]LogEditorServer: Finished looking for orphan Actors (0.000 secs)
[2018.01.29-07.36.23:113][  0]Cmd: MAP CHECKDEP NOCLEARLOG
[2018.01.29-07.36.23:237][  0]MapCheck: 맵 체크 완료: 오류 0 회, 경고 0 회, 소요 시간 123.232ms.
[2018.01.29-07.36.23:237][  0]LogFileHelpers: Loading map 'FirstPersonExampleMap' took 2.504
[2018.01.29-07.36.23:627][  0]LogCollectionManager: Loaded 0 collections in 0.001779 seconds
[2018.01.29-07.36.23:819][  0]LogFileCache: Scanning file cache for directory 'C:/Users/양형/Documents/Unreal Projects/URS/Saved/Collections/' took 0.01s
[2018.01.29-07.36.23:819][  0]LogFileCache: Scanning file cache for directory 'C:/Users/양형/Documents/Unreal Projects/URS/Content/Developers/양형/Collections/' took 0.01s
[2018.01.29-07.36.23:819][  0]LogFileCache: Scanning file cache for directory 'C:/Users/양형/Documents/Unreal Projects/URS/Content/Collections/' took 0.01s
[2018.01.29-07.36.23:819][  0]LogCollectionManager: Rebuilt the GUID cache for 0 collections in 0.000000 seconds
[2018.01.29-07.36.23:832][  0]LogContentBrowser: Native class hierarchy populated in 0.0105 seconds. Added 2363 classes and 519 folders.
[2018.01.29-07.36.24:026][  0]LogContentBrowser: Native class hierarchy updated for 'WidgetCarousel' in 0.0002 seconds. Added 0 classes and 0 folders.
[2018.01.29-07.36.24:552][  0]LogContentBrowser: Native class hierarchy updated for 'AddContentDialog' in 0.0003 seconds. Added 0 classes and 0 folders.
[2018.01.29-07.36.24:690][  0]LogContentBrowser: Native class hierarchy updated for 'SceneOutliner' in 0.0003 seconds. Added 1 classes and 2 folders.
[2018.01.29-07.36.24:958][  0]LogSlate: Took 0.013470 seconds to synchronously load lazily loaded font '../../../Engine/Content/Slate/Fonts/Roboto-Regular.ttf' (155K)
[2018.01.29-07.36.24:992][  0]LogSlate: Took 0.031086 seconds to synchronously load lazily loaded font '../../../Engine/Content/Slate/Fonts/NanumGothic.ttf' (4243K)
[2018.01.29-07.36.25:001][  0]LogSlate: Took 0.007799 seconds to synchronously load lazily loaded font '../../../Engine/Content/Slate/Fonts/Roboto-Bold.ttf' (160K)
[2018.01.29-07.36.25:015][  0]LogSlate: Took 0.007150 seconds to synchronously load lazily loaded font '../../../Engine/Content/Editor/Slate/Fonts/FontAwesome.ttf' (139K)
[2018.01.29-07.36.25:233][  0]LogRenderer: Reallocating scene render targets to support 888x380 Format 10 NumSamples 1 (Frame:1).
[2018.01.29-07.36.25:690][  0]LogContentBrowser: Native class hierarchy updated for 'HierarchicalLODOutliner' in 0.0003 seconds. Added 1 classes and 2 folders.
[2018.01.29-07.36.25:690][  0]LogLoad: (Engine Initialization) Total time: 59.45 seconds
[2018.01.29-07.36.25:690][  0]LogLoad: (Engine Initialization) Total Blueprint compile time: 0.00 seconds
[2018.01.29-07.36.25:691][  0]LogExternalProfiler: No external profilers were discovered.  External profiling features will not be available.
[2018.01.29-07.36.26:084][  0]LogContentStreaming: Texture pool size now 1000 MB
[2018.01.29-07.36.26:204][  0]LogSlate: Took 0.006521 seconds to synchronously load lazily loaded font '../../../Engine/Content/Slate/Fonts/Roboto-Light.ttf' (159K)
[2018.01.29-07.36.26:722][  2]LogAssetRegistry: Asset discovery search completed in 37.5890 seconds
[2018.01.29-07.36.26:728][  2]LogCollectionManager: Rebuilt the object cache for 0 collections in 0.000001 seconds (found 0 objects)
[2018.01.29-07.36.26:728][  2]LogCollectionManager: Fixed up redirectors for 0 collections in 0.000177 seconds (updated 0 objects)
[2018.01.29-07.48.15:466][289]Cmd: MAP LOAD FILE="../../../../../../Users/양형/Documents/Unreal Projects/URS/Content/URS.umap" TEMPLATE=0 SHOWPROGRESS=1 FEATURELEVEL=3
[2018.01.29-07.48.15:483][289]LogSlate: Took 0.005956 seconds to synchronously load lazily loaded font '../../../Engine/Content/Slate/Fonts/Roboto-Light.ttf' (159K)
[2018.01.29-07.48.15:496][289]LightingResults: New page: 라이팅 빌드
[2018.01.29-07.48.15:498][289]LoadErrors: New page: 맵 로드중: URS.umap
[2018.01.29-07.48.15:501][289]MapCheck: New page: 맵 체크
[2018.01.29-07.48.15:501][289]LightingResults: New page: 라이팅 빌드
[2018.01.29-07.48.16:048][289]LogAIModule: Creating AISystem for world URS
[2018.01.29-07.48.16:513][289]LogStreaming: Display: ULevelStreaming::RequestLevel(/Game/House) is flushing async loading
[2018.01.29-07.48.16:677][289]LogEditorServer: Finished looking for orphan Actors (0.000 secs)
[2018.01.29-07.48.16:757][289]Cmd: MAP CHECKDEP NOCLEARLOG
[2018.01.29-07.48.18:788][289]MapCheck: 맵 체크 완료: 오류 0 회, 경고 0 회, 소요 시간 2,031.291ms.
[2018.01.29-07.48.18:788][289]LogFileHelpers: Loading map 'URS' took 3.328
[2018.01.29-07.58.40:043][384]LogEditorViewport: Clicking on Actor (LMB): Brush (Box 브러시10)
[2018.01.29-07.59.55:427][825]LogTemp: Repeating last play command: 선택된 뷰포트
[2018.01.29-07.59.55:501][825]LogBlueprintUserMessages: Early PlayInEditor Detection: Level '/Game/URS.URS:PersistentLevel' has LevelScriptBlueprint '/Game/URS.URS:PersistentLevel.URS' with GeneratedClass '/Game/URS.URS_C' with ClassGeneratedBy '/Game/URS.URS:PersistentLevel.URS'
[2018.01.29-07.59.55:501][825]LogBlueprintUserMessages: Early PlayInEditor Detection: Level '/Game/House.House:PersistentLevel' has LevelScriptBlueprint '/Game/House.House:PersistentLevel.House' with GeneratedClass '/Game/House.House_C' with ClassGeneratedBy '/Game/House.House:PersistentLevel.House'
[2018.01.29-07.59.55:502][825]LogPlayLevel: PlayLevel: No blueprints needed recompiling
[2018.01.29-07.59.55:507][825]PIE: New page: PIE 세션: URS (2018. 1. 30. 오전 1:59:55)
[2018.01.29-07.59.55:508][825]LogPlayLevel: Creating play world package: /Game/UEDPIE_0_URS
[2018.01.29-07.59.55:538][825]LogPlayLevel: PIE: StaticDuplicateObject took: (0.030322s)
[2018.01.29-07.59.55:539][825]LogAIModule: Creating AISystem for world URS
[2018.01.29-07.59.55:540][825]LogPlayLevel: PIE: World Init took: (0.001876s)
[2018.01.29-07.59.55:540][825]LogPlayLevel: PIE: Created PIE world by copying editor world from /Game/URS.URS to /Game/UEDPIE_0_URS.URS (0.032683s)
[2018.01.29-07.59.55:568][825]LogInit: XAudio2 using '스피커 / 헤드폰(Realtek Audio)' : 2 channels at 48 kHz using 32 bits per sample (channel mask 0x3)
[2018.01.29-07.59.55:676][825]LogInit: FAudioDevice initialized.
[2018.01.29-07.59.55:725][825]LogLoad: Game class is 'FirstPersonGameMode_C'
[2018.01.29-07.59.55:762][825]LogWorld: Bringing World /Game/UEDPIE_0_URS.URS up for play (max tick rate 60) at 2018.01.29-16.59.55
[2018.01.29-07.59.55:764][825]LogWorld: Bringing up level for play took: 0.003993
[2018.01.29-07.59.55:895][825]LogContentBrowser: Native class hierarchy updated for 'MovieSceneCapture' in 0.0003 seconds. Added 11 classes and 0 folders.
[2018.01.29-07.59.55:905][825]PIE: /Game/UEDPIE_0_URS 에 대한 에디터에서 플레이 시작 시간: -0.115
[2018.01.29-07.59.55:925][825]LogBlueprintUserMessages: Late PlayInEditor Detection: Level '/Game/URS.URS:PersistentLevel' has LevelScriptBlueprint '/Game/URS.URS:PersistentLevel.URS' with GeneratedClass '/Game/URS.URS_C' with ClassGeneratedBy '/Game/URS.URS:PersistentLevel.URS'
[2018.01.29-07.59.55:925][825]LogBlueprintUserMessages: Late PlayInEditor Detection: Level '/Game/House.House:PersistentLevel' has LevelScriptBlueprint '/Game/House.House:PersistentLevel.House' with GeneratedClass '/Game/House.House_C' with ClassGeneratedBy '/Game/House.House:PersistentLevel.House'
[2018.01.29-07.59.59:029][  0]Set new viewmode: Unlit
[2018.01.29-08.00.17:560][112]LogBlueprintUserMessages: Early EndPlayMap Detection: Level '/Game/URS.URS:PersistentLevel' has LevelScriptBlueprint '/Game/URS.URS:PersistentLevel.URS' with GeneratedClass '/Game/URS.URS_C' with ClassGeneratedBy '/Game/URS.URS:PersistentLevel.URS'
[2018.01.29-08.00.17:560][112]LogBlueprintUserMessages: Early EndPlayMap Detection: Level '/Game/House.House:PersistentLevel' has LevelScriptBlueprint '/Game/House.House:PersistentLevel.House' with GeneratedClass '/Game/House.House_C' with ClassGeneratedBy '/Game/House.House:PersistentLevel.House'
[2018.01.29-08.00.17:610][112]LogBlueprintUserMessages: Late EndPlayMap Detection: Level '/Game/URS.URS:PersistentLevel' has LevelScriptBlueprint '/Game/URS.URS:PersistentLevel.URS' with GeneratedClass '/Game/URS.URS_C' with ClassGeneratedBy '/Game/URS.URS:PersistentLevel.URS'
[2018.01.29-08.00.17:610][112]LogBlueprintUserMessages: Late EndPlayMap Detection: Level '/Game/House.House:PersistentLevel' has LevelScriptBlueprint '/Game/House.House:PersistentLevel.House' with GeneratedClass '/Game/House.House_C' with ClassGeneratedBy '/Game/House.House:PersistentLevel.House'
[2018.01.29-08.00.47:324][520]LogSlate: Took 0.000765 seconds to synchronously load lazily loaded font '../../../Engine/Content/Slate/Fonts/Roboto-Light.ttf' (159K)
[2018.01.29-08.00.47:402][520]Cmd: OBJ SAVEPACKAGE PACKAGE="/Game/House" FILE="../../../../../../Users/양형/Documents/Unreal Projects/URS/Saved/Autosaves/Game/House_Auto1.umap" SILENT=true AUTOSAVING=true KEEPDIRTY=false
[2018.01.29-08.00.47:441][520]LogSpawn: Warning: UWorld::DestroyActor: World has no context! World: House, Actor: /Game/House.House:PersistentLevel.REINST_House_C_0
[2018.01.29-08.00.47:621][520]LogSavePackage: Save=187.36ms
[2018.01.29-08.00.47:621][520]LogSavePackage: Moving '../../../../../../Users/양형/Documents/Unreal Projects/URS/Saved/House_Auto1A335D1C54F532BC0E7FC54B3D9784C30.tmp' to '../../../../../../Users/양형/Documents/Unreal Projects/URS/Saved/Autosaves/Game/House_Auto1.umap'
[2018.01.29-08.00.47:627][520]LogSavePackage: Display: Finished SavePackage ../../../../../../Users/양형/Documents/Unreal Projects/URS/Saved/Autosaves/Game/House_Auto1.umap
[2018.01.29-08.00.47:628][520]LogFileHelpers: Editor autosave (incl. sublevels) for '/Game/URS' took 0.254
[2018.01.29-08.00.47:629][520]LogFileHelpers: Editor autosave (incl. sublevels) for all levels took 0.254
[2018.01.29-08.27.54:941][589]Cmd: OBJ SAVEPACKAGE PACKAGE="/Game/House" FILE="../../../../../../Users/양형/Documents/Unreal Projects/URS/Content/House.umap" SILENT=true AUTOSAVING=false KEEPDIRTY=false
[2018.01.29-08.27.55:009][589]LogSpawn: Warning: UWorld::DestroyActor: World has no context! World: House, Actor: /Game/House.House:PersistentLevel.REINST_House_C_0
[2018.01.29-08.27.55:188][589]LogSavePackage: Save=200.25ms
[2018.01.29-08.27.55:188][589]LogSavePackage: Moving '../../../../../../Users/양형/Documents/Unreal Projects/URS/Saved/HouseCA69B0A7431EEDF800B05C93A61ECBD5.tmp' to '../../../../../../Users/양형/Documents/Unreal Projects/URS/Content/House.umap'
[2018.01.29-08.27.55:199][589]LogSavePackage: Display: Finished SavePackage ../../../../../../Users/양형/Documents/Unreal Projects/URS/Content/House.umap
[2018.01.29-08.27.55:200][589]LogFileHelpers: Saving map 'House' took 0.546
[2018.01.29-08.27.57:318][707]LogWindowsTextInputMethodSystem: Display: IME system now activated using TSF (Microsoft 입력기).
[2018.01.29-08.27.57:633][708]Cmd: QUIT_EDITOR
[2018.01.29-08.27.57:700][708]LogExit: Preparing to exit.
[2018.01.29-08.27.58:374][708]LogDirectoryWatcher: A directory notification for 'C:/Users/양형/Documents/Unreal Projects/URS/Content/' was aborted.
[2018.01.29-08.27.58:493][708]LogExit: Editor shut down
[2018.01.29-08.27.58:527][708]LogExit: Transaction tracking system shut down
[2018.01.29-08.27.58:809][708]LogDirectoryWatcher: A directory notification for '../../../Engine/Content/' was aborted.
[2018.01.29-08.27.58:809][708]LogDirectoryWatcher: A directory notification for '../../../../../../Users/양형/Documents/Unreal Projects/URS/Content/' was aborted.
[2018.01.29-08.27.58:809][708]LogDirectoryWatcher: A directory notification for '../../../Engine/Plugins/2D/Paper2D/Content/' was aborted.
[2018.01.29-08.27.58:809][708]LogDirectoryWatcher: A directory notification for '../../../Engine/Plugins/Media/MediaCompositing/Content/' was aborted.
[2018.01.29-08.27.58:809][708]LogDirectoryWatcher: A directory notification for '../../../Engine/Plugins/Runtime/AppleARKit/Content/' was aborted.
[2018.01.29-08.27.58:810][708]LogDirectoryWatcher: A directory notification for '../../../Engine/Plugins/Runtime/Oculus/OculusVR/Content/' was aborted.
[2018.01.29-08.27.58:810][708]LogDirectoryWatcher: A directory notification for '../../../Engine/Plugins/Runtime/Steam/SteamVR/Content/' was aborted.
[2018.01.29-08.27.58:972][708]LogExit: Object subsystem successfully closed.
[2018.01.29-08.27.59:030][708]LogD3D11RHI: Shutdown
[2018.01.29-08.27.59:030][708]LogD3D11RHI: CleanupD3DDevice
[2018.01.29-08.27.59:036][708]LogD3D11RHI: ~FD3D11DynamicRHI
[2018.01.29-08.27.59:107][708]LogModuleManager: Shutting down and abandoning module MovieSceneCapture (550)
[2018.01.29-08.27.59:107][708]LogModuleManager: Shutting down and abandoning module HierarchicalLODOutliner (548)
[2018.01.29-08.27.59:107][708]LogModuleManager: Shutting down and abandoning module SceneOutliner (546)
[2018.01.29-08.27.59:107][708]LogModuleManager: Shutting down and abandoning module AddContentDialog (544)
[2018.01.29-08.27.59:109][708]LogDirectoryWatcher: A directory notification for 'C:/Program Files/Epic Games/UE_4.18/FeaturePacks/' was aborted.
[2018.01.29-08.27.59:116][708]LogModuleManager: Shutting down and abandoning module WidgetCarousel (543)
[2018.01.29-08.27.59:116][708]LogModuleManager: Shutting down and abandoning module EditorWidgets (540)
[2018.01.29-08.27.59:116][708]LogModuleManager: Shutting down and abandoning module CollectionManager (538)
[2018.01.29-08.27.59:116][708]LogDirectoryWatcher: A directory notification for 'C:/Users/양형/Documents/Unreal Projects/URS/Content/Collections/' was aborted.
[2018.01.29-08.27.59:116][708]LogDirectoryWatcher: A directory notification for 'C:/Users/양형/Documents/Unreal Projects/URS/Content/Developers/양형/Collections/' was aborted.
[2018.01.29-08.27.59:116][708]LogDirectoryWatcher: A directory notification for 'C:/Users/양형/Documents/Unreal Projects/URS/Saved/Collections/' was aborted.
[2018.01.29-08.27.59:117][708]LogModuleManager: Shutting down and abandoning module StatsViewer (536)
[2018.01.29-08.27.59:118][708]LogModuleManager: Shutting down and abandoning module FoliageEdit (534)
[2018.01.29-08.27.59:118][708]LogModuleManager: Shutting down and abandoning module LandscapeEditor (532)
[2018.01.29-08.27.59:120][708]LogModuleManager: Shutting down and abandoning module MeshPaintMode (530)
[2018.01.29-08.27.59:120][708]LogModuleManager: Shutting down and abandoning module SceneDepthPickerMode (528)
[2018.01.29-08.27.59:120][708]LogModuleManager: Shutting down and abandoning module ActorPickerMode (526)
[2018.01.29-08.27.59:120][708]LogModuleManager: Shutting down and abandoning module GeometryMode (524)
[2018.01.29-08.27.59:120][708]LogModuleManager: Shutting down and abandoning module TextureAlignMode (522)
[2018.01.29-08.27.59:120][708]LogModuleManager: Shutting down and abandoning module BspMode (520)
[2018.01.29-08.27.59:120][708]LogModuleManager: Shutting down and abandoning module PIEPreviewDeviceProfileSelector (518)
[2018.01.29-08.27.59:120][708]LogModuleManager: Shutting down and abandoning module HardwareSurvey (516)
[2018.01.29-08.27.59:120][708]LogModuleManager: Shutting down and abandoning module SequenceRecorderSections (514)
[2018.01.29-08.27.59:121][708]LogModuleManager: Shutting down and abandoning module AutomationWorker (512)
[2018.01.29-08.27.59:122][708]LogModuleManager: Shutting down and abandoning module MatineeToLevelSequence (510)
[2018.01.29-08.27.59:122][708]LogModuleManager: Shutting down and abandoning module LevelSequenceEditor (508)
[2018.01.29-08.27.59:126][708]LogModuleManager: Shutting down and abandoning module PlacementMode (507)
[2018.01.29-08.27.59:126][708]LogModuleManager: Shutting down and abandoning module WmfMediaFactory (504)
[2018.01.29-08.27.59:126][708]LogModuleManager: Shutting down and abandoning module WmfMediaEditor (502)
[2018.01.29-08.27.59:126][708]LogModuleManager: Shutting down and abandoning module OpenExrWrapper (500)
[2018.01.29-08.27.59:126][708]LogModuleManager: Shutting down and abandoning module ImgMediaFactory (498)
[2018.01.29-08.27.59:126][708]LogModuleManager: Shutting down and abandoning module ImgMediaEditor (496)
[2018.01.29-08.27.59:126][708]LogModuleManager: Shutting down and abandoning module AvfMediaFactory (494)
[2018.01.29-08.27.59:126][708]LogModuleManager: Shutting down and abandoning module AvfMediaEditor (492)
[2018.01.29-08.27.59:126][708]LogModuleManager: Shutting down and abandoning module AndroidMediaFactory (490)
[2018.01.29-08.27.59:126][708]LogModuleManager: Shutting down and abandoning module AndroidMediaEditor (488)
[2018.01.29-08.27.59:126][708]LogModuleManager: Shutting down and abandoning module CharacterAI (486)
[2018.01.29-08.27.59:126][708]LogModuleManager: Shutting down and abandoning module AudioCapture (484)
[2018.01.29-08.27.59:127][708]LogModuleManager: Shutting down and abandoning module SequenceRecorder (483)
[2018.01.29-08.27.59:127][708]LogModuleManager: Shutting down and abandoning module SmartSnapping (480)
[2018.01.29-08.27.59:127][708]LogModuleManager: Shutting down and abandoning module SessionServices (478)
[2018.01.29-08.27.59:127][708]LogModuleManager: Shutting down and abandoning module ViewportSnapping (476)
[2018.01.29-08.27.59:127][708]LogModuleManager: Shutting down and abandoning module ViewportInteraction (474)
[2018.01.29-08.27.59:127][708]LogModuleManager: Shutting down and abandoning module ClothPainter (472)
[2018.01.29-08.27.59:129][708]LogModuleManager: Shutting down and abandoning module SkeletalMeshEditor (471)
[2018.01.29-08.27.59:131][708]LogModuleManager: Shutting down and abandoning module LogVisualizer (468)
[2018.01.29-08.27.59:133][708]LogModuleManager: Shutting down and abandoning module IntroTutorials (466)
[2018.01.29-08.27.59:135][708]LogModuleManager: Shutting down and abandoning module GameProjectGeneration (465)
[2018.01.29-08.27.59:136][708]LogModuleManager: Shutting down and abandoning module IOSPlatformEditor (462)
[2018.01.29-08.27.59:136][708]LogModuleManager: Shutting down and abandoning module HTML5PlatformEditor (460)
[2018.01.29-08.27.59:136][708]LogModuleManager: Shutting down and abandoning module AndroidPlatformEditor (458)
[2018.01.29-08.27.59:136][708]LogModuleManager: Shutting down and abandoning module AndroidDeviceDetection (457)
[2018.01.29-08.28.00:072][708]LogModuleManager: Shutting down and abandoning module WindowsPlatformEditor (454)
[2018.01.29-08.28.00:072][708]LogModuleManager: Shutting down and abandoning module IOSRuntimeSettings (452)
[2018.01.29-08.28.00:072][708]LogModuleManager: Shutting down and abandoning module AndroidRuntimeSettings (450)
[2018.01.29-08.28.00:072][708]LogModuleManager: Shutting down and abandoning module InputBindingEditor (448)
[2018.01.29-08.28.00:076][708]LogModuleManager: Shutting down and abandoning module MergeActors (446)
[2018.01.29-08.28.00:093][708]LogModuleManager: Shutting down and abandoning module SizeMap (444)
[2018.01.29-08.28.00:093][708]LogModuleManager: Shutting down and abandoning module TreeMap (442)
[2018.01.29-08.28.00:094][708]LogModuleManager: Shutting down and abandoning module ReferenceViewer (440)
[2018.01.29-08.28.00:094][708]LogModuleManager: Shutting down and abandoning module LocalizationDashboard (438)
[2018.01.29-08.28.00:095][708]LogModuleManager: Shutting down and abandoning module LocalizationService (437)
[2018.01.29-08.28.00:096][708]LogModuleManager: Shutting down and abandoning module HardwareTargeting (434)
[2018.01.29-08.28.00:096][708]LogModuleManager: Shutting down and abandoning module DeviceProfileEditor (432)
[2018.01.29-08.28.00:096][708]LogModuleManager: Shutting down and abandoning module UndoHistory (430)
[2018.01.29-08.28.00:096][708]LogModuleManager: Shutting down and abandoning module XmlParser (428)
[2018.01.29-08.28.00:096][708]LogModuleManager: Shutting down and abandoning module Blutility (426)
[2018.01.29-08.28.00:096][708]LogModuleManager: Shutting down and abandoning module ProjectSettingsViewer (424)
[2018.01.29-08.28.00:097][708]LogModuleManager: Shutting down and abandoning module ProjectTargetPlatformEditor (423)
[2018.01.29-08.28.00:097][708]LogModuleManager: Shutting down and abandoning module EditorSettingsViewer (420)
[2018.01.29-08.28.00:097][708]LogModuleManager: Shutting down and abandoning module SettingsEditor (418)
[2018.01.29-08.28.00:098][708]LogModuleManager: Shutting down and abandoning module ProjectLauncher (416)
[2018.01.29-08.28.00:099][708]LogModuleManager: Shutting down and abandoning module SessionFrontend (414)
[2018.01.29-08.28.00:100][708]LogModuleManager: Shutting down and abandoning module ProfilerClient (412)
[2018.01.29-08.28.00:100][708]LogModuleManager: Shutting down and abandoning module DeviceManager (410)
[2018.01.29-08.28.00:101][708]LogModuleManager: Shutting down and abandoning module TargetDeviceServices (409)
[2018.01.29-08.28.00:157][708]LogModuleManager: Shutting down and abandoning module AutomationController (406)
[2018.01.29-08.28.00:159][708]LogModuleManager: Shutting down and abandoning module AutomationWindow (404)
[2018.01.29-08.28.00:161][708]LogModuleManager: Shutting down and abandoning module Layers (402)
[2018.01.29-08.28.00:164][708]LogModuleManager: Shutting down and abandoning module ComponentVisualizers (400)
[2018.01.29-08.28.00:164][708]LogModuleManager: Shutting down and abandoning module DetailCustomizations (398)
[2018.01.29-08.28.00:166][708]LogModuleManager: Shutting down and abandoning module PackagesDialog (396)
[2018.01.29-08.28.00:167][708]LogModuleManager: Shutting down and abandoning module Persona (394)
[2018.01.29-08.28.00:169][708]LogModuleManager: Shutting down and abandoning module AdvancedPreviewScene (393)
[2018.01.29-08.28.00:169][708]LogModuleManager: Shutting down and abandoning module AnimGraph (391)
[2018.01.29-08.28.00:169][708]LogModuleManager: Shutting down and abandoning module Kismet (388)
[2018.01.29-08.28.00:175][708]LogModuleManager: Shutting down and abandoning module ClassViewer (386)
[2018.01.29-08.28.00:175][708]LogModuleManager: Shutting down and abandoning module Toolbox (384)
[2018.01.29-08.28.00:175][708]LogModuleManager: Shutting down and abandoning module ModuleUI (382)
[2018.01.29-08.28.00:176][708]LogModuleManager: Shutting down and abandoning module MovieSceneTools (380)
[2018.01.29-08.28.00:178][708]LogModuleManager: Shutting down and abandoning module OutputLog (378)
[2018.01.29-08.28.00:179][708]LogModuleManager: Shutting down and abandoning module GammaUI (376)
[2018.01.29-08.28.00:180][708]LogModuleManager: Shutting down and abandoning module Documentation (374)
[2018.01.29-08.28.00:180][708]LogModuleManager: Shutting down and abandoning module MovieSceneTracks (372)
[2018.01.29-08.28.00:180][708]LogModuleManager: Shutting down and abandoning module MovieScene (370)
[2018.01.29-08.28.00:180][708]LogModuleManager: Shutting down and abandoning module StreamingPauseRendering (368)
[2018.01.29-08.28.00:181][708]LogModuleManager: Shutting down and abandoning module LauncherPlatform (366)
[2018.01.29-08.28.00:181][708]LogModuleManager: Shutting down and abandoning module AnalyticsET (364)
[2018.01.29-08.28.00:181][708]LogModuleManager: Shutting down and abandoning module PortalServices (362)
[2018.01.29-08.28.00:181][708]LogModuleManager: Shutting down and abandoning module PortalRpc (360)
[2018.01.29-08.28.00:181][708]LogModuleManager: Shutting down and abandoning module MessagingRpc (358)
[2018.01.29-08.28.00:181][708]LogModuleManager: Shutting down and abandoning module AIModule (356)
[2018.01.29-08.28.00:181][708]LogModuleManager: Shutting down and abandoning module GameplayDebugger (355)
[2018.01.29-08.28.00:182][708]LogModuleManager: Shutting down and abandoning module AITestSuite (353)
[2018.01.29-08.28.00:182][708]LogModuleManager: Shutting down and abandoning module DesktopPlatform (350)
[2018.01.29-08.28.00:185][708]LogModuleManager: Shutting down and abandoning module ProfilerService (348)
[2018.01.29-08.28.00:295][708]LogModuleManager: Shutting down and abandoning module TaskGraph (346)
[2018.01.29-08.28.00:296][708]LogModuleManager: Shutting down and abandoning module SteamVRController (344)
[2018.01.29-08.28.00:296][708]LogModuleManager: Shutting down and abandoning module ProceduralMeshComponentEditor (342)
[2018.01.29-08.28.00:297][708]LogModuleManager: Shutting down and abandoning module ProceduralMeshComponent (340)
[2018.01.29-08.28.00:297][708]LogModuleManager: Shutting down and abandoning module OculusInput (338)
[2018.01.29-08.28.00:298][708]LogModuleManager: Shutting down and abandoning module MobilePatchingUtils (336)
[2018.01.29-08.28.00:298][708]LogModuleManager: Shutting down and abandoning module CustomMeshComponent (334)
[2018.01.29-08.28.00:298][708]LogModuleManager: Shutting down and abandoning module CableComponent (332)
[2018.01.29-08.28.00:298][708]LogModuleManager: Shutting down and abandoning module ArchVisCharacter (330)
[2018.01.29-08.28.00:298][708]LogModuleManager: Shutting down and abandoning module AndroidPermission (328)
[2018.01.29-08.28.00:298][708]LogModuleManager: Shutting down and abandoning module ActorSequence (324)
[2018.01.29-08.28.00:298][708]LogModuleManager: Shutting down and abandoning module MediaPlayerEditor (322)
[2018.01.29-08.28.00:302][708]LogModuleManager: Shutting down and abandoning module MediaCompositingEditor (320)
[2018.01.29-08.28.00:303][708]LogModuleManager: Shutting down and abandoning module MediaCompositing (318)
[2018.01.29-08.28.00:303][708]LogModuleManager: Shutting down and abandoning module HTML5Networking (316)
[2018.01.29-08.28.00:303][708]LogModuleManager: Shutting down and abandoning module AlembicImporter (314)
[2018.01.29-08.28.00:303][708]LogModuleManager: Shutting down and abandoning module AlembicLibrary (313)
[2018.01.29-08.28.00:303][708]LogModuleManager: Shutting down and abandoning module GeometryCache (312)
[2018.01.29-08.28.00:303][708]LogModuleManager: Shutting down and abandoning module GeometryCacheEd (311)
[2018.01.29-08.28.00:303][708]LogModuleManager: Shutting down and abandoning module SpeedTreeImporter (306)
[2018.01.29-08.28.00:304][708]LogModuleManager: Shutting down and abandoning module PluginBrowser (304)
[2018.01.29-08.28.00:307][708]LogModuleManager: Shutting down and abandoning module MobileLauncherProfileWizard (302)
[2018.01.29-08.28.00:309][708]LogModuleManager: Shutting down and abandoning module VisualStudioSourceCodeAccess (300)
[2018.01.29-08.28.00:309][708]LogModuleManager: Shutting down and abandoning module VisualStudioCodeSourceCodeAccess (298)
[2018.01.29-08.28.00:309][708]LogModuleManager: Shutting down and abandoning module UObjectPlugin (296)
[2018.01.29-08.28.00:309][708]LogModuleManager: Shutting down and abandoning module SubversionSourceControl (294)
[2018.01.29-08.28.00:310][708]LogModuleManager: Shutting down and abandoning module PerforceSourceControl (292)
[2018.01.29-08.28.00:312][708]LogModuleManager: Shutting down and abandoning module GitSourceControl (290)
[2018.01.29-08.28.00:314][708]LogModuleManager: Shutting down and abandoning module SourceControl (289)
[2018.01.29-08.28.00:315][708]LogModuleManager: Shutting down and abandoning module LightPropagationVolumeEditor (286)
[2018.01.29-08.28.00:315][708]LogModuleManager: Shutting down and abandoning module PaperTiledImporter (284)
[2018.01.29-08.28.00:315][708]LogModuleManager: Shutting down and abandoning module PaperSpriteSheetImporter (282)
[2018.01.29-08.28.00:315][708]LogModuleManager: Shutting down and abandoning module Paper2DEditor (280)
[2018.01.29-08.28.00:316][708]LogModuleManager: Shutting down and abandoning module MeshPaint (279)
[2018.01.29-08.28.00:317][708]LogModuleManager: Shutting down and abandoning module LevelEditor (277)
[2018.01.29-08.28.00:321][708]LogModuleManager: Shutting down and abandoning module PixelInspectorModule (276)
[2018.01.29-08.28.00:323][708]LogModuleManager: Shutting down and abandoning module MainFrame (274)
[2018.01.29-08.28.00:323][708]LogModuleManager: Shutting down and abandoning module HotReload (273)
[2018.01.29-08.28.00:325][708]LogModuleManager: Shutting down and abandoning module RuntimePhysXCooking (268)
[2018.01.29-08.28.00:325][708]LogModuleManager: Shutting down and abandoning module PhysXVehiclesEditor (266)
[2018.01.29-08.28.00:325][708]LogModuleManager: Shutting down and abandoning module PhysXVehicles (264)
[2018.01.29-08.28.00:325][708]LogModuleManager: Shutting down and abandoning module OculusEditor (262)
[2018.01.29-08.28.00:326][708]LogModuleManager: Shutting down and abandoning module LocationServicesBPLibrary (260)
[2018.01.29-08.28.00:326][708]LogModuleManager: Shutting down and abandoning module ImmediatePhysicsEditor (258)
[2018.01.29-08.28.00:326][708]LogModuleManager: Shutting down and abandoning module ImmediatePhysics (256)
[2018.01.29-08.28.00:327][708]LogModuleManager: Shutting down and abandoning module UdpMessaging (254)
[2018.01.29-08.28.00:428][708]LogModuleManager: Shutting down and abandoning module TcpMessaging (252)
[2018.01.29-08.28.00:529][708]LogModuleManager: Shutting down and abandoning module GameplayTagsEditor (250)
[2018.01.29-08.28.00:531][708]LogModuleManager: Shutting down and abandoning module FacialAnimationEditor (248)
[2018.01.29-08.28.00:531][708]LogModuleManager: Shutting down and abandoning module FacialAnimation (246)
[2018.01.29-08.28.00:531][708]LogModuleManager: Shutting down and abandoning module AssetManagerEditor (244)
[2018.01.29-08.28.00:533][708]LogModuleManager: Shutting down and abandoning module GraphEditor (243)
[2018.01.29-08.28.00:536][708]LogModuleManager: Shutting down and abandoning module ContentBrowser (241)
[2018.01.29-08.28.00:539][708]LogModuleManager: Shutting down and abandoning module LightPropagationVolumeRuntime (238)
[2018.01.29-08.28.00:540][708]LogModuleManager: Shutting down and abandoning module Paper2D (236)
[2018.01.29-08.28.00:540][708]LogModuleManager: Shutting down and abandoning module WindowsMoviePlayer (234)
[2018.01.29-08.28.00:540][708]LogModuleManager: Shutting down and abandoning module WmfMedia (232)
[2018.01.29-08.28.00:545][708]LogModuleManager: Shutting down and abandoning module ImgMedia (230)
[2018.01.29-08.28.00:545][708]LogModuleManager: Shutting down and abandoning module PacketHandler (228)
[2018.01.29-08.28.00:546][708]LogModuleManager: Shutting down and abandoning module ClothingSystemEditor (226)
[2018.01.29-08.28.00:546][708]LogModuleManager: Shutting down and abandoning module ClothingSystemRuntime (224)
[2018.01.29-08.28.00:547][708]LogModuleManager: Shutting down and abandoning module MediaAssets (222)
[2018.01.29-08.28.00:547][708]LogModuleManager: Shutting down and abandoning module Media (221)
[2018.01.29-08.28.00:554][708]LogModuleManager: Shutting down and abandoning module Overlay (218)
[2018.01.29-08.28.00:554][708]LogModuleManager: Shutting down and abandoning module OverlayEditor (217)
[2018.01.29-08.28.00:554][708]LogModuleManager: Shutting down and abandoning module VREditor (214)
[2018.01.29-08.28.00:556][708]LogModuleManager: Shutting down and abandoning module StringTableEditor (212)
[2018.01.29-08.28.00:556][708]LogModuleManager: Shutting down and abandoning module GameplayTasksEditor (210)
[2018.01.29-08.28.00:556][708]LogModuleManager: Shutting down and abandoning module BehaviorTreeEditor (208)
[2018.01.29-08.28.00:559][708]LogModuleManager: Shutting down and abandoning module FunctionalTesting (206)
[2018.01.29-08.28.00:559][708]LogModuleManager: Shutting down and abandoning module CollisionAnalyzer (204)
[2018.01.29-08.28.00:561][708]LogModuleManager: Shutting down and abandoning module WorkspaceMenuStructure (203)
[2018.01.29-08.28.00:561][708]LogModuleManager: Shutting down and abandoning module UMG (200)
[2018.01.29-08.28.00:562][708]LogModuleManager: Shutting down and abandoning module UMGEditor (199)
[2018.01.29-08.28.00:564][708]LogModuleManager: Shutting down and abandoning module Sequencer (198)
[2018.01.29-08.28.00:567][708]LogModuleManager: Shutting down and abandoning module MessageLog (195)
[2018.01.29-08.28.00:567][708]LogModuleManager: Shutting down and abandoning module SlateReflector (190)
[2018.01.29-08.28.00:572][708]LogModuleManager: Shutting down and abandoning module Slate (188)
[2018.01.29-08.28.00:572][708]LogModuleManager: Shutting down and abandoning module EditorStyle (186)
[2018.01.29-08.28.00:585][708]LogModuleManager: Shutting down and abandoning module MRMesh (184)
[2018.01.29-08.28.00:585][708]LogModuleManager: Shutting down and abandoning module SourceCodeAccess (182)
[2018.01.29-08.28.00:585][708]LogModuleManager: Shutting down and abandoning module HeadMountedDisplay (180)
[2018.01.29-08.28.00:585][708]LogModuleManager: Shutting down and abandoning module XAudio2 (178)
[2018.01.29-08.28.00:585][708]LogModuleManager: Shutting down and abandoning module Networking (176)
[2018.01.29-08.28.00:585][708]LogModuleManager: Shutting down and abandoning module Core (172)
[2018.01.29-08.28.00:585][708]LogModuleManager: Shutting down and abandoning module LevelSequence (168)
[2018.01.29-08.28.00:586][708]LogModuleManager: Shutting down and abandoning module DirectoryWatcher (166)
[2018.01.29-08.28.00:606][708]LogModuleManager: Shutting down and abandoning module KismetCompiler (164)
[2018.01.29-08.28.00:606][708]LogModuleManager: Shutting down and abandoning module MeshUtilities (162)
[2018.01.29-08.28.00:608][708]LogModuleManager: Shutting down and abandoning module MeshMergeUtilities (161)
[2018.01.29-08.28.00:609][708]LogModuleManager: Shutting down and abandoning module MeshReductionInterface (160)
[2018.01.29-08.28.00:609][708]LogModuleManager: Shutting down and abandoning module SimplygonSwarm (159)
[2018.01.29-08.28.00:610][708]LogModuleManager: Shutting down and abandoning module SimplygonMeshReduction (157)
[2018.01.29-08.28.00:610][708]LogModuleManager: Shutting down and abandoning module QuadricMeshReduction (155)
[2018.01.29-08.28.00:611][708]LogModuleManager: Shutting down and abandoning module MaterialBaking (151)
[2018.01.29-08.28.00:612][708]LogModuleManager: Shutting down and abandoning module DerivedDataCache (148)
[2018.01.29-08.28.00:649][708]LogDerivedDataCache: Shutdown
[2018.01.29-08.28.00:649][708]LogModuleManager: Shutting down and abandoning module TargetPlatform (146)
[2018.01.29-08.28.00:649][708]LogModuleManager: Shutting down and abandoning module VulkanShaderFormat (145)
[2018.01.29-08.28.00:649][708]LogModuleManager: Shutting down and abandoning module ShaderFormatVectorVM (143)
[2018.01.29-08.28.00:650][708]LogModuleManager: Shutting down and abandoning module ShaderFormatOpenGL (141)
[2018.01.29-08.28.00:651][708]LogModuleManager: Shutting down and abandoning module ShaderFormatD3D (139)
[2018.01.29-08.28.00:651][708]LogModuleManager: Shutting down and abandoning module MetalShaderFormat (137)
[2018.01.29-08.28.00:652][708]LogModuleManager: Shutting down and abandoning module TextureFormatUncompressed (135)
[2018.01.29-08.28.00:652][708]LogModuleManager: Shutting down and abandoning module TextureFormatPVR (133)
[2018.01.29-08.28.00:653][708]LogModuleManager: Shutting down and abandoning module TextureFormatDXT (131)
[2018.01.29-08.28.00:653][708]LogModuleManager: Shutting down and abandoning module TextureFormatIntelISPCTexComp (129)
[2018.01.29-08.28.00:654][708]LogModuleManager: Shutting down and abandoning module TextureFormatASTC (127)
[2018.01.29-08.28.00:654][708]LogModuleManager: Shutting down and abandoning module ImageWrapper (126)
[2018.01.29-08.28.00:654][708]LogModuleManager: Shutting down and abandoning module TextureFormatAndroid (123)
[2018.01.29-08.28.00:654][708]LogModuleManager: Shutting down and abandoning module AudioFormatOpus (121)
[2018.01.29-08.28.00:654][708]LogModuleManager: Shutting down and abandoning module AudioFormatOgg (119)
[2018.01.29-08.28.00:654][708]LogModuleManager: Shutting down and abandoning module AudioFormatADPCM (117)
[2018.01.29-08.28.00:654][708]LogModuleManager: Shutting down and abandoning module LinuxTargetPlatform (115)
[2018.01.29-08.28.00:654][708]LogModuleManager: Shutting down and abandoning module LinuxServerTargetPlatform (113)
[2018.01.29-08.28.00:654][708]LogModuleManager: Shutting down and abandoning module LinuxNoEditorTargetPlatform (111)
[2018.01.29-08.28.00:654][708]LogModuleManager: Shutting down and abandoning module LinuxClientTargetPlatform (109)
[2018.01.29-08.28.00:654][708]LogModuleManager: Shutting down and abandoning module TVOSTargetPlatform (107)
[2018.01.29-08.28.00:654][708]LogModuleManager: Shutting down and abandoning module Messaging (105)
[2018.01.29-08.28.00:655][708]LogModuleManager: Shutting down and abandoning module IOSTargetPlatform (103)
[2018.01.29-08.28.00:655][708]LogModuleManager: Shutting down and abandoning module HTML5TargetPlatform (101)
[2018.01.29-08.28.00:655][708]LogModuleManager: Shutting down and abandoning module AndroidTargetPlatform (99)
[2018.01.29-08.28.00:655][708]LogModuleManager: Shutting down and abandoning module Android_PVRTCTargetPlatform (97)
[2018.01.29-08.28.00:655][708]LogModuleManager: Shutting down and abandoning module Android_MultiTargetPlatform (95)
[2018.01.29-08.28.00:655][708]LogModuleManager: Shutting down and abandoning module Android_ETC2TargetPlatform (93)
[2018.01.29-08.28.00:655][708]LogModuleManager: Shutting down and abandoning module Android_ETC1TargetPlatform (91)
[2018.01.29-08.28.00:655][708]LogModuleManager: Shutting down and abandoning module Android_DXTTargetPlatform (89)
[2018.01.29-08.28.00:655][708]LogModuleManager: Shutting down and abandoning module Android_ATCTargetPlatform (87)
[2018.01.29-08.28.00:655][708]LogModuleManager: Shutting down and abandoning module Android_ASTCTargetPlatform (85)
[2018.01.29-08.28.00:655][708]LogModuleManager: Shutting down and abandoning module WindowsTargetPlatform (83)
[2018.01.29-08.28.00:655][708]LogModuleManager: Shutting down and abandoning module WindowsServerTargetPlatform (81)
[2018.01.29-08.28.00:655][708]LogModuleManager: Shutting down and abandoning module WindowsNoEditorTargetPlatform (79)
[2018.01.29-08.28.00:655][708]LogModuleManager: Shutting down and abandoning module WindowsClientTargetPlatform (77)
[2018.01.29-08.28.00:655][708]LogModuleManager: Shutting down and abandoning module MacTargetPlatform (75)
[2018.01.29-08.28.00:656][708]LogModuleManager: Shutting down and abandoning module MacServerTargetPlatform (73)
[2018.01.29-08.28.00:656][708]LogModuleManager: Shutting down and abandoning module MacNoEditorTargetPlatform (71)
[2018.01.29-08.28.00:656][708]LogModuleManager: Shutting down and abandoning module MacClientTargetPlatform (69)
[2018.01.29-08.28.00:656][708]LogModuleManager: Shutting down and abandoning module AllDesktopTargetPlatform (67)
[2018.01.29-08.28.00:656][708]LogModuleManager: Shutting down and abandoning module InputCore (64)
[2018.01.29-08.28.00:656][708]LogModuleManager: Shutting down and abandoning module Settings (62)
[2018.01.29-08.28.00:656][708]LogModuleManager: Shutting down and abandoning module PhysXCooking (60)
[2018.01.29-08.28.00:656][708]LogModuleManager: Shutting down and abandoning module SteamVR (58)
[2018.01.29-08.28.00:656][708]LogModuleManager: Shutting down and abandoning module OculusHMD (56)
[2018.01.29-08.28.00:656][708]LogModuleManager: Shutting down and abandoning module ExampleDeviceProfileSelector (54)
[2018.01.29-08.28.00:656][708]LogModuleManager: Shutting down and abandoning module AppleARKit (52)
[2018.01.29-08.28.00:656][708]LogModuleManager: Shutting down and abandoning module AugmentedReality (51)
[2018.01.29-08.28.00:657][708]LogModuleManager: Shutting down and abandoning module OnlineBlueprintSupport (48)
[2018.01.29-08.28.00:657][708]LogModuleManager: Shutting down and abandoning module OnlineSubsystem (44)
[2018.01.29-08.28.00:658][708]LogModuleManager: Shutting down and abandoning module XMPP (43)
[2018.01.29-08.28.00:660][708]LogModuleManager: Shutting down and abandoning module HTTP (41)
[2018.01.29-08.28.00:660][708]LogHttp: Display: Http module shutting down, but needs to wait on 1 outstanding Http requests:
[2018.01.29-08.28.00:660][708]LogHttp: Display: 	verb=[POST] url=[https://datarouter.ol.epicgames.com/datarouter/api/v1/public/data?SessionID=%7B17592FCD-4B45-333F-F291-A09DF062FBBC%7D&AppID=UEEditor.Rocket.Release&AppVersion=4.18.3-3832480%2B%2B%2BUE4%2BRelease-4.18&UserID=372fe2f448a9fe621f3af0bd16dc6f2a%7C8ac49062baae43c690b431ed046528f1%7C7532abaf-559c-4c1f-b377-4db2574a422a&AppEnvironment=datacollector-binary&UploadType=eteventstream] status=Processing
[2018.01.29-08.28.00:688][708]LogModuleManager: Shutting down and abandoning module SSL (40)
[2018.01.29-08.28.00:690][708]LogModuleManager: Shutting down and abandoning module AnimationModifiers (36)
[2018.01.29-08.28.00:691][708]LogModuleManager: Shutting down and abandoning module PropertyEditor (35)
[2018.01.29-08.28.00:692][708]LogModuleManager: Shutting down and abandoning module AudioEditor (32)
[2018.01.29-08.28.00:694][708]LogModuleManager: Shutting down and abandoning module TextureCompressor (30)
[2018.01.29-08.28.00:695][708]LogModuleManager: Shutting down and abandoning module ShaderCore (28)
[2018.01.29-08.28.00:695][708]LogModuleManager: Shutting down and abandoning module Landscape (26)
[2018.01.29-08.28.00:695][708]LogModuleManager: Shutting down and abandoning module SlateRHIRenderer (24)
[2018.01.29-08.28.00:712][708]LogModuleManager: Shutting down and abandoning module OpenGLDrv (22)
[2018.01.29-08.28.00:713][708]LogModuleManager: Shutting down and abandoning module D3D11RHI (20)
[2018.01.29-08.28.00:713][708]LogModuleManager: Shutting down and abandoning module AnimGraphRuntime (18)
[2018.01.29-08.28.00:714][708]LogModuleManager: Shutting down and abandoning module Renderer (16)
[2018.01.29-08.28.00:714][708]LogModuleManager: Shutting down and abandoning module Engine (14)
[2018.01.29-08.28.00:714][708]LogModuleManager: Shutting down and abandoning module CoreUObject (12)
[2018.01.29-08.28.00:714][708]LogModuleManager: Shutting down and abandoning module NetworkFile (10)
[2018.01.29-08.28.00:715][708]LogModuleManager: Shutting down and abandoning module CookedIterativeFile (8)
[2018.01.29-08.28.00:715][708]LogModuleManager: Shutting down and abandoning module StreamingFile (6)
[2018.01.29-08.28.00:715][708]LogModuleManager: Shutting down and abandoning module SandboxFile (4)
[2018.01.29-08.28.00:715][708]LogModuleManager: Shutting down and abandoning module PakFile (2)
[2018.01.29-08.28.00:722][708]LogExit: Exiting.
[2018.01.29-08.28.00:762][708]Log file closed, 01/29/18 17:28:00
