Log file open, 02/08/18 15:17:53
LogWindows: Failed to load 'aqProf.dll' (GetLastError=126)
LogWindows: File 'aqProf.dll' does not exist
LogWindows: Failed to load 'VSPerf140.dll' (GetLastError=126)
LogWindows: File 'VSPerf140.dll' does not exist
LogWindows: Failed to load 'VtuneApi.dll' (GetLastError=126)
LogWindows: File 'VtuneApi.dll' does not exist
LogWindows: Failed to load 'VtuneApi32e.dll' (GetLastError=126)
LogWindows: File 'VtuneApi32e.dll' does not exist
LogInit: Display: Running engine for game: URS
LogPlatformFile: Not using cached read wrapper
LogInit: Display: RandInit(483681197) SRandInit(483681197).
LogInit: Read version file with build ID '3709383'
LogInit: Overriding engine version to CL 3832480, compatible CL 3709383
LogInit: Registered custom module enumerator with build ID '3709383'
LogTaskGraph: Started task graph with 5 named threads and 14 total threads with 3 sets of task threads.
LogStats: Stats thread started at 0.697761
LogD3D11RHI: Aftermath initialized
LogModuleManager: Display: Found up-to-date module file ../../../Engine/Plugins/2D/Paper2D/Binaries/Win64/UE4Editor-Paper2D.dll (API version 3709383).
LogModuleManager: Display: Found up-to-date module file ../../../Engine/Plugins/2D/Paper2D/Binaries/Win64/UE4Editor-Paper2DEditor.dll (API version 3709383).
LogModuleManager: Display: Found up-to-date module file ../../../Engine/Plugins/2D/Paper2D/Binaries/Win64/UE4Editor-PaperSpriteSheetImporter.dll (API version 3709383).
LogModuleManager: Display: Found up-to-date module file ../../../Engine/Plugins/2D/Paper2D/Binaries/Win64/UE4Editor-PaperTiledImporter.dll (API version 3709383).
LogModuleManager: Display: Found up-to-date module file ../../../Engine/Plugins/2D/Paper2D/Binaries/Win64/UE4Editor-SmartSnapping.dll (API version 3709383).
LogModuleManager: Display: Found up-to-date module file ../../../Engine/Plugins/Blendables/LightPropagationVolume/Binaries/Win64/UE4Editor-LightPropagationVolumeRuntime.dll (API version 3709383).
LogModuleManager: Display: Found up-to-date module file ../../../Engine/Plugins/Blendables/LightPropagationVolume/Binaries/Win64/UE4Editor-LightPropagationVolumeEditor.dll (API version 3709383).
LogModuleManager: Display: Found up-to-date module file ../../../Engine/Plugins/Developer/GitSourceControl/Binaries/Win64/UE4Editor-GitSourceControl.dll (API version 3709383).
LogModuleManager: Display: Found up-to-date module file ../../../Engine/Plugins/Developer/PerforceSourceControl/Binaries/Win64/UE4Editor-PerforceSourceControl.dll (API version 3709383).
LogModuleManager: Display: Found up-to-date module file ../../../Engine/Plugins/Developer/SubversionSourceControl/Binaries/Win64/UE4Editor-SubversionSourceControl.dll (API version 3709383).
LogModuleManager: Display: Found up-to-date module file ../../../Engine/Plugins/Developer/UObjectPlugin/Binaries/Win64/UE4Editor-UObjectPlugin.dll (API version 3709383).
LogModuleManager: Display: Found up-to-date module file ../../../Engine/Plugins/Developer/VisualStudioCodeSourceCodeAccess/Binaries/Win64/UE4Editor-VisualStudioCodeSourceCodeAccess.dll (API version 3709383).
LogModuleManager: Display: Found up-to-date module file ../../../Engine/Plugins/Developer/VisualStudioSourceCodeAccess/Binaries/Win64/UE4Editor-VisualStudioSourceCodeAccess.dll (API version 3709383).
LogModuleManager: Display: Found up-to-date module file ../../../Engine/Plugins/Editor/AssetManagerEditor/Binaries/Win64/UE4Editor-AssetManagerEditor.dll (API version 3709383).
LogModuleManager: Display: Found up-to-date module file ../../../Engine/Plugins/Editor/AudioCapture/Binaries/Win64/UE4Editor-AudioCapture.dll (API version 3709383).
LogModuleManager: Display: Found up-to-date module file ../../../Engine/Plugins/Editor/FacialAnimation/Binaries/Win64/UE4Editor-FacialAnimation.dll (API version 3709383).
LogModuleManager: Display: Found up-to-date module file ../../../Engine/Plugins/Editor/FacialAnimation/Binaries/Win64/UE4Editor-FacialAnimationEditor.dll (API version 3709383).
LogModuleManager: Display: Found up-to-date module file ../../../Engine/Plugins/Editor/GameplayTagsEditor/Binaries/Win64/UE4Editor-GameplayTagsEditor.dll (API version 3709383).
LogModuleManager: Display: Found up-to-date module file ../../../Engine/Plugins/Editor/MobileLauncherProfileWizard/Binaries/Win64/UE4Editor-MobileLauncherProfileWizard.dll (API version 3709383).
LogModuleManager: Display: Found up-to-date module file ../../../Engine/Plugins/Editor/PluginBrowser/Binaries/Win64/UE4Editor-PluginBrowser.dll (API version 3709383).
LogModuleManager: Display: Found up-to-date module file ../../../Engine/Plugins/Editor/SpeedTreeImporter/Binaries/Win64/UE4Editor-SpeedTreeImporter.dll (API version 3709383).
LogModuleManager: Display: Found up-to-date module file ../../../Engine/Plugins/Experimental/AlembicImporter/Binaries/Win64/UE4Editor-AlembicImporter.dll (API version 3709383).
LogModuleManager: Display: Found up-to-date module file ../../../Engine/Plugins/Experimental/AlembicImporter/Binaries/Win64/UE4Editor-AlembicLibrary.dll (API version 3709383).
LogModuleManager: Display: Found up-to-date module file ../../../Engine/Plugins/Experimental/CharacterAI/Binaries/Win64/UE4Editor-CharacterAI.dll (API version 3709383).
LogModuleManager: Display: Found up-to-date module file ../../../Engine/Plugins/Experimental/HTML5Networking/Binaries/Win64/UE4Editor-HTML5Networking.dll (API version 3709383).
LogModuleManager: Display: Found up-to-date module file ../../../Engine/Plugins/Media/AndroidMedia/Binaries/Win64/UE4Editor-AndroidMediaEditor.dll (API version 3709383).
LogModuleManager: Display: Found up-to-date module file ../../../Engine/Plugins/Media/AndroidMedia/Binaries/Win64/UE4Editor-AndroidMediaFactory.dll (API version 3709383).
LogModuleManager: Display: Found up-to-date module file ../../../Engine/Plugins/Media/AvfMedia/Binaries/Win64/UE4Editor-AvfMediaEditor.dll (API version 3709383).
LogModuleManager: Display: Found up-to-date module file ../../../Engine/Plugins/Media/AvfMedia/Binaries/Win64/UE4Editor-AvfMediaFactory.dll (API version 3709383).
LogModuleManager: Display: Found up-to-date module file ../../../Engine/Plugins/Media/AvfMedia/Binaries/Win64/UE4Editor-AvfMediaFactory.dll (API version 3709383).
LogModuleManager: Display: Found up-to-date module file ../../../Engine/Plugins/Media/ImgMedia/Binaries/Win64/UE4Editor-ImgMedia.dll (API version 3709383).
LogModuleManager: Display: Found up-to-date module file ../../../Engine/Plugins/Media/ImgMedia/Binaries/Win64/UE4Editor-ImgMediaEditor.dll (API version 3709383).
LogModuleManager: Display: Found up-to-date module file ../../../Engine/Plugins/Media/ImgMedia/Binaries/Win64/UE4Editor-ImgMediaFactory.dll (API version 3709383).
LogModuleManager: Display: Found up-to-date module file ../../../Engine/Plugins/Media/ImgMedia/Binaries/Win64/UE4Editor-ImgMediaFactory.dll (API version 3709383).
LogModuleManager: Display: Found up-to-date module file ../../../Engine/Plugins/Media/ImgMedia/Binaries/Win64/UE4Editor-OpenExrWrapper.dll (API version 3709383).
LogModuleManager: Display: Found up-to-date module file ../../../Engine/Plugins/Media/MediaCompositing/Binaries/Win64/UE4Editor-MediaCompositing.dll (API version 3709383).
LogModuleManager: Display: Found up-to-date module file ../../../Engine/Plugins/Media/MediaCompositing/Binaries/Win64/UE4Editor-MediaCompositingEditor.dll (API version 3709383).
LogModuleManager: Display: Found up-to-date module file ../../../Engine/Plugins/Media/MediaPlayerEditor/Binaries/Win64/UE4Editor-MediaPlayerEditor.dll (API version 3709383).
LogModuleManager: Display: Found up-to-date module file ../../../Engine/Plugins/Media/WmfMedia/Binaries/Win64/UE4Editor-WmfMedia.dll (API version 3709383).
LogModuleManager: Display: Found up-to-date module file ../../../Engine/Plugins/Media/WmfMedia/Binaries/Win64/UE4Editor-WmfMediaEditor.dll (API version 3709383).
LogModuleManager: Display: Found up-to-date module file ../../../Engine/Plugins/Media/WmfMedia/Binaries/Win64/UE4Editor-WmfMediaFactory.dll (API version 3709383).
LogModuleManager: Display: Found up-to-date module file ../../../Engine/Plugins/Media/WmfMedia/Binaries/Win64/UE4Editor-WmfMediaFactory.dll (API version 3709383).
LogModuleManager: Display: Found up-to-date module file ../../../Engine/Plugins/Messaging/TcpMessaging/Binaries/Win64/UE4Editor-TcpMessaging.dll (API version 3709383).
LogModuleManager: Display: Found up-to-date module file ../../../Engine/Plugins/Messaging/UdpMessaging/Binaries/Win64/UE4Editor-UdpMessaging.dll (API version 3709383).
LogModuleManager: Display: Found up-to-date module file ../../../Engine/Plugins/MovieScene/ActorSequence/Binaries/Win64/UE4Editor-ActorSequence.dll (API version 3709383).
LogModuleManager: Display: Found up-to-date module file ../../../Engine/Plugins/MovieScene/LevelSequenceEditor/Binaries/Win64/UE4Editor-LevelSequenceEditor.dll (API version 3709383).
LogModuleManager: Display: Found up-to-date module file ../../../Engine/Plugins/MovieScene/MatineeToLevelSequence/Binaries/Win64/UE4Editor-MatineeToLevelSequence.dll (API version 3709383).
LogModuleManager: Display: Found up-to-date module file ../../../Engine/Plugins/Online/OnlineSubsystem/Binaries/Win64/UE4Editor-OnlineSubsystem.dll (API version 3709383).
LogModuleManager: Display: Found up-to-date module file ../../../Engine/Plugins/Runtime/AndroidPermission/Binaries/Win64/UE4Editor-AndroidPermission.dll (API version 3709383).
LogModuleManager: Display: Found up-to-date module file ../../../Engine/Plugins/Online/OnlineSubsystemNull/Binaries/Win64/UE4Editor-OnlineSubsystemNull.dll (API version 3709383).
LogModuleManager: Display: Found up-to-date module file ../../../Engine/Plugins/Online/OnlineSubsystemUtils/Binaries/Win64/UE4Editor-OnlineSubsystemUtils.dll (API version 3709383).
LogModuleManager: Display: Found up-to-date module file ../../../Engine/Plugins/Online/OnlineSubsystemUtils/Binaries/Win64/UE4Editor-OnlineBlueprintSupport.dll (API version 3709383).
LogModuleManager: Display: Found up-to-date module file ../../../Engine/Plugins/Runtime/AndroidDeviceProfileSelector/Binaries/Win64/UE4Editor-AndroidDeviceProfileSelector.dll (API version 3709383).
LogModuleManager: Display: Found up-to-date module file ../../../Engine/Plugins/Runtime/AppleARKit/Binaries/Win64/UE4Editor-AppleARKit.dll (API version 3709383).
LogModuleManager: Display: Found up-to-date module file ../../../Engine/Plugins/Runtime/ArchVisCharacter/Binaries/Win64/UE4Editor-ArchVisCharacter.dll (API version 3709383).
LogModuleManager: Display: Found up-to-date module file ../../../Engine/Plugins/Runtime/CableComponent/Binaries/Win64/UE4Editor-CableComponent.dll (API version 3709383).
LogModuleManager: Display: Found up-to-date module file ../../../Engine/Plugins/Runtime/CustomMeshComponent/Binaries/Win64/UE4Editor-CustomMeshComponent.dll (API version 3709383).
LogModuleManager: Display: Found up-to-date module file ../../../Engine/Plugins/Runtime/ExampleDeviceProfileSelector/Binaries/Win64/UE4Editor-ExampleDeviceProfileSelector.dll (API version 3709383).
LogModuleManager: Display: Found up-to-date module file ../../../Engine/Plugins/Runtime/ImmediatePhysics/Binaries/Win64/UE4Editor-ImmediatePhysics.dll (API version 3709383).
LogModuleManager: Display: Found up-to-date module file ../../../Engine/Plugins/Runtime/ImmediatePhysics/Binaries/Win64/UE4Editor-ImmediatePhysicsEditor.dll (API version 3709383).
LogModuleManager: Display: Found up-to-date module file ../../../Engine/Plugins/Runtime/LocationServicesBPLibrary/Binaries/Win64/UE4Editor-LocationServicesBPLibrary.dll (API version 3709383).
LogModuleManager: Display: Found up-to-date module file ../../../Engine/Plugins/Runtime/MobilePatchingUtils/Binaries/Win64/UE4Editor-MobilePatchingUtils.dll (API version 3709383).
LogModuleManager: Display: Found up-to-date module file ../../../Engine/Plugins/Runtime/Oculus/OculusVR/Binaries/Win64/UE4Editor-OculusHMD.dll (API version 3709383).
LogModuleManager: Display: Found up-to-date module file ../../../Engine/Plugins/Runtime/Oculus/OculusVR/Binaries/Win64/UE4Editor-OculusInput.dll (API version 3709383).
LogModuleManager: Display: Found up-to-date module file ../../../Engine/Plugins/Runtime/Oculus/OculusVR/Binaries/Win64/UE4Editor-OculusEditor.dll (API version 3709383).
LogModuleManager: Display: Found up-to-date module file ../../../Engine/Plugins/Runtime/PhysXVehicles/Binaries/Win64/UE4Editor-PhysXVehicles.dll (API version 3709383).
LogModuleManager: Display: Found up-to-date module file ../../../Engine/Plugins/Runtime/PhysXVehicles/Binaries/Win64/UE4Editor-PhysXVehiclesEditor.dll (API version 3709383).
LogModuleManager: Display: Found up-to-date module file ../../../Engine/Plugins/Runtime/ProceduralMeshComponent/Binaries/Win64/UE4Editor-ProceduralMeshComponent.dll (API version 3709383).
LogModuleManager: Display: Found up-to-date module file ../../../Engine/Plugins/Runtime/ProceduralMeshComponent/Binaries/Win64/UE4Editor-ProceduralMeshComponentEditor.dll (API version 3709383).
LogModuleManager: Display: Found up-to-date module file ../../../Engine/Plugins/Runtime/RuntimePhysXCooking/Binaries/Win64/UE4Editor-RuntimePhysXCooking.dll (API version 3709383).
LogModuleManager: Display: Found up-to-date module file ../../../Engine/Plugins/Runtime/Steam/SteamVR/Binaries/Win64/UE4Editor-SteamVR.dll (API version 3709383).
LogModuleManager: Display: Found up-to-date module file ../../../Engine/Plugins/Runtime/Steam/SteamVR/Binaries/Win64/UE4Editor-SteamVRController.dll (API version 3709383).
LogModuleManager: Display: Found up-to-date module file ../../../Engine/Plugins/Runtime/WindowsMoviePlayer/Binaries/Win64/UE4Editor-WindowsMoviePlayer.dll (API version 3709383).
LogPluginManager: Mounting plugin Paper2D
LogPluginManager: Mounting plugin LightPropagationVolume
LogPluginManager: Mounting plugin CodeLiteSourceCodeAccess
LogPluginManager: Mounting plugin GitSourceControl
LogPluginManager: Mounting plugin KDevelopSourceCodeAccess
LogPluginManager: Mounting plugin NullSourceCodeAccess
LogPluginManager: Mounting plugin PerforceSourceControl
LogPluginManager: Mounting plugin SubversionSourceControl
LogPluginManager: Mounting plugin UObjectPlugin
LogPluginManager: Mounting plugin VisualStudioCodeSourceCodeAccess
LogPluginManager: Mounting plugin VisualStudioSourceCodeAccess
LogPluginManager: Mounting plugin XCodeSourceCodeAccess
LogPluginManager: Mounting plugin AssetManagerEditor
LogPluginManager: Mounting plugin AudioCapture
LogPluginManager: Mounting plugin FacialAnimation
LogPluginManager: Mounting plugin GameplayTagsEditor
LogPluginManager: Mounting plugin MobileLauncherProfileWizard
LogPluginManager: Mounting plugin PluginBrowser
LogPluginManager: Mounting plugin SpeedTreeImporter
LogPluginManager: Mounting plugin AlembicImporter
LogPluginManager: Mounting plugin CharacterAI
LogPluginManager: Mounting plugin HTML5Networking
LogPluginManager: Mounting plugin AndroidMedia
LogPluginManager: Mounting plugin AvfMedia
LogPluginManager: Mounting plugin ImgMedia
LogPluginManager: Mounting plugin MediaCompositing
LogPluginManager: Mounting plugin MediaPlayerEditor
LogPluginManager: Mounting plugin WmfMedia
LogPluginManager: Mounting plugin TcpMessaging
LogPluginManager: Mounting plugin UdpMessaging
LogPluginManager: Mounting plugin ActorSequence
LogPluginManager: Mounting plugin LevelSequenceEditor
LogPluginManager: Mounting plugin MatineeToLevelSequence
LogPluginManager: Mounting plugin OnlineSubsystemGooglePlay
LogPluginManager: Mounting plugin OnlineSubsystemIOS
LogPluginManager: Mounting plugin OnlineSubsystem
LogPluginManager: Mounting plugin OnlineSubsystemNull
LogPluginManager: Mounting plugin OnlineSubsystemUtils
LogPluginManager: Mounting plugin AndroidDeviceProfileSelector
LogPluginManager: Mounting plugin AndroidMoviePlayer
LogPluginManager: Mounting plugin AndroidPermission
LogPluginManager: Mounting plugin AppleARKit
LogPluginManager: Mounting plugin AppleMoviePlayer
LogPluginManager: Mounting plugin ArchVisCharacter
LogPluginManager: Mounting plugin CableComponent
LogPluginManager: Mounting plugin CustomMeshComponent
LogPluginManager: Mounting plugin ExampleDeviceProfileSelector
LogPluginManager: Mounting plugin GoogleCloudMessaging
LogPluginManager: Mounting plugin ImmediatePhysics
LogPluginManager: Mounting plugin IOSDeviceProfileSelector
LogPluginManager: Mounting plugin LinuxDeviceProfileSelector
LogPluginManager: Mounting plugin LocationServicesBPLibrary
LogPluginManager: Mounting plugin MobilePatchingUtils
LogPluginManager: Mounting plugin OculusVR
LogPluginManager: Plugin shader directory ../../../Engine/Plugins/Runtime/Oculus/OculusVR/Shaders found
LogPluginManager: Mapping shader source directory ../../../Engine/Plugins/Runtime/Oculus/OculusVR/Shaders to virtual directory /Plugin/OculusVR
LogPluginManager: Mounting plugin PhysXVehicles
LogPluginManager: Mounting plugin ProceduralMeshComponent
LogPluginManager: Mounting plugin RuntimePhysXCooking
LogPluginManager: Mounting plugin SteamVR
LogPluginManager: Mounting plugin WindowsMoviePlayer
LogInit: Using libcurl 7.47.1
LogInit:  - built for x86_64-pc-win32
LogInit:  - supports SSL with OpenSSL/1.0.2g
LogInit:  - supports HTTP deflate (compression) using libz 1.2.8
LogInit:  - other features:
LogInit:      CURL_VERSION_SSL
LogInit:      CURL_VERSION_LIBZ
LogInit:      CURL_VERSION_IPV6
LogInit:      CURL_VERSION_ASYNCHDNS
LogInit:      CURL_VERSION_LARGEFILE
LogInit:      CURL_VERSION_IDN
LogInit:  CurlRequestOptions (configurable via config and command line):
LogInit:  - bVerifyPeer = false  - Libcurl will NOT verify peer certificate
LogInit:  - bUseHttpProxy = false  - Libcurl will NOT use HTTP proxy
LogInit:  - bDontReuseConnections = false  - Libcurl will reuse connections
LogInit:  - CertBundlePath = nullptr  - Libcurl will use whatever was configured at build time.
LogInit: Build: ++UE4+Release-4.18-CL-3832480
LogInit: Engine Version: 4.18.3-3832480+++UE4+Release-4.18
LogInit: Compatible Engine Version: 4.18.0-3709383+++UE4+Release-4.18
LogInit: Net CL: 3709383
LogDevObjectVersion: Number of dev versions registered: 16
LogDevObjectVersion:   Dev-Blueprints (B0D832E4-1F89-4F0D-ACCF-7EB736FD4AA2): 10
LogDevObjectVersion:   Dev-Build (E1C64328-A22C-4D53-A36C-8E866417BD8C): 0
LogDevObjectVersion:   Dev-Core (375EC13C-06E4-48FB-B500-84F0262A717E): 2
LogDevObjectVersion:   Dev-Editor (E4B068ED-F494-42E9-A231-DA0B2E46BB41): 20
LogDevObjectVersion:   Dev-Framework (CFFC743F-43B0-4480-9391-14DF171D2073): 30
LogDevObjectVersion:   Dev-Mobile (B02B49B5-BB20-44E9-A304-32B752E40360): 0
LogDevObjectVersion:   Dev-Networking (A4E4105C-59A1-49B5-A7C5-40C4547EDFEE): 0
LogDevObjectVersion:   Dev-Online (39C831C9-5AE6-47DC-9A44-9C173E1C8E7C): 0
LogDevObjectVersion:   Dev-Physics (78F01B33-EBEA-4F98-B9B4-84EACCB95AA2): 0
LogDevObjectVersion:   Dev-Platform (6631380F-2D4D-43E0-8009-CF276956A95A): 0
LogDevObjectVersion:   Dev-Rendering (12F88B9F-8875-4AFC-A67C-D90C383ABD29): 20
LogDevObjectVersion:   Dev-Sequencer (7B5AE74C-D270-4C10-A958-57980B212A5A): 4
LogDevObjectVersion:   Dev-VR (D7296918-1DD6-4BDD-9DE2-64A83CC13884): 0
LogDevObjectVersion:   Dev-LoadTimes (C2A15278-BFE7-4AFE-6C17-90FF531DF755): 1
LogDevObjectVersion:   Private-Geometry (6EACA3D4-40EC-4CC1-B786-8BED09428FC5): 1
LogDevObjectVersion:   Dev-AnimPhys (29E575DD-E0A3-4627-9D10-D276232CDCEA): 12
LogInit: Compiled (64-bit): Jan 12 2018 02:04:55
LogInit: Compiled with Visual C++: 19.00.24215.01
LogInit: Build Configuration: Development
LogInit: Branch Name: ++UE4+Release-4.18
LogInit: Command line:  
LogInit: Base directory: C:/Program Files/Epic Games/UE_4.18/Engine/Binaries/Win64/
LogInit: Installed Engine Build: 1
LogInit: Presizing for max 8388607 objects, including 0 objects not considered by GC, pre-allocating 0 bytes for permanent pool.
LogInit: Object subsystem initialized
[2018.02.08-06.17.56:332][  0]LogInit: Selected Device Profile: [Windows]
[2018.02.08-06.17.56:333][  0]LogInit: Applying CVar settings loaded from the selected device profile: [Windows]
[2018.02.08-06.17.56:416][  0]LogInit: Computer: DESKTOP-PDO9PMJ
[2018.02.08-06.17.56:416][  0]LogInit: User: 양형
[2018.02.08-06.17.56:416][  0]LogInit: CPU Page size=4096, Cores=4
[2018.02.08-06.17.56:416][  0]LogInit: High frequency timer resolution =2.437499 MHz
[2018.02.08-06.17.56:417][  0]LogMemory: Memory total: Physical=7.9GB (8GB approx)
[2018.02.08-06.17.56:417][  0]LogMemory: Platform Memory Stats for Windows
[2018.02.08-06.17.56:417][  0]LogMemory: Process Physical Memory: 273.92 MB used, 273.92 MB peak
[2018.02.08-06.17.56:417][  0]LogMemory: Process Virtual Memory: 275.46 MB used, 275.46 MB peak
[2018.02.08-06.17.56:417][  0]LogMemory: Physical Memory: 4160.09 MB used,  3898.37 MB free, 8058.46 MB total
[2018.02.08-06.17.56:417][  0]LogMemory: Virtual Memory: 682.24 MB used,  3898.37 MB free, 134217728.00 MB total
[2018.02.08-06.17.57:030][  0]LogInit: Using OS detected language (ko-KR).
[2018.02.08-06.17.57:030][  0]LogInit: Using OS detected locale (ko-KR).
[2018.02.08-06.17.57:074][  0]LogTextLocalizationManager: No specific localization for 'ko-KR' exists, so the 'ko' localization will be used.
[2018.02.08-06.17.57:330][  0]LogInit: Setting process to per monitor DPI aware
[2018.02.08-06.18.00:233][  0]LogD3D11RHI: D3D11 adapters:
[2018.02.08-06.18.00:307][  0]LogD3D11RHI:    0. 'NVIDIA GeForce GTX 1050 Ti' (Feature Level 11_0)
[2018.02.08-06.18.00:307][  0]LogD3D11RHI:       4029/0/4029 MB DedicatedVideo/DedicatedSystem/SharedSystem, Outputs:1, VendorId:0x10de
[2018.02.08-06.18.00:321][  0]LogD3D11RHI:    1. 'Intel(R) HD Graphics 630' (Feature Level 11_0)
[2018.02.08-06.18.00:321][  0]LogD3D11RHI:       128/0/4029 MB DedicatedVideo/DedicatedSystem/SharedSystem, Outputs:0, VendorId:0x8086
[2018.02.08-06.18.00:324][  0]LogD3D11RHI:    2. 'Microsoft Basic Render Driver' (Feature Level 11_0)
[2018.02.08-06.18.00:324][  0]LogD3D11RHI:       0/0/4029 MB DedicatedVideo/DedicatedSystem/SharedSystem, Outputs:0, VendorId:0x1414
[2018.02.08-06.18.00:324][  0]LogD3D11RHI: Chosen D3D11 Adapter: 0
[2018.02.08-06.18.00:334][  0]LogD3D11RHI: Creating new Direct3DDevice
[2018.02.08-06.18.00:334][  0]LogD3D11RHI:     GPU DeviceId: 0x1c8c (for the marketing name, search the web for "GPU Device Id")
[2018.02.08-06.18.00:334][  0]LogWindows: EnumDisplayDevices:
[2018.02.08-06.18.00:334][  0]LogWindows:    0. 'Intel(R) HD Graphics 630' (P:1 D:1)
[2018.02.08-06.18.00:335][  0]LogWindows:    1. 'Intel(R) HD Graphics 630' (P:0 D:0)
[2018.02.08-06.18.00:335][  0]LogWindows:    2. 'Intel(R) HD Graphics 630' (P:0 D:0)
[2018.02.08-06.18.00:335][  0]LogWindows:    3. 'NVIDIA GeForce GTX 1050 Ti' (P:0 D:0)
[2018.02.08-06.18.00:336][  0]LogWindows: DebugString: GetVideoDriverDetailsInvalid PrimaryIsNotTheChoosenAdapter GetVideoDriverDetailsInvalid PrimaryIsNotTheChoosenAdapter GetVideoDriverDetailsInvalid PrimaryIsNotTheChoosenAdapter GetVideoDriverDetailsInvalid PrimaryIsNotTheChoosenAdapter FoundDriverCount:0 
[2018.02.08-06.18.00:336][  0]LogD3D11RHI:     Adapter Name: NVIDIA GeForce GTX 1050 Ti
[2018.02.08-06.18.00:336][  0]LogD3D11RHI:   Driver Version: Unknown (internal:Unknown, unified:Unknown)
[2018.02.08-06.18.00:336][  0]LogD3D11RHI:      Driver Date: Unknown
[2018.02.08-06.18.00:336][  0]LogRHI: Texture pool is 2820 MB (70% of 4029 MB)
[2018.02.08-06.18.00:378][  0]LogD3D11RHI: Async texture creation enabled
[2018.02.08-06.18.00:515][  0]LogD3D11RHI: GPU Timing Frequency: 1000.000000 (Debug: 2 1)
[2018.02.08-06.18.00:522][  0]LogShaderCompilers: Guid format shader working directory is -13 characters bigger than the processId version (../../../../../../Users/양형/Documents/Unreal Projects/URS/Intermediate/Shaders/WorkingDirectory/7200/).
[2018.02.08-06.18.00:523][  0]LogShaderCompilers: Cleaned the shader compiler working directory 'C:/Users/양형/AppData/Local/Temp/UnrealShaderWorkingDir/EB68B01D46814C6204EAE4919B62CEFD/'.
[2018.02.08-06.18.00:523][  0]LogShaderCompilers: Display: Using Local Shader Compiler.
[2018.02.08-06.18.03:054][  0]LogTemp: Display: Loaded TP AllDesktopTargetPlatform
[2018.02.08-06.18.03:168][  0]LogTemp: Display: Loaded TP MacClientTargetPlatform
[2018.02.08-06.18.03:287][  0]LogTemp: Display: Loaded TP MacNoEditorTargetPlatform
[2018.02.08-06.18.03:404][  0]LogTemp: Display: Loaded TP MacServerTargetPlatform
[2018.02.08-06.18.03:534][  0]LogTemp: Display: Loaded TP MacTargetPlatform
[2018.02.08-06.18.03:659][  0]LogTemp: Display: Loaded TP WindowsClientTargetPlatform
[2018.02.08-06.18.03:783][  0]LogTemp: Display: Loaded TP WindowsNoEditorTargetPlatform
[2018.02.08-06.18.03:902][  0]LogTemp: Display: Loaded TP WindowsServerTargetPlatform
[2018.02.08-06.18.04:016][  0]LogTemp: Display: Loaded TP WindowsTargetPlatform
[2018.02.08-06.18.04:131][  0]LogTemp: Display: Loaded TP Android_ASTCTargetPlatform
[2018.02.08-06.18.04:263][  0]LogTemp: Display: Loaded TP Android_ATCTargetPlatform
[2018.02.08-06.18.04:382][  0]LogTemp: Display: Loaded TP Android_DXTTargetPlatform
[2018.02.08-06.18.04:499][  0]LogTemp: Display: Loaded TP Android_ETC1TargetPlatform
[2018.02.08-06.18.04:616][  0]LogTemp: Display: Loaded TP Android_ETC2TargetPlatform
[2018.02.08-06.18.04:857][  0]LogTemp: Display: Loaded TP Android_MultiTargetPlatform
[2018.02.08-06.18.04:857][  0]LogTemp: Display: Loaded TP Android_PVRTCTargetPlatform
[2018.02.08-06.18.04:987][  0]LogTemp: Display: Loaded TP AndroidTargetPlatform
[2018.02.08-06.18.05:099][  0]LogTemp: Display: Loaded TP HTML5TargetPlatform
[2018.02.08-06.18.05:305][  0]LogTemp: Display: Loaded TP IOSTargetPlatform
[2018.02.08-06.18.05:353][  0]LogTemp: Display: Loaded TP TVOSTargetPlatform
[2018.02.08-06.18.05:469][  0]LogTemp: Display: Loaded TP LinuxClientTargetPlatform
[2018.02.08-06.18.05:582][  0]LogTemp: Display: Loaded TP LinuxNoEditorTargetPlatform
[2018.02.08-06.18.05:701][  0]LogTemp: Display: Loaded TP LinuxServerTargetPlatform
[2018.02.08-06.18.05:832][  0]LogTemp: Display: Loaded TP LinuxTargetPlatform
[2018.02.08-06.18.05:832][  0]LogTargetPlatformManager: Display: Building Assets For Windows
[2018.02.08-06.18.06:974][  0]LogDerivedDataCache: Display: Max Cache Size: 512 MB
[2018.02.08-06.18.07:371][  0]LogDerivedDataCache: Loaded boot cache 0.40s 78MB C:/Users/양형/AppData/Local/UnrealEngine/4.18/DerivedDataCache/Boot.ddc.
[2018.02.08-06.18.07:372][  0]LogDerivedDataCache: Display: Loaded Boot cache: C:/Users/양형/AppData/Local/UnrealEngine/4.18/DerivedDataCache/Boot.ddc
[2018.02.08-06.18.07:372][  0]LogDerivedDataCache: FDerivedDataBackendGraph:  Pak pak cache file ../../../../../../Users/양형/Documents/Unreal Projects/URS/DerivedDataCache/DDC.ddp not found, will not use a pak cache.
[2018.02.08-06.18.07:372][  0]LogDerivedDataCache: Unable to find inner node Pak for hierarchical cache Hierarchy.
[2018.02.08-06.18.07:372][  0]LogDerivedDataCache: FDerivedDataBackendGraph:  CompressedPak pak cache file ../../../../../../Users/양형/Documents/Unreal Projects/URS/DerivedDataCache/Compressed.ddp not found, will not use a pak cache.
[2018.02.08-06.18.07:372][  0]LogDerivedDataCache: Unable to find inner node CompressedPak for hierarchical cache Hierarchy.
[2018.02.08-06.18.07:402][  0]LogDerivedDataCache: Display: Pak cache opened for reading ../../../Engine/DerivedDataCache/Compressed.ddp.
[2018.02.08-06.18.07:415][  0]LogDerivedDataCache: Using Local data cache path C:/Users/양형/AppData/Local/UnrealEngine/Common/DerivedDataCache: Writable
[2018.02.08-06.18.07:429][  0]LogMaterial: Verifying Global Shaders for PCD3D_SM5
[2018.02.08-06.18.07:435][  0]LogSlate: Using Freetype 2.6.0
[2018.02.08-06.18.07:447][  0]LogSlate: SlateFontCache - WITH_FREETYPE: 1, WITH_HARFBUZZ: 1
[2018.02.08-06.18.07:448][  0]LogSlate: SlateFontCache - WITH_FREETYPE: 1, WITH_HARFBUZZ: 1
[2018.02.08-06.18.08:711][  0]LogInit: Selected Device Profile: [Windows]
[2018.02.08-06.18.09:638][  0]LogSimplygon: Simplygon DLL not present - disabling.
[2018.02.08-06.18.09:750][  0]LogMeshReduction: Using SimplygonSwarm for distributed automatic mesh merging
[2018.02.08-06.18.09:750][  0]LogMeshReduction: Using QuadricMeshReduction for automatic static mesh reduction
[2018.02.08-06.18.09:750][  0]LogMeshReduction: No automatic skeletal mesh reduction module available
[2018.02.08-06.18.09:750][  0]LogMeshReduction: No automatic mesh merging module available
[2018.02.08-06.18.09:750][  0]LogMeshMerging: No automatic mesh merging module available
[2018.02.08-06.18.09:840][  0]LogNetVersion: URS , NetCL: 3709383, EngineNetVer: 2, GameNetVer: 0 (Checksum: 1777970781)
[2018.02.08-06.18.10:410][  0]LogAssetRegistry: FAssetRegistry took 0.0316 seconds to start up
[2018.02.08-06.18.11:832][  0]LogPackageLocalizationCache: Processed 7 localized package path(s) for 2 prioritized culture(s) in 0.101326 seconds
[2018.02.08-06.18.11:838][  0]LogUObjectArray: 35870 objects as part of root set at end of initial load.
[2018.02.08-06.18.11:838][  0]LogUObjectAllocator: 7363704 out of 0 bytes used by permanent object pool.
[2018.02.08-06.18.11:838][  0]LogUObjectArray: CloseDisregardForGC: 0/0 objects in disregard for GC pool
[2018.02.08-06.18.11:948][  0]LogInit: WinSock: version 1.1 (2.2), MaxSocks=32767, MaxUdp=65467
[2018.02.08-06.18.20:994][  0]LogTcpMessaging: Initializing TcpMessaging bridge
[2018.02.08-06.18.21:065][  0]LogUdpMessaging: Initializing bridge on interface 0.0.0.0:0 to multicast group 230.0.0.1:6666.
[2018.02.08-06.18.22:888][  0]LogMaterial: Uniform references updated for custom material expression Custom.
[2018.02.08-06.18.23:970][  0]SourceControl: 소스 콘트롤이 꺼졌습니다.
[2018.02.08-06.18.23:971][  0]SourceControl: 소스 콘트롤이 꺼졌습니다.
[2018.02.08-06.18.24:111][  0]SourceControl: 소스 콘트롤이 꺼졌습니다.
[2018.02.08-06.18.24:243][  0]SourceControl: 소스 콘트롤이 꺼졌습니다.
[2018.02.08-06.18.26:271][  0]LogAndroidPermission: UAndroidPermissionCallbackProxy::GetInstance
[2018.02.08-06.18.26:900][  0]LogOcInput: OculusInput pre-init called
[2018.02.08-06.18.27:605][  0]LogEngine: Initializing Engine...
[2018.02.08-06.18.27:611][  0]LogHMD: Failed to initialize OpenVR with code 110
[2018.02.08-06.18.28:087][  0]LogStats: UGameplayTagsManager::ConstructGameplayTagTree: Construct from data asset -  0.000 s
[2018.02.08-06.18.28:087][  0]LogStats: UGameplayTagsManager::ConstructGameplayTagTree: GameplayTagTreeChangedEvent.Broadcast -  0.000 s
[2018.02.08-06.18.28:459][  0]LogAIModule: Creating AISystem for world Untitled
[2018.02.08-06.18.28:486][  0]LogInit: XAudio2 using '스피커 / 헤드폰(Realtek Audio)' : 2 channels at 48 kHz using 32 bits per sample (channel mask 0x3)
[2018.02.08-06.18.29:998][  0]LogInit: FAudioDevice initialized.
[2018.02.08-06.18.30:106][  0]LogDerivedDataCache: Saved boot cache 0.11s 78MB C:/Users/양형/AppData/Local/UnrealEngine/4.18/DerivedDataCache/Boot.ddc.
[2018.02.08-06.18.30:132][  0]LogInit: Texture streaming: Enabled
[2018.02.08-06.18.30:364][  0]LogEngineSessionManager: EngineSessionManager initialized
[2018.02.08-06.18.30:714][  0]LogInit: Transaction tracking system initialized
[2018.02.08-06.18.31:610][  0]BlueprintLog: New page: 에디터 로드
[2018.02.08-06.18.34:057][  0]LocalizationService: 현지화 서비스가 비활성화되었습니다.
[2018.02.08-06.18.35:430][  0]LogLinker: Warning: '/Game/ThirdPersonBP/ThirdPersonOverview' 파일을 찾을 수 없습니다.
[2018.02.08-06.18.35:430][  0]LogLinker: Warning: '/Game/ThirdPersonBP/ThirdPersonOverview' 파일을 찾을 수 없습니다.
[2018.02.08-06.18.35:431][  0]LogUObjectGlobals: Warning: 'Class /Game/ThirdPersonBP/ThirdPersonOverview.ThirdPersonOverview_C' 오브젝트를 찾는 데 실패했습니다.
[2018.02.08-06.18.36:058][  0]LogConsoleResponse: Display: 
[2018.02.08-06.18.36:731][  0]LogCook: Display: Max memory allowance for cook 16384mb min free memory 0mb
[2018.02.08-06.18.36:731][  0]LogCook: Display: Mobile HDR setting 1
[2018.02.08-06.18.36:731][  0]LogGameplayTags: Display: UGameplayTagsManager::DoneAddingNativeTags. DelegateIsBound: 0
[2018.02.08-06.18.37:570][  0]LogFileCache: Scanning file cache for directory 'C:/Users/양형/Documents/Unreal Projects/URS/Content/' took 0.02s
[2018.02.08-06.18.39:821][  0]SourceControl: 소스 콘트롤이 꺼졌습니다.
[2018.02.08-06.18.39:824][  0]Cmd: MAP LOAD FILE="../../../../../../Users/양형/Documents/Unreal Projects/URS/Content/UrsContent/URS.umap" TEMPLATE=0 SHOWPROGRESS=1 FEATURELEVEL=3
[2018.02.08-06.18.39:828][  0]LightingResults: New page: 라이팅 빌드
[2018.02.08-06.18.39:949][  0]MapCheck: New page: 맵 체크
[2018.02.08-06.18.39:949][  0]LightingResults: New page: 라이팅 빌드
[2018.02.08-06.18.40:706][  0]LogAIModule: Creating AISystem for world URS
[2018.02.08-06.18.41:130][  0]LogStreaming: Display: ULevelStreaming::RequestLevel(/Game/UrsContent/URS_Stage1) is flushing async loading
[2018.02.08-06.18.43:618][  0]LogStreaming: Display: ULevelStreaming::RequestLevel(/Game/UrsContent/URS_Stage2) is flushing async loading
[2018.02.08-06.18.44:894][  0]LogEditorServer: Finished looking for orphan Actors (0.000 secs)
[2018.02.08-06.18.44:957][  0]Cmd: MAP CHECKDEP NOCLEARLOG
[2018.02.08-06.18.45:058][  0]MapCheck: 맵 체크 완료: 오류 0 회, 경고 0 회, 소요 시간 101.363ms.
[2018.02.08-06.18.45:058][  0]LogFileHelpers: Loading map 'URS' took 5.235
[2018.02.08-06.18.45:420][  0]LogCollectionManager: Loaded 0 collections in 0.001746 seconds
[2018.02.08-06.18.45:612][  0]LogFileCache: Scanning file cache for directory 'C:/Users/양형/Documents/Unreal Projects/URS/Saved/Collections/' took 0.01s
[2018.02.08-06.18.45:612][  0]LogFileCache: Scanning file cache for directory 'C:/Users/양형/Documents/Unreal Projects/URS/Content/Developers/양형/Collections/' took 0.01s
[2018.02.08-06.18.45:612][  0]LogFileCache: Scanning file cache for directory 'C:/Users/양형/Documents/Unreal Projects/URS/Content/Collections/' took 0.01s
[2018.02.08-06.18.45:612][  0]LogCollectionManager: Rebuilt the GUID cache for 0 collections in 0.000000 seconds
[2018.02.08-06.18.45:623][  0]LogContentBrowser: Native class hierarchy populated in 0.0089 seconds. Added 2363 classes and 519 folders.
[2018.02.08-06.18.45:804][  0]LogContentBrowser: Native class hierarchy updated for 'WidgetCarousel' in 0.0002 seconds. Added 0 classes and 0 folders.
[2018.02.08-06.18.46:263][  0]LogContentBrowser: Native class hierarchy updated for 'AddContentDialog' in 0.0003 seconds. Added 0 classes and 0 folders.
[2018.02.08-06.18.46:403][  0]LogContentBrowser: Native class hierarchy updated for 'SceneOutliner' in 0.0003 seconds. Added 1 classes and 2 folders.
[2018.02.08-06.18.46:659][  0]LogSlate: Took 0.009028 seconds to synchronously load lazily loaded font '../../../Engine/Content/Slate/Fonts/Roboto-Regular.ttf' (155K)
[2018.02.08-06.18.46:694][  0]LogSlate: Took 0.033706 seconds to synchronously load lazily loaded font '../../../Engine/Content/Slate/Fonts/NanumGothic.ttf' (4243K)
[2018.02.08-06.18.46:705][  0]LogSlate: Took 0.008016 seconds to synchronously load lazily loaded font '../../../Engine/Content/Slate/Fonts/Roboto-Bold.ttf' (160K)
[2018.02.08-06.18.46:720][  0]LogSlate: Took 0.008475 seconds to synchronously load lazily loaded font '../../../Engine/Content/Editor/Slate/Fonts/FontAwesome.ttf' (139K)
[2018.02.08-06.18.46:964][  0]LogRenderer: Reallocating scene render targets to support 872x420 Format 10 NumSamples 1 (Frame:1).
[2018.02.08-06.18.47:359][  0]LogContentBrowser: Native class hierarchy updated for 'HierarchicalLODOutliner' in 0.0004 seconds. Added 1 classes and 2 folders.
[2018.02.08-06.18.47:359][  0]LogLoad: (Engine Initialization) Total time: 57.37 seconds
[2018.02.08-06.18.47:359][  0]LogLoad: (Engine Initialization) Total Blueprint compile time: 0.00 seconds
[2018.02.08-06.18.47:359][  0]LogExternalProfiler: No external profilers were discovered.  External profiling features will not be available.
[2018.02.08-06.18.47:732][  0]LogContentStreaming: Texture pool size now 1000 MB
[2018.02.08-06.18.48:372][  2]LogAssetRegistry: Asset discovery search completed in 37.9852 seconds
[2018.02.08-06.18.48:379][  2]LogCollectionManager: Rebuilt the object cache for 0 collections in 0.000001 seconds (found 0 objects)
[2018.02.08-06.18.48:379][  2]LogCollectionManager: Fixed up redirectors for 0 collections in 0.000266 seconds (updated 0 objects)
[2018.02.08-06.18.48:715][  3]LogSlate: Took 0.006491 seconds to synchronously load lazily loaded font '../../../Engine/Content/Slate/Fonts/Roboto-Light.ttf' (159K)
[2018.02.08-06.18.52:059][ 13]LogSlate: Took 0.000889 seconds to synchronously load lazily loaded font '../../../Engine/Content/Slate/Fonts/Roboto-Light.ttf' (159K)
[2018.02.08-06.19.05:734][ 54]LogSlate: Took 0.001625 seconds to synchronously load lazily loaded font '../../../Engine/Content/Slate/Fonts/Roboto-Light.ttf' (159K)
[2018.02.08-06.19.06:333][ 54]LogContentBrowser: Native class hierarchy updated for 'BlueprintGraph' in 0.0007 seconds. Added 116 classes and 0 folders.
[2018.02.08-06.19.07:232][ 54]LogSlate: Took 0.007917 seconds to synchronously load lazily loaded font '../../../Engine/Content/Editor/Slate/Fonts/Roboto-BoldCondensed.ttf' (158K)
[2018.02.08-06.19.07:575][ 55]LogSlate: Took 0.008751 seconds to synchronously load lazily loaded font '../../../Engine/Content/Editor/Slate/Fonts/Roboto-Italic.ttf' (157K)
[2018.02.08-06.19.14:558][327]LogContentBrowser: Native class hierarchy updated for 'WorldBrowser' in 0.0003 seconds. Added 2 classes and 3 folders.
[2018.02.08-06.19.20:971][511]LogEditorActor: Deleted Actor: AtmosphericFog
[2018.02.08-06.19.20:999][511]LogEditorActor: Deleted 1 Actors (0.046 secs)
[2018.02.08-06.19.24:697][622]Cmd: TRANSACTION UNDO
[2018.02.08-06.19.24:697][622]LogEditorTransaction: Undo 선택 삭제
[2018.02.08-06.19.27:960][709]LogEditorActor: Deleted Actor: AtmosphericFog
[2018.02.08-06.19.27:984][709]LogEditorActor: Deleted 1 Actors (0.030 secs)
[2018.02.08-06.19.28:764][756]Cmd: TRANSACTION UNDO
[2018.02.08-06.19.28:764][756]LogEditorTransaction: Undo 선택 삭제
[2018.02.08-06.19.29:377][784]LogEditorActor: Deleted Actor: AtmosphericFog
[2018.02.08-06.19.29:400][784]LogEditorActor: Deleted 1 Actors (0.028 secs)
[2018.02.08-06.19.29:927][808]Cmd: TRANSACTION UNDO
[2018.02.08-06.19.29:927][808]LogEditorTransaction: Undo 선택 삭제
[2018.02.08-06.19.32:722][900]LogTemp: Repeating last play command: 새 에디터 창 (PIE)
[2018.02.08-06.19.32:816][900]LogBlueprintUserMessages: Early PlayInEditor Detection: Level '/Game/UrsContent/URS.URS:PersistentLevel' has LevelScriptBlueprint '/Game/UrsContent/URS.URS:PersistentLevel.URS' with GeneratedClass '/Game/UrsContent/URS.URS_C' with ClassGeneratedBy '/Game/UrsContent/URS.URS:PersistentLevel.URS'
[2018.02.08-06.19.32:816][900]LogBlueprintUserMessages: Early PlayInEditor Detection: Level '/Game/UrsContent/URS_Stage1.URS_Stage1:PersistentLevel' has LevelScriptBlueprint '/Game/UrsContent/URS_Stage1.URS_Stage1:PersistentLevel.URS_Stage1' with GeneratedClass '/Game/UrsContent/URS_Stage1.URS_Stage1_C' with ClassGeneratedBy '/Game/UrsContent/URS_Stage1.URS_Stage1:PersistentLevel.URS_Stage1'
[2018.02.08-06.19.32:816][900]LogBlueprintUserMessages: Early PlayInEditor Detection: Level '/Game/UrsContent/URS_Stage2.URS_Stage2:PersistentLevel' has LevelScriptBlueprint '/Game/UrsContent/URS_Stage2.URS_Stage2:PersistentLevel.URS_Stage2' with GeneratedClass '/Game/UrsContent/URS_Stage2.URS_Stage2_C' with ClassGeneratedBy '/Game/UrsContent/URS_Stage2.URS_Stage2:PersistentLevel.URS_Stage2'
[2018.02.08-06.19.32:816][900]LogPlayLevel: PlayLevel: No blueprints needed recompiling
[2018.02.08-06.19.32:818][900]PIE: New page: PIE 세션: URS (2018. 2. 9. 오전 12:19:32)
[2018.02.08-06.19.32:818][900]LogPlayLevel: Creating play world package: /Game/UrsContent/UEDPIE_0_URS
[2018.02.08-06.19.32:836][900]LogPlayLevel: PIE: StaticDuplicateObject took: (0.018144s)
[2018.02.08-06.19.32:837][900]LogAIModule: Creating AISystem for world URS
[2018.02.08-06.19.32:838][900]LogPlayLevel: PIE: World Init took: (0.001068s)
[2018.02.08-06.19.32:838][900]LogPlayLevel: PIE: Created PIE world by copying editor world from /Game/UrsContent/URS.URS to /Game/UrsContent/UEDPIE_0_URS.URS (0.019930s)
[2018.02.08-06.19.32:867][900]LogInit: XAudio2 using '스피커 / 헤드폰(Realtek Audio)' : 2 channels at 48 kHz using 32 bits per sample (channel mask 0x3)
[2018.02.08-06.19.32:970][900]LogInit: FAudioDevice initialized.
[2018.02.08-06.19.33:560][900]LogBlueprint: Warning: [Compiler Ue4ASP_Character] 입력 액션 이벤트가  Crouch 입력 액션  에 대한 미확인 'Crouch' 액션을 레퍼런싱합니다.
[2018.02.08-06.19.33:569][900]LogBlueprint: Warning: [Compiler Ue4ASP_Character] [0103.58] Ue4ASP_Character 컴파일에 성공했습니다만, 경고가 1 회 있습니다. [소요시간 36 ms] (/Game/AnimStarterPack/Ue4ASP_Character.Ue4ASP_Character)
[2018.02.08-06.19.34:482][900]LogLoad: Game class is 'FirstPersonGameMode_C'
[2018.02.08-06.19.34:487][900]LogWorld: Bringing World /Game/UrsContent/UEDPIE_0_URS.URS up for play (max tick rate 60) at 2018.02.08-15.19.34
[2018.02.08-06.19.34:488][900]LogWorld: Bringing up level for play took: 0.002949
[2018.02.08-06.19.34:599][900]LogContentBrowser: Native class hierarchy updated for 'MovieSceneCapture' in 0.0003 seconds. Added 11 classes and 0 folders.
[2018.02.08-06.19.34:612][900]LogLevel: ActivateLevel /Game/UrsContent/UEDPIE_0_URS_Stage1 1 1 1
[2018.02.08-06.19.34:617][900]PIE: /Game/UrsContent/UEDPIE_0_URS 에 대한 에디터에서 플레이 시작 시간: 2.355
[2018.02.08-06.19.34:620][900]LogBlueprintUserMessages: Late PlayInEditor Detection: Level '/Game/UrsContent/URS.URS:PersistentLevel' has LevelScriptBlueprint '/Game/UrsContent/URS.URS:PersistentLevel.URS' with GeneratedClass '/Game/UrsContent/URS.URS_C' with ClassGeneratedBy '/Game/UrsContent/URS.URS:PersistentLevel.URS'
[2018.02.08-06.19.34:621][900]LogBlueprintUserMessages: Late PlayInEditor Detection: Level '/Game/UrsContent/URS_Stage1.URS_Stage1:PersistentLevel' has LevelScriptBlueprint '/Game/UrsContent/URS_Stage1.URS_Stage1:PersistentLevel.URS_Stage1' with GeneratedClass '/Game/UrsContent/URS_Stage1.URS_Stage1_C' with ClassGeneratedBy '/Game/UrsContent/URS_Stage1.URS_Stage1:PersistentLevel.URS_Stage1'
[2018.02.08-06.19.34:621][900]LogBlueprintUserMessages: Late PlayInEditor Detection: Level '/Game/UrsContent/URS_Stage2.URS_Stage2:PersistentLevel' has LevelScriptBlueprint '/Game/UrsContent/URS_Stage2.URS_Stage2:PersistentLevel.URS_Stage2' with GeneratedClass '/Game/UrsContent/URS_Stage2.URS_Stage2_C' with ClassGeneratedBy '/Game/UrsContent/URS_Stage2.URS_Stage2:PersistentLevel.URS_Stage2'
[2018.02.08-06.19.35:135][900]LogRenderer: Reallocating scene render targets to support 1024x576 Format 10 NumSamples 1 (Frame:1).
[2018.02.08-06.20.19:339][301]LogBlueprintUserMessages: Early EndPlayMap Detection: Level '/Game/UrsContent/URS.URS:PersistentLevel' has LevelScriptBlueprint '/Game/UrsContent/URS.URS:PersistentLevel.URS' with GeneratedClass '/Game/UrsContent/URS.URS_C' with ClassGeneratedBy '/Game/UrsContent/URS.URS:PersistentLevel.URS'
[2018.02.08-06.20.19:340][301]LogBlueprintUserMessages: Early EndPlayMap Detection: Level '/Game/UrsContent/URS_Stage1.URS_Stage1:PersistentLevel' has LevelScriptBlueprint '/Game/UrsContent/URS_Stage1.URS_Stage1:PersistentLevel.URS_Stage1' with GeneratedClass '/Game/UrsContent/URS_Stage1.URS_Stage1_C' with ClassGeneratedBy '/Game/UrsContent/URS_Stage1.URS_Stage1:PersistentLevel.URS_Stage1'
[2018.02.08-06.20.19:340][301]LogBlueprintUserMessages: Early EndPlayMap Detection: Level '/Game/UrsContent/URS_Stage2.URS_Stage2:PersistentLevel' has LevelScriptBlueprint '/Game/UrsContent/URS_Stage2.URS_Stage2:PersistentLevel.URS_Stage2' with GeneratedClass '/Game/UrsContent/URS_Stage2.URS_Stage2_C' with ClassGeneratedBy '/Game/UrsContent/URS_Stage2.URS_Stage2:PersistentLevel.URS_Stage2'
[2018.02.08-06.20.19:421][301]LogBlueprintUserMessages: Late EndPlayMap Detection: Level '/Game/UrsContent/URS.URS:PersistentLevel' has LevelScriptBlueprint '/Game/UrsContent/URS.URS:PersistentLevel.URS' with GeneratedClass '/Game/UrsContent/URS.URS_C' with ClassGeneratedBy '/Game/UrsContent/URS.URS:PersistentLevel.URS'
[2018.02.08-06.20.19:421][301]LogBlueprintUserMessages: Late EndPlayMap Detection: Level '/Game/UrsContent/URS_Stage1.URS_Stage1:PersistentLevel' has LevelScriptBlueprint '/Game/UrsContent/URS_Stage1.URS_Stage1:PersistentLevel.URS_Stage1' with GeneratedClass '/Game/UrsContent/URS_Stage1.URS_Stage1_C' with ClassGeneratedBy '/Game/UrsContent/URS_Stage1.URS_Stage1:PersistentLevel.URS_Stage1'
[2018.02.08-06.20.19:421][301]LogBlueprintUserMessages: Late EndPlayMap Detection: Level '/Game/UrsContent/URS_Stage2.URS_Stage2:PersistentLevel' has LevelScriptBlueprint '/Game/UrsContent/URS_Stage2.URS_Stage2:PersistentLevel.URS_Stage2' with GeneratedClass '/Game/UrsContent/URS_Stage2.URS_Stage2_C' with ClassGeneratedBy '/Game/UrsContent/URS_Stage2.URS_Stage2:PersistentLevel.URS_Stage2'
[2018.02.08-06.20.35:523][950]LogTemp: Repeating last play command: 새 에디터 창 (PIE)
[2018.02.08-06.20.35:551][950]LogBlueprintUserMessages: Early PlayInEditor Detection: Level '/Game/UrsContent/URS.URS:PersistentLevel' has LevelScriptBlueprint '/Game/UrsContent/URS.URS:PersistentLevel.URS' with GeneratedClass '/Game/UrsContent/URS.URS_C' with ClassGeneratedBy '/Game/UrsContent/URS.URS:PersistentLevel.URS'
[2018.02.08-06.20.35:551][950]LogBlueprintUserMessages: Early PlayInEditor Detection: Level '/Game/UrsContent/URS_Stage1.URS_Stage1:PersistentLevel' has LevelScriptBlueprint '/Game/UrsContent/URS_Stage1.URS_Stage1:PersistentLevel.URS_Stage1' with GeneratedClass '/Game/UrsContent/URS_Stage1.URS_Stage1_C' with ClassGeneratedBy '/Game/UrsContent/URS_Stage1.URS_Stage1:PersistentLevel.URS_Stage1'
[2018.02.08-06.20.35:551][950]LogBlueprintUserMessages: Early PlayInEditor Detection: Level '/Game/UrsContent/URS_Stage2.URS_Stage2:PersistentLevel' has LevelScriptBlueprint '/Game/UrsContent/URS_Stage2.URS_Stage2:PersistentLevel.URS_Stage2' with GeneratedClass '/Game/UrsContent/URS_Stage2.URS_Stage2_C' with ClassGeneratedBy '/Game/UrsContent/URS_Stage2.URS_Stage2:PersistentLevel.URS_Stage2'
[2018.02.08-06.20.35:552][950]LogPlayLevel: PlayLevel: No blueprints needed recompiling
[2018.02.08-06.20.35:552][950]PIE: New page: PIE 세션: URS (2018. 2. 9. 오전 12:20:35)
[2018.02.08-06.20.35:552][950]LogPlayLevel: Creating play world package: /Game/UrsContent/UEDPIE_0_URS
[2018.02.08-06.20.35:564][950]LogPlayLevel: PIE: StaticDuplicateObject took: (0.012437s)
[2018.02.08-06.20.35:565][950]LogAIModule: Creating AISystem for world URS
[2018.02.08-06.20.35:565][950]LogPlayLevel: PIE: World Init took: (0.000898s)
[2018.02.08-06.20.35:566][950]LogPlayLevel: PIE: Created PIE world by copying editor world from /Game/UrsContent/URS.URS to /Game/UrsContent/UEDPIE_0_URS.URS (0.013954s)
[2018.02.08-06.20.35:597][950]LogInit: XAudio2 using '스피커 / 헤드폰(Realtek Audio)' : 2 channels at 48 kHz using 32 bits per sample (channel mask 0x3)
[2018.02.08-06.20.35:701][950]LogInit: FAudioDevice initialized.
[2018.02.08-06.20.35:799][950]LogLoad: Game class is 'FirstPersonGameMode_C'
[2018.02.08-06.20.35:802][950]LogWorld: Bringing World /Game/UrsContent/UEDPIE_0_URS.URS up for play (max tick rate 60) at 2018.02.08-15.20.35
[2018.02.08-06.20.35:802][950]LogWorld: Bringing up level for play took: 0.001808
[2018.02.08-06.20.35:805][950]LogLevel: ActivateLevel /Game/UrsContent/UEDPIE_0_URS_Stage1 1 1 1
[2018.02.08-06.20.35:809][950]PIE: /Game/UrsContent/UEDPIE_0_URS 에 대한 에디터에서 플레이 시작 시간: -0.453
[2018.02.08-06.20.35:817][950]LogBlueprintUserMessages: Late PlayInEditor Detection: Level '/Game/UrsContent/URS.URS:PersistentLevel' has LevelScriptBlueprint '/Game/UrsContent/URS.URS:PersistentLevel.URS' with GeneratedClass '/Game/UrsContent/URS.URS_C' with ClassGeneratedBy '/Game/UrsContent/URS.URS:PersistentLevel.URS'
[2018.02.08-06.20.35:817][950]LogBlueprintUserMessages: Late PlayInEditor Detection: Level '/Game/UrsContent/URS_Stage1.URS_Stage1:PersistentLevel' has LevelScriptBlueprint '/Game/UrsContent/URS_Stage1.URS_Stage1:PersistentLevel.URS_Stage1' with GeneratedClass '/Game/UrsContent/URS_Stage1.URS_Stage1_C' with ClassGeneratedBy '/Game/UrsContent/URS_Stage1.URS_Stage1:PersistentLevel.URS_Stage1'
[2018.02.08-06.20.35:817][950]LogBlueprintUserMessages: Late PlayInEditor Detection: Level '/Game/UrsContent/URS_Stage2.URS_Stage2:PersistentLevel' has LevelScriptBlueprint '/Game/UrsContent/URS_Stage2.URS_Stage2:PersistentLevel.URS_Stage2' with GeneratedClass '/Game/UrsContent/URS_Stage2.URS_Stage2_C' with ClassGeneratedBy '/Game/UrsContent/URS_Stage2.URS_Stage2:PersistentLevel.URS_Stage2'
[2018.02.08-06.21.05:406][500]LogBlueprintUserMessages: Early EndPlayMap Detection: Level '/Game/UrsContent/URS.URS:PersistentLevel' has LevelScriptBlueprint '/Game/UrsContent/URS.URS:PersistentLevel.URS' with GeneratedClass '/Game/UrsContent/URS.URS_C' with ClassGeneratedBy '/Game/UrsContent/URS.URS:PersistentLevel.URS'
[2018.02.08-06.21.05:406][500]LogBlueprintUserMessages: Early EndPlayMap Detection: Level '/Game/UrsContent/URS_Stage1.URS_Stage1:PersistentLevel' has LevelScriptBlueprint '/Game/UrsContent/URS_Stage1.URS_Stage1:PersistentLevel.URS_Stage1' with GeneratedClass '/Game/UrsContent/URS_Stage1.URS_Stage1_C' with ClassGeneratedBy '/Game/UrsContent/URS_Stage1.URS_Stage1:PersistentLevel.URS_Stage1'
[2018.02.08-06.21.05:406][500]LogBlueprintUserMessages: Early EndPlayMap Detection: Level '/Game/UrsContent/URS_Stage2.URS_Stage2:PersistentLevel' has LevelScriptBlueprint '/Game/UrsContent/URS_Stage2.URS_Stage2:PersistentLevel.URS_Stage2' with GeneratedClass '/Game/UrsContent/URS_Stage2.URS_Stage2_C' with ClassGeneratedBy '/Game/UrsContent/URS_Stage2.URS_Stage2:PersistentLevel.URS_Stage2'
[2018.02.08-06.21.05:522][500]LogBlueprintUserMessages: Late EndPlayMap Detection: Level '/Game/UrsContent/URS.URS:PersistentLevel' has LevelScriptBlueprint '/Game/UrsContent/URS.URS:PersistentLevel.URS' with GeneratedClass '/Game/UrsContent/URS.URS_C' with ClassGeneratedBy '/Game/UrsContent/URS.URS:PersistentLevel.URS'
[2018.02.08-06.21.05:522][500]LogBlueprintUserMessages: Late EndPlayMap Detection: Level '/Game/UrsContent/URS_Stage1.URS_Stage1:PersistentLevel' has LevelScriptBlueprint '/Game/UrsContent/URS_Stage1.URS_Stage1:PersistentLevel.URS_Stage1' with GeneratedClass '/Game/UrsContent/URS_Stage1.URS_Stage1_C' with ClassGeneratedBy '/Game/UrsContent/URS_Stage1.URS_Stage1:PersistentLevel.URS_Stage1'
[2018.02.08-06.21.05:522][500]LogBlueprintUserMessages: Late EndPlayMap Detection: Level '/Game/UrsContent/URS_Stage2.URS_Stage2:PersistentLevel' has LevelScriptBlueprint '/Game/UrsContent/URS_Stage2.URS_Stage2:PersistentLevel.URS_Stage2' with GeneratedClass '/Game/UrsContent/URS_Stage2.URS_Stage2_C' with ClassGeneratedBy '/Game/UrsContent/URS_Stage2.URS_Stage2:PersistentLevel.URS_Stage2'
[2018.02.08-06.21.11:540][600]LogTemp: Repeating last play command: 새 에디터 창 (PIE)
[2018.02.08-06.21.11:565][600]LogBlueprintUserMessages: Early PlayInEditor Detection: Level '/Game/UrsContent/URS.URS:PersistentLevel' has LevelScriptBlueprint '/Game/UrsContent/URS.URS:PersistentLevel.URS' with GeneratedClass '/Game/UrsContent/URS.URS_C' with ClassGeneratedBy '/Game/UrsContent/URS.URS:PersistentLevel.URS'
[2018.02.08-06.21.11:565][600]LogBlueprintUserMessages: Early PlayInEditor Detection: Level '/Game/UrsContent/URS_Stage1.URS_Stage1:PersistentLevel' has LevelScriptBlueprint '/Game/UrsContent/URS_Stage1.URS_Stage1:PersistentLevel.URS_Stage1' with GeneratedClass '/Game/UrsContent/URS_Stage1.URS_Stage1_C' with ClassGeneratedBy '/Game/UrsContent/URS_Stage1.URS_Stage1:PersistentLevel.URS_Stage1'
[2018.02.08-06.21.11:565][600]LogBlueprintUserMessages: Early PlayInEditor Detection: Level '/Game/UrsContent/URS_Stage2.URS_Stage2:PersistentLevel' has LevelScriptBlueprint '/Game/UrsContent/URS_Stage2.URS_Stage2:PersistentLevel.URS_Stage2' with GeneratedClass '/Game/UrsContent/URS_Stage2.URS_Stage2_C' with ClassGeneratedBy '/Game/UrsContent/URS_Stage2.URS_Stage2:PersistentLevel.URS_Stage2'
[2018.02.08-06.21.11:566][600]LogPlayLevel: PlayLevel: No blueprints needed recompiling
[2018.02.08-06.21.11:566][600]PIE: New page: PIE 세션: URS (2018. 2. 9. 오전 12:21:11)
[2018.02.08-06.21.11:566][600]LogPlayLevel: Creating play world package: /Game/UrsContent/UEDPIE_0_URS
[2018.02.08-06.21.11:619][600]LogPlayLevel: PIE: StaticDuplicateObject took: (0.053420s)
[2018.02.08-06.21.11:620][600]LogAIModule: Creating AISystem for world URS
[2018.02.08-06.21.11:620][600]LogPlayLevel: PIE: World Init took: (0.001196s)
[2018.02.08-06.21.11:621][600]LogPlayLevel: PIE: Created PIE world by copying editor world from /Game/UrsContent/URS.URS to /Game/UrsContent/UEDPIE_0_URS.URS (0.055230s)
[2018.02.08-06.21.11:647][600]LogInit: XAudio2 using '스피커 / 헤드폰(Realtek Audio)' : 2 channels at 48 kHz using 32 bits per sample (channel mask 0x3)
[2018.02.08-06.21.11:751][600]LogInit: FAudioDevice initialized.
[2018.02.08-06.21.11:854][600]LogLoad: Game class is 'FirstPersonGameMode_C'
[2018.02.08-06.21.11:856][600]LogWorld: Bringing World /Game/UrsContent/UEDPIE_0_URS.URS up for play (max tick rate 60) at 2018.02.08-15.21.11
[2018.02.08-06.21.11:857][600]LogWorld: Bringing up level for play took: 0.001985
[2018.02.08-06.21.11:860][600]LogLevel: ActivateLevel /Game/UrsContent/UEDPIE_0_URS_Stage1 1 1 1
[2018.02.08-06.21.11:867][600]PIE: /Game/UrsContent/UEDPIE_0_URS 에 대한 에디터에서 플레이 시작 시간: -0.395
[2018.02.08-06.21.11:868][600]LogBlueprintUserMessages: Late PlayInEditor Detection: Level '/Game/UrsContent/URS.URS:PersistentLevel' has LevelScriptBlueprint '/Game/UrsContent/URS.URS:PersistentLevel.URS' with GeneratedClass '/Game/UrsContent/URS.URS_C' with ClassGeneratedBy '/Game/UrsContent/URS.URS:PersistentLevel.URS'
[2018.02.08-06.21.11:868][600]LogBlueprintUserMessages: Late PlayInEditor Detection: Level '/Game/UrsContent/URS_Stage1.URS_Stage1:PersistentLevel' has LevelScriptBlueprint '/Game/UrsContent/URS_Stage1.URS_Stage1:PersistentLevel.URS_Stage1' with GeneratedClass '/Game/UrsContent/URS_Stage1.URS_Stage1_C' with ClassGeneratedBy '/Game/UrsContent/URS_Stage1.URS_Stage1:PersistentLevel.URS_Stage1'
[2018.02.08-06.21.11:868][600]LogBlueprintUserMessages: Late PlayInEditor Detection: Level '/Game/UrsContent/URS_Stage2.URS_Stage2:PersistentLevel' has LevelScriptBlueprint '/Game/UrsContent/URS_Stage2.URS_Stage2:PersistentLevel.URS_Stage2' with GeneratedClass '/Game/UrsContent/URS_Stage2.URS_Stage2_C' with ClassGeneratedBy '/Game/UrsContent/URS_Stage2.URS_Stage2:PersistentLevel.URS_Stage2'
[2018.02.08-06.21.12:468][601]LogCharacterMovement: Warning: GetSimulationTimeStep() - Max iterations 8 hit while remaining time 0.082125 > MaxSimulationTimeStep (0.050) for 'FirstPersonCharacter_C_0', movement 'Walking'
[2018.02.08-06.22.07:022][156]Set new viewmode: Unlit
[2018.02.08-06.22.09:133][236]Set new viewmode: Lit
[2018.02.08-06.22.33:866][134]Set new viewmode: Lit
[2018.02.08-06.22.34:114][143]Set new viewmode: Unlit
[2018.02.08-06.22.43:634][510]Set new viewmode: Unlit
[2018.02.08-06.22.44:007][523]Set new viewmode: Lit
[2018.02.08-06.22.44:833][548]Set new viewmode: Unlit
[2018.02.08-06.22.45:893][581]Set new viewmode: Lit
[2018.02.08-06.22.47:350][627]Set new viewmode: Unlit
[2018.02.08-06.22.55:672][887]Set new viewmode: Lit
[2018.02.08-06.23.01:682][ 70]Set new viewmode: Lit
[2018.02.08-06.23.02:017][ 80]Set new viewmode: Unlit
[2018.02.08-06.23.06:685][222]LogLevel: ActivateLevel /Game/UrsContent/UEDPIE_0_URS_Stage2 1 1 1
[2018.02.08-06.23.06:685][222]LogLevel: ActivateLevel /Game/UrsContent/UEDPIE_0_URS_Stage1 0 0 1
[2018.02.08-06.23.07:460][236]Set new viewmode: Unlit
[2018.02.08-06.23.09:008][283]Set new viewmode: Lit
[2018.02.08-06.23.54:888][753]Set new viewmode: Unlit
[2018.02.08-06.23.56:027][791]Set new viewmode: Lit
[2018.02.08-06.24.03:615][ 32]Set new viewmode: Unlit
[2018.02.08-06.24.04:270][ 53]Set new viewmode: Lit
[2018.02.08-06.24.04:550][ 62]Set new viewmode: Unlit
[2018.02.08-06.25.12:295][675]Set new viewmode: Wireframe
[2018.02.08-06.25.12:799][685]Set new viewmode: Unlit
[2018.02.08-06.25.13:366][697]Set new viewmode: Lit
[2018.02.08-06.27.22:250][ 33]Set new viewmode: Unlit
[2018.02.08-06.29.14:280][261]LogBlueprintUserMessages: Early EndPlayMap Detection: Level '/Game/UrsContent/URS.URS:PersistentLevel' has LevelScriptBlueprint '/Game/UrsContent/URS.URS:PersistentLevel.URS' with GeneratedClass '/Game/UrsContent/URS.URS_C' with ClassGeneratedBy '/Game/UrsContent/URS.URS:PersistentLevel.URS'
[2018.02.08-06.29.14:280][261]LogBlueprintUserMessages: Early EndPlayMap Detection: Level '/Game/UrsContent/URS_Stage1.URS_Stage1:PersistentLevel' has LevelScriptBlueprint '/Game/UrsContent/URS_Stage1.URS_Stage1:PersistentLevel.URS_Stage1' with GeneratedClass '/Game/UrsContent/URS_Stage1.URS_Stage1_C' with ClassGeneratedBy '/Game/UrsContent/URS_Stage1.URS_Stage1:PersistentLevel.URS_Stage1'
[2018.02.08-06.29.14:281][261]LogBlueprintUserMessages: Early EndPlayMap Detection: Level '/Game/UrsContent/URS_Stage2.URS_Stage2:PersistentLevel' has LevelScriptBlueprint '/Game/UrsContent/URS_Stage2.URS_Stage2:PersistentLevel.URS_Stage2' with GeneratedClass '/Game/UrsContent/URS_Stage2.URS_Stage2_C' with ClassGeneratedBy '/Game/UrsContent/URS_Stage2.URS_Stage2:PersistentLevel.URS_Stage2'
[2018.02.08-06.29.14:352][261]LogBlueprintUserMessages: Late EndPlayMap Detection: Level '/Game/UrsContent/URS.URS:PersistentLevel' has LevelScriptBlueprint '/Game/UrsContent/URS.URS:PersistentLevel.URS' with GeneratedClass '/Game/UrsContent/URS.URS_C' with ClassGeneratedBy '/Game/UrsContent/URS.URS:PersistentLevel.URS'
[2018.02.08-06.29.14:352][261]LogBlueprintUserMessages: Late EndPlayMap Detection: Level '/Game/UrsContent/URS_Stage1.URS_Stage1:PersistentLevel' has LevelScriptBlueprint '/Game/UrsContent/URS_Stage1.URS_Stage1:PersistentLevel.URS_Stage1' with GeneratedClass '/Game/UrsContent/URS_Stage1.URS_Stage1_C' with ClassGeneratedBy '/Game/UrsContent/URS_Stage1.URS_Stage1:PersistentLevel.URS_Stage1'
[2018.02.08-06.29.14:352][261]LogBlueprintUserMessages: Late EndPlayMap Detection: Level '/Game/UrsContent/URS_Stage2.URS_Stage2:PersistentLevel' has LevelScriptBlueprint '/Game/UrsContent/URS_Stage2.URS_Stage2:PersistentLevel.URS_Stage2' with GeneratedClass '/Game/UrsContent/URS_Stage2.URS_Stage2_C' with ClassGeneratedBy '/Game/UrsContent/URS_Stage2.URS_Stage2:PersistentLevel.URS_Stage2'
[2018.02.08-06.29.40:970][108]Cmd: QUIT_EDITOR
[2018.02.08-06.29.41:855][108]LogWindowsTextInputMethodSystem: Display: IME system now activated using TSF (Microsoft 입력기).
[2018.02.08-06.29.41:877][108]LogExit: Preparing to exit.
[2018.02.08-06.29.42:342][108]LogDirectoryWatcher: A directory notification for 'C:/Users/양형/Documents/Unreal Projects/URS/Content/' was aborted.
[2018.02.08-06.29.42:416][108]LogExit: Editor shut down
[2018.02.08-06.29.42:421][108]LogExit: Transaction tracking system shut down
[2018.02.08-06.29.42:659][108]LogDirectoryWatcher: A directory notification for '../../../Engine/Content/' was aborted.
[2018.02.08-06.29.42:659][108]LogDirectoryWatcher: A directory notification for '../../../../../../Users/양형/Documents/Unreal Projects/URS/Content/' was aborted.
[2018.02.08-06.29.42:659][108]LogDirectoryWatcher: A directory notification for '../../../Engine/Plugins/2D/Paper2D/Content/' was aborted.
[2018.02.08-06.29.42:659][108]LogDirectoryWatcher: A directory notification for '../../../Engine/Plugins/Media/MediaCompositing/Content/' was aborted.
[2018.02.08-06.29.42:659][108]LogDirectoryWatcher: A directory notification for '../../../Engine/Plugins/Runtime/AppleARKit/Content/' was aborted.
[2018.02.08-06.29.42:659][108]LogDirectoryWatcher: A directory notification for '../../../Engine/Plugins/Runtime/Oculus/OculusVR/Content/' was aborted.
[2018.02.08-06.29.42:659][108]LogDirectoryWatcher: A directory notification for '../../../Engine/Plugins/Runtime/Steam/SteamVR/Content/' was aborted.
[2018.02.08-06.29.42:799][108]LogExit: Object subsystem successfully closed.
[2018.02.08-06.29.42:840][108]LogD3D11RHI: Shutdown
[2018.02.08-06.29.42:840][108]LogD3D11RHI: CleanupD3DDevice
[2018.02.08-06.29.42:845][108]LogD3D11RHI: ~FD3D11DynamicRHI
[2018.02.08-06.29.42:876][108]LogModuleManager: Shutting down and abandoning module MovieSceneCapture (554)
[2018.02.08-06.29.42:876][108]LogModuleManager: Shutting down and abandoning module WorldBrowser (552)
[2018.02.08-06.29.42:876][108]LogModuleManager: Shutting down and abandoning module BlueprintGraph (550)
[2018.02.08-06.29.42:876][108]LogModuleManager: Shutting down and abandoning module HierarchicalLODOutliner (548)
[2018.02.08-06.29.42:876][108]LogModuleManager: Shutting down and abandoning module SceneOutliner (546)
[2018.02.08-06.29.42:876][108]LogModuleManager: Shutting down and abandoning module AddContentDialog (544)
[2018.02.08-06.29.42:876][108]LogDirectoryWatcher: A directory notification for 'C:/Program Files/Epic Games/UE_4.18/FeaturePacks/' was aborted.
[2018.02.08-06.29.42:877][108]LogModuleManager: Shutting down and abandoning module WidgetCarousel (543)
[2018.02.08-06.29.42:877][108]LogModuleManager: Shutting down and abandoning module EditorWidgets (540)
[2018.02.08-06.29.42:877][108]LogModuleManager: Shutting down and abandoning module CollectionManager (538)
[2018.02.08-06.29.42:877][108]LogDirectoryWatcher: A directory notification for 'C:/Users/양형/Documents/Unreal Projects/URS/Content/Collections/' was aborted.
[2018.02.08-06.29.42:878][108]LogDirectoryWatcher: A directory notification for 'C:/Users/양형/Documents/Unreal Projects/URS/Content/Developers/양형/Collections/' was aborted.
[2018.02.08-06.29.42:878][108]LogDirectoryWatcher: A directory notification for 'C:/Users/양형/Documents/Unreal Projects/URS/Saved/Collections/' was aborted.
[2018.02.08-06.29.42:878][108]LogModuleManager: Shutting down and abandoning module StatsViewer (536)
[2018.02.08-06.29.42:878][108]LogModuleManager: Shutting down and abandoning module FoliageEdit (534)
[2018.02.08-06.29.42:878][108]LogModuleManager: Shutting down and abandoning module LandscapeEditor (532)
[2018.02.08-06.29.42:879][108]LogModuleManager: Shutting down and abandoning module MeshPaintMode (530)
[2018.02.08-06.29.42:879][108]LogModuleManager: Shutting down and abandoning module SceneDepthPickerMode (528)
[2018.02.08-06.29.42:879][108]LogModuleManager: Shutting down and abandoning module ActorPickerMode (526)
[2018.02.08-06.29.42:879][108]LogModuleManager: Shutting down and abandoning module GeometryMode (524)
[2018.02.08-06.29.42:879][108]LogModuleManager: Shutting down and abandoning module TextureAlignMode (522)
[2018.02.08-06.29.42:879][108]LogModuleManager: Shutting down and abandoning module BspMode (520)
[2018.02.08-06.29.42:879][108]LogModuleManager: Shutting down and abandoning module PIEPreviewDeviceProfileSelector (518)
[2018.02.08-06.29.42:879][108]LogModuleManager: Shutting down and abandoning module HardwareSurvey (516)
[2018.02.08-06.29.42:879][108]LogModuleManager: Shutting down and abandoning module SequenceRecorderSections (514)
[2018.02.08-06.29.42:879][108]LogModuleManager: Shutting down and abandoning module AutomationWorker (512)
[2018.02.08-06.29.42:879][108]LogModuleManager: Shutting down and abandoning module MatineeToLevelSequence (510)
[2018.02.08-06.29.42:879][108]LogModuleManager: Shutting down and abandoning module LevelSequenceEditor (508)
[2018.02.08-06.29.42:880][108]LogModuleManager: Shutting down and abandoning module PlacementMode (507)
[2018.02.08-06.29.42:880][108]LogModuleManager: Shutting down and abandoning module WmfMediaFactory (504)
[2018.02.08-06.29.42:880][108]LogModuleManager: Shutting down and abandoning module WmfMediaEditor (502)
[2018.02.08-06.29.42:880][108]LogModuleManager: Shutting down and abandoning module OpenExrWrapper (500)
[2018.02.08-06.29.42:880][108]LogModuleManager: Shutting down and abandoning module ImgMediaFactory (498)
[2018.02.08-06.29.42:880][108]LogModuleManager: Shutting down and abandoning module ImgMediaEditor (496)
[2018.02.08-06.29.42:880][108]LogModuleManager: Shutting down and abandoning module AvfMediaFactory (494)
[2018.02.08-06.29.42:880][108]LogModuleManager: Shutting down and abandoning module AvfMediaEditor (492)
[2018.02.08-06.29.42:880][108]LogModuleManager: Shutting down and abandoning module AndroidMediaFactory (490)
[2018.02.08-06.29.42:880][108]LogModuleManager: Shutting down and abandoning module AndroidMediaEditor (488)
[2018.02.08-06.29.42:880][108]LogModuleManager: Shutting down and abandoning module CharacterAI (486)
[2018.02.08-06.29.42:880][108]LogModuleManager: Shutting down and abandoning module AudioCapture (484)
[2018.02.08-06.29.42:880][108]LogModuleManager: Shutting down and abandoning module SequenceRecorder (483)
[2018.02.08-06.29.42:880][108]LogModuleManager: Shutting down and abandoning module SmartSnapping (480)
[2018.02.08-06.29.42:880][108]LogModuleManager: Shutting down and abandoning module SessionServices (478)
[2018.02.08-06.29.42:880][108]LogModuleManager: Shutting down and abandoning module ViewportSnapping (476)
[2018.02.08-06.29.42:880][108]LogModuleManager: Shutting down and abandoning module ViewportInteraction (474)
[2018.02.08-06.29.42:880][108]LogModuleManager: Shutting down and abandoning module ClothPainter (472)
[2018.02.08-06.29.42:880][108]LogModuleManager: Shutting down and abandoning module SkeletalMeshEditor (471)
[2018.02.08-06.29.42:880][108]LogModuleManager: Shutting down and abandoning module LogVisualizer (468)
[2018.02.08-06.29.42:880][108]LogModuleManager: Shutting down and abandoning module IntroTutorials (466)
[2018.02.08-06.29.42:881][108]LogModuleManager: Shutting down and abandoning module GameProjectGeneration (465)
[2018.02.08-06.29.42:881][108]LogModuleManager: Shutting down and abandoning module IOSPlatformEditor (462)
[2018.02.08-06.29.42:881][108]LogModuleManager: Shutting down and abandoning module HTML5PlatformEditor (460)
[2018.02.08-06.29.42:881][108]LogModuleManager: Shutting down and abandoning module AndroidPlatformEditor (458)
[2018.02.08-06.29.42:881][108]LogModuleManager: Shutting down and abandoning module AndroidDeviceDetection (457)
[2018.02.08-06.29.43:218][108]LogModuleManager: Shutting down and abandoning module WindowsPlatformEditor (454)
[2018.02.08-06.29.43:218][108]LogModuleManager: Shutting down and abandoning module IOSRuntimeSettings (452)
[2018.02.08-06.29.43:218][108]LogModuleManager: Shutting down and abandoning module AndroidRuntimeSettings (450)
[2018.02.08-06.29.43:218][108]LogModuleManager: Shutting down and abandoning module InputBindingEditor (448)
[2018.02.08-06.29.43:218][108]LogModuleManager: Shutting down and abandoning module MergeActors (446)
[2018.02.08-06.29.43:218][108]LogModuleManager: Shutting down and abandoning module SizeMap (444)
[2018.02.08-06.29.43:218][108]LogModuleManager: Shutting down and abandoning module TreeMap (442)
[2018.02.08-06.29.43:219][108]LogModuleManager: Shutting down and abandoning module ReferenceViewer (440)
[2018.02.08-06.29.43:219][108]LogModuleManager: Shutting down and abandoning module LocalizationDashboard (438)
[2018.02.08-06.29.43:219][108]LogModuleManager: Shutting down and abandoning module LocalizationService (437)
[2018.02.08-06.29.43:219][108]LogModuleManager: Shutting down and abandoning module HardwareTargeting (434)
[2018.02.08-06.29.43:219][108]LogModuleManager: Shutting down and abandoning module DeviceProfileEditor (432)
[2018.02.08-06.29.43:219][108]LogModuleManager: Shutting down and abandoning module UndoHistory (430)
[2018.02.08-06.29.43:219][108]LogModuleManager: Shutting down and abandoning module XmlParser (428)
[2018.02.08-06.29.43:219][108]LogModuleManager: Shutting down and abandoning module Blutility (426)
[2018.02.08-06.29.43:219][108]LogModuleManager: Shutting down and abandoning module ProjectSettingsViewer (424)
[2018.02.08-06.29.43:219][108]LogModuleManager: Shutting down and abandoning module ProjectTargetPlatformEditor (423)
[2018.02.08-06.29.43:219][108]LogModuleManager: Shutting down and abandoning module EditorSettingsViewer (420)
[2018.02.08-06.29.43:219][108]LogModuleManager: Shutting down and abandoning module SettingsEditor (418)
[2018.02.08-06.29.43:219][108]LogModuleManager: Shutting down and abandoning module ProjectLauncher (416)
[2018.02.08-06.29.43:220][108]LogModuleManager: Shutting down and abandoning module SessionFrontend (414)
[2018.02.08-06.29.43:220][108]LogModuleManager: Shutting down and abandoning module ProfilerClient (412)
[2018.02.08-06.29.43:220][108]LogModuleManager: Shutting down and abandoning module DeviceManager (410)
[2018.02.08-06.29.43:220][108]LogModuleManager: Shutting down and abandoning module TargetDeviceServices (409)
[2018.02.08-06.29.43:275][108]LogModuleManager: Shutting down and abandoning module AutomationController (406)
[2018.02.08-06.29.43:275][108]LogModuleManager: Shutting down and abandoning module AutomationWindow (404)
[2018.02.08-06.29.43:276][108]LogModuleManager: Shutting down and abandoning module Layers (402)
[2018.02.08-06.29.43:276][108]LogModuleManager: Shutting down and abandoning module ComponentVisualizers (400)
[2018.02.08-06.29.43:276][108]LogModuleManager: Shutting down and abandoning module DetailCustomizations (398)
[2018.02.08-06.29.43:276][108]LogModuleManager: Shutting down and abandoning module PackagesDialog (396)
[2018.02.08-06.29.43:276][108]LogModuleManager: Shutting down and abandoning module Persona (394)
[2018.02.08-06.29.43:278][108]LogModuleManager: Shutting down and abandoning module AdvancedPreviewScene (393)
[2018.02.08-06.29.43:278][108]LogModuleManager: Shutting down and abandoning module AnimGraph (391)
[2018.02.08-06.29.43:278][108]LogModuleManager: Shutting down and abandoning module Kismet (388)
[2018.02.08-06.29.43:285][108]LogModuleManager: Shutting down and abandoning module ClassViewer (386)
[2018.02.08-06.29.43:285][108]LogModuleManager: Shutting down and abandoning module Toolbox (384)
[2018.02.08-06.29.43:285][108]LogModuleManager: Shutting down and abandoning module ModuleUI (382)
[2018.02.08-06.29.43:285][108]LogModuleManager: Shutting down and abandoning module MovieSceneTools (380)
[2018.02.08-06.29.43:286][108]LogModuleManager: Shutting down and abandoning module OutputLog (378)
[2018.02.08-06.29.43:286][108]LogModuleManager: Shutting down and abandoning module GammaUI (376)
[2018.02.08-06.29.43:286][108]LogModuleManager: Shutting down and abandoning module Documentation (374)
[2018.02.08-06.29.43:286][108]LogModuleManager: Shutting down and abandoning module MovieSceneTracks (372)
[2018.02.08-06.29.43:286][108]LogModuleManager: Shutting down and abandoning module MovieScene (370)
[2018.02.08-06.29.43:286][108]LogModuleManager: Shutting down and abandoning module StreamingPauseRendering (368)
[2018.02.08-06.29.43:286][108]LogModuleManager: Shutting down and abandoning module LauncherPlatform (366)
[2018.02.08-06.29.43:286][108]LogModuleManager: Shutting down and abandoning module AnalyticsET (364)
[2018.02.08-06.29.43:286][108]LogModuleManager: Shutting down and abandoning module PortalServices (362)
[2018.02.08-06.29.43:286][108]LogModuleManager: Shutting down and abandoning module PortalRpc (360)
[2018.02.08-06.29.43:286][108]LogModuleManager: Shutting down and abandoning module MessagingRpc (358)
[2018.02.08-06.29.43:286][108]LogModuleManager: Shutting down and abandoning module AIModule (356)
[2018.02.08-06.29.43:287][108]LogModuleManager: Shutting down and abandoning module GameplayDebugger (355)
[2018.02.08-06.29.43:287][108]LogModuleManager: Shutting down and abandoning module AITestSuite (353)
[2018.02.08-06.29.43:287][108]LogModuleManager: Shutting down and abandoning module DesktopPlatform (350)
[2018.02.08-06.29.43:287][108]LogModuleManager: Shutting down and abandoning module ProfilerService (348)
[2018.02.08-06.29.43:483][108]LogModuleManager: Shutting down and abandoning module TaskGraph (346)
[2018.02.08-06.29.43:483][108]LogModuleManager: Shutting down and abandoning module SteamVRController (344)
[2018.02.08-06.29.43:483][108]LogModuleManager: Shutting down and abandoning module ProceduralMeshComponentEditor (342)
[2018.02.08-06.29.43:483][108]LogModuleManager: Shutting down and abandoning module ProceduralMeshComponent (340)
[2018.02.08-06.29.43:483][108]LogModuleManager: Shutting down and abandoning module OculusInput (338)
[2018.02.08-06.29.43:483][108]LogModuleManager: Shutting down and abandoning module MobilePatchingUtils (336)
[2018.02.08-06.29.43:483][108]LogModuleManager: Shutting down and abandoning module CustomMeshComponent (334)
[2018.02.08-06.29.43:483][108]LogModuleManager: Shutting down and abandoning module CableComponent (332)
[2018.02.08-06.29.43:483][108]LogModuleManager: Shutting down and abandoning module ArchVisCharacter (330)
[2018.02.08-06.29.43:483][108]LogModuleManager: Shutting down and abandoning module AndroidPermission (328)
[2018.02.08-06.29.43:484][108]LogModuleManager: Shutting down and abandoning module ActorSequence (324)
[2018.02.08-06.29.43:484][108]LogModuleManager: Shutting down and abandoning module MediaPlayerEditor (322)
[2018.02.08-06.29.43:490][108]LogModuleManager: Shutting down and abandoning module MediaCompositingEditor (320)
[2018.02.08-06.29.43:490][108]LogModuleManager: Shutting down and abandoning module MediaCompositing (318)
[2018.02.08-06.29.43:490][108]LogModuleManager: Shutting down and abandoning module HTML5Networking (316)
[2018.02.08-06.29.43:490][108]LogModuleManager: Shutting down and abandoning module AlembicImporter (314)
[2018.02.08-06.29.43:490][108]LogModuleManager: Shutting down and abandoning module AlembicLibrary (313)
[2018.02.08-06.29.43:490][108]LogModuleManager: Shutting down and abandoning module GeometryCache (312)
[2018.02.08-06.29.43:491][108]LogModuleManager: Shutting down and abandoning module GeometryCacheEd (311)
[2018.02.08-06.29.43:491][108]LogModuleManager: Shutting down and abandoning module SpeedTreeImporter (306)
[2018.02.08-06.29.43:491][108]LogModuleManager: Shutting down and abandoning module PluginBrowser (304)
[2018.02.08-06.29.43:491][108]LogModuleManager: Shutting down and abandoning module MobileLauncherProfileWizard (302)
[2018.02.08-06.29.43:491][108]LogModuleManager: Shutting down and abandoning module VisualStudioSourceCodeAccess (300)
[2018.02.08-06.29.43:491][108]LogModuleManager: Shutting down and abandoning module VisualStudioCodeSourceCodeAccess (298)
[2018.02.08-06.29.43:491][108]LogModuleManager: Shutting down and abandoning module UObjectPlugin (296)
[2018.02.08-06.29.43:491][108]LogModuleManager: Shutting down and abandoning module SubversionSourceControl (294)
[2018.02.08-06.29.43:491][108]LogModuleManager: Shutting down and abandoning module PerforceSourceControl (292)
[2018.02.08-06.29.43:491][108]LogModuleManager: Shutting down and abandoning module GitSourceControl (290)
[2018.02.08-06.29.43:491][108]LogModuleManager: Shutting down and abandoning module SourceControl (289)
[2018.02.08-06.29.43:491][108]LogModuleManager: Shutting down and abandoning module LightPropagationVolumeEditor (286)
[2018.02.08-06.29.43:491][108]LogModuleManager: Shutting down and abandoning module PaperTiledImporter (284)
[2018.02.08-06.29.43:491][108]LogModuleManager: Shutting down and abandoning module PaperSpriteSheetImporter (282)
[2018.02.08-06.29.43:491][108]LogModuleManager: Shutting down and abandoning module Paper2DEditor (280)
[2018.02.08-06.29.43:492][108]LogModuleManager: Shutting down and abandoning module MeshPaint (279)
[2018.02.08-06.29.43:492][108]LogModuleManager: Shutting down and abandoning module LevelEditor (277)
[2018.02.08-06.29.43:493][108]LogModuleManager: Shutting down and abandoning module PixelInspectorModule (276)
[2018.02.08-06.29.43:493][108]LogModuleManager: Shutting down and abandoning module MainFrame (274)
[2018.02.08-06.29.43:493][108]LogModuleManager: Shutting down and abandoning module HotReload (273)
[2018.02.08-06.29.43:493][108]LogModuleManager: Shutting down and abandoning module RuntimePhysXCooking (268)
[2018.02.08-06.29.43:494][108]LogModuleManager: Shutting down and abandoning module PhysXVehiclesEditor (266)
[2018.02.08-06.29.43:494][108]LogModuleManager: Shutting down and abandoning module PhysXVehicles (264)
[2018.02.08-06.29.43:494][108]LogModuleManager: Shutting down and abandoning module OculusEditor (262)
[2018.02.08-06.29.43:494][108]LogModuleManager: Shutting down and abandoning module LocationServicesBPLibrary (260)
[2018.02.08-06.29.43:494][108]LogModuleManager: Shutting down and abandoning module ImmediatePhysicsEditor (258)
[2018.02.08-06.29.43:494][108]LogModuleManager: Shutting down and abandoning module ImmediatePhysics (256)
[2018.02.08-06.29.43:494][108]LogModuleManager: Shutting down and abandoning module UdpMessaging (254)
[2018.02.08-06.29.43:594][108]LogModuleManager: Shutting down and abandoning module TcpMessaging (252)
[2018.02.08-06.29.43:695][108]LogModuleManager: Shutting down and abandoning module GameplayTagsEditor (250)
[2018.02.08-06.29.43:701][108]LogModuleManager: Shutting down and abandoning module FacialAnimationEditor (248)
[2018.02.08-06.29.43:701][108]LogModuleManager: Shutting down and abandoning module FacialAnimation (246)
[2018.02.08-06.29.43:701][108]LogModuleManager: Shutting down and abandoning module AssetManagerEditor (244)
[2018.02.08-06.29.43:701][108]LogModuleManager: Shutting down and abandoning module GraphEditor (243)
[2018.02.08-06.29.43:702][108]LogModuleManager: Shutting down and abandoning module ContentBrowser (241)
[2018.02.08-06.29.43:702][108]LogModuleManager: Shutting down and abandoning module LightPropagationVolumeRuntime (238)
[2018.02.08-06.29.43:703][108]LogModuleManager: Shutting down and abandoning module Paper2D (236)
[2018.02.08-06.29.43:703][108]LogModuleManager: Shutting down and abandoning module WindowsMoviePlayer (234)
[2018.02.08-06.29.43:703][108]LogModuleManager: Shutting down and abandoning module WmfMedia (232)
[2018.02.08-06.29.43:705][108]LogModuleManager: Shutting down and abandoning module ImgMedia (230)
[2018.02.08-06.29.43:705][108]LogModuleManager: Shutting down and abandoning module PacketHandler (228)
[2018.02.08-06.29.43:706][108]LogModuleManager: Shutting down and abandoning module ClothingSystemEditor (226)
[2018.02.08-06.29.43:706][108]LogModuleManager: Shutting down and abandoning module ClothingSystemRuntime (224)
[2018.02.08-06.29.43:706][108]LogModuleManager: Shutting down and abandoning module MediaAssets (222)
[2018.02.08-06.29.43:706][108]LogModuleManager: Shutting down and abandoning module Media (221)
[2018.02.08-06.29.43:712][108]LogModuleManager: Shutting down and abandoning module Overlay (218)
[2018.02.08-06.29.43:712][108]LogModuleManager: Shutting down and abandoning module OverlayEditor (217)
[2018.02.08-06.29.43:712][108]LogModuleManager: Shutting down and abandoning module VREditor (214)
[2018.02.08-06.29.43:713][108]LogModuleManager: Shutting down and abandoning module StringTableEditor (212)
[2018.02.08-06.29.43:713][108]LogModuleManager: Shutting down and abandoning module GameplayTasksEditor (210)
[2018.02.08-06.29.43:713][108]LogModuleManager: Shutting down and abandoning module BehaviorTreeEditor (208)
[2018.02.08-06.29.43:714][108]LogModuleManager: Shutting down and abandoning module FunctionalTesting (206)
[2018.02.08-06.29.43:714][108]LogModuleManager: Shutting down and abandoning module CollisionAnalyzer (204)
[2018.02.08-06.29.43:714][108]LogModuleManager: Shutting down and abandoning module WorkspaceMenuStructure (203)
[2018.02.08-06.29.43:714][108]LogModuleManager: Shutting down and abandoning module UMG (200)
[2018.02.08-06.29.43:715][108]LogModuleManager: Shutting down and abandoning module UMGEditor (199)
[2018.02.08-06.29.43:716][108]LogModuleManager: Shutting down and abandoning module Sequencer (198)
[2018.02.08-06.29.43:717][108]LogModuleManager: Shutting down and abandoning module MessageLog (195)
[2018.02.08-06.29.43:717][108]LogModuleManager: Shutting down and abandoning module SlateReflector (190)
[2018.02.08-06.29.43:718][108]LogModuleManager: Shutting down and abandoning module Slate (188)
[2018.02.08-06.29.43:718][108]LogModuleManager: Shutting down and abandoning module EditorStyle (186)
[2018.02.08-06.29.43:721][108]LogModuleManager: Shutting down and abandoning module MRMesh (184)
[2018.02.08-06.29.43:721][108]LogModuleManager: Shutting down and abandoning module SourceCodeAccess (182)
[2018.02.08-06.29.43:721][108]LogModuleManager: Shutting down and abandoning module HeadMountedDisplay (180)
[2018.02.08-06.29.43:721][108]LogModuleManager: Shutting down and abandoning module XAudio2 (178)
[2018.02.08-06.29.43:721][108]LogModuleManager: Shutting down and abandoning module Networking (176)
[2018.02.08-06.29.43:721][108]LogModuleManager: Shutting down and abandoning module Core (172)
[2018.02.08-06.29.43:721][108]LogModuleManager: Shutting down and abandoning module LevelSequence (168)
[2018.02.08-06.29.43:721][108]LogModuleManager: Shutting down and abandoning module DirectoryWatcher (166)
[2018.02.08-06.29.43:722][108]LogModuleManager: Shutting down and abandoning module KismetCompiler (164)
[2018.02.08-06.29.43:722][108]LogModuleManager: Shutting down and abandoning module MeshUtilities (162)
[2018.02.08-06.29.43:723][108]LogModuleManager: Shutting down and abandoning module MeshMergeUtilities (161)
[2018.02.08-06.29.43:723][108]LogModuleManager: Shutting down and abandoning module MeshReductionInterface (160)
[2018.02.08-06.29.43:723][108]LogModuleManager: Shutting down and abandoning module SimplygonSwarm (159)
[2018.02.08-06.29.43:723][108]LogModuleManager: Shutting down and abandoning module SimplygonMeshReduction (157)
[2018.02.08-06.29.43:723][108]LogModuleManager: Shutting down and abandoning module QuadricMeshReduction (155)
[2018.02.08-06.29.43:723][108]LogModuleManager: Shutting down and abandoning module MaterialBaking (151)
[2018.02.08-06.29.43:723][108]LogModuleManager: Shutting down and abandoning module DerivedDataCache (148)
[2018.02.08-06.29.43:804][108]LogDerivedDataCache: Shutdown
[2018.02.08-06.29.43:804][108]LogModuleManager: Shutting down and abandoning module TargetPlatform (146)
[2018.02.08-06.29.43:804][108]LogModuleManager: Shutting down and abandoning module VulkanShaderFormat (145)
[2018.02.08-06.29.43:804][108]LogModuleManager: Shutting down and abandoning module ShaderFormatVectorVM (143)
[2018.02.08-06.29.43:804][108]LogModuleManager: Shutting down and abandoning module ShaderFormatOpenGL (141)
[2018.02.08-06.29.43:804][108]LogModuleManager: Shutting down and abandoning module ShaderFormatD3D (139)
[2018.02.08-06.29.43:804][108]LogModuleManager: Shutting down and abandoning module MetalShaderFormat (137)
[2018.02.08-06.29.43:804][108]LogModuleManager: Shutting down and abandoning module TextureFormatUncompressed (135)
[2018.02.08-06.29.43:804][108]LogModuleManager: Shutting down and abandoning module TextureFormatPVR (133)
[2018.02.08-06.29.43:804][108]LogModuleManager: Shutting down and abandoning module TextureFormatDXT (131)
[2018.02.08-06.29.43:804][108]LogModuleManager: Shutting down and abandoning module TextureFormatIntelISPCTexComp (129)
[2018.02.08-06.29.43:805][108]LogModuleManager: Shutting down and abandoning module TextureFormatASTC (127)
[2018.02.08-06.29.43:805][108]LogModuleManager: Shutting down and abandoning module ImageWrapper (126)
[2018.02.08-06.29.43:805][108]LogModuleManager: Shutting down and abandoning module TextureFormatAndroid (123)
[2018.02.08-06.29.43:805][108]LogModuleManager: Shutting down and abandoning module AudioFormatOpus (121)
[2018.02.08-06.29.43:805][108]LogModuleManager: Shutting down and abandoning module AudioFormatOgg (119)
[2018.02.08-06.29.43:805][108]LogModuleManager: Shutting down and abandoning module AudioFormatADPCM (117)
[2018.02.08-06.29.43:805][108]LogModuleManager: Shutting down and abandoning module LinuxTargetPlatform (115)
[2018.02.08-06.29.43:805][108]LogModuleManager: Shutting down and abandoning module LinuxServerTargetPlatform (113)
[2018.02.08-06.29.43:805][108]LogModuleManager: Shutting down and abandoning module LinuxNoEditorTargetPlatform (111)
[2018.02.08-06.29.43:805][108]LogModuleManager: Shutting down and abandoning module LinuxClientTargetPlatform (109)
[2018.02.08-06.29.43:805][108]LogModuleManager: Shutting down and abandoning module TVOSTargetPlatform (107)
[2018.02.08-06.29.43:805][108]LogModuleManager: Shutting down and abandoning module Messaging (105)
[2018.02.08-06.29.43:805][108]LogModuleManager: Shutting down and abandoning module IOSTargetPlatform (103)
[2018.02.08-06.29.43:805][108]LogModuleManager: Shutting down and abandoning module HTML5TargetPlatform (101)
[2018.02.08-06.29.43:805][108]LogModuleManager: Shutting down and abandoning module AndroidTargetPlatform (99)
[2018.02.08-06.29.43:805][108]LogModuleManager: Shutting down and abandoning module Android_PVRTCTargetPlatform (97)
[2018.02.08-06.29.43:805][108]LogModuleManager: Shutting down and abandoning module Android_MultiTargetPlatform (95)
[2018.02.08-06.29.43:805][108]LogModuleManager: Shutting down and abandoning module Android_ETC2TargetPlatform (93)
[2018.02.08-06.29.43:805][108]LogModuleManager: Shutting down and abandoning module Android_ETC1TargetPlatform (91)
[2018.02.08-06.29.43:805][108]LogModuleManager: Shutting down and abandoning module Android_DXTTargetPlatform (89)
[2018.02.08-06.29.43:805][108]LogModuleManager: Shutting down and abandoning module Android_ATCTargetPlatform (87)
[2018.02.08-06.29.43:805][108]LogModuleManager: Shutting down and abandoning module Android_ASTCTargetPlatform (85)
[2018.02.08-06.29.43:805][108]LogModuleManager: Shutting down and abandoning module WindowsTargetPlatform (83)
[2018.02.08-06.29.43:805][108]LogModuleManager: Shutting down and abandoning module WindowsServerTargetPlatform (81)
[2018.02.08-06.29.43:805][108]LogModuleManager: Shutting down and abandoning module WindowsNoEditorTargetPlatform (79)
[2018.02.08-06.29.43:805][108]LogModuleManager: Shutting down and abandoning module WindowsClientTargetPlatform (77)
[2018.02.08-06.29.43:805][108]LogModuleManager: Shutting down and abandoning module MacTargetPlatform (75)
[2018.02.08-06.29.43:805][108]LogModuleManager: Shutting down and abandoning module MacServerTargetPlatform (73)
[2018.02.08-06.29.43:805][108]LogModuleManager: Shutting down and abandoning module MacNoEditorTargetPlatform (71)
[2018.02.08-06.29.43:805][108]LogModuleManager: Shutting down and abandoning module MacClientTargetPlatform (69)
[2018.02.08-06.29.43:805][108]LogModuleManager: Shutting down and abandoning module AllDesktopTargetPlatform (67)
[2018.02.08-06.29.43:805][108]LogModuleManager: Shutting down and abandoning module InputCore (64)
[2018.02.08-06.29.43:805][108]LogModuleManager: Shutting down and abandoning module Settings (62)
[2018.02.08-06.29.43:805][108]LogModuleManager: Shutting down and abandoning module PhysXCooking (60)
[2018.02.08-06.29.43:806][108]LogModuleManager: Shutting down and abandoning module SteamVR (58)
[2018.02.08-06.29.43:806][108]LogModuleManager: Shutting down and abandoning module OculusHMD (56)
[2018.02.08-06.29.43:806][108]LogModuleManager: Shutting down and abandoning module ExampleDeviceProfileSelector (54)
[2018.02.08-06.29.43:806][108]LogModuleManager: Shutting down and abandoning module AppleARKit (52)
[2018.02.08-06.29.43:806][108]LogModuleManager: Shutting down and abandoning module AugmentedReality (51)
[2018.02.08-06.29.43:806][108]LogModuleManager: Shutting down and abandoning module OnlineBlueprintSupport (48)
[2018.02.08-06.29.43:806][108]LogModuleManager: Shutting down and abandoning module OnlineSubsystem (44)
[2018.02.08-06.29.43:806][108]LogModuleManager: Shutting down and abandoning module XMPP (43)
[2018.02.08-06.29.43:813][108]LogModuleManager: Shutting down and abandoning module HTTP (41)
[2018.02.08-06.29.43:813][108]LogHttp: Display: Http module shutting down, but needs to wait on 1 outstanding Http requests:
[2018.02.08-06.29.43:813][108]LogHttp: Display: 	verb=[POST] url=[https://datarouter.ol.epicgames.com/datarouter/api/v1/public/data?SessionID=%7B79D7C005-4A05-E54B-B0E5-A5B4953F4CC4%7D&AppID=UEEditor.Rocket.Release&AppVersion=4.18.3-3832480%2B%2B%2BUE4%2BRelease-4.18&UserID=372fe2f448a9fe621f3af0bd16dc6f2a%7C8ac49062baae43c690b431ed046528f1%7C7532abaf-559c-4c1f-b377-4db2574a422a&AppEnvironment=datacollector-binary&UploadType=eteventstream] status=Processing
[2018.02.08-06.29.43:827][108]LogModuleManager: Shutting down and abandoning module SSL (40)
[2018.02.08-06.29.43:828][108]LogModuleManager: Shutting down and abandoning module AnimationModifiers (36)
[2018.02.08-06.29.43:828][108]LogModuleManager: Shutting down and abandoning module PropertyEditor (35)
[2018.02.08-06.29.43:828][108]LogModuleManager: Shutting down and abandoning module AudioEditor (32)
[2018.02.08-06.29.43:828][108]LogModuleManager: Shutting down and abandoning module TextureCompressor (30)
[2018.02.08-06.29.43:828][108]LogModuleManager: Shutting down and abandoning module ShaderCore (28)
[2018.02.08-06.29.43:828][108]LogModuleManager: Shutting down and abandoning module Landscape (26)
[2018.02.08-06.29.43:828][108]LogModuleManager: Shutting down and abandoning module SlateRHIRenderer (24)
[2018.02.08-06.29.43:831][108]LogModuleManager: Shutting down and abandoning module OpenGLDrv (22)
[2018.02.08-06.29.43:832][108]LogModuleManager: Shutting down and abandoning module D3D11RHI (20)
[2018.02.08-06.29.43:832][108]LogModuleManager: Shutting down and abandoning module AnimGraphRuntime (18)
[2018.02.08-06.29.43:832][108]LogModuleManager: Shutting down and abandoning module Renderer (16)
[2018.02.08-06.29.43:832][108]LogModuleManager: Shutting down and abandoning module Engine (14)
[2018.02.08-06.29.43:832][108]LogModuleManager: Shutting down and abandoning module CoreUObject (12)
[2018.02.08-06.29.43:832][108]LogModuleManager: Shutting down and abandoning module NetworkFile (10)
[2018.02.08-06.29.43:832][108]LogModuleManager: Shutting down and abandoning module CookedIterativeFile (8)
[2018.02.08-06.29.43:832][108]LogModuleManager: Shutting down and abandoning module StreamingFile (6)
[2018.02.08-06.29.43:832][108]LogModuleManager: Shutting down and abandoning module SandboxFile (4)
[2018.02.08-06.29.43:832][108]LogModuleManager: Shutting down and abandoning module PakFile (2)
[2018.02.08-06.29.43:836][108]LogExit: Exiting.
[2018.02.08-06.29.43:859][108]Log file closed, 02/08/18 15:29:43
