Log file open, 03/09/18 13:15:24
LogWindows: Failed to load 'aqProf.dll' (GetLastError=126)
LogWindows: File 'aqProf.dll' does not exist
LogWindows: Failed to load 'VSPerf140.dll' (GetLastError=126)
LogWindows: File 'VSPerf140.dll' does not exist
LogWindows: Failed to load 'VtuneApi.dll' (GetLastError=126)
LogWindows: File 'VtuneApi.dll' does not exist
LogWindows: Failed to load 'VtuneApi32e.dll' (GetLastError=126)
LogWindows: File 'VtuneApi32e.dll' does not exist
LogInit: Display: Running engine for game: URS
LogPlatformFile: Not using cached read wrapper
LogInit: Display: RandInit(1127554963) SRandInit(1127554964).
LogInit: Read version file with build ID '3709383'
LogInit: Overriding engine version to CL 3832480, compatible CL 3709383
LogInit: Registered custom module enumerator with build ID '3709383'
LogTaskGraph: Started task graph with 5 named threads and 14 total threads with 3 sets of task threads.
LogStats: Stats thread started at 0.924104
LogD3D11RHI: Aftermath initialized
LogModuleManager: Display: Found up-to-date module file ../../../Engine/Plugins/2D/Paper2D/Binaries/Win64/UE4Editor-Paper2D.dll (API version 3709383).
LogModuleManager: Display: Found up-to-date module file ../../../Engine/Plugins/2D/Paper2D/Binaries/Win64/UE4Editor-Paper2DEditor.dll (API version 3709383).
LogModuleManager: Display: Found up-to-date module file ../../../Engine/Plugins/2D/Paper2D/Binaries/Win64/UE4Editor-PaperSpriteSheetImporter.dll (API version 3709383).
LogModuleManager: Display: Found up-to-date module file ../../../Engine/Plugins/2D/Paper2D/Binaries/Win64/UE4Editor-PaperTiledImporter.dll (API version 3709383).
LogModuleManager: Display: Found up-to-date module file ../../../Engine/Plugins/2D/Paper2D/Binaries/Win64/UE4Editor-SmartSnapping.dll (API version 3709383).
LogModuleManager: Display: Found up-to-date module file ../../../Engine/Plugins/Blendables/LightPropagationVolume/Binaries/Win64/UE4Editor-LightPropagationVolumeRuntime.dll (API version 3709383).
LogModuleManager: Display: Found up-to-date module file ../../../Engine/Plugins/Blendables/LightPropagationVolume/Binaries/Win64/UE4Editor-LightPropagationVolumeEditor.dll (API version 3709383).
LogModuleManager: Display: Found up-to-date module file ../../../Engine/Plugins/Developer/GitSourceControl/Binaries/Win64/UE4Editor-GitSourceControl.dll (API version 3709383).
LogModuleManager: Display: Found up-to-date module file ../../../Engine/Plugins/Developer/PerforceSourceControl/Binaries/Win64/UE4Editor-PerforceSourceControl.dll (API version 3709383).
LogModuleManager: Display: Found up-to-date module file ../../../Engine/Plugins/Developer/SubversionSourceControl/Binaries/Win64/UE4Editor-SubversionSourceControl.dll (API version 3709383).
LogModuleManager: Display: Found up-to-date module file ../../../Engine/Plugins/Developer/UObjectPlugin/Binaries/Win64/UE4Editor-UObjectPlugin.dll (API version 3709383).
LogModuleManager: Display: Found up-to-date module file ../../../Engine/Plugins/Developer/VisualStudioCodeSourceCodeAccess/Binaries/Win64/UE4Editor-VisualStudioCodeSourceCodeAccess.dll (API version 3709383).
LogModuleManager: Display: Found up-to-date module file ../../../Engine/Plugins/Developer/VisualStudioSourceCodeAccess/Binaries/Win64/UE4Editor-VisualStudioSourceCodeAccess.dll (API version 3709383).
LogModuleManager: Display: Found up-to-date module file ../../../Engine/Plugins/Editor/AssetManagerEditor/Binaries/Win64/UE4Editor-AssetManagerEditor.dll (API version 3709383).
LogModuleManager: Display: Found up-to-date module file ../../../Engine/Plugins/Editor/AudioCapture/Binaries/Win64/UE4Editor-AudioCapture.dll (API version 3709383).
LogModuleManager: Display: Found up-to-date module file ../../../Engine/Plugins/Editor/FacialAnimation/Binaries/Win64/UE4Editor-FacialAnimation.dll (API version 3709383).
LogModuleManager: Display: Found up-to-date module file ../../../Engine/Plugins/Editor/FacialAnimation/Binaries/Win64/UE4Editor-FacialAnimationEditor.dll (API version 3709383).
LogModuleManager: Display: Found up-to-date module file ../../../Engine/Plugins/Editor/GameplayTagsEditor/Binaries/Win64/UE4Editor-GameplayTagsEditor.dll (API version 3709383).
LogModuleManager: Display: Found up-to-date module file ../../../Engine/Plugins/Editor/MobileLauncherProfileWizard/Binaries/Win64/UE4Editor-MobileLauncherProfileWizard.dll (API version 3709383).
LogModuleManager: Display: Found up-to-date module file ../../../Engine/Plugins/Editor/PluginBrowser/Binaries/Win64/UE4Editor-PluginBrowser.dll (API version 3709383).
LogModuleManager: Display: Found up-to-date module file ../../../Engine/Plugins/Editor/SpeedTreeImporter/Binaries/Win64/UE4Editor-SpeedTreeImporter.dll (API version 3709383).
LogModuleManager: Display: Found up-to-date module file ../../../Engine/Plugins/Experimental/AlembicImporter/Binaries/Win64/UE4Editor-AlembicImporter.dll (API version 3709383).
LogModuleManager: Display: Found up-to-date module file ../../../Engine/Plugins/Experimental/AlembicImporter/Binaries/Win64/UE4Editor-AlembicLibrary.dll (API version 3709383).
LogModuleManager: Display: Found up-to-date module file ../../../Engine/Plugins/Experimental/CharacterAI/Binaries/Win64/UE4Editor-CharacterAI.dll (API version 3709383).
LogModuleManager: Display: Found up-to-date module file ../../../Engine/Plugins/Experimental/HTML5Networking/Binaries/Win64/UE4Editor-HTML5Networking.dll (API version 3709383).
LogModuleManager: Display: Found up-to-date module file ../../../Engine/Plugins/Media/AndroidMedia/Binaries/Win64/UE4Editor-AndroidMediaEditor.dll (API version 3709383).
LogModuleManager: Display: Found up-to-date module file ../../../Engine/Plugins/Media/AndroidMedia/Binaries/Win64/UE4Editor-AndroidMediaFactory.dll (API version 3709383).
LogModuleManager: Display: Found up-to-date module file ../../../Engine/Plugins/Media/AvfMedia/Binaries/Win64/UE4Editor-AvfMediaEditor.dll (API version 3709383).
LogModuleManager: Display: Found up-to-date module file ../../../Engine/Plugins/Media/AvfMedia/Binaries/Win64/UE4Editor-AvfMediaFactory.dll (API version 3709383).
LogModuleManager: Display: Found up-to-date module file ../../../Engine/Plugins/Media/AvfMedia/Binaries/Win64/UE4Editor-AvfMediaFactory.dll (API version 3709383).
LogModuleManager: Display: Found up-to-date module file ../../../Engine/Plugins/Media/ImgMedia/Binaries/Win64/UE4Editor-ImgMedia.dll (API version 3709383).
LogModuleManager: Display: Found up-to-date module file ../../../Engine/Plugins/Media/ImgMedia/Binaries/Win64/UE4Editor-ImgMediaEditor.dll (API version 3709383).
LogModuleManager: Display: Found up-to-date module file ../../../Engine/Plugins/Media/ImgMedia/Binaries/Win64/UE4Editor-ImgMediaFactory.dll (API version 3709383).
LogModuleManager: Display: Found up-to-date module file ../../../Engine/Plugins/Media/ImgMedia/Binaries/Win64/UE4Editor-ImgMediaFactory.dll (API version 3709383).
LogModuleManager: Display: Found up-to-date module file ../../../Engine/Plugins/Media/ImgMedia/Binaries/Win64/UE4Editor-OpenExrWrapper.dll (API version 3709383).
LogModuleManager: Display: Found up-to-date module file ../../../Engine/Plugins/Media/MediaCompositing/Binaries/Win64/UE4Editor-MediaCompositing.dll (API version 3709383).
LogModuleManager: Display: Found up-to-date module file ../../../Engine/Plugins/Media/MediaCompositing/Binaries/Win64/UE4Editor-MediaCompositingEditor.dll (API version 3709383).
LogModuleManager: Display: Found up-to-date module file ../../../Engine/Plugins/Media/MediaPlayerEditor/Binaries/Win64/UE4Editor-MediaPlayerEditor.dll (API version 3709383).
LogModuleManager: Display: Found up-to-date module file ../../../Engine/Plugins/Media/WmfMedia/Binaries/Win64/UE4Editor-WmfMedia.dll (API version 3709383).
LogModuleManager: Display: Found up-to-date module file ../../../Engine/Plugins/Media/WmfMedia/Binaries/Win64/UE4Editor-WmfMediaEditor.dll (API version 3709383).
LogModuleManager: Display: Found up-to-date module file ../../../Engine/Plugins/Media/WmfMedia/Binaries/Win64/UE4Editor-WmfMediaFactory.dll (API version 3709383).
LogModuleManager: Display: Found up-to-date module file ../../../Engine/Plugins/Media/WmfMedia/Binaries/Win64/UE4Editor-WmfMediaFactory.dll (API version 3709383).
LogModuleManager: Display: Found up-to-date module file ../../../Engine/Plugins/Messaging/TcpMessaging/Binaries/Win64/UE4Editor-TcpMessaging.dll (API version 3709383).
LogModuleManager: Display: Found up-to-date module file ../../../Engine/Plugins/Messaging/UdpMessaging/Binaries/Win64/UE4Editor-UdpMessaging.dll (API version 3709383).
LogModuleManager: Display: Found up-to-date module file ../../../Engine/Plugins/MovieScene/ActorSequence/Binaries/Win64/UE4Editor-ActorSequence.dll (API version 3709383).
LogModuleManager: Display: Found up-to-date module file ../../../Engine/Plugins/MovieScene/LevelSequenceEditor/Binaries/Win64/UE4Editor-LevelSequenceEditor.dll (API version 3709383).
LogModuleManager: Display: Found up-to-date module file ../../../Engine/Plugins/MovieScene/MatineeToLevelSequence/Binaries/Win64/UE4Editor-MatineeToLevelSequence.dll (API version 3709383).
LogModuleManager: Display: Found up-to-date module file ../../../Engine/Plugins/Online/OnlineSubsystem/Binaries/Win64/UE4Editor-OnlineSubsystem.dll (API version 3709383).
LogModuleManager: Display: Found up-to-date module file ../../../Engine/Plugins/Runtime/AndroidPermission/Binaries/Win64/UE4Editor-AndroidPermission.dll (API version 3709383).
LogModuleManager: Display: Found up-to-date module file ../../../Engine/Plugins/Online/OnlineSubsystemNull/Binaries/Win64/UE4Editor-OnlineSubsystemNull.dll (API version 3709383).
LogModuleManager: Display: Found up-to-date module file ../../../Engine/Plugins/Online/OnlineSubsystemUtils/Binaries/Win64/UE4Editor-OnlineSubsystemUtils.dll (API version 3709383).
LogModuleManager: Display: Found up-to-date module file ../../../Engine/Plugins/Online/OnlineSubsystemUtils/Binaries/Win64/UE4Editor-OnlineBlueprintSupport.dll (API version 3709383).
LogModuleManager: Display: Found up-to-date module file ../../../Engine/Plugins/Runtime/AndroidDeviceProfileSelector/Binaries/Win64/UE4Editor-AndroidDeviceProfileSelector.dll (API version 3709383).
LogModuleManager: Display: Found up-to-date module file ../../../Engine/Plugins/Runtime/AppleARKit/Binaries/Win64/UE4Editor-AppleARKit.dll (API version 3709383).
LogModuleManager: Display: Found up-to-date module file ../../../Engine/Plugins/Runtime/ArchVisCharacter/Binaries/Win64/UE4Editor-ArchVisCharacter.dll (API version 3709383).
LogModuleManager: Display: Found up-to-date module file ../../../Engine/Plugins/Runtime/CableComponent/Binaries/Win64/UE4Editor-CableComponent.dll (API version 3709383).
LogModuleManager: Display: Found up-to-date module file ../../../Engine/Plugins/Runtime/CustomMeshComponent/Binaries/Win64/UE4Editor-CustomMeshComponent.dll (API version 3709383).
LogModuleManager: Display: Found up-to-date module file ../../../Engine/Plugins/Runtime/ExampleDeviceProfileSelector/Binaries/Win64/UE4Editor-ExampleDeviceProfileSelector.dll (API version 3709383).
LogModuleManager: Display: Found up-to-date module file ../../../Engine/Plugins/Runtime/ImmediatePhysics/Binaries/Win64/UE4Editor-ImmediatePhysics.dll (API version 3709383).
LogModuleManager: Display: Found up-to-date module file ../../../Engine/Plugins/Runtime/ImmediatePhysics/Binaries/Win64/UE4Editor-ImmediatePhysicsEditor.dll (API version 3709383).
LogModuleManager: Display: Found up-to-date module file ../../../Engine/Plugins/Runtime/LocationServicesBPLibrary/Binaries/Win64/UE4Editor-LocationServicesBPLibrary.dll (API version 3709383).
LogModuleManager: Display: Found up-to-date module file ../../../Engine/Plugins/Runtime/MobilePatchingUtils/Binaries/Win64/UE4Editor-MobilePatchingUtils.dll (API version 3709383).
LogModuleManager: Display: Found up-to-date module file ../../../Engine/Plugins/Runtime/Oculus/OculusVR/Binaries/Win64/UE4Editor-OculusHMD.dll (API version 3709383).
LogModuleManager: Display: Found up-to-date module file ../../../Engine/Plugins/Runtime/Oculus/OculusVR/Binaries/Win64/UE4Editor-OculusInput.dll (API version 3709383).
LogModuleManager: Display: Found up-to-date module file ../../../Engine/Plugins/Runtime/Oculus/OculusVR/Binaries/Win64/UE4Editor-OculusEditor.dll (API version 3709383).
LogModuleManager: Display: Found up-to-date module file ../../../Engine/Plugins/Runtime/PhysXVehicles/Binaries/Win64/UE4Editor-PhysXVehicles.dll (API version 3709383).
LogModuleManager: Display: Found up-to-date module file ../../../Engine/Plugins/Runtime/PhysXVehicles/Binaries/Win64/UE4Editor-PhysXVehiclesEditor.dll (API version 3709383).
LogModuleManager: Display: Found up-to-date module file ../../../Engine/Plugins/Runtime/ProceduralMeshComponent/Binaries/Win64/UE4Editor-ProceduralMeshComponent.dll (API version 3709383).
LogModuleManager: Display: Found up-to-date module file ../../../Engine/Plugins/Runtime/ProceduralMeshComponent/Binaries/Win64/UE4Editor-ProceduralMeshComponentEditor.dll (API version 3709383).
LogModuleManager: Display: Found up-to-date module file ../../../Engine/Plugins/Runtime/RuntimePhysXCooking/Binaries/Win64/UE4Editor-RuntimePhysXCooking.dll (API version 3709383).
LogModuleManager: Display: Found up-to-date module file ../../../Engine/Plugins/Runtime/Steam/SteamVR/Binaries/Win64/UE4Editor-SteamVR.dll (API version 3709383).
LogModuleManager: Display: Found up-to-date module file ../../../Engine/Plugins/Runtime/Steam/SteamVR/Binaries/Win64/UE4Editor-SteamVRController.dll (API version 3709383).
LogModuleManager: Display: Found up-to-date module file ../../../Engine/Plugins/Runtime/WindowsMoviePlayer/Binaries/Win64/UE4Editor-WindowsMoviePlayer.dll (API version 3709383).
LogPluginManager: Mounting plugin Paper2D
LogPluginManager: Mounting plugin LightPropagationVolume
LogPluginManager: Mounting plugin CodeLiteSourceCodeAccess
LogPluginManager: Mounting plugin GitSourceControl
LogPluginManager: Mounting plugin KDevelopSourceCodeAccess
LogPluginManager: Mounting plugin NullSourceCodeAccess
LogPluginManager: Mounting plugin PerforceSourceControl
LogPluginManager: Mounting plugin SubversionSourceControl
LogPluginManager: Mounting plugin UObjectPlugin
LogPluginManager: Mounting plugin VisualStudioCodeSourceCodeAccess
LogPluginManager: Mounting plugin VisualStudioSourceCodeAccess
LogPluginManager: Mounting plugin XCodeSourceCodeAccess
LogPluginManager: Mounting plugin AssetManagerEditor
LogPluginManager: Mounting plugin AudioCapture
LogPluginManager: Mounting plugin FacialAnimation
LogPluginManager: Mounting plugin GameplayTagsEditor
LogPluginManager: Mounting plugin MobileLauncherProfileWizard
LogPluginManager: Mounting plugin PluginBrowser
LogPluginManager: Mounting plugin SpeedTreeImporter
LogPluginManager: Mounting plugin AlembicImporter
LogPluginManager: Mounting plugin CharacterAI
LogPluginManager: Mounting plugin HTML5Networking
LogPluginManager: Mounting plugin AndroidMedia
LogPluginManager: Mounting plugin AvfMedia
LogPluginManager: Mounting plugin ImgMedia
LogPluginManager: Mounting plugin MediaCompositing
LogPluginManager: Mounting plugin MediaPlayerEditor
LogPluginManager: Mounting plugin WmfMedia
LogPluginManager: Mounting plugin TcpMessaging
LogPluginManager: Mounting plugin UdpMessaging
LogPluginManager: Mounting plugin ActorSequence
LogPluginManager: Mounting plugin LevelSequenceEditor
LogPluginManager: Mounting plugin MatineeToLevelSequence
LogPluginManager: Mounting plugin OnlineSubsystemGooglePlay
LogPluginManager: Mounting plugin OnlineSubsystemIOS
LogPluginManager: Mounting plugin OnlineSubsystem
LogPluginManager: Mounting plugin OnlineSubsystemNull
LogPluginManager: Mounting plugin OnlineSubsystemUtils
LogPluginManager: Mounting plugin AndroidDeviceProfileSelector
LogPluginManager: Mounting plugin AndroidMoviePlayer
LogPluginManager: Mounting plugin AndroidPermission
LogPluginManager: Mounting plugin AppleARKit
LogPluginManager: Mounting plugin AppleMoviePlayer
LogPluginManager: Mounting plugin ArchVisCharacter
LogPluginManager: Mounting plugin CableComponent
LogPluginManager: Mounting plugin CustomMeshComponent
LogPluginManager: Mounting plugin ExampleDeviceProfileSelector
LogPluginManager: Mounting plugin GoogleCloudMessaging
LogPluginManager: Mounting plugin ImmediatePhysics
LogPluginManager: Mounting plugin IOSDeviceProfileSelector
LogPluginManager: Mounting plugin LinuxDeviceProfileSelector
LogPluginManager: Mounting plugin LocationServicesBPLibrary
LogPluginManager: Mounting plugin MobilePatchingUtils
LogPluginManager: Mounting plugin OculusVR
LogPluginManager: Plugin shader directory ../../../Engine/Plugins/Runtime/Oculus/OculusVR/Shaders found
LogPluginManager: Mapping shader source directory ../../../Engine/Plugins/Runtime/Oculus/OculusVR/Shaders to virtual directory /Plugin/OculusVR
LogPluginManager: Mounting plugin PhysXVehicles
LogPluginManager: Mounting plugin ProceduralMeshComponent
LogPluginManager: Mounting plugin RuntimePhysXCooking
LogPluginManager: Mounting plugin SteamVR
LogPluginManager: Mounting plugin WindowsMoviePlayer
LogInit: Using libcurl 7.47.1
LogInit:  - built for x86_64-pc-win32
LogInit:  - supports SSL with OpenSSL/1.0.2g
LogInit:  - supports HTTP deflate (compression) using libz 1.2.8
LogInit:  - other features:
LogInit:      CURL_VERSION_SSL
LogInit:      CURL_VERSION_LIBZ
LogInit:      CURL_VERSION_IPV6
LogInit:      CURL_VERSION_ASYNCHDNS
LogInit:      CURL_VERSION_LARGEFILE
LogInit:      CURL_VERSION_IDN
LogInit:  CurlRequestOptions (configurable via config and command line):
LogInit:  - bVerifyPeer = false  - Libcurl will NOT verify peer certificate
LogInit:  - bUseHttpProxy = false  - Libcurl will NOT use HTTP proxy
LogInit:  - bDontReuseConnections = false  - Libcurl will reuse connections
LogInit:  - CertBundlePath = nullptr  - Libcurl will use whatever was configured at build time.
LogInit: Build: ++UE4+Release-4.18-CL-3832480
LogInit: Engine Version: 4.18.3-3832480+++UE4+Release-4.18
LogInit: Compatible Engine Version: 4.18.0-3709383+++UE4+Release-4.18
LogInit: Net CL: 3709383
LogDevObjectVersion: Number of dev versions registered: 16
LogDevObjectVersion:   Dev-Blueprints (B0D832E4-1F89-4F0D-ACCF-7EB736FD4AA2): 10
LogDevObjectVersion:   Dev-Build (E1C64328-A22C-4D53-A36C-8E866417BD8C): 0
LogDevObjectVersion:   Dev-Core (375EC13C-06E4-48FB-B500-84F0262A717E): 2
LogDevObjectVersion:   Dev-Editor (E4B068ED-F494-42E9-A231-DA0B2E46BB41): 20
LogDevObjectVersion:   Dev-Framework (CFFC743F-43B0-4480-9391-14DF171D2073): 30
LogDevObjectVersion:   Dev-Mobile (B02B49B5-BB20-44E9-A304-32B752E40360): 0
LogDevObjectVersion:   Dev-Networking (A4E4105C-59A1-49B5-A7C5-40C4547EDFEE): 0
LogDevObjectVersion:   Dev-Online (39C831C9-5AE6-47DC-9A44-9C173E1C8E7C): 0
LogDevObjectVersion:   Dev-Physics (78F01B33-EBEA-4F98-B9B4-84EACCB95AA2): 0
LogDevObjectVersion:   Dev-Platform (6631380F-2D4D-43E0-8009-CF276956A95A): 0
LogDevObjectVersion:   Dev-Rendering (12F88B9F-8875-4AFC-A67C-D90C383ABD29): 20
LogDevObjectVersion:   Dev-Sequencer (7B5AE74C-D270-4C10-A958-57980B212A5A): 4
LogDevObjectVersion:   Dev-VR (D7296918-1DD6-4BDD-9DE2-64A83CC13884): 0
LogDevObjectVersion:   Dev-LoadTimes (C2A15278-BFE7-4AFE-6C17-90FF531DF755): 1
LogDevObjectVersion:   Private-Geometry (6EACA3D4-40EC-4CC1-B786-8BED09428FC5): 1
LogDevObjectVersion:   Dev-AnimPhys (29E575DD-E0A3-4627-9D10-D276232CDCEA): 12
LogInit: Compiled (64-bit): Jan 12 2018 02:04:55
LogInit: Compiled with Visual C++: 19.00.24215.01
LogInit: Build Configuration: Development
LogInit: Branch Name: ++UE4+Release-4.18
LogInit: Command line:  
LogInit: Base directory: C:/Program Files/Epic Games/UE_4.18/Engine/Binaries/Win64/
LogInit: Installed Engine Build: 1
LogInit: Presizing for max 8388607 objects, including 0 objects not considered by GC, pre-allocating 0 bytes for permanent pool.
LogInit: Object subsystem initialized
[2018.03.09-04.15.26:852][  0]LogInit: Selected Device Profile: [Windows]
[2018.03.09-04.15.26:852][  0]LogInit: Applying CVar settings loaded from the selected device profile: [Windows]
[2018.03.09-04.15.26:867][  0]LogInit: Computer: DESKTOP-PDO9PMJ
[2018.03.09-04.15.26:867][  0]LogInit: User: 양형
[2018.03.09-04.15.26:867][  0]LogInit: CPU Page size=4096, Cores=4
[2018.03.09-04.15.26:867][  0]LogInit: High frequency timer resolution =2.437499 MHz
[2018.03.09-04.15.26:867][  0]LogMemory: Memory total: Physical=7.9GB (8GB approx)
[2018.03.09-04.15.26:867][  0]LogMemory: Platform Memory Stats for Windows
[2018.03.09-04.15.26:867][  0]LogMemory: Process Physical Memory: 273.78 MB used, 273.78 MB peak
[2018.03.09-04.15.26:867][  0]LogMemory: Process Virtual Memory: 275.55 MB used, 275.55 MB peak
[2018.03.09-04.15.26:867][  0]LogMemory: Physical Memory: 3682.68 MB used,  4375.78 MB free, 8058.46 MB total
[2018.03.09-04.15.26:867][  0]LogMemory: Virtual Memory: 682.25 MB used,  4375.78 MB free, 134217728.00 MB total
[2018.03.09-04.15.27:320][  0]LogInit: Using OS detected language (ko-KR).
[2018.03.09-04.15.27:320][  0]LogInit: Using OS detected locale (ko-KR).
[2018.03.09-04.15.27:333][  0]LogTextLocalizationManager: No specific localization for 'ko-KR' exists, so the 'ko' localization will be used.
[2018.03.09-04.15.27:543][  0]LogInit: Setting process to per monitor DPI aware
[2018.03.09-04.15.28:224][  0]LogD3D11RHI: D3D11 adapters:
[2018.03.09-04.15.28:291][  0]LogD3D11RHI:    0. 'NVIDIA GeForce GTX 1050 Ti' (Feature Level 11_0)
[2018.03.09-04.15.28:292][  0]LogD3D11RHI:       4029/0/4029 MB DedicatedVideo/DedicatedSystem/SharedSystem, Outputs:1, VendorId:0x10de
[2018.03.09-04.15.28:306][  0]LogD3D11RHI:    1. 'Intel(R) HD Graphics 630' (Feature Level 11_0)
[2018.03.09-04.15.28:306][  0]LogD3D11RHI:       128/0/4029 MB DedicatedVideo/DedicatedSystem/SharedSystem, Outputs:0, VendorId:0x8086
[2018.03.09-04.15.28:308][  0]LogD3D11RHI:    2. 'Microsoft Basic Render Driver' (Feature Level 11_0)
[2018.03.09-04.15.28:308][  0]LogD3D11RHI:       0/0/4029 MB DedicatedVideo/DedicatedSystem/SharedSystem, Outputs:0, VendorId:0x1414
[2018.03.09-04.15.28:308][  0]LogD3D11RHI: Chosen D3D11 Adapter: 0
[2018.03.09-04.15.28:316][  0]LogD3D11RHI: Creating new Direct3DDevice
[2018.03.09-04.15.28:316][  0]LogD3D11RHI:     GPU DeviceId: 0x1c8c (for the marketing name, search the web for "GPU Device Id")
[2018.03.09-04.15.28:316][  0]LogWindows: EnumDisplayDevices:
[2018.03.09-04.15.28:316][  0]LogWindows:    0. 'Intel(R) HD Graphics 630' (P:1 D:1)
[2018.03.09-04.15.28:317][  0]LogWindows:    1. 'Intel(R) HD Graphics 630' (P:0 D:0)
[2018.03.09-04.15.28:317][  0]LogWindows:    2. 'Intel(R) HD Graphics 630' (P:0 D:0)
[2018.03.09-04.15.28:317][  0]LogWindows:    3. 'NVIDIA GeForce GTX 1050 Ti' (P:0 D:0)
[2018.03.09-04.15.28:318][  0]LogWindows: DebugString: GetVideoDriverDetailsInvalid PrimaryIsNotTheChoosenAdapter GetVideoDriverDetailsInvalid PrimaryIsNotTheChoosenAdapter GetVideoDriverDetailsInvalid PrimaryIsNotTheChoosenAdapter GetVideoDriverDetailsInvalid PrimaryIsNotTheChoosenAdapter FoundDriverCount:0 
[2018.03.09-04.15.28:318][  0]LogD3D11RHI:     Adapter Name: NVIDIA GeForce GTX 1050 Ti
[2018.03.09-04.15.28:318][  0]LogD3D11RHI:   Driver Version: Unknown (internal:Unknown, unified:Unknown)
[2018.03.09-04.15.28:318][  0]LogD3D11RHI:      Driver Date: Unknown
[2018.03.09-04.15.28:318][  0]LogRHI: Texture pool is 2820 MB (70% of 4029 MB)
[2018.03.09-04.15.28:356][  0]LogD3D11RHI: Async texture creation enabled
[2018.03.09-04.15.28:406][  0]LogD3D11RHI: GPU Timing Frequency: 1000.000000 (Debug: 2 1)
[2018.03.09-04.15.28:414][  0]LogShaderCompilers: Guid format shader working directory is -10 characters bigger than the processId version (../../../../../../Users/양형/Desktop/URS_180224_인벤오류수정/Intermediate/Shaders/WorkingDirectory/11268/).
[2018.03.09-04.15.28:414][  0]LogShaderCompilers: Cleaned the shader compiler working directory 'C:/Users/양형/AppData/Local/Temp/UnrealShaderWorkingDir/E63C2375407B5EECDF8310AA8524A454/'.
[2018.03.09-04.15.28:415][  0]LogShaderCompilers: Display: Using Local Shader Compiler.
[2018.03.09-04.15.29:773][  0]LogTemp: Display: Loaded TP AllDesktopTargetPlatform
[2018.03.09-04.15.29:859][  0]LogTemp: Display: Loaded TP MacClientTargetPlatform
[2018.03.09-04.15.29:953][  0]LogTemp: Display: Loaded TP MacNoEditorTargetPlatform
[2018.03.09-04.15.30:043][  0]LogTemp: Display: Loaded TP MacServerTargetPlatform
[2018.03.09-04.15.30:134][  0]LogTemp: Display: Loaded TP MacTargetPlatform
[2018.03.09-04.15.30:222][  0]LogTemp: Display: Loaded TP WindowsClientTargetPlatform
[2018.03.09-04.15.30:312][  0]LogTemp: Display: Loaded TP WindowsNoEditorTargetPlatform
[2018.03.09-04.15.30:402][  0]LogTemp: Display: Loaded TP WindowsServerTargetPlatform
[2018.03.09-04.15.30:480][  0]LogTemp: Display: Loaded TP WindowsTargetPlatform
[2018.03.09-04.15.30:565][  0]LogTemp: Display: Loaded TP Android_ASTCTargetPlatform
[2018.03.09-04.15.30:647][  0]LogTemp: Display: Loaded TP Android_ATCTargetPlatform
[2018.03.09-04.15.30:730][  0]LogTemp: Display: Loaded TP Android_DXTTargetPlatform
[2018.03.09-04.15.30:817][  0]LogTemp: Display: Loaded TP Android_ETC1TargetPlatform
[2018.03.09-04.15.30:903][  0]LogTemp: Display: Loaded TP Android_ETC2TargetPlatform
[2018.03.09-04.15.31:082][  0]LogTemp: Display: Loaded TP Android_MultiTargetPlatform
[2018.03.09-04.15.31:082][  0]LogTemp: Display: Loaded TP Android_PVRTCTargetPlatform
[2018.03.09-04.15.31:168][  0]LogTemp: Display: Loaded TP AndroidTargetPlatform
[2018.03.09-04.15.31:243][  0]LogTemp: Display: Loaded TP HTML5TargetPlatform
[2018.03.09-04.15.31:398][  0]LogTemp: Display: Loaded TP IOSTargetPlatform
[2018.03.09-04.15.31:443][  0]LogTemp: Display: Loaded TP TVOSTargetPlatform
[2018.03.09-04.15.31:533][  0]LogTemp: Display: Loaded TP LinuxClientTargetPlatform
[2018.03.09-04.15.31:625][  0]LogTemp: Display: Loaded TP LinuxNoEditorTargetPlatform
[2018.03.09-04.15.31:714][  0]LogTemp: Display: Loaded TP LinuxServerTargetPlatform
[2018.03.09-04.15.31:809][  0]LogTemp: Display: Loaded TP LinuxTargetPlatform
[2018.03.09-04.15.31:809][  0]LogTargetPlatformManager: Display: Building Assets For Windows
[2018.03.09-04.15.32:714][  0]LogDerivedDataCache: Display: Max Cache Size: 512 MB
[2018.03.09-04.15.33:180][  0]LogDerivedDataCache: Loaded boot cache 0.46s 78MB C:/Users/양형/AppData/Local/UnrealEngine/4.18/DerivedDataCache/Boot.ddc.
[2018.03.09-04.15.33:180][  0]LogDerivedDataCache: Display: Loaded Boot cache: C:/Users/양형/AppData/Local/UnrealEngine/4.18/DerivedDataCache/Boot.ddc
[2018.03.09-04.15.33:180][  0]LogDerivedDataCache: FDerivedDataBackendGraph:  Pak pak cache file ../../../../../../Users/양형/Desktop/URS_180224_인벤오류수정/DerivedDataCache/DDC.ddp not found, will not use a pak cache.
[2018.03.09-04.15.33:180][  0]LogDerivedDataCache: Unable to find inner node Pak for hierarchical cache Hierarchy.
[2018.03.09-04.15.33:180][  0]LogDerivedDataCache: FDerivedDataBackendGraph:  CompressedPak pak cache file ../../../../../../Users/양형/Desktop/URS_180224_인벤오류수정/DerivedDataCache/Compressed.ddp not found, will not use a pak cache.
[2018.03.09-04.15.33:180][  0]LogDerivedDataCache: Unable to find inner node CompressedPak for hierarchical cache Hierarchy.
[2018.03.09-04.15.33:210][  0]LogDerivedDataCache: Display: Pak cache opened for reading ../../../Engine/DerivedDataCache/Compressed.ddp.
[2018.03.09-04.15.33:223][  0]LogDerivedDataCache: Using Local data cache path C:/Users/양형/AppData/Local/UnrealEngine/Common/DerivedDataCache: Writable
[2018.03.09-04.15.33:239][  0]LogMaterial: Verifying Global Shaders for PCD3D_SM5
[2018.03.09-04.15.33:247][  0]LogSlate: Using Freetype 2.6.0
[2018.03.09-04.15.33:252][  0]LogSlate: SlateFontCache - WITH_FREETYPE: 1, WITH_HARFBUZZ: 1
[2018.03.09-04.15.33:253][  0]LogSlate: SlateFontCache - WITH_FREETYPE: 1, WITH_HARFBUZZ: 1
[2018.03.09-04.15.34:344][  0]LogInit: Selected Device Profile: [Windows]
[2018.03.09-04.15.34:957][  0]LogSimplygon: Simplygon DLL not present - disabling.
[2018.03.09-04.15.35:041][  0]LogMeshReduction: Using SimplygonSwarm for distributed automatic mesh merging
[2018.03.09-04.15.35:041][  0]LogMeshReduction: Using QuadricMeshReduction for automatic static mesh reduction
[2018.03.09-04.15.35:041][  0]LogMeshReduction: No automatic skeletal mesh reduction module available
[2018.03.09-04.15.35:041][  0]LogMeshReduction: No automatic mesh merging module available
[2018.03.09-04.15.35:041][  0]LogMeshMerging: No automatic mesh merging module available
[2018.03.09-04.15.35:101][  0]LogNetVersion: URS , NetCL: 3709383, EngineNetVer: 2, GameNetVer: 0 (Checksum: 1777970781)
[2018.03.09-04.15.35:417][  0]LogAssetRegistry: FAssetRegistry took 0.0348 seconds to start up
[2018.03.09-04.15.36:322][  0]LogPackageLocalizationCache: Processed 7 localized package path(s) for 2 prioritized culture(s) in 0.060189 seconds
[2018.03.09-04.15.36:328][  0]LogUObjectArray: 35870 objects as part of root set at end of initial load.
[2018.03.09-04.15.36:328][  0]LogUObjectAllocator: 7363696 out of 0 bytes used by permanent object pool.
[2018.03.09-04.15.36:328][  0]LogUObjectArray: CloseDisregardForGC: 0/0 objects in disregard for GC pool
[2018.03.09-04.15.36:421][  0]LogInit: WinSock: version 1.1 (2.2), MaxSocks=32767, MaxUdp=65467
[2018.03.09-04.15.42:309][  0]LogTcpMessaging: Initializing TcpMessaging bridge
[2018.03.09-04.15.42:369][  0]LogUdpMessaging: Initializing bridge on interface 0.0.0.0:0 to multicast group 230.0.0.1:6666.
[2018.03.09-04.15.43:632][  0]LogMaterial: Uniform references updated for custom material expression Custom.
[2018.03.09-04.15.44:380][  0]SourceControl: 소스 콘트롤이 꺼졌습니다.
[2018.03.09-04.15.44:381][  0]SourceControl: 소스 콘트롤이 꺼졌습니다.
[2018.03.09-04.15.44:483][  0]SourceControl: 소스 콘트롤이 꺼졌습니다.
[2018.03.09-04.15.44:582][  0]SourceControl: 소스 콘트롤이 꺼졌습니다.
[2018.03.09-04.15.46:095][  0]LogAndroidPermission: UAndroidPermissionCallbackProxy::GetInstance
[2018.03.09-04.15.46:538][  0]LogOcInput: OculusInput pre-init called
[2018.03.09-04.15.47:046][  0]LogEngine: Initializing Engine...
[2018.03.09-04.15.47:053][  0]LogHMD: Failed to initialize OpenVR with code 110
[2018.03.09-04.15.47:330][  0]LogStats: UGameplayTagsManager::ConstructGameplayTagTree: Construct from data asset -  0.000 s
[2018.03.09-04.15.47:330][  0]LogStats: UGameplayTagsManager::ConstructGameplayTagTree: GameplayTagTreeChangedEvent.Broadcast -  0.000 s
[2018.03.09-04.15.47:607][  0]LogAIModule: Creating AISystem for world Untitled
[2018.03.09-04.15.47:631][  0]LogInit: XAudio2 using '스피커 / 헤드폰(Realtek Audio)' : 2 channels at 48 kHz using 32 bits per sample (channel mask 0x3)
[2018.03.09-04.15.49:127][  0]LogInit: FAudioDevice initialized.
[2018.03.09-04.15.49:235][  0]LogDerivedDataCache: Saved boot cache 0.11s 78MB C:/Users/양형/AppData/Local/UnrealEngine/4.18/DerivedDataCache/Boot.ddc.
[2018.03.09-04.15.49:249][  0]LogInit: Texture streaming: Enabled
[2018.03.09-04.15.49:448][  0]LogEngineSessionManager: EngineSessionManager initialized
[2018.03.09-04.15.49:699][  0]LogInit: Transaction tracking system initialized
[2018.03.09-04.15.50:393][  0]BlueprintLog: New page: 에디터 로드
[2018.03.09-04.15.52:352][  0]LocalizationService: 현지화 서비스가 비활성화되었습니다.
[2018.03.09-04.15.53:398][  0]LogLinker: Warning: '/Game/ThirdPersonBP/ThirdPersonOverview' 파일을 찾을 수 없습니다.
[2018.03.09-04.15.53:398][  0]LogLinker: Warning: '/Game/ThirdPersonBP/ThirdPersonOverview' 파일을 찾을 수 없습니다.
[2018.03.09-04.15.53:398][  0]LogUObjectGlobals: Warning: 'Class /Game/ThirdPersonBP/ThirdPersonOverview.ThirdPersonOverview_C' 오브젝트를 찾는 데 실패했습니다.
[2018.03.09-04.15.53:857][  0]LogConsoleResponse: Display: 
[2018.03.09-04.15.54:159][  0]LogCook: Display: Max memory allowance for cook 16384mb min free memory 0mb
[2018.03.09-04.15.54:160][  0]LogCook: Display: Mobile HDR setting 1
[2018.03.09-04.15.54:160][  0]LogGameplayTags: Display: UGameplayTagsManager::DoneAddingNativeTags. DelegateIsBound: 0
[2018.03.09-04.15.54:512][  0]LogFileCache: Scanning file cache for directory 'C:/Users/양형/Desktop/URS_180224_인벤오류수정/Content/' took 0.02s
[2018.03.09-04.15.56:617][  0]SourceControl: 소스 콘트롤이 꺼졌습니다.
[2018.03.09-04.15.56:620][  0]Cmd: MAP LOAD FILE="../../../../../../Users/양형/Desktop/URS_180224_인벤오류수정/Content/UrsContent/URS.umap" TEMPLATE=0 SHOWPROGRESS=1 FEATURELEVEL=3
[2018.03.09-04.15.56:626][  0]LightingResults: New page: 라이팅 빌드
[2018.03.09-04.15.56:729][  0]MapCheck: New page: 맵 체크
[2018.03.09-04.15.56:729][  0]LightingResults: New page: 라이팅 빌드
[2018.03.09-04.15.57:200][  0]LogBlueprint: Warning: [Compiler Ue4ASP_Character] 입력 액션 이벤트가  Crouch 입력 액션  에 대한 미확인 'Crouch' 액션을 레퍼런싱합니다.
[2018.03.09-04.15.57:210][  0]LogBlueprint: Warning: [Compiler Ue4ASP_Character] [0035.13] Ue4ASP_Character 컴파일에 성공했습니다만, 경고가 1 회 있습니다. [소요시간 47 ms] (/Game/AnimStarterPack/Ue4ASP_Character.Ue4ASP_Character)
[2018.03.09-04.15.58:651][  0]LogAIModule: Creating AISystem for world URS
[2018.03.09-04.15.58:790][  0]LogStreaming: Display: ULevelStreaming::RequestLevel(/Game/UrsContent/URS_Stage1) is flushing async loading
[2018.03.09-04.16.00:551][  0]LogStreaming: Display: ULevelStreaming::RequestLevel(/Game/UrsContent/URS_Stage2) is flushing async loading
[2018.03.09-04.16.01:418][  0]LogEditorServer: Finished looking for orphan Actors (0.000 secs)
[2018.03.09-04.16.01:497][  0]Cmd: MAP CHECKDEP NOCLEARLOG
[2018.03.09-04.16.01:633][  0]MapCheck: 맵 체크 완료: 오류 0 회, 경고 0 회, 소요 시간 136.077ms.
[2018.03.09-04.16.01:633][  0]LogFileHelpers: Loading map 'URS' took 5.015
[2018.03.09-04.16.01:717][  0]LogWindowsTextInputMethodSystem: Display: IME system now activated using TSF (Microsoft 입력기).
[2018.03.09-04.16.01:880][  0]LogCollectionManager: Loaded 0 collections in 0.001133 seconds
[2018.03.09-04.16.02:032][  0]LogFileCache: Scanning file cache for directory 'C:/Users/양형/Desktop/URS_180224_인벤오류수정/Saved/Collections/' took 0.01s
[2018.03.09-04.16.02:032][  0]LogFileCache: Scanning file cache for directory 'C:/Users/양형/Desktop/URS_180224_인벤오류수정/Content/Developers/양형/Collections/' took 0.01s
[2018.03.09-04.16.02:032][  0]LogFileCache: Scanning file cache for directory 'C:/Users/양형/Desktop/URS_180224_인벤오류수정/Content/Collections/' took 0.01s
[2018.03.09-04.16.02:032][  0]LogCollectionManager: Rebuilt the GUID cache for 0 collections in 0.000000 seconds
[2018.03.09-04.16.02:043][  0]LogContentBrowser: Native class hierarchy populated in 0.0088 seconds. Added 2363 classes and 519 folders.
[2018.03.09-04.16.02:184][  0]LogContentBrowser: Native class hierarchy updated for 'WidgetCarousel' in 0.0002 seconds. Added 0 classes and 0 folders.
[2018.03.09-04.16.02:350][  0]LogContentBrowser: Native class hierarchy updated for 'AddContentDialog' in 0.0002 seconds. Added 0 classes and 0 folders.
[2018.03.09-04.16.02:449][  0]LogContentBrowser: Native class hierarchy updated for 'SceneOutliner' in 0.0003 seconds. Added 1 classes and 2 folders.
[2018.03.09-04.16.02:701][  0]LogSlate: Took 0.003753 seconds to synchronously load lazily loaded font '../../../Engine/Content/Slate/Fonts/Roboto-Regular.ttf' (155K)
[2018.03.09-04.16.02:726][  0]LogSlate: Took 0.024571 seconds to synchronously load lazily loaded font '../../../Engine/Content/Slate/Fonts/NanumGothic.ttf' (4243K)
[2018.03.09-04.16.02:729][  0]LogSlate: Took 0.001463 seconds to synchronously load lazily loaded font '../../../Engine/Content/Slate/Fonts/Roboto-Bold.ttf' (160K)
[2018.03.09-04.16.02:737][  0]LogSlate: Took 0.001708 seconds to synchronously load lazily loaded font '../../../Engine/Content/Editor/Slate/Fonts/FontAwesome.ttf' (139K)
[2018.03.09-04.16.02:869][  0]LogRenderer: Reallocating scene render targets to support 852x400 Format 9 NumSamples 1 (Frame:1).
[2018.03.09-04.16.03:203][  0]LogContentBrowser: Native class hierarchy updated for 'HierarchicalLODOutliner' in 0.0003 seconds. Added 1 classes and 2 folders.
[2018.03.09-04.16.03:203][  0]LogLoad: (Engine Initialization) Total time: 41.13 seconds
[2018.03.09-04.16.03:203][  0]LogLoad: (Engine Initialization) Total Blueprint compile time: 0.00 seconds
[2018.03.09-04.16.03:203][  0]LogExternalProfiler: No external profilers were discovered.  External profiling features will not be available.
[2018.03.09-04.16.03:246][  0]LogContentStreaming: Texture pool size now 800 MB
[2018.03.09-04.16.03:290][  0]LogSlate: Took 0.001515 seconds to synchronously load lazily loaded font '../../../Engine/Content/Slate/Fonts/Roboto-Light.ttf' (159K)
[2018.03.09-04.16.03:337][  1]LogAssetRegistry: Asset discovery search completed in 27.9430 seconds
[2018.03.09-04.16.03:339][  1]LogCollectionManager: Rebuilt the object cache for 0 collections in 0.000000 seconds (found 0 objects)
[2018.03.09-04.16.03:340][  1]LogCollectionManager: Fixed up redirectors for 0 collections in 0.000091 seconds (updated 0 objects)
[2018.03.09-04.16.55:809][ 26]LogContentBrowser: Native class hierarchy updated for 'WorldBrowser' in 0.0003 seconds. Added 2 classes and 3 folders.
[2018.03.09-04.17.04:245][466]LogTemp: Repeating last play command: 선택된 뷰포트
[2018.03.09-04.17.04:309][466]LogBlueprintUserMessages: Early PlayInEditor Detection: Level '/Game/UrsContent/URS.URS:PersistentLevel' has LevelScriptBlueprint '/Game/UrsContent/URS.URS:PersistentLevel.URS' with GeneratedClass '/Game/UrsContent/URS.URS_C' with ClassGeneratedBy '/Game/UrsContent/URS.URS:PersistentLevel.URS'
[2018.03.09-04.17.04:309][466]LogBlueprintUserMessages: Early PlayInEditor Detection: Level '/Game/UrsContent/URS_Stage1.URS_Stage1:PersistentLevel' has LevelScriptBlueprint '/Game/UrsContent/URS_Stage1.URS_Stage1:PersistentLevel.URS_Stage1' with GeneratedClass '/Game/UrsContent/URS_Stage1.URS_Stage1_C' with ClassGeneratedBy '/Game/UrsContent/URS_Stage1.URS_Stage1:PersistentLevel.URS_Stage1'
[2018.03.09-04.17.04:309][466]LogBlueprintUserMessages: Early PlayInEditor Detection: Level '/Game/UrsContent/URS_Stage2.URS_Stage2:PersistentLevel' has LevelScriptBlueprint '/Game/UrsContent/URS_Stage2.URS_Stage2:PersistentLevel.URS_Stage2' with GeneratedClass '/Game/UrsContent/URS_Stage2.URS_Stage2_C' with ClassGeneratedBy '/Game/UrsContent/URS_Stage2.URS_Stage2:PersistentLevel.URS_Stage2'
[2018.03.09-04.17.04:310][466]LogPlayLevel: PlayLevel: No blueprints needed recompiling
[2018.03.09-04.17.04:318][466]PIE: New page: PIE 세션: URS (2018. 3. 9. 오후 10:17:04)
[2018.03.09-04.17.04:319][466]LogPlayLevel: Creating play world package: /Game/UrsContent/UEDPIE_0_URS
[2018.03.09-04.17.04:343][466]LogPlayLevel: PIE: StaticDuplicateObject took: (0.024429s)
[2018.03.09-04.17.04:344][466]LogAIModule: Creating AISystem for world URS
[2018.03.09-04.17.04:345][466]LogPlayLevel: PIE: World Init took: (0.001602s)
[2018.03.09-04.17.04:345][466]LogPlayLevel: PIE: Created PIE world by copying editor world from /Game/UrsContent/URS.URS to /Game/UrsContent/UEDPIE_0_URS.URS (0.026646s)
[2018.03.09-04.17.04:370][466]LogInit: XAudio2 using '스피커 / 헤드폰(Realtek Audio)' : 2 channels at 48 kHz using 32 bits per sample (channel mask 0x3)
[2018.03.09-04.17.04:472][466]LogInit: FAudioDevice initialized.
[2018.03.09-04.17.04:536][466]LogLoad: Game class is 'FirstPersonGameMode_C'
[2018.03.09-04.17.04:551][466]LogWorld: Bringing World /Game/UrsContent/UEDPIE_0_URS.URS up for play (max tick rate 60) at 2018.03.09-13.17.04
[2018.03.09-04.17.04:556][466]LogWorld: Bringing up level for play took: 0.009952
[2018.03.09-04.17.04:657][466]LogContentBrowser: Native class hierarchy updated for 'MovieSceneCapture' in 0.0003 seconds. Added 11 classes and 0 folders.
[2018.03.09-04.17.04:682][466]LogLevel: ActivateLevel /Game/UrsContent/UEDPIE_0_URS_Stage1 1 1 1
[2018.03.09-04.17.04:684][466]PIE: /Game/UrsContent/UEDPIE_0_URS 에 대한 에디터에서 플레이 시작 시간: -0.216
[2018.03.09-04.17.04:685][466]LogBlueprintUserMessages: Late PlayInEditor Detection: Level '/Game/UrsContent/URS.URS:PersistentLevel' has LevelScriptBlueprint '/Game/UrsContent/URS.URS:PersistentLevel.URS' with GeneratedClass '/Game/UrsContent/URS.URS_C' with ClassGeneratedBy '/Game/UrsContent/URS.URS:PersistentLevel.URS'
[2018.03.09-04.17.04:685][466]LogBlueprintUserMessages: Late PlayInEditor Detection: Level '/Game/UrsContent/URS_Stage1.URS_Stage1:PersistentLevel' has LevelScriptBlueprint '/Game/UrsContent/URS_Stage1.URS_Stage1:PersistentLevel.URS_Stage1' with GeneratedClass '/Game/UrsContent/URS_Stage1.URS_Stage1_C' with ClassGeneratedBy '/Game/UrsContent/URS_Stage1.URS_Stage1:PersistentLevel.URS_Stage1'
[2018.03.09-04.17.04:685][466]LogBlueprintUserMessages: Late PlayInEditor Detection: Level '/Game/UrsContent/URS_Stage2.URS_Stage2:PersistentLevel' has LevelScriptBlueprint '/Game/UrsContent/URS_Stage2.URS_Stage2:PersistentLevel.URS_Stage2' with GeneratedClass '/Game/UrsContent/URS_Stage2.URS_Stage2_C' with ClassGeneratedBy '/Game/UrsContent/URS_Stage2.URS_Stage2:PersistentLevel.URS_Stage2'
[2018.03.09-04.17.05:316][470]Cmd: Stat FPS
[2018.03.09-04.17.08:164][623]LogBlueprintUserMessages: Early EndPlayMap Detection: Level '/Game/UrsContent/URS.URS:PersistentLevel' has LevelScriptBlueprint '/Game/UrsContent/URS.URS:PersistentLevel.URS' with GeneratedClass '/Game/UrsContent/URS.URS_C' with ClassGeneratedBy '/Game/UrsContent/URS.URS:PersistentLevel.URS'
[2018.03.09-04.17.08:164][623]LogBlueprintUserMessages: Early EndPlayMap Detection: Level '/Game/UrsContent/URS_Stage1.URS_Stage1:PersistentLevel' has LevelScriptBlueprint '/Game/UrsContent/URS_Stage1.URS_Stage1:PersistentLevel.URS_Stage1' with GeneratedClass '/Game/UrsContent/URS_Stage1.URS_Stage1_C' with ClassGeneratedBy '/Game/UrsContent/URS_Stage1.URS_Stage1:PersistentLevel.URS_Stage1'
[2018.03.09-04.17.08:164][623]LogBlueprintUserMessages: Early EndPlayMap Detection: Level '/Game/UrsContent/URS_Stage2.URS_Stage2:PersistentLevel' has LevelScriptBlueprint '/Game/UrsContent/URS_Stage2.URS_Stage2:PersistentLevel.URS_Stage2' with GeneratedClass '/Game/UrsContent/URS_Stage2.URS_Stage2_C' with ClassGeneratedBy '/Game/UrsContent/URS_Stage2.URS_Stage2:PersistentLevel.URS_Stage2'
[2018.03.09-04.17.08:246][623]LogBlueprintUserMessages: Late EndPlayMap Detection: Level '/Game/UrsContent/URS.URS:PersistentLevel' has LevelScriptBlueprint '/Game/UrsContent/URS.URS:PersistentLevel.URS' with GeneratedClass '/Game/UrsContent/URS.URS_C' with ClassGeneratedBy '/Game/UrsContent/URS.URS:PersistentLevel.URS'
[2018.03.09-04.17.08:246][623]LogBlueprintUserMessages: Late EndPlayMap Detection: Level '/Game/UrsContent/URS_Stage1.URS_Stage1:PersistentLevel' has LevelScriptBlueprint '/Game/UrsContent/URS_Stage1.URS_Stage1:PersistentLevel.URS_Stage1' with GeneratedClass '/Game/UrsContent/URS_Stage1.URS_Stage1_C' with ClassGeneratedBy '/Game/UrsContent/URS_Stage1.URS_Stage1:PersistentLevel.URS_Stage1'
[2018.03.09-04.17.08:246][623]LogBlueprintUserMessages: Late EndPlayMap Detection: Level '/Game/UrsContent/URS_Stage2.URS_Stage2:PersistentLevel' has LevelScriptBlueprint '/Game/UrsContent/URS_Stage2.URS_Stage2:PersistentLevel.URS_Stage2' with GeneratedClass '/Game/UrsContent/URS_Stage2.URS_Stage2_C' with ClassGeneratedBy '/Game/UrsContent/URS_Stage2.URS_Stage2:PersistentLevel.URS_Stage2'
[2018.03.09-04.19.58:283][  6]Cmd: TRANSACTION UNDO
[2018.03.09-04.19.58:283][  6]LogEditorTransaction: Undo 액터 클릭
[2018.03.09-04.19.58:370][  6]LogSlate: Took 0.000223 seconds to synchronously load lazily loaded font '../../../Engine/Content/Slate/Fonts/Roboto-Light.ttf' (159K)
[2018.03.09-04.19.58:817][ 32]Cmd: TRANSACTION UNDO
[2018.03.09-04.19.58:817][ 32]LogEditorTransaction: Undo 레벨 표시여부 토글
[2018.03.09-04.19.59:369][ 58]Cmd: TRANSACTION UNDO
[2018.03.09-04.19.59:369][ 58]LogEditorTransaction: Undo 액터 클릭
[2018.03.09-04.20.00:088][ 98]Cmd: TRANSACTION UNDO
[2018.03.09-04.20.00:088][ 98]LogEditorTransaction: Undo 액터 클릭
[2018.03.09-04.20.01:441][174]Cmd: TRANSACTION UNDO
[2018.03.09-04.20.01:441][174]LogEditorTransaction: Undo 액터 클릭
[2018.03.09-04.20.02:329][225]Cmd: TRANSACTION UNDO
[2018.03.09-04.20.02:329][225]LogEditorTransaction: Undo 레벨 표시여부 토글
[2018.03.09-04.20.04:559][346]Cmd: TRANSACTION UNDO
[2018.03.09-04.20.04:560][346]LogEditorTransaction: Undo 레벨 표시여부 토글
[2018.03.09-04.20.04:582][346]LogActorComponent: UnregisterComponent: (/Game/UrsContent/URS_Stage2.URS_Stage2:PersistentLevel.ModelComponent_86) Not registered. Aborting.
[2018.03.09-04.20.04:582][346]LogActorComponent: UnregisterComponent: (/Game/UrsContent/URS_Stage2.URS_Stage2:PersistentLevel.ModelComponent_87) Not registered. Aborting.
[2018.03.09-04.20.04:582][346]LogActorComponent: UnregisterComponent: (/Game/UrsContent/URS_Stage2.URS_Stage2:PersistentLevel.ModelComponent_88) Not registered. Aborting.
[2018.03.09-04.20.04:582][346]LogActorComponent: UnregisterComponent: (/Game/UrsContent/URS_Stage2.URS_Stage2:PersistentLevel.ModelComponent_89) Not registered. Aborting.
[2018.03.09-04.20.04:582][346]LogActorComponent: UnregisterComponent: (/Game/UrsContent/URS_Stage2.URS_Stage2:PersistentLevel.ModelComponent_90) Not registered. Aborting.
[2018.03.09-04.20.04:582][346]LogActorComponent: UnregisterComponent: (/Game/UrsContent/URS_Stage2.URS_Stage2:PersistentLevel.ModelComponent_91) Not registered. Aborting.
[2018.03.09-04.20.04:582][346]LogActorComponent: UnregisterComponent: (/Game/UrsContent/URS_Stage2.URS_Stage2:PersistentLevel.ModelComponent_92) Not registered. Aborting.
[2018.03.09-04.20.04:582][346]LogActorComponent: UnregisterComponent: (/Game/UrsContent/URS_Stage2.URS_Stage2:PersistentLevel.ModelComponent_93) Not registered. Aborting.
[2018.03.09-04.20.04:582][346]LogActorComponent: UnregisterComponent: (/Game/UrsContent/URS_Stage2.URS_Stage2:PersistentLevel.ModelComponent_94) Not registered. Aborting.
[2018.03.09-04.20.04:582][346]LogActorComponent: UnregisterComponent: (/Game/UrsContent/URS_Stage2.URS_Stage2:PersistentLevel.ModelComponent_95) Not registered. Aborting.
[2018.03.09-04.20.04:582][346]LogActorComponent: UnregisterComponent: (/Game/UrsContent/URS_Stage2.URS_Stage2:PersistentLevel.ModelComponent_96) Not registered. Aborting.
[2018.03.09-04.20.04:582][346]LogActorComponent: UnregisterComponent: (/Game/UrsContent/URS_Stage2.URS_Stage2:PersistentLevel.ModelComponent_97) Not registered. Aborting.
[2018.03.09-04.20.04:582][346]LogActorComponent: UnregisterComponent: (/Game/UrsContent/URS_Stage2.URS_Stage2:PersistentLevel.ModelComponent_98) Not registered. Aborting.
[2018.03.09-04.20.04:582][346]LogActorComponent: UnregisterComponent: (/Game/UrsContent/URS_Stage2.URS_Stage2:PersistentLevel.ModelComponent_99) Not registered. Aborting.
[2018.03.09-04.20.04:582][346]LogActorComponent: UnregisterComponent: (/Game/UrsContent/URS_Stage2.URS_Stage2:PersistentLevel.ModelComponent_100) Not registered. Aborting.
[2018.03.09-04.20.04:582][346]LogActorComponent: UnregisterComponent: (/Game/UrsContent/URS_Stage2.URS_Stage2:PersistentLevel.ModelComponent_101) Not registered. Aborting.
[2018.03.09-04.20.04:582][346]LogActorComponent: UnregisterComponent: (/Game/UrsContent/URS_Stage2.URS_Stage2:PersistentLevel.ModelComponent_102) Not registered. Aborting.
[2018.03.09-04.20.04:582][346]LogActorComponent: UnregisterComponent: (/Game/UrsContent/URS_Stage2.URS_Stage2:PersistentLevel.ModelComponent_103) Not registered. Aborting.
[2018.03.09-04.20.04:582][346]LogActorComponent: UnregisterComponent: (/Game/UrsContent/URS_Stage2.URS_Stage2:PersistentLevel.ModelComponent_104) Not registered. Aborting.
[2018.03.09-04.20.04:582][346]LogActorComponent: UnregisterComponent: (/Game/UrsContent/URS_Stage2.URS_Stage2:PersistentLevel.ModelComponent_105) Not registered. Aborting.
[2018.03.09-04.20.04:582][346]LogActorComponent: UnregisterComponent: (/Game/UrsContent/URS_Stage2.URS_Stage2:PersistentLevel.ModelComponent_106) Not registered. Aborting.
[2018.03.09-04.20.04:582][346]LogActorComponent: UnregisterComponent: (/Game/UrsContent/URS_Stage2.URS_Stage2:PersistentLevel.ModelComponent_107) Not registered. Aborting.
[2018.03.09-04.20.04:582][346]LogActorComponent: UnregisterComponent: (/Game/UrsContent/URS_Stage2.URS_Stage2:PersistentLevel.ModelComponent_108) Not registered. Aborting.
[2018.03.09-04.20.04:582][346]LogActorComponent: UnregisterComponent: (/Game/UrsContent/URS_Stage2.URS_Stage2:PersistentLevel.ModelComponent_109) Not registered. Aborting.
[2018.03.09-04.20.04:582][346]LogActorComponent: UnregisterComponent: (/Game/UrsContent/URS_Stage2.URS_Stage2:PersistentLevel.ModelComponent_110) Not registered. Aborting.
[2018.03.09-04.20.04:583][346]LogActorComponent: UnregisterComponent: (/Game/UrsContent/URS_Stage2.URS_Stage2:PersistentLevel.ModelComponent_111) Not registered. Aborting.
[2018.03.09-04.20.04:583][346]LogActorComponent: UnregisterComponent: (/Game/UrsContent/URS_Stage2.URS_Stage2:PersistentLevel.ModelComponent_112) Not registered. Aborting.
[2018.03.09-04.20.04:583][346]LogActorComponent: UnregisterComponent: (/Game/UrsContent/URS_Stage2.URS_Stage2:PersistentLevel.ModelComponent_113) Not registered. Aborting.
[2018.03.09-04.20.04:583][346]LogActorComponent: UnregisterComponent: (/Game/UrsContent/URS_Stage2.URS_Stage2:PersistentLevel.ModelComponent_114) Not registered. Aborting.
[2018.03.09-04.20.04:583][346]LogActorComponent: UnregisterComponent: (/Game/UrsContent/URS_Stage2.URS_Stage2:PersistentLevel.ModelComponent_115) Not registered. Aborting.
[2018.03.09-04.20.04:583][346]LogActorComponent: UnregisterComponent: (/Game/UrsContent/URS_Stage2.URS_Stage2:PersistentLevel.ModelComponent_116) Not registered. Aborting.
[2018.03.09-04.20.04:583][346]LogActorComponent: UnregisterComponent: (/Game/UrsContent/URS_Stage2.URS_Stage2:PersistentLevel.ModelComponent_117) Not registered. Aborting.
[2018.03.09-04.20.04:583][346]LogActorComponent: UnregisterComponent: (/Game/UrsContent/URS_Stage2.URS_Stage2:PersistentLevel.ModelComponent_118) Not registered. Aborting.
[2018.03.09-04.20.04:583][346]LogActorComponent: UnregisterComponent: (/Game/UrsContent/URS_Stage2.URS_Stage2:PersistentLevel.ModelComponent_119) Not registered. Aborting.
[2018.03.09-04.20.04:583][346]LogActorComponent: UnregisterComponent: (/Game/UrsContent/URS_Stage2.URS_Stage2:PersistentLevel.ModelComponent_120) Not registered. Aborting.
[2018.03.09-04.20.04:583][346]LogActorComponent: UnregisterComponent: (/Game/UrsContent/URS_Stage2.URS_Stage2:PersistentLevel.ModelComponent_121) Not registered. Aborting.
[2018.03.09-04.20.04:583][346]LogActorComponent: UnregisterComponent: (/Game/UrsContent/URS_Stage2.URS_Stage2:PersistentLevel.ModelComponent_122) Not registered. Aborting.
[2018.03.09-04.20.04:583][346]LogActorComponent: UnregisterComponent: (/Game/UrsContent/URS_Stage2.URS_Stage2:PersistentLevel.ModelComponent_123) Not registered. Aborting.
[2018.03.09-04.20.04:583][346]LogActorComponent: UnregisterComponent: (/Game/UrsContent/URS_Stage2.URS_Stage2:PersistentLevel.ModelComponent_124) Not registered. Aborting.
[2018.03.09-04.20.04:583][346]LogActorComponent: UnregisterComponent: (/Game/UrsContent/URS_Stage2.URS_Stage2:PersistentLevel.ModelComponent_125) Not registered. Aborting.
[2018.03.09-04.20.04:583][346]LogActorComponent: UnregisterComponent: (/Game/UrsContent/URS_Stage2.URS_Stage2:PersistentLevel.ModelComponent_126) Not registered. Aborting.
[2018.03.09-04.20.04:583][346]LogActorComponent: UnregisterComponent: (/Game/UrsContent/URS_Stage2.URS_Stage2:PersistentLevel.ModelComponent_127) Not registered. Aborting.
[2018.03.09-04.20.04:583][346]LogActorComponent: UnregisterComponent: (/Game/UrsContent/URS_Stage2.URS_Stage2:PersistentLevel.ModelComponent_128) Not registered. Aborting.
[2018.03.09-04.20.04:583][346]LogActorComponent: UnregisterComponent: (/Game/UrsContent/URS_Stage2.URS_Stage2:PersistentLevel.ModelComponent_129) Not registered. Aborting.
[2018.03.09-04.20.04:583][346]LogActorComponent: UnregisterComponent: (/Game/UrsContent/URS_Stage2.URS_Stage2:PersistentLevel.ModelComponent_130) Not registered. Aborting.
[2018.03.09-04.20.04:583][346]LogActorComponent: UnregisterComponent: (/Game/UrsContent/URS_Stage2.URS_Stage2:PersistentLevel.ModelComponent_131) Not registered. Aborting.
[2018.03.09-04.20.04:583][346]LogActorComponent: UnregisterComponent: (/Game/UrsContent/URS_Stage2.URS_Stage2:PersistentLevel.ModelComponent_132) Not registered. Aborting.
[2018.03.09-04.20.04:583][346]LogActorComponent: UnregisterComponent: (/Game/UrsContent/URS_Stage2.URS_Stage2:PersistentLevel.ModelComponent_133) Not registered. Aborting.
[2018.03.09-04.20.04:583][346]LogActorComponent: UnregisterComponent: (/Game/UrsContent/URS_Stage2.URS_Stage2:PersistentLevel.ModelComponent_134) Not registered. Aborting.
[2018.03.09-04.20.04:583][346]LogActorComponent: UnregisterComponent: (/Game/UrsContent/URS_Stage2.URS_Stage2:PersistentLevel.ModelComponent_135) Not registered. Aborting.
[2018.03.09-04.20.04:583][346]LogActorComponent: UnregisterComponent: (/Game/UrsContent/URS_Stage2.URS_Stage2:PersistentLevel.ModelComponent_136) Not registered. Aborting.
[2018.03.09-04.20.04:583][346]LogActorComponent: UnregisterComponent: (/Game/UrsContent/URS_Stage2.URS_Stage2:PersistentLevel.ModelComponent_137) Not registered. Aborting.
[2018.03.09-04.20.04:583][346]LogActorComponent: UnregisterComponent: (/Game/UrsContent/URS_Stage2.URS_Stage2:PersistentLevel.ModelComponent_138) Not registered. Aborting.
[2018.03.09-04.20.04:583][346]LogActorComponent: UnregisterComponent: (/Game/UrsContent/URS_Stage2.URS_Stage2:PersistentLevel.ModelComponent_139) Not registered. Aborting.
[2018.03.09-04.20.04:583][346]LogActorComponent: UnregisterComponent: (/Game/UrsContent/URS_Stage2.URS_Stage2:PersistentLevel.ModelComponent_140) Not registered. Aborting.
[2018.03.09-04.20.04:583][346]LogActorComponent: UnregisterComponent: (/Game/UrsContent/URS_Stage2.URS_Stage2:PersistentLevel.ModelComponent_141) Not registered. Aborting.
[2018.03.09-04.20.04:583][346]LogActorComponent: UnregisterComponent: (/Game/UrsContent/URS_Stage2.URS_Stage2:PersistentLevel.ModelComponent_142) Not registered. Aborting.
[2018.03.09-04.20.04:583][346]LogActorComponent: UnregisterComponent: (/Game/UrsContent/URS_Stage2.URS_Stage2:PersistentLevel.ModelComponent_143) Not registered. Aborting.
[2018.03.09-04.20.04:583][346]LogActorComponent: UnregisterComponent: (/Game/UrsContent/URS_Stage2.URS_Stage2:PersistentLevel.ModelComponent_144) Not registered. Aborting.
[2018.03.09-04.20.04:583][346]LogActorComponent: UnregisterComponent: (/Game/UrsContent/URS_Stage2.URS_Stage2:PersistentLevel.ModelComponent_145) Not registered. Aborting.
[2018.03.09-04.20.04:583][346]LogActorComponent: UnregisterComponent: (/Game/UrsContent/URS_Stage2.URS_Stage2:PersistentLevel.ModelComponent_146) Not registered. Aborting.
[2018.03.09-04.20.04:583][346]LogActorComponent: UnregisterComponent: (/Game/UrsContent/URS_Stage2.URS_Stage2:PersistentLevel.ModelComponent_147) Not registered. Aborting.
[2018.03.09-04.20.04:583][346]LogActorComponent: UnregisterComponent: (/Game/UrsContent/URS_Stage2.URS_Stage2:PersistentLevel.ModelComponent_148) Not registered. Aborting.
[2018.03.09-04.20.04:583][346]LogActorComponent: UnregisterComponent: (/Game/UrsContent/URS_Stage2.URS_Stage2:PersistentLevel.ModelComponent_149) Not registered. Aborting.
[2018.03.09-04.20.04:583][346]LogActorComponent: UnregisterComponent: (/Game/UrsContent/URS_Stage2.URS_Stage2:PersistentLevel.ModelComponent_150) Not registered. Aborting.
[2018.03.09-04.20.04:583][346]LogActorComponent: UnregisterComponent: (/Game/UrsContent/URS_Stage2.URS_Stage2:PersistentLevel.ModelComponent_151) Not registered. Aborting.
[2018.03.09-04.20.04:583][346]LogActorComponent: UnregisterComponent: (/Game/UrsContent/URS_Stage2.URS_Stage2:PersistentLevel.ModelComponent_152) Not registered. Aborting.
[2018.03.09-04.20.04:583][346]LogActorComponent: UnregisterComponent: (/Game/UrsContent/URS_Stage2.URS_Stage2:PersistentLevel.ModelComponent_153) Not registered. Aborting.
[2018.03.09-04.20.04:583][346]LogActorComponent: UnregisterComponent: (/Game/UrsContent/URS_Stage2.URS_Stage2:PersistentLevel.ModelComponent_154) Not registered. Aborting.
[2018.03.09-04.20.04:583][346]LogActorComponent: UnregisterComponent: (/Game/UrsContent/URS_Stage2.URS_Stage2:PersistentLevel.ModelComponent_155) Not registered. Aborting.
[2018.03.09-04.20.04:583][346]LogActorComponent: UnregisterComponent: (/Game/UrsContent/URS_Stage2.URS_Stage2:PersistentLevel.ModelComponent_156) Not registered. Aborting.
[2018.03.09-04.20.04:583][346]LogActorComponent: UnregisterComponent: (/Game/UrsContent/URS_Stage2.URS_Stage2:PersistentLevel.ModelComponent_157) Not registered. Aborting.
[2018.03.09-04.20.04:583][346]LogActorComponent: UnregisterComponent: (/Game/UrsContent/URS_Stage2.URS_Stage2:PersistentLevel.ModelComponent_158) Not registered. Aborting.
[2018.03.09-04.20.04:583][346]LogActorComponent: UnregisterComponent: (/Game/UrsContent/URS_Stage2.URS_Stage2:PersistentLevel.ModelComponent_159) Not registered. Aborting.
[2018.03.09-04.20.04:583][346]LogActorComponent: UnregisterComponent: (/Game/UrsContent/URS_Stage2.URS_Stage2:PersistentLevel.ModelComponent_160) Not registered. Aborting.
[2018.03.09-04.20.04:583][346]LogActorComponent: UnregisterComponent: (/Game/UrsContent/URS_Stage2.URS_Stage2:PersistentLevel.ModelComponent_161) Not registered. Aborting.
[2018.03.09-04.20.04:583][346]LogActorComponent: UnregisterComponent: (/Game/UrsContent/URS_Stage2.URS_Stage2:PersistentLevel.ModelComponent_162) Not registered. Aborting.
[2018.03.09-04.20.04:583][346]LogActorComponent: UnregisterComponent: (/Game/UrsContent/URS_Stage2.URS_Stage2:PersistentLevel.ModelComponent_163) Not registered. Aborting.
[2018.03.09-04.20.04:583][346]LogActorComponent: UnregisterComponent: (/Game/UrsContent/URS_Stage2.URS_Stage2:PersistentLevel.ModelComponent_164) Not registered. Aborting.
[2018.03.09-04.20.04:584][346]LogActorComponent: UnregisterComponent: (/Game/UrsContent/URS_Stage2.URS_Stage2:PersistentLevel.ModelComponent_165) Not registered. Aborting.
[2018.03.09-04.20.04:584][346]LogActorComponent: UnregisterComponent: (/Game/UrsContent/URS_Stage2.URS_Stage2:PersistentLevel.ModelComponent_166) Not registered. Aborting.
[2018.03.09-04.20.04:584][346]LogActorComponent: UnregisterComponent: (/Game/UrsContent/URS_Stage2.URS_Stage2:PersistentLevel.ModelComponent_167) Not registered. Aborting.
[2018.03.09-04.20.04:584][346]LogActorComponent: UnregisterComponent: (/Game/UrsContent/URS_Stage2.URS_Stage2:PersistentLevel.ModelComponent_168) Not registered. Aborting.
[2018.03.09-04.20.04:584][346]LogActorComponent: UnregisterComponent: (/Game/UrsContent/URS_Stage2.URS_Stage2:PersistentLevel.ModelComponent_169) Not registered. Aborting.
[2018.03.09-04.20.04:584][346]LogActorComponent: UnregisterComponent: (/Game/UrsContent/URS_Stage2.URS_Stage2:PersistentLevel.ModelComponent_170) Not registered. Aborting.
[2018.03.09-04.20.04:584][346]LogActorComponent: UnregisterComponent: (/Game/UrsContent/URS_Stage2.URS_Stage2:PersistentLevel.ModelComponent_171) Not registered. Aborting.
[2018.03.09-04.20.04:584][346]LogActorComponent: UnregisterComponent: (/Game/UrsContent/URS_Stage2.URS_Stage2:PersistentLevel.ModelComponent_172) Not registered. Aborting.
[2018.03.09-04.20.04:584][346]LogActorComponent: UnregisterComponent: (/Game/UrsContent/URS_Stage2.URS_Stage2:PersistentLevel.ModelComponent_173) Not registered. Aborting.
[2018.03.09-04.20.04:584][346]LogActorComponent: UnregisterComponent: (/Game/UrsContent/URS_Stage2.URS_Stage2:PersistentLevel.ModelComponent_174) Not registered. Aborting.
[2018.03.09-04.20.04:584][346]LogActorComponent: UnregisterComponent: (/Game/UrsContent/URS_Stage2.URS_Stage2:PersistentLevel.ModelComponent_175) Not registered. Aborting.
[2018.03.09-04.20.04:584][346]LogActorComponent: UnregisterComponent: (/Game/UrsContent/URS_Stage2.URS_Stage2:PersistentLevel.ModelComponent_176) Not registered. Aborting.
[2018.03.09-04.20.04:584][346]LogActorComponent: UnregisterComponent: (/Game/UrsContent/URS_Stage2.URS_Stage2:PersistentLevel.ModelComponent_177) Not registered. Aborting.
[2018.03.09-04.20.04:584][346]LogActorComponent: UnregisterComponent: (/Game/UrsContent/URS_Stage2.URS_Stage2:PersistentLevel.ModelComponent_178) Not registered. Aborting.
[2018.03.09-04.20.07:655][523]Cmd: TRANSACTION UNDO
[2018.03.09-04.20.07:655][523]LogEditorTransaction: Undo 레벨 잠금해제
[2018.03.09-04.20.17:969][ 28]LogWindows: Windows GetLastError: 작업을 완료했습니다. (0)
[2018.03.09-04.20.17:969][ 28]LogWindows: Windows GetLastError: 작업을 완료했습니다. (0)
[2018.03.09-04.20.17:972][ 28]LogThreadingWindows: Error: Runnable thread RenderThread 25 crashed.
[2018.03.09-04.20.17:972][ 28]LogWindows: Error: === Critical error: ===
[2018.03.09-04.20.17:972][ 28]LogWindows: Error: 
[2018.03.09-04.20.17:972][ 28]LogWindows: Error: Fatal error: [File:D:\Build\++UE4+Release-4.18+Compile\Sync\Engine\Source\Runtime\RenderCore\Private\RenderingThread.cpp] [Line: 813] 
[2018.03.09-04.20.17:972][ 28]LogWindows: Error: Rendering thread exception:
[2018.03.09-04.20.17:972][ 28]LogWindows: Error: Fatal error!
[2018.03.09-04.20.17:972][ 28]LogWindows: Error: 
[2018.03.09-04.20.17:972][ 28]LogWindows: Error: Unhandled Exception: EXCEPTION_ACCESS_VIOLATION reading address 0xffffffff
[2018.03.09-04.20.17:972][ 28]LogWindows: Error: 
[2018.03.09-04.20.17:972][ 28]LogWindows: Error: [Callstack] 0x000000008F845E52 UE4Editor-D3D11RHI.dll!UnknownFunction []
[2018.03.09-04.20.17:972][ 28]LogWindows: Error: [Callstack] 0x00000000925BEDEB UE4Editor-Renderer.dll!UnknownFunction []
[2018.03.09-04.20.17:972][ 28]LogWindows: Error: [Callstack] 0x000000009250DCA2 UE4Editor-Renderer.dll!UnknownFunction []
[2018.03.09-04.20.17:972][ 28]LogWindows: Error: [Callstack] 0x000000009250FEC1 UE4Editor-Renderer.dll!UnknownFunction []
[2018.03.09-04.20.17:972][ 28]LogWindows: Error: [Callstack] 0x000000009253C924 UE4Editor-Renderer.dll!UnknownFunction []
[2018.03.09-04.20.17:972][ 28]LogWindows: Error: [Callstack] 0x0000000092560244 UE4Editor-Renderer.dll!UnknownFunction []
[2018.03.09-04.20.17:972][ 28]LogWindows: Error: [Callstack] 0x000000009255F3A3 UE4Editor-Renderer.dll!UnknownFunction []
[2018.03.09-04.20.17:972][ 28]LogWindows: Error: [Callstack] 0x00000000925560A7 UE4Editor-Renderer.dll!UnknownFunction []
[2018.03.09-04.20.17:972][ 28]LogWindows: Error: [Callstack] 0x0000000092A8E9A4 UE4Editor-Renderer.dll!UnknownFunction []
[2018.03.09-04.20.17:972][ 28]LogWindows: Error: [Callstack] 0x0000000092A6DA76 UE4Editor-Renderer.dll!UnknownFunction []
[2018.03.09-04.20.17:972][ 28]LogWindows: Error: [Callstack] 0x00000000A2BB4845 UE4Editor-Core.dll!UnknownFunction []
[2018.03.09-04.20.17:972][ 28]LogWindows: Error: [Callstack] 0x00000000A2BB4E2A UE4Editor-Core.dll!UnknownFunction []
[2018.03.09-04.20.17:972][ 28]LogWindows: Error: [Callstack] 0x00000000A9C722C4 UE4Editor-RenderCore.dll!UnknownFunction []
[2018.03.09-04.20.17:972][ 28]LogWindows: Error: [Callstack] 0x00000000A9C732F6 UE4Editor-RenderCore.dll!UnknownFunction []
[2018.03.09-04.20.17:972][ 28]LogWindows: Error: [Callstack] 0x00000000A2F5092C UE4Editor-Core.dll!UnknownFunction []
[2018.03.09-04.20.17:972][ 28]LogWindows: Error: [Callstack] 0x00000000A2F42563 UE4Editor-Core.dll!UnknownFunction []
[2018.03.09-04.20.17:972][ 28]LogWindows: Error: [Callstack] 0x00000000E0591FE4 KERNEL32.DLL!UnknownFunction []
[2018.03.09-04.20.17:972][ 28]LogWindows: Error: [Callstack] 0x00000000E1DDEFC1 ntdll.dll!UnknownFunction []
[2018.03.09-04.20.17:972][ 28]LogWindows: Error: [Callstack] 0x00000000E1DDEFC1 ntdll.dll!UnknownFunction []
[2018.03.09-04.20.17:972][ 28]LogWindows: Error: 
[2018.03.09-04.20.17:972][ 28]LogWindows: Error: 
[2018.03.09-04.20.17:972][ 28]LogWindows: Error: 
[2018.03.09-04.20.17:972][ 28]LogWindows: Error: 
[2018.03.09-04.20.17:972][ 28]LogWindows: Error: Crash in runnable thread RenderThread 25
[2018.03.09-04.20.17:978][ 28]LogWindows: Error: HandleError re-entered.
[2018.03.09-04.20.17:989][ 28]LogExit: Executing StaticShutdownAfterError
[2018.03.09-04.20.17:989][ 28]LogWindows: FPlatformMisc::RequestExit(1)
[2018.03.09-04.20.17:989][ 28]Log file closed, 03/09/18 13:20:17
